2024/02/14 23:01:40 Received {c0 n0 {"type":"init","node_id":"n0","node_ids":["n0"],"msg_id":1}}
2024/02/14 23:01:40 Node n0 initialized
2024/02/14 23:01:40 Sent {"src":"n0","dest":"c0","body":{"in_reply_to":1,"type":"init_ok"}}
2024/02/14 23:01:40 Received {c2 n0 {"type":"generate","msg_id":1}}
2024/02/14 23:01:40 map[msg_id:1 type:generate]
2024/02/14 23:01:40 Sent {"src":"n0","dest":"c2","body":{"in_reply_to":1,"msg_id":1,"type":"generate"}}
2024/02/14 23:01:40 Received {c2 n0 {"type":"generate","msg_id":2}}
2024/02/14 23:01:40 map[msg_id:2 type:generate]
2024/02/14 23:01:40 Sent {"src":"n0","dest":"c2","body":{"in_reply_to":2,"msg_id":2,"type":"generate"}}
2024/02/14 23:01:41 Received {c2 n0 {"type":"generate","msg_id":3}}
2024/02/14 23:01:41 map[msg_id:3 type:generate]
2024/02/14 23:01:41 Sent {"src":"n0","dest":"c2","body":{"in_reply_to":3,"msg_id":3,"type":"generate"}}
2024/02/14 23:01:41 Received {c2 n0 {"type":"generate","msg_id":4}}
2024/02/14 23:01:41 map[msg_id:4 type:generate]
2024/02/14 23:01:41 Sent {"src":"n0","dest":"c2","body":{"in_reply_to":4,"msg_id":4,"type":"generate"}}
2024/02/14 23:01:41 Received {c2 n0 {"type":"generate","msg_id":5}}
2024/02/14 23:01:41 map[msg_id:5 type:generate]
2024/02/14 23:01:41 Sent {"src":"n0","dest":"c2","body":{"in_reply_to":5,"msg_id":5,"type":"generate"}}
2024/02/14 23:01:41 Received {c2 n0 {"type":"generate","msg_id":6}}
2024/02/14 23:01:41 map[msg_id:6 type:generate]
2024/02/14 23:01:41 Sent {"src":"n0","dest":"c2","body":{"in_reply_to":6,"msg_id":6,"type":"generate"}}
2024/02/14 23:01:41 Received {c2 n0 {"type":"generate","msg_id":7}}
2024/02/14 23:01:41 map[msg_id:7 type:generate]
2024/02/14 23:01:41 Sent {"src":"n0","dest":"c2","body":{"in_reply_to":7,"msg_id":7,"type":"generate"}}
2024/02/14 23:01:41 Received {c2 n0 {"type":"generate","msg_id":8}}
2024/02/14 23:01:41 map[msg_id:8 type:generate]
2024/02/14 23:01:41 Sent {"src":"n0","dest":"c2","body":{"in_reply_to":8,"msg_id":8,"type":"generate"}}
2024/02/14 23:01:42 Received {c2 n0 {"type":"generate","msg_id":9}}
2024/02/14 23:01:42 map[msg_id:9 type:generate]
2024/02/14 23:01:42 Sent {"src":"n0","dest":"c2","body":{"in_reply_to":9,"msg_id":9,"type":"generate"}}
2024/02/14 23:01:42 Received {c2 n0 {"type":"generate","msg_id":10}}
2024/02/14 23:01:42 map[msg_id:10 type:generate]
2024/02/14 23:01:42 Sent {"src":"n0","dest":"c2","body":{"in_reply_to":10,"msg_id":10,"type":"generate"}}
2024/02/14 23:01:42 Received {c2 n0 {"type":"generate","msg_id":11}}
2024/02/14 23:01:42 map[msg_id:11 type:generate]
2024/02/14 23:01:42 Sent {"src":"n0","dest":"c2","body":{"in_reply_to":11,"msg_id":11,"type":"generate"}}
2024/02/14 23:01:42 Received {c2 n0 {"type":"generate","msg_id":12}}
2024/02/14 23:01:42 map[msg_id:12 type:generate]
2024/02/14 23:01:42 Sent {"src":"n0","dest":"c2","body":{"in_reply_to":12,"msg_id":12,"type":"generate"}}
2024/02/14 23:01:42 Received {c2 n0 {"type":"generate","msg_id":13}}
2024/02/14 23:01:42 map[msg_id:13 type:generate]
2024/02/14 23:01:42 Sent {"src":"n0","dest":"c2","body":{"in_reply_to":13,"msg_id":13,"type":"generate"}}
2024/02/14 23:01:43 Received {c2 n0 {"type":"generate","msg_id":14}}
2024/02/14 23:01:43 map[msg_id:14 type:generate]
2024/02/14 23:01:43 Sent {"src":"n0","dest":"c2","body":{"in_reply_to":14,"msg_id":14,"type":"generate"}}
2024/02/14 23:01:43 Received {c2 n0 {"type":"generate","msg_id":15}}
2024/02/14 23:01:43 map[msg_id:15 type:generate]
2024/02/14 23:01:43 Sent {"src":"n0","dest":"c2","body":{"in_reply_to":15,"msg_id":15,"type":"generate"}}
2024/02/14 23:01:43 Received {c2 n0 {"type":"generate","msg_id":16}}
2024/02/14 23:01:43 map[msg_id:16 type:generate]
2024/02/14 23:01:43 Sent {"src":"n0","dest":"c2","body":{"in_reply_to":16,"msg_id":16,"type":"generate"}}
2024/02/14 23:01:43 Received {c2 n0 {"type":"generate","msg_id":17}}
2024/02/14 23:01:43 map[msg_id:17 type:generate]
2024/02/14 23:01:43 Sent {"src":"n0","dest":"c2","body":{"in_reply_to":17,"msg_id":17,"type":"generate"}}
2024/02/14 23:01:44 Received {c2 n0 {"type":"generate","msg_id":18}}
2024/02/14 23:01:44 map[msg_id:18 type:generate]
2024/02/14 23:01:44 Sent {"src":"n0","dest":"c2","body":{"in_reply_to":18,"msg_id":18,"type":"generate"}}
2024/02/14 23:01:44 Received {c2 n0 {"type":"generate","msg_id":19}}
2024/02/14 23:01:44 map[msg_id:19 type:generate]
2024/02/14 23:01:44 Sent {"src":"n0","dest":"c2","body":{"in_reply_to":19,"msg_id":19,"type":"generate"}}
2024/02/14 23:01:44 Received {c2 n0 {"type":"generate","msg_id":20}}
2024/02/14 23:01:44 map[msg_id:20 type:generate]
2024/02/14 23:01:44 Sent {"src":"n0","dest":"c2","body":{"in_reply_to":20,"msg_id":20,"type":"generate"}}
2024/02/14 23:01:44 Received {c2 n0 {"type":"generate","msg_id":21}}
2024/02/14 23:01:44 map[msg_id:21 type:generate]
2024/02/14 23:01:44 Sent {"src":"n0","dest":"c2","body":{"in_reply_to":21,"msg_id":21,"type":"generate"}}
2024/02/14 23:01:45 Received {c2 n0 {"type":"generate","msg_id":22}}
2024/02/14 23:01:45 map[msg_id:22 type:generate]
2024/02/14 23:01:45 Sent {"src":"n0","dest":"c2","body":{"in_reply_to":22,"msg_id":22,"type":"generate"}}
2024/02/14 23:01:45 Received {c2 n0 {"type":"generate","msg_id":23}}
2024/02/14 23:01:45 map[msg_id:23 type:generate]
2024/02/14 23:01:45 Sent {"src":"n0","dest":"c2","body":{"in_reply_to":23,"msg_id":23,"type":"generate"}}
2024/02/14 23:01:45 Received {c2 n0 {"type":"generate","msg_id":24}}
2024/02/14 23:01:45 map[msg_id:24 type:generate]
2024/02/14 23:01:45 Sent {"src":"n0","dest":"c2","body":{"in_reply_to":24,"msg_id":24,"type":"generate"}}
2024/02/14 23:01:45 Received {c2 n0 {"type":"generate","msg_id":25}}
2024/02/14 23:01:45 map[msg_id:25 type:generate]
2024/02/14 23:01:45 Sent {"src":"n0","dest":"c2","body":{"in_reply_to":25,"msg_id":25,"type":"generate"}}
2024/02/14 23:01:45 Received {c2 n0 {"type":"generate","msg_id":26}}
2024/02/14 23:01:45 map[msg_id:26 type:generate]
2024/02/14 23:01:45 Sent {"src":"n0","dest":"c2","body":{"in_reply_to":26,"msg_id":26,"type":"generate"}}
2024/02/14 23:01:45 Received {c2 n0 {"type":"generate","msg_id":27}}
2024/02/14 23:01:45 map[msg_id:27 type:generate]
2024/02/14 23:01:45 Sent {"src":"n0","dest":"c2","body":{"in_reply_to":27,"msg_id":27,"type":"generate"}}
2024/02/14 23:01:46 Received {c2 n0 {"type":"generate","msg_id":28}}
2024/02/14 23:01:46 map[msg_id:28 type:generate]
2024/02/14 23:01:46 Sent {"src":"n0","dest":"c2","body":{"in_reply_to":28,"msg_id":28,"type":"generate"}}
2024/02/14 23:01:46 Received {c2 n0 {"type":"generate","msg_id":29}}
2024/02/14 23:01:46 map[msg_id:29 type:generate]
2024/02/14 23:01:46 Sent {"src":"n0","dest":"c2","body":{"in_reply_to":29,"msg_id":29,"type":"generate"}}
2024/02/14 23:01:46 Received {c2 n0 {"type":"generate","msg_id":30}}
2024/02/14 23:01:46 map[msg_id:30 type:generate]
2024/02/14 23:01:46 Sent {"src":"n0","dest":"c2","body":{"in_reply_to":30,"msg_id":30,"type":"generate"}}
2024/02/14 23:01:46 Received {c2 n0 {"type":"generate","msg_id":31}}
2024/02/14 23:01:46 map[msg_id:31 type:generate]
2024/02/14 23:01:46 Sent {"src":"n0","dest":"c2","body":{"in_reply_to":31,"msg_id":31,"type":"generate"}}
2024/02/14 23:01:47 Received {c2 n0 {"type":"generate","msg_id":32}}
2024/02/14 23:01:47 map[msg_id:32 type:generate]
2024/02/14 23:01:47 Sent {"src":"n0","dest":"c2","body":{"in_reply_to":32,"msg_id":32,"type":"generate"}}
2024/02/14 23:01:47 Received {c2 n0 {"type":"generate","msg_id":33}}
2024/02/14 23:01:47 map[msg_id:33 type:generate]
2024/02/14 23:01:47 Sent {"src":"n0","dest":"c2","body":{"in_reply_to":33,"msg_id":33,"type":"generate"}}
2024/02/14 23:01:47 Received {c2 n0 {"type":"generate","msg_id":34}}
2024/02/14 23:01:47 map[msg_id:34 type:generate]
2024/02/14 23:01:47 Sent {"src":"n0","dest":"c2","body":{"in_reply_to":34,"msg_id":34,"type":"generate"}}
2024/02/14 23:01:47 Received {c2 n0 {"type":"generate","msg_id":35}}
2024/02/14 23:01:47 map[msg_id:35 type:generate]
2024/02/14 23:01:47 Sent {"src":"n0","dest":"c2","body":{"in_reply_to":35,"msg_id":35,"type":"generate"}}
2024/02/14 23:01:47 Received {c2 n0 {"type":"generate","msg_id":36}}
2024/02/14 23:01:47 map[msg_id:36 type:generate]
2024/02/14 23:01:47 Sent {"src":"n0","dest":"c2","body":{"in_reply_to":36,"msg_id":36,"type":"generate"}}
2024/02/14 23:01:47 Received {c2 n0 {"type":"generate","msg_id":37}}
2024/02/14 23:01:47 map[msg_id:37 type:generate]
2024/02/14 23:01:47 Sent {"src":"n0","dest":"c2","body":{"in_reply_to":37,"msg_id":37,"type":"generate"}}
2024/02/14 23:01:48 Received {c2 n0 {"type":"generate","msg_id":38}}
2024/02/14 23:01:48 map[msg_id:38 type:generate]
2024/02/14 23:01:48 Sent {"src":"n0","dest":"c2","body":{"in_reply_to":38,"msg_id":38,"type":"generate"}}
2024/02/14 23:01:48 Received {c2 n0 {"type":"generate","msg_id":39}}
2024/02/14 23:01:48 map[msg_id:39 type:generate]
2024/02/14 23:01:48 Sent {"src":"n0","dest":"c2","body":{"in_reply_to":39,"msg_id":39,"type":"generate"}}
2024/02/14 23:01:48 Received {c2 n0 {"type":"generate","msg_id":40}}
2024/02/14 23:01:48 map[msg_id:40 type:generate]
2024/02/14 23:01:48 Sent {"src":"n0","dest":"c2","body":{"in_reply_to":40,"msg_id":40,"type":"generate"}}
2024/02/14 23:01:48 Received {c2 n0 {"type":"generate","msg_id":41}}
2024/02/14 23:01:48 map[msg_id:41 type:generate]
2024/02/14 23:01:48 Sent {"src":"n0","dest":"c2","body":{"in_reply_to":41,"msg_id":41,"type":"generate"}}
2024/02/14 23:01:48 Received {c2 n0 {"type":"generate","msg_id":42}}
2024/02/14 23:01:48 map[msg_id:42 type:generate]
2024/02/14 23:01:48 Sent {"src":"n0","dest":"c2","body":{"in_reply_to":42,"msg_id":42,"type":"generate"}}
2024/02/14 23:01:48 Received {c2 n0 {"type":"generate","msg_id":43}}
2024/02/14 23:01:48 map[msg_id:43 type:generate]
2024/02/14 23:01:48 Sent {"src":"n0","dest":"c2","body":{"in_reply_to":43,"msg_id":43,"type":"generate"}}
2024/02/14 23:01:49 Received {c2 n0 {"type":"generate","msg_id":44}}
2024/02/14 23:01:49 map[msg_id:44 type:generate]
2024/02/14 23:01:49 Sent {"src":"n0","dest":"c2","body":{"in_reply_to":44,"msg_id":44,"type":"generate"}}
2024/02/14 23:01:49 Received {c2 n0 {"type":"generate","msg_id":45}}
2024/02/14 23:01:49 map[msg_id:45 type:generate]
2024/02/14 23:01:49 Sent {"src":"n0","dest":"c2","body":{"in_reply_to":45,"msg_id":45,"type":"generate"}}
2024/02/14 23:01:49 Received {c2 n0 {"type":"generate","msg_id":46}}
2024/02/14 23:01:49 map[msg_id:46 type:generate]
2024/02/14 23:01:49 Sent {"src":"n0","dest":"c2","body":{"in_reply_to":46,"msg_id":46,"type":"generate"}}
2024/02/14 23:01:49 Received {c2 n0 {"type":"generate","msg_id":47}}
2024/02/14 23:01:49 map[msg_id:47 type:generate]
2024/02/14 23:01:49 Sent {"src":"n0","dest":"c2","body":{"in_reply_to":47,"msg_id":47,"type":"generate"}}
2024/02/14 23:01:49 Received {c2 n0 {"type":"generate","msg_id":48}}
2024/02/14 23:01:49 map[msg_id:48 type:generate]
2024/02/14 23:01:49 Sent {"src":"n0","dest":"c2","body":{"in_reply_to":48,"msg_id":48,"type":"generate"}}
2024/02/14 23:01:49 Received {c2 n0 {"type":"generate","msg_id":49}}
2024/02/14 23:01:49 map[msg_id:49 type:generate]
2024/02/14 23:01:49 Sent {"src":"n0","dest":"c2","body":{"in_reply_to":49,"msg_id":49,"type":"generate"}}
2024/02/14 23:01:50 Received {c2 n0 {"type":"generate","msg_id":50}}
2024/02/14 23:01:50 map[msg_id:50 type:generate]
2024/02/14 23:01:50 Sent {"src":"n0","dest":"c2","body":{"in_reply_to":50,"msg_id":50,"type":"generate"}}
2024/02/14 23:01:50 Received {c2 n0 {"type":"generate","msg_id":51}}
2024/02/14 23:01:50 map[msg_id:51 type:generate]
2024/02/14 23:01:50 Sent {"src":"n0","dest":"c2","body":{"in_reply_to":51,"msg_id":51,"type":"generate"}}
2024/02/14 23:01:50 Received {c2 n0 {"type":"generate","msg_id":52}}
2024/02/14 23:01:50 map[msg_id:52 type:generate]
2024/02/14 23:01:50 Sent {"src":"n0","dest":"c2","body":{"in_reply_to":52,"msg_id":52,"type":"generate"}}
2024/02/14 23:01:50 Received {c2 n0 {"type":"generate","msg_id":53}}
2024/02/14 23:01:50 map[msg_id:53 type:generate]
2024/02/14 23:01:50 Sent {"src":"n0","dest":"c2","body":{"in_reply_to":53,"msg_id":53,"type":"generate"}}
