2024/02/15 19:50:13 Received {c0 n2 {"type":"init","node_id":"n2","node_ids":["n0","n1","n2","n3","n4"],"msg_id":1}}
2024/02/15 19:50:13 Node n2 initialized
2024/02/15 19:50:13 Sent {"src":"n2","dest":"c0","body":{"in_reply_to":1,"type":"init_ok"}}
2024/02/15 19:50:13 Received {c8 n2 {"type":"topology","topology":{"n0":["n3","n1"],"n1":["n4","n2","n0"],"n2":["n1"],"n3":["n0","n4"],"n4":["n1","n3"]},"msg_id":1}}
2024/02/15 19:50:13 Sent {"src":"n2","dest":"c8","body":{"in_reply_to":1,"type":"topology_ok"}}
2024/02/15 19:50:13 Received {n1 n2 {"type":"broadcast","message":0}}
2024/02/15 19:50:13 Sent {"src":"n2","dest":"n1","body":{"in_reply_to":0,"type":"broadcast_ok"}}
2024/02/15 19:50:13 Sent {"src":"n2","dest":"n1","body":{"type":"broadcast","message":0}}
2024/02/15 19:50:13 Received {c12 n2 {"type":"broadcast","message":2,"msg_id":1}}
2024/02/15 19:50:13 Sent {"src":"n2","dest":"c12","body":{"in_reply_to":1,"type":"broadcast_ok"}}
2024/02/15 19:50:13 Sent {"src":"n2","dest":"n1","body":{"type":"broadcast","message":2}}
2024/02/15 19:50:13 Received {c12 n2 {"type":"read","msg_id":2}}
2024/02/15 19:50:13 Sent {"src":"n2","dest":"c12","body":{"in_reply_to":2,"messages":[0,2],"type":"read_ok"}}
2024/02/15 19:50:13 Received {c12 n2 {"type":"read","msg_id":3}}
2024/02/15 19:50:13 Sent {"src":"n2","dest":"c12","body":{"in_reply_to":3,"messages":[0,2],"type":"read_ok"}}
2024/02/15 19:50:14 Received {c12 n2 {"type":"broadcast","message":5,"msg_id":4}}
2024/02/15 19:50:14 Sent {"src":"n2","dest":"c12","body":{"in_reply_to":4,"type":"broadcast_ok"}}
2024/02/15 19:50:14 Sent {"src":"n2","dest":"n1","body":{"type":"broadcast","message":5}}
2024/02/15 19:50:14 Received {c12 n2 {"type":"read","msg_id":5}}
2024/02/15 19:50:14 Sent {"src":"n2","dest":"c12","body":{"in_reply_to":5,"messages":[0,2,5],"type":"read_ok"}}
2024/02/15 19:50:14 Received {c12 n2 {"type":"broadcast","message":7,"msg_id":6}}
2024/02/15 19:50:14 Sent {"src":"n2","dest":"c12","body":{"in_reply_to":6,"type":"broadcast_ok"}}
2024/02/15 19:50:14 Sent {"src":"n2","dest":"n1","body":{"type":"broadcast","message":7}}
2024/02/15 19:50:14 Received {c12 n2 {"type":"broadcast","message":8,"msg_id":7}}
2024/02/15 19:50:14 Sent {"src":"n2","dest":"c12","body":{"in_reply_to":7,"type":"broadcast_ok"}}
2024/02/15 19:50:14 Sent {"src":"n2","dest":"n1","body":{"type":"broadcast","message":8}}
2024/02/15 19:50:14 Received {c12 n2 {"type":"read","msg_id":8}}
2024/02/15 19:50:14 Sent {"src":"n2","dest":"c12","body":{"in_reply_to":8,"messages":[0,2,5,7,8],"type":"read_ok"}}
2024/02/15 19:50:14 Received {c12 n2 {"type":"read","msg_id":9}}
2024/02/15 19:50:14 Sent {"src":"n2","dest":"c12","body":{"in_reply_to":9,"messages":[0,2,5,7,8],"type":"read_ok"}}
2024/02/15 19:50:15 Received {c12 n2 {"type":"read","msg_id":10}}
2024/02/15 19:50:15 Sent {"src":"n2","dest":"c12","body":{"in_reply_to":10,"messages":[0,2,5,7,8],"type":"read_ok"}}
2024/02/15 19:50:15 Received {c12 n2 {"type":"read","msg_id":11}}
2024/02/15 19:50:15 Sent {"src":"n2","dest":"c12","body":{"in_reply_to":11,"messages":[0,2,5,7,8],"type":"read_ok"}}
2024/02/15 19:50:15 Received {c12 n2 {"type":"read","msg_id":12}}
2024/02/15 19:50:15 Sent {"src":"n2","dest":"c12","body":{"in_reply_to":12,"messages":[0,2,5,7,8],"type":"read_ok"}}
2024/02/15 19:50:15 Received {c12 n2 {"type":"read","msg_id":13}}
2024/02/15 19:50:15 Sent {"src":"n2","dest":"c12","body":{"in_reply_to":13,"messages":[0,2,5,7,8],"type":"read_ok"}}
2024/02/15 19:50:15 Received {c12 n2 {"type":"read","msg_id":14}}
2024/02/15 19:50:15 Sent {"src":"n2","dest":"c12","body":{"in_reply_to":14,"messages":[0,2,5,7,8],"type":"read_ok"}}
2024/02/15 19:50:16 Received {c12 n2 {"type":"read","msg_id":15}}
2024/02/15 19:50:16 Sent {"src":"n2","dest":"c12","body":{"in_reply_to":15,"messages":[0,2,5,7,8],"type":"read_ok"}}
2024/02/15 19:50:16 Received {c12 n2 {"type":"read","msg_id":16}}
2024/02/15 19:50:16 Sent {"src":"n2","dest":"c12","body":{"in_reply_to":16,"messages":[0,2,5,7,8],"type":"read_ok"}}
2024/02/15 19:50:16 Received {c12 n2 {"type":"broadcast","message":12,"msg_id":17}}
2024/02/15 19:50:16 Sent {"src":"n2","dest":"c12","body":{"in_reply_to":17,"type":"broadcast_ok"}}
2024/02/15 19:50:16 Sent {"src":"n2","dest":"n1","body":{"type":"broadcast","message":12}}
2024/02/15 19:50:16 Received {c12 n2 {"type":"read","msg_id":18}}
2024/02/15 19:50:16 Sent {"src":"n2","dest":"c12","body":{"in_reply_to":18,"messages":[0,2,5,7,8,12],"type":"read_ok"}}
2024/02/15 19:50:16 Received {c12 n2 {"type":"broadcast","message":13,"msg_id":19}}
2024/02/15 19:50:16 Sent {"src":"n2","dest":"c12","body":{"in_reply_to":19,"type":"broadcast_ok"}}
2024/02/15 19:50:16 Sent {"src":"n2","dest":"n1","body":{"type":"broadcast","message":13}}
2024/02/15 19:50:16 Received {c12 n2 {"type":"broadcast","message":14,"msg_id":20}}
2024/02/15 19:50:16 Sent {"src":"n2","dest":"c12","body":{"in_reply_to":20,"type":"broadcast_ok"}}
2024/02/15 19:50:16 Sent {"src":"n2","dest":"n1","body":{"type":"broadcast","message":14}}
2024/02/15 19:50:16 Received {c12 n2 {"type":"broadcast","message":16,"msg_id":21}}
2024/02/15 19:50:16 Sent {"src":"n2","dest":"c12","body":{"in_reply_to":21,"type":"broadcast_ok"}}
2024/02/15 19:50:16 Sent {"src":"n2","dest":"n1","body":{"type":"broadcast","message":16}}
2024/02/15 19:50:16 Received {c12 n2 {"type":"broadcast","message":17,"msg_id":22}}
2024/02/15 19:50:16 Sent {"src":"n2","dest":"c12","body":{"in_reply_to":22,"type":"broadcast_ok"}}
2024/02/15 19:50:16 Sent {"src":"n2","dest":"n1","body":{"type":"broadcast","message":17}}
2024/02/15 19:50:16 Received {c12 n2 {"type":"broadcast","message":18,"msg_id":23}}
2024/02/15 19:50:16 Sent {"src":"n2","dest":"c12","body":{"in_reply_to":23,"type":"broadcast_ok"}}
2024/02/15 19:50:16 Sent {"src":"n2","dest":"n1","body":{"type":"broadcast","message":18}}
2024/02/15 19:50:17 Received {c12 n2 {"type":"read","msg_id":24}}
2024/02/15 19:50:17 Sent {"src":"n2","dest":"c12","body":{"in_reply_to":24,"messages":[0,2,5,7,8,12,13,14,16,17,18],"type":"read_ok"}}
2024/02/15 19:50:17 Received {c12 n2 {"type":"read","msg_id":25}}
2024/02/15 19:50:17 Sent {"src":"n2","dest":"c12","body":{"in_reply_to":25,"messages":[0,2,5,7,8,12,13,14,16,17,18],"type":"read_ok"}}
2024/02/15 19:50:17 Received {c12 n2 {"type":"broadcast","message":20,"msg_id":26}}
2024/02/15 19:50:17 Sent {"src":"n2","dest":"c12","body":{"in_reply_to":26,"type":"broadcast_ok"}}
2024/02/15 19:50:17 Sent {"src":"n2","dest":"n1","body":{"type":"broadcast","message":20}}
2024/02/15 19:50:17 Received {c12 n2 {"type":"read","msg_id":27}}
2024/02/15 19:50:17 Sent {"src":"n2","dest":"c12","body":{"in_reply_to":27,"messages":[0,2,5,7,8,12,13,14,16,17,18,20],"type":"read_ok"}}
2024/02/15 19:50:17 Received {c12 n2 {"type":"read","msg_id":28}}
2024/02/15 19:50:17 Sent {"src":"n2","dest":"c12","body":{"in_reply_to":28,"messages":[0,2,5,7,8,12,13,14,16,17,18,20],"type":"read_ok"}}
2024/02/15 19:50:17 Received {c12 n2 {"type":"broadcast","message":22,"msg_id":29}}
2024/02/15 19:50:17 Sent {"src":"n2","dest":"c12","body":{"in_reply_to":29,"type":"broadcast_ok"}}
2024/02/15 19:50:17 Sent {"src":"n2","dest":"n1","body":{"type":"broadcast","message":22}}
2024/02/15 19:50:18 Received {c12 n2 {"type":"read","msg_id":30}}
2024/02/15 19:50:18 Sent {"src":"n2","dest":"c12","body":{"in_reply_to":30,"messages":[0,2,5,7,8,12,13,14,16,17,18,20,22],"type":"read_ok"}}
2024/02/15 19:50:18 Received {c12 n2 {"type":"read","msg_id":31}}
2024/02/15 19:50:18 Sent {"src":"n2","dest":"c12","body":{"in_reply_to":31,"messages":[0,2,5,7,8,12,13,14,16,17,18,20,22],"type":"read_ok"}}
2024/02/15 19:50:18 Received {c12 n2 {"type":"broadcast","message":23,"msg_id":32}}
2024/02/15 19:50:18 Sent {"src":"n2","dest":"c12","body":{"in_reply_to":32,"type":"broadcast_ok"}}
2024/02/15 19:50:18 Sent {"src":"n2","dest":"n1","body":{"type":"broadcast","message":23}}
2024/02/15 19:50:19 Received {c12 n2 {"type":"broadcast","message":27,"msg_id":33}}
2024/02/15 19:50:19 Sent {"src":"n2","dest":"c12","body":{"in_reply_to":33,"type":"broadcast_ok"}}
2024/02/15 19:50:19 Sent {"src":"n2","dest":"n1","body":{"type":"broadcast","message":27}}
2024/02/15 19:50:19 Received {c12 n2 {"type":"broadcast","message":28,"msg_id":34}}
2024/02/15 19:50:19 Sent {"src":"n2","dest":"c12","body":{"in_reply_to":34,"type":"broadcast_ok"}}
2024/02/15 19:50:19 Sent {"src":"n2","dest":"n1","body":{"type":"broadcast","message":28}}
2024/02/15 19:50:19 Received {c12 n2 {"type":"read","msg_id":35}}
2024/02/15 19:50:19 Sent {"src":"n2","dest":"c12","body":{"in_reply_to":35,"messages":[0,2,5,7,8,12,13,14,16,17,18,20,22,23,27,28],"type":"read_ok"}}
2024/02/15 19:50:19 Received {c12 n2 {"type":"broadcast","message":29,"msg_id":36}}
2024/02/15 19:50:19 Sent {"src":"n2","dest":"c12","body":{"in_reply_to":36,"type":"broadcast_ok"}}
2024/02/15 19:50:19 Sent {"src":"n2","dest":"n1","body":{"type":"broadcast","message":29}}
2024/02/15 19:50:19 Received {c12 n2 {"type":"read","msg_id":37}}
2024/02/15 19:50:19 Sent {"src":"n2","dest":"c12","body":{"in_reply_to":37,"messages":[0,2,5,7,8,12,13,14,16,17,18,20,22,23,27,28,29],"type":"read_ok"}}
2024/02/15 19:50:19 Received {c12 n2 {"type":"read","msg_id":38}}
2024/02/15 19:50:19 Sent {"src":"n2","dest":"c12","body":{"in_reply_to":38,"messages":[0,2,5,7,8,12,13,14,16,17,18,20,22,23,27,28,29],"type":"read_ok"}}
2024/02/15 19:50:19 Received {c12 n2 {"type":"read","msg_id":39}}
2024/02/15 19:50:19 Sent {"src":"n2","dest":"c12","body":{"in_reply_to":39,"messages":[0,2,5,7,8,12,13,14,16,17,18,20,22,23,27,28,29],"type":"read_ok"}}
2024/02/15 19:50:19 Received {c12 n2 {"type":"read","msg_id":40}}
2024/02/15 19:50:19 Sent {"src":"n2","dest":"c12","body":{"in_reply_to":40,"messages":[0,2,5,7,8,12,13,14,16,17,18,20,22,23,27,28,29],"type":"read_ok"}}
2024/02/15 19:50:20 Received {c12 n2 {"type":"read","msg_id":41}}
2024/02/15 19:50:20 Sent {"src":"n2","dest":"c12","body":{"in_reply_to":41,"messages":[0,2,5,7,8,12,13,14,16,17,18,20,22,23,27,28,29],"type":"read_ok"}}
2024/02/15 19:50:20 Received {c12 n2 {"type":"read","msg_id":42}}
2024/02/15 19:50:20 Sent {"src":"n2","dest":"c12","body":{"in_reply_to":42,"messages":[0,2,5,7,8,12,13,14,16,17,18,20,22,23,27,28,29],"type":"read_ok"}}
2024/02/15 19:50:20 Received {c12 n2 {"type":"read","msg_id":43}}
2024/02/15 19:50:20 Sent {"src":"n2","dest":"c12","body":{"in_reply_to":43,"messages":[0,2,5,7,8,12,13,14,16,17,18,20,22,23,27,28,29],"type":"read_ok"}}
2024/02/15 19:50:20 Received {c12 n2 {"type":"broadcast","message":32,"msg_id":44}}
2024/02/15 19:50:20 Sent {"src":"n2","dest":"c12","body":{"in_reply_to":44,"type":"broadcast_ok"}}
2024/02/15 19:50:20 Sent {"src":"n2","dest":"n1","body":{"type":"broadcast","message":32}}
2024/02/15 19:50:20 Received {c12 n2 {"type":"broadcast","message":33,"msg_id":45}}
2024/02/15 19:50:20 Sent {"src":"n2","dest":"c12","body":{"in_reply_to":45,"type":"broadcast_ok"}}
2024/02/15 19:50:20 Sent {"src":"n2","dest":"n1","body":{"type":"broadcast","message":33}}
2024/02/15 19:50:20 Received {c12 n2 {"type":"read","msg_id":46}}
2024/02/15 19:50:20 Sent {"src":"n2","dest":"c12","body":{"in_reply_to":46,"messages":[0,2,5,7,8,12,13,14,16,17,18,20,22,23,27,28,29,32,33],"type":"read_ok"}}
2024/02/15 19:50:21 Received {c12 n2 {"type":"read","msg_id":47}}
2024/02/15 19:50:21 Sent {"src":"n2","dest":"c12","body":{"in_reply_to":47,"messages":[0,2,5,7,8,12,13,14,16,17,18,20,22,23,27,28,29,32,33],"type":"read_ok"}}
2024/02/15 19:50:21 Received {c12 n2 {"type":"read","msg_id":48}}
2024/02/15 19:50:21 Sent {"src":"n2","dest":"c12","body":{"in_reply_to":48,"messages":[0,2,5,7,8,12,13,14,16,17,18,20,22,23,27,28,29,32,33],"type":"read_ok"}}
2024/02/15 19:50:21 Received {c12 n2 {"type":"broadcast","message":34,"msg_id":49}}
2024/02/15 19:50:21 Sent {"src":"n2","dest":"c12","body":{"in_reply_to":49,"type":"broadcast_ok"}}
2024/02/15 19:50:21 Sent {"src":"n2","dest":"n1","body":{"type":"broadcast","message":34}}
2024/02/15 19:50:21 Received {c12 n2 {"type":"read","msg_id":50}}
2024/02/15 19:50:21 Sent {"src":"n2","dest":"c12","body":{"in_reply_to":50,"messages":[0,2,5,7,8,12,13,14,16,17,18,20,22,23,27,28,29,32,33,34],"type":"read_ok"}}
2024/02/15 19:50:21 Received {c12 n2 {"type":"broadcast","message":37,"msg_id":51}}
2024/02/15 19:50:21 Sent {"src":"n2","dest":"c12","body":{"in_reply_to":51,"type":"broadcast_ok"}}
2024/02/15 19:50:21 Sent {"src":"n2","dest":"n1","body":{"type":"broadcast","message":37}}
2024/02/15 19:50:21 Received {c12 n2 {"type":"broadcast","message":38,"msg_id":52}}
2024/02/15 19:50:21 Sent {"src":"n2","dest":"c12","body":{"in_reply_to":52,"type":"broadcast_ok"}}
2024/02/15 19:50:21 Sent {"src":"n2","dest":"n1","body":{"type":"broadcast","message":38}}
2024/02/15 19:50:22 Received {c12 n2 {"type":"broadcast","message":39,"msg_id":53}}
2024/02/15 19:50:22 Sent {"src":"n2","dest":"c12","body":{"in_reply_to":53,"type":"broadcast_ok"}}
2024/02/15 19:50:22 Sent {"src":"n2","dest":"n1","body":{"type":"broadcast","message":39}}
2024/02/15 19:50:22 Received {c12 n2 {"type":"broadcast","message":40,"msg_id":54}}
2024/02/15 19:50:22 Sent {"src":"n2","dest":"c12","body":{"in_reply_to":54,"type":"broadcast_ok"}}
2024/02/15 19:50:22 Sent {"src":"n2","dest":"n1","body":{"type":"broadcast","message":40}}
2024/02/15 19:50:22 Received {c12 n2 {"type":"read","msg_id":55}}
2024/02/15 19:50:22 Sent {"src":"n2","dest":"c12","body":{"in_reply_to":55,"messages":[0,2,5,7,8,12,13,14,16,17,18,20,22,23,27,28,29,32,33,34,37,38,39,40],"type":"read_ok"}}
2024/02/15 19:50:22 Received {c12 n2 {"type":"broadcast","message":41,"msg_id":56}}
2024/02/15 19:50:22 Sent {"src":"n2","dest":"c12","body":{"in_reply_to":56,"type":"broadcast_ok"}}
2024/02/15 19:50:22 Sent {"src":"n2","dest":"n1","body":{"type":"broadcast","message":41}}
2024/02/15 19:50:22 Received {c12 n2 {"type":"broadcast","message":42,"msg_id":57}}
2024/02/15 19:50:22 Sent {"src":"n2","dest":"c12","body":{"in_reply_to":57,"type":"broadcast_ok"}}
2024/02/15 19:50:22 Sent {"src":"n2","dest":"n1","body":{"type":"broadcast","message":42}}
2024/02/15 19:50:22 Received {c12 n2 {"type":"broadcast","message":43,"msg_id":58}}
2024/02/15 19:50:22 Sent {"src":"n2","dest":"c12","body":{"in_reply_to":58,"type":"broadcast_ok"}}
2024/02/15 19:50:22 Sent {"src":"n2","dest":"n1","body":{"type":"broadcast","message":43}}
2024/02/15 19:50:23 Received {c12 n2 {"type":"read","msg_id":59}}
2024/02/15 19:50:23 Sent {"src":"n2","dest":"c12","body":{"in_reply_to":59,"messages":[0,2,5,7,8,12,13,14,16,17,18,20,22,23,27,28,29,32,33,34,37,38,39,40,41,42,43],"type":"read_ok"}}
2024/02/15 19:50:23 Received {c12 n2 {"type":"read","msg_id":60}}
2024/02/15 19:50:23 Sent {"src":"n2","dest":"c12","body":{"in_reply_to":60,"messages":[0,2,5,7,8,12,13,14,16,17,18,20,22,23,27,28,29,32,33,34,37,38,39,40,41,42,43],"type":"read_ok"}}
2024/02/15 19:50:23 Received {c12 n2 {"type":"read","msg_id":61}}
2024/02/15 19:50:23 Sent {"src":"n2","dest":"c12","body":{"in_reply_to":61,"messages":[0,2,5,7,8,12,13,14,16,17,18,20,22,23,27,28,29,32,33,34,37,38,39,40,41,42,43],"type":"read_ok"}}
2024/02/15 19:50:23 Received {c12 n2 {"type":"broadcast","message":44,"msg_id":62}}
2024/02/15 19:50:23 Sent {"src":"n2","dest":"c12","body":{"in_reply_to":62,"type":"broadcast_ok"}}
2024/02/15 19:50:23 Sent {"src":"n2","dest":"n1","body":{"type":"broadcast","message":44}}
2024/02/15 19:50:23 Received {c12 n2 {"type":"broadcast","message":47,"msg_id":63}}
2024/02/15 19:50:23 Sent {"src":"n2","dest":"c12","body":{"in_reply_to":63,"type":"broadcast_ok"}}
2024/02/15 19:50:23 Sent {"src":"n2","dest":"n1","body":{"type":"broadcast","message":47}}
2024/02/15 19:50:23 Received {c12 n2 {"type":"broadcast","message":48,"msg_id":64}}
2024/02/15 19:50:23 Sent {"src":"n2","dest":"c12","body":{"in_reply_to":64,"type":"broadcast_ok"}}
2024/02/15 19:50:23 Sent {"src":"n2","dest":"n1","body":{"type":"broadcast","message":48}}
2024/02/15 19:50:23 Received {c12 n2 {"type":"broadcast","message":50,"msg_id":65}}
2024/02/15 19:50:23 Sent {"src":"n2","dest":"c12","body":{"in_reply_to":65,"type":"broadcast_ok"}}
2024/02/15 19:50:23 Sent {"src":"n2","dest":"n1","body":{"type":"broadcast","message":50}}
2024/02/15 19:50:24 Received {c12 n2 {"type":"read","msg_id":66}}
2024/02/15 19:50:24 Sent {"src":"n2","dest":"c12","body":{"in_reply_to":66,"messages":[0,2,5,7,8,12,13,14,16,17,18,20,22,23,27,28,29,32,33,34,37,38,39,40,41,42,43,44,47,48,50],"type":"read_ok"}}
2024/02/15 19:50:24 Received {c12 n2 {"type":"read","msg_id":67}}
2024/02/15 19:50:24 Sent {"src":"n2","dest":"c12","body":{"in_reply_to":67,"messages":[0,2,5,7,8,12,13,14,16,17,18,20,22,23,27,28,29,32,33,34,37,38,39,40,41,42,43,44,47,48,50],"type":"read_ok"}}
2024/02/15 19:50:24 Received {c12 n2 {"type":"broadcast","message":52,"msg_id":68}}
2024/02/15 19:50:24 Sent {"src":"n2","dest":"c12","body":{"in_reply_to":68,"type":"broadcast_ok"}}
2024/02/15 19:50:24 Sent {"src":"n2","dest":"n1","body":{"type":"broadcast","message":52}}
2024/02/15 19:50:25 Received {c12 n2 {"type":"read","msg_id":69}}
2024/02/15 19:50:25 Sent {"src":"n2","dest":"c12","body":{"in_reply_to":69,"messages":[0,2,5,7,8,12,13,14,16,17,18,20,22,23,27,28,29,32,33,34,37,38,39,40,41,42,43,44,47,48,50,52],"type":"read_ok"}}
2024/02/15 19:50:25 Received {c12 n2 {"type":"broadcast","message":53,"msg_id":70}}
2024/02/15 19:50:25 Sent {"src":"n2","dest":"c12","body":{"in_reply_to":70,"type":"broadcast_ok"}}
2024/02/15 19:50:25 Sent {"src":"n2","dest":"n1","body":{"type":"broadcast","message":53}}
2024/02/15 19:50:25 Received {c12 n2 {"type":"read","msg_id":71}}
2024/02/15 19:50:25 Sent {"src":"n2","dest":"c12","body":{"in_reply_to":71,"messages":[0,2,5,7,8,12,13,14,16,17,18,20,22,23,27,28,29,32,33,34,37,38,39,40,41,42,43,44,47,48,50,52,53],"type":"read_ok"}}
2024/02/15 19:50:25 Received {c12 n2 {"type":"broadcast","message":55,"msg_id":72}}
2024/02/15 19:50:25 Sent {"src":"n2","dest":"c12","body":{"in_reply_to":72,"type":"broadcast_ok"}}
2024/02/15 19:50:25 Sent {"src":"n2","dest":"n1","body":{"type":"broadcast","message":55}}
2024/02/15 19:50:25 Received {c12 n2 {"type":"broadcast","message":56,"msg_id":73}}
2024/02/15 19:50:25 Sent {"src":"n2","dest":"c12","body":{"in_reply_to":73,"type":"broadcast_ok"}}
2024/02/15 19:50:25 Sent {"src":"n2","dest":"n1","body":{"type":"broadcast","message":56}}
2024/02/15 19:50:26 Received {c12 n2 {"type":"broadcast","message":57,"msg_id":74}}
2024/02/15 19:50:26 Sent {"src":"n2","dest":"c12","body":{"in_reply_to":74,"type":"broadcast_ok"}}
2024/02/15 19:50:26 Sent {"src":"n2","dest":"n1","body":{"type":"broadcast","message":57}}
2024/02/15 19:50:26 Received {c12 n2 {"type":"broadcast","message":58,"msg_id":75}}
2024/02/15 19:50:26 Sent {"src":"n2","dest":"c12","body":{"in_reply_to":75,"type":"broadcast_ok"}}
2024/02/15 19:50:26 Sent {"src":"n2","dest":"n1","body":{"type":"broadcast","message":58}}
2024/02/15 19:50:26 Received {c12 n2 {"type":"read","msg_id":76}}
2024/02/15 19:50:26 Sent {"src":"n2","dest":"c12","body":{"in_reply_to":76,"messages":[0,2,5,7,8,12,13,14,16,17,18,20,22,23,27,28,29,32,33,34,37,38,39,40,41,42,43,44,47,48,50,52,53,55,56,57,58],"type":"read_ok"}}
2024/02/15 19:50:26 Received {c12 n2 {"type":"broadcast","message":60,"msg_id":77}}
2024/02/15 19:50:26 Sent {"src":"n2","dest":"c12","body":{"in_reply_to":77,"type":"broadcast_ok"}}
2024/02/15 19:50:26 Sent {"src":"n2","dest":"n1","body":{"type":"broadcast","message":60}}
2024/02/15 19:50:26 Received {c12 n2 {"type":"read","msg_id":78}}
2024/02/15 19:50:26 Sent {"src":"n2","dest":"c12","body":{"in_reply_to":78,"messages":[0,2,5,7,8,12,13,14,16,17,18,20,22,23,27,28,29,32,33,34,37,38,39,40,41,42,43,44,47,48,50,52,53,55,56,57,58,60],"type":"read_ok"}}
2024/02/15 19:50:26 Received {c12 n2 {"type":"read","msg_id":79}}
2024/02/15 19:50:26 Sent {"src":"n2","dest":"c12","body":{"in_reply_to":79,"messages":[0,2,5,7,8,12,13,14,16,17,18,20,22,23,27,28,29,32,33,34,37,38,39,40,41,42,43,44,47,48,50,52,53,55,56,57,58,60],"type":"read_ok"}}
2024/02/15 19:50:26 Received {c12 n2 {"type":"read","msg_id":80}}
2024/02/15 19:50:26 Sent {"src":"n2","dest":"c12","body":{"in_reply_to":80,"messages":[0,2,5,7,8,12,13,14,16,17,18,20,22,23,27,28,29,32,33,34,37,38,39,40,41,42,43,44,47,48,50,52,53,55,56,57,58,60],"type":"read_ok"}}
2024/02/15 19:50:27 Received {c12 n2 {"type":"read","msg_id":81}}
2024/02/15 19:50:27 Sent {"src":"n2","dest":"c12","body":{"in_reply_to":81,"messages":[0,2,5,7,8,12,13,14,16,17,18,20,22,23,27,28,29,32,33,34,37,38,39,40,41,42,43,44,47,48,50,52,53,55,56,57,58,60],"type":"read_ok"}}
2024/02/15 19:50:27 Received {c12 n2 {"type":"broadcast","message":62,"msg_id":82}}
2024/02/15 19:50:27 Sent {"src":"n2","dest":"c12","body":{"in_reply_to":82,"type":"broadcast_ok"}}
2024/02/15 19:50:27 Sent {"src":"n2","dest":"n1","body":{"type":"broadcast","message":62}}
2024/02/15 19:50:27 Received {c12 n2 {"type":"broadcast","message":63,"msg_id":83}}
2024/02/15 19:50:27 Sent {"src":"n2","dest":"n1","body":{"type":"broadcast","message":63}}
2024/02/15 19:50:27 Sent {"src":"n2","dest":"c12","body":{"in_reply_to":83,"type":"broadcast_ok"}}
2024/02/15 19:50:27 Received {c12 n2 {"type":"read","msg_id":84}}
2024/02/15 19:50:27 Sent {"src":"n2","dest":"c12","body":{"in_reply_to":84,"messages":[0,2,5,7,8,12,13,14,16,17,18,20,22,23,27,28,29,32,33,34,37,38,39,40,41,42,43,44,47,48,50,52,53,55,56,57,58,60,62,63],"type":"read_ok"}}
2024/02/15 19:50:27 Received {c12 n2 {"type":"broadcast","message":65,"msg_id":85}}
2024/02/15 19:50:27 Sent {"src":"n2","dest":"c12","body":{"in_reply_to":85,"type":"broadcast_ok"}}
2024/02/15 19:50:27 Sent {"src":"n2","dest":"n1","body":{"type":"broadcast","message":65}}
2024/02/15 19:50:27 Received {c12 n2 {"type":"broadcast","message":66,"msg_id":86}}
2024/02/15 19:50:27 Sent {"src":"n2","dest":"c12","body":{"in_reply_to":86,"type":"broadcast_ok"}}
2024/02/15 19:50:27 Sent {"src":"n2","dest":"n1","body":{"type":"broadcast","message":66}}
2024/02/15 19:50:27 Received {c12 n2 {"type":"read","msg_id":87}}
2024/02/15 19:50:27 Sent {"src":"n2","dest":"c12","body":{"in_reply_to":87,"messages":[0,2,5,7,8,12,13,14,16,17,18,20,22,23,27,28,29,32,33,34,37,38,39,40,41,42,43,44,47,48,50,52,53,55,56,57,58,60,62,63,65,66],"type":"read_ok"}}
2024/02/15 19:50:28 Received {c12 n2 {"type":"read","msg_id":88}}
2024/02/15 19:50:28 Sent {"src":"n2","dest":"c12","body":{"in_reply_to":88,"messages":[0,2,5,7,8,12,13,14,16,17,18,20,22,23,27,28,29,32,33,34,37,38,39,40,41,42,43,44,47,48,50,52,53,55,56,57,58,60,62,63,65,66],"type":"read_ok"}}
2024/02/15 19:50:28 Received {c12 n2 {"type":"read","msg_id":89}}
2024/02/15 19:50:28 Sent {"src":"n2","dest":"c12","body":{"in_reply_to":89,"messages":[0,2,5,7,8,12,13,14,16,17,18,20,22,23,27,28,29,32,33,34,37,38,39,40,41,42,43,44,47,48,50,52,53,55,56,57,58,60,62,63,65,66],"type":"read_ok"}}
2024/02/15 19:50:28 Received {c12 n2 {"type":"broadcast","message":69,"msg_id":90}}
2024/02/15 19:50:28 Sent {"src":"n2","dest":"c12","body":{"in_reply_to":90,"type":"broadcast_ok"}}
2024/02/15 19:50:28 Sent {"src":"n2","dest":"n1","body":{"type":"broadcast","message":69}}
2024/02/15 19:50:28 Received {c12 n2 {"type":"broadcast","message":70,"msg_id":91}}
2024/02/15 19:50:28 Sent {"src":"n2","dest":"c12","body":{"in_reply_to":91,"type":"broadcast_ok"}}
2024/02/15 19:50:28 Sent {"src":"n2","dest":"n1","body":{"type":"broadcast","message":70}}
2024/02/15 19:50:29 Received {c12 n2 {"type":"broadcast","message":73,"msg_id":92}}
2024/02/15 19:50:29 Sent {"src":"n2","dest":"c12","body":{"in_reply_to":92,"type":"broadcast_ok"}}
2024/02/15 19:50:29 Sent {"src":"n2","dest":"n1","body":{"type":"broadcast","message":73}}
2024/02/15 19:50:29 Received {c12 n2 {"type":"broadcast","message":74,"msg_id":93}}
2024/02/15 19:50:29 Sent {"src":"n2","dest":"c12","body":{"in_reply_to":93,"type":"broadcast_ok"}}
2024/02/15 19:50:29 Sent {"src":"n2","dest":"n1","body":{"type":"broadcast","message":74}}
2024/02/15 19:50:29 Received {c12 n2 {"type":"read","msg_id":94}}
2024/02/15 19:50:29 Sent {"src":"n2","dest":"c12","body":{"in_reply_to":94,"messages":[0,2,5,7,8,12,13,14,16,17,18,20,22,23,27,28,29,32,33,34,37,38,39,40,41,42,43,44,47,48,50,52,53,55,56,57,58,60,62,63,65,66,69,70,73,74],"type":"read_ok"}}
2024/02/15 19:50:29 Received {c12 n2 {"type":"read","msg_id":95}}
2024/02/15 19:50:29 Sent {"src":"n2","dest":"c12","body":{"in_reply_to":95,"messages":[0,2,5,7,8,12,13,14,16,17,18,20,22,23,27,28,29,32,33,34,37,38,39,40,41,42,43,44,47,48,50,52,53,55,56,57,58,60,62,63,65,66,69,70,73,74],"type":"read_ok"}}
2024/02/15 19:50:29 Received {c12 n2 {"type":"broadcast","message":76,"msg_id":96}}
2024/02/15 19:50:29 Sent {"src":"n2","dest":"c12","body":{"in_reply_to":96,"type":"broadcast_ok"}}
2024/02/15 19:50:29 Sent {"src":"n2","dest":"n1","body":{"type":"broadcast","message":76}}
2024/02/15 19:50:29 Received {c12 n2 {"type":"read","msg_id":97}}
2024/02/15 19:50:29 Sent {"src":"n2","dest":"c12","body":{"in_reply_to":97,"messages":[0,2,5,7,8,12,13,14,16,17,18,20,22,23,27,28,29,32,33,34,37,38,39,40,41,42,43,44,47,48,50,52,53,55,56,57,58,60,62,63,65,66,69,70,73,74,76],"type":"read_ok"}}
2024/02/15 19:50:30 Received {c12 n2 {"type":"broadcast","message":78,"msg_id":98}}
2024/02/15 19:50:30 Sent {"src":"n2","dest":"c12","body":{"in_reply_to":98,"type":"broadcast_ok"}}
2024/02/15 19:50:30 Sent {"src":"n2","dest":"n1","body":{"type":"broadcast","message":78}}
2024/02/15 19:50:30 Received {c12 n2 {"type":"broadcast","message":79,"msg_id":99}}
2024/02/15 19:50:30 Sent {"src":"n2","dest":"c12","body":{"in_reply_to":99,"type":"broadcast_ok"}}
2024/02/15 19:50:30 Sent {"src":"n2","dest":"n1","body":{"type":"broadcast","message":79}}
2024/02/15 19:50:30 Received {c12 n2 {"type":"broadcast","message":80,"msg_id":100}}
2024/02/15 19:50:30 Sent {"src":"n2","dest":"c12","body":{"in_reply_to":100,"type":"broadcast_ok"}}
2024/02/15 19:50:30 Sent {"src":"n2","dest":"n1","body":{"type":"broadcast","message":80}}
2024/02/15 19:50:30 Received {c12 n2 {"type":"read","msg_id":101}}
2024/02/15 19:50:30 Sent {"src":"n2","dest":"c12","body":{"in_reply_to":101,"messages":[0,2,5,7,8,12,13,14,16,17,18,20,22,23,27,28,29,32,33,34,37,38,39,40,41,42,43,44,47,48,50,52,53,55,56,57,58,60,62,63,65,66,69,70,73,74,76,78,79,80],"type":"read_ok"}}
2024/02/15 19:50:30 Received {c12 n2 {"type":"broadcast","message":83,"msg_id":102}}
2024/02/15 19:50:30 Sent {"src":"n2","dest":"c12","body":{"in_reply_to":102,"type":"broadcast_ok"}}
2024/02/15 19:50:30 Sent {"src":"n2","dest":"n1","body":{"type":"broadcast","message":83}}
2024/02/15 19:50:30 Received {c12 n2 {"type":"broadcast","message":84,"msg_id":103}}
2024/02/15 19:50:30 Sent {"src":"n2","dest":"c12","body":{"in_reply_to":103,"type":"broadcast_ok"}}
2024/02/15 19:50:30 Sent {"src":"n2","dest":"n1","body":{"type":"broadcast","message":84}}
2024/02/15 19:50:30 Received {c12 n2 {"type":"read","msg_id":104}}
2024/02/15 19:50:30 Sent {"src":"n2","dest":"c12","body":{"in_reply_to":104,"messages":[0,2,5,7,8,12,13,14,16,17,18,20,22,23,27,28,29,32,33,34,37,38,39,40,41,42,43,44,47,48,50,52,53,55,56,57,58,60,62,63,65,66,69,70,73,74,76,78,79,80,83,84],"type":"read_ok"}}
2024/02/15 19:50:30 Received {c12 n2 {"type":"broadcast","message":85,"msg_id":105}}
2024/02/15 19:50:30 Sent {"src":"n2","dest":"c12","body":{"in_reply_to":105,"type":"broadcast_ok"}}
2024/02/15 19:50:30 Sent {"src":"n2","dest":"n1","body":{"type":"broadcast","message":85}}
2024/02/15 19:50:31 Received {c12 n2 {"type":"read","msg_id":106}}
2024/02/15 19:50:31 Sent {"src":"n2","dest":"c12","body":{"in_reply_to":106,"messages":[0,2,5,7,8,12,13,14,16,17,18,20,22,23,27,28,29,32,33,34,37,38,39,40,41,42,43,44,47,48,50,52,53,55,56,57,58,60,62,63,65,66,69,70,73,74,76,78,79,80,83,84,85],"type":"read_ok"}}
2024/02/15 19:50:31 Received {c12 n2 {"type":"read","msg_id":107}}
2024/02/15 19:50:31 Sent {"src":"n2","dest":"c12","body":{"in_reply_to":107,"messages":[0,2,5,7,8,12,13,14,16,17,18,20,22,23,27,28,29,32,33,34,37,38,39,40,41,42,43,44,47,48,50,52,53,55,56,57,58,60,62,63,65,66,69,70,73,74,76,78,79,80,83,84,85],"type":"read_ok"}}
2024/02/15 19:50:31 Received {c12 n2 {"type":"read","msg_id":108}}
2024/02/15 19:50:31 Sent {"src":"n2","dest":"c12","body":{"in_reply_to":108,"messages":[0,2,5,7,8,12,13,14,16,17,18,20,22,23,27,28,29,32,33,34,37,38,39,40,41,42,43,44,47,48,50,52,53,55,56,57,58,60,62,63,65,66,69,70,73,74,76,78,79,80,83,84,85],"type":"read_ok"}}
2024/02/15 19:50:31 Received {c12 n2 {"type":"broadcast","message":86,"msg_id":109}}
2024/02/15 19:50:31 Sent {"src":"n2","dest":"c12","body":{"in_reply_to":109,"type":"broadcast_ok"}}
2024/02/15 19:50:31 Sent {"src":"n2","dest":"n1","body":{"type":"broadcast","message":86}}
2024/02/15 19:50:31 Received {c12 n2 {"type":"read","msg_id":110}}
2024/02/15 19:50:31 Sent {"src":"n2","dest":"c12","body":{"in_reply_to":110,"messages":[0,2,5,7,8,12,13,14,16,17,18,20,22,23,27,28,29,32,33,34,37,38,39,40,41,42,43,44,47,48,50,52,53,55,56,57,58,60,62,63,65,66,69,70,73,74,76,78,79,80,83,84,85,86],"type":"read_ok"}}
2024/02/15 19:50:31 Received {c12 n2 {"type":"read","msg_id":111}}
2024/02/15 19:50:31 Sent {"src":"n2","dest":"c12","body":{"in_reply_to":111,"messages":[0,2,5,7,8,12,13,14,16,17,18,20,22,23,27,28,29,32,33,34,37,38,39,40,41,42,43,44,47,48,50,52,53,55,56,57,58,60,62,63,65,66,69,70,73,74,76,78,79,80,83,84,85,86],"type":"read_ok"}}
2024/02/15 19:50:31 Received {c12 n2 {"type":"broadcast","message":87,"msg_id":112}}
2024/02/15 19:50:31 Sent {"src":"n2","dest":"c12","body":{"in_reply_to":112,"type":"broadcast_ok"}}
2024/02/15 19:50:31 Sent {"src":"n2","dest":"n1","body":{"type":"broadcast","message":87}}
2024/02/15 19:50:31 Received {c12 n2 {"type":"broadcast","message":88,"msg_id":113}}
2024/02/15 19:50:31 Sent {"src":"n2","dest":"c12","body":{"in_reply_to":113,"type":"broadcast_ok"}}
2024/02/15 19:50:31 Sent {"src":"n2","dest":"n1","body":{"type":"broadcast","message":88}}
2024/02/15 19:50:32 Received {c12 n2 {"type":"read","msg_id":114}}
2024/02/15 19:50:32 Sent {"src":"n2","dest":"c12","body":{"in_reply_to":114,"messages":[0,2,5,7,8,12,13,14,16,17,18,20,22,23,27,28,29,32,33,34,37,38,39,40,41,42,43,44,47,48,50,52,53,55,56,57,58,60,62,63,65,66,69,70,73,74,76,78,79,80,83,84,85,86,87,88],"type":"read_ok"}}
2024/02/15 19:50:32 Received {c12 n2 {"type":"read","msg_id":115}}
2024/02/15 19:50:32 Sent {"src":"n2","dest":"c12","body":{"in_reply_to":115,"messages":[0,2,5,7,8,12,13,14,16,17,18,20,22,23,27,28,29,32,33,34,37,38,39,40,41,42,43,44,47,48,50,52,53,55,56,57,58,60,62,63,65,66,69,70,73,74,76,78,79,80,83,84,85,86,87,88],"type":"read_ok"}}
2024/02/15 19:50:32 Received {c12 n2 {"type":"read","msg_id":116}}
2024/02/15 19:50:32 Sent {"src":"n2","dest":"c12","body":{"in_reply_to":116,"messages":[0,2,5,7,8,12,13,14,16,17,18,20,22,23,27,28,29,32,33,34,37,38,39,40,41,42,43,44,47,48,50,52,53,55,56,57,58,60,62,63,65,66,69,70,73,74,76,78,79,80,83,84,85,86,87,88],"type":"read_ok"}}
2024/02/15 19:50:32 Received {c12 n2 {"type":"broadcast","message":90,"msg_id":117}}
2024/02/15 19:50:32 Sent {"src":"n2","dest":"c12","body":{"in_reply_to":117,"type":"broadcast_ok"}}
2024/02/15 19:50:32 Sent {"src":"n2","dest":"n1","body":{"type":"broadcast","message":90}}
2024/02/15 19:50:32 Received {c12 n2 {"type":"read","msg_id":118}}
2024/02/15 19:50:32 Sent {"src":"n2","dest":"c12","body":{"in_reply_to":118,"messages":[0,2,5,7,8,12,13,14,16,17,18,20,22,23,27,28,29,32,33,34,37,38,39,40,41,42,43,44,47,48,50,52,53,55,56,57,58,60,62,63,65,66,69,70,73,74,76,78,79,80,83,84,85,86,87,88,90],"type":"read_ok"}}
2024/02/15 19:50:32 Received {c12 n2 {"type":"broadcast","message":92,"msg_id":119}}
2024/02/15 19:50:32 Sent {"src":"n2","dest":"c12","body":{"in_reply_to":119,"type":"broadcast_ok"}}
2024/02/15 19:50:32 Sent {"src":"n2","dest":"n1","body":{"type":"broadcast","message":92}}
2024/02/15 19:50:33 Received {c12 n2 {"type":"broadcast","message":93,"msg_id":120}}
2024/02/15 19:50:33 Sent {"src":"n2","dest":"c12","body":{"in_reply_to":120,"type":"broadcast_ok"}}
2024/02/15 19:50:33 Sent {"src":"n2","dest":"n1","body":{"type":"broadcast","message":93}}
2024/02/15 19:50:33 Received {c12 n2 {"type":"broadcast","message":94,"msg_id":121}}
2024/02/15 19:50:33 Sent {"src":"n2","dest":"c12","body":{"in_reply_to":121,"type":"broadcast_ok"}}
2024/02/15 19:50:33 Sent {"src":"n2","dest":"n1","body":{"type":"broadcast","message":94}}
2024/02/15 19:50:44 Received {c12 n2 {"type":"read","msg_id":122}}
2024/02/15 19:50:44 Sent {"src":"n2","dest":"c12","body":{"in_reply_to":122,"messages":[0,2,5,7,8,12,13,14,16,17,18,20,22,23,27,28,29,32,33,34,37,38,39,40,41,42,43,44,47,48,50,52,53,55,56,57,58,60,62,63,65,66,69,70,73,74,76,78,79,80,83,84,85,86,87,88,90,92,93,94],"type":"read_ok"}}
