2024/02/15 18:38:18 Received {c0 n0 {"type":"init","node_id":"n0","node_ids":["n0"],"msg_id":1}}
2024/02/15 18:38:18 Node n0 initialized
2024/02/15 18:38:18 Sent {"src":"n0","dest":"c0","body":{"in_reply_to":1,"type":"init_ok"}}
2024/02/15 18:38:18 Received {c1 n0 {"type":"topology","topology":{"n0":[]},"msg_id":1}}
2024/02/15 18:38:18 Sent {"src":"n0","dest":"c1","body":{"in_reply_to":1,"type":"topology_ok"}}
2024/02/15 18:38:18 Received {c2 n0 {"type":"read","msg_id":1}}
2024/02/15 18:38:18 Sent {"src":"n0","dest":"c2","body":{"in_reply_to":1,"messages":[],"type":"read_ok"}}
2024/02/15 18:38:18 Received {c2 n0 {"type":"broadcast","message":0,"msg_id":2}}
2024/02/15 18:38:18 Sent {"src":"n0","dest":"c2","body":{"body":{"echo":"","message":0,"messages":null,"msg_id":0,"topology":null,"type":"broadcast_ok"},"dest":"","in_reply_to":2,"src":""}}
2024/02/15 18:38:18 Received {c3 n0 {"type":"read","msg_id":1}}
2024/02/15 18:38:18 Sent {"src":"n0","dest":"c3","body":{"in_reply_to":1,"messages":[0],"type":"read_ok"}}
2024/02/15 18:38:18 Received {c3 n0 {"type":"read","msg_id":2}}
2024/02/15 18:38:18 Sent {"src":"n0","dest":"c3","body":{"in_reply_to":2,"messages":[0],"type":"read_ok"}}
2024/02/15 18:38:18 Received {c3 n0 {"type":"read","msg_id":3}}
2024/02/15 18:38:18 Sent {"src":"n0","dest":"c3","body":{"in_reply_to":3,"messages":[0],"type":"read_ok"}}
2024/02/15 18:38:19 Received {c3 n0 {"type":"read","msg_id":4}}
2024/02/15 18:38:19 Sent {"src":"n0","dest":"c3","body":{"in_reply_to":4,"messages":[0],"type":"read_ok"}}
2024/02/15 18:38:19 Received {c3 n0 {"type":"read","msg_id":5}}
2024/02/15 18:38:19 Sent {"src":"n0","dest":"c3","body":{"in_reply_to":5,"messages":[0],"type":"read_ok"}}
2024/02/15 18:38:19 Received {c3 n0 {"type":"read","msg_id":6}}
2024/02/15 18:38:19 Sent {"src":"n0","dest":"c3","body":{"in_reply_to":6,"messages":[0],"type":"read_ok"}}
2024/02/15 18:38:19 Received {c3 n0 {"type":"broadcast","message":1,"msg_id":7}}
2024/02/15 18:38:19 Sent {"src":"n0","dest":"c3","body":{"body":{"echo":"","message":0,"messages":null,"msg_id":0,"topology":null,"type":"broadcast_ok"},"dest":"","in_reply_to":7,"src":""}}
2024/02/15 18:38:19 Received {c4 n0 {"type":"broadcast","message":2,"msg_id":1}}
2024/02/15 18:38:19 Sent {"src":"n0","dest":"c4","body":{"body":{"echo":"","message":0,"messages":null,"msg_id":0,"topology":null,"type":"broadcast_ok"},"dest":"","in_reply_to":1,"src":""}}
2024/02/15 18:38:19 Received {c5 n0 {"type":"broadcast","message":3,"msg_id":1}}
2024/02/15 18:38:19 Sent {"src":"n0","dest":"c5","body":{"body":{"echo":"","message":0,"messages":null,"msg_id":0,"topology":null,"type":"broadcast_ok"},"dest":"","in_reply_to":1,"src":""}}
2024/02/15 18:38:19 Received {c6 n0 {"type":"read","msg_id":1}}
2024/02/15 18:38:19 Sent {"src":"n0","dest":"c6","body":{"in_reply_to":1,"messages":[0,0,0,0],"type":"read_ok"}}
2024/02/15 18:38:19 Received {c6 n0 {"type":"read","msg_id":2}}
2024/02/15 18:38:19 Sent {"src":"n0","dest":"c6","body":{"in_reply_to":2,"messages":[0,0,0,0],"type":"read_ok"}}
2024/02/15 18:38:20 Received {c6 n0 {"type":"broadcast","message":4,"msg_id":3}}
2024/02/15 18:38:20 Sent {"src":"n0","dest":"c6","body":{"body":{"echo":"","message":0,"messages":null,"msg_id":0,"topology":null,"type":"broadcast_ok"},"dest":"","in_reply_to":3,"src":""}}
2024/02/15 18:38:20 Received {c7 n0 {"type":"broadcast","message":5,"msg_id":1}}
2024/02/15 18:38:20 Sent {"src":"n0","dest":"c7","body":{"body":{"echo":"","message":0,"messages":null,"msg_id":0,"topology":null,"type":"broadcast_ok"},"dest":"","in_reply_to":1,"src":""}}
2024/02/15 18:38:20 Received {c8 n0 {"type":"broadcast","message":6,"msg_id":1}}
2024/02/15 18:38:20 Sent {"src":"n0","dest":"c8","body":{"body":{"echo":"","message":0,"messages":null,"msg_id":0,"topology":null,"type":"broadcast_ok"},"dest":"","in_reply_to":1,"src":""}}
2024/02/15 18:38:20 Received {c9 n0 {"type":"broadcast","message":7,"msg_id":1}}
2024/02/15 18:38:20 Sent {"src":"n0","dest":"c9","body":{"body":{"echo":"","message":0,"messages":null,"msg_id":0,"topology":null,"type":"broadcast_ok"},"dest":"","in_reply_to":1,"src":""}}
2024/02/15 18:38:20 Received {c10 n0 {"type":"broadcast","message":8,"msg_id":1}}
2024/02/15 18:38:20 Sent {"src":"n0","dest":"c10","body":{"body":{"echo":"","message":0,"messages":null,"msg_id":0,"topology":null,"type":"broadcast_ok"},"dest":"","in_reply_to":1,"src":""}}
2024/02/15 18:38:20 Received {c11 n0 {"type":"read","msg_id":1}}
2024/02/15 18:38:20 Sent {"src":"n0","dest":"c11","body":{"in_reply_to":1,"messages":[0,0,0,0,0,0,0,0,0],"type":"read_ok"}}
2024/02/15 18:38:20 Received {c11 n0 {"type":"broadcast","message":9,"msg_id":2}}
2024/02/15 18:38:20 Sent {"src":"n0","dest":"c11","body":{"body":{"echo":"","message":0,"messages":null,"msg_id":0,"topology":null,"type":"broadcast_ok"},"dest":"","in_reply_to":2,"src":""}}
2024/02/15 18:38:20 Received {c12 n0 {"type":"read","msg_id":1}}
2024/02/15 18:38:20 Sent {"src":"n0","dest":"c12","body":{"in_reply_to":1,"messages":[0,0,0,0,0,0,0,0,0,0],"type":"read_ok"}}
2024/02/15 18:38:20 Received {c12 n0 {"type":"broadcast","message":10,"msg_id":2}}
2024/02/15 18:38:20 Sent {"src":"n0","dest":"c12","body":{"body":{"echo":"","message":0,"messages":null,"msg_id":0,"topology":null,"type":"broadcast_ok"},"dest":"","in_reply_to":2,"src":""}}
2024/02/15 18:38:21 Received {c13 n0 {"type":"broadcast","message":11,"msg_id":1}}
2024/02/15 18:38:21 Sent {"src":"n0","dest":"c13","body":{"body":{"echo":"","message":0,"messages":null,"msg_id":0,"topology":null,"type":"broadcast_ok"},"dest":"","in_reply_to":1,"src":""}}
2024/02/15 18:38:21 Received {c14 n0 {"type":"broadcast","message":12,"msg_id":1}}
2024/02/15 18:38:21 Sent {"src":"n0","dest":"c14","body":{"body":{"echo":"","message":0,"messages":null,"msg_id":0,"topology":null,"type":"broadcast_ok"},"dest":"","in_reply_to":1,"src":""}}
2024/02/15 18:38:21 Received {c15 n0 {"type":"broadcast","message":13,"msg_id":1}}
2024/02/15 18:38:21 Sent {"src":"n0","dest":"c15","body":{"body":{"echo":"","message":0,"messages":null,"msg_id":0,"topology":null,"type":"broadcast_ok"},"dest":"","in_reply_to":1,"src":""}}
2024/02/15 18:38:21 Received {c16 n0 {"type":"read","msg_id":1}}
2024/02/15 18:38:21 Sent {"src":"n0","dest":"c16","body":{"in_reply_to":1,"messages":[0,0,0,0,0,0,0,0,0,0,0,0,0,0],"type":"read_ok"}}
2024/02/15 18:38:21 Received {c16 n0 {"type":"broadcast","message":14,"msg_id":2}}
2024/02/15 18:38:21 Sent {"src":"n0","dest":"c16","body":{"body":{"echo":"","message":0,"messages":null,"msg_id":0,"topology":null,"type":"broadcast_ok"},"dest":"","in_reply_to":2,"src":""}}
2024/02/15 18:38:21 Received {c17 n0 {"type":"broadcast","message":15,"msg_id":1}}
2024/02/15 18:38:21 Sent {"src":"n0","dest":"c17","body":{"body":{"echo":"","message":0,"messages":null,"msg_id":0,"topology":null,"type":"broadcast_ok"},"dest":"","in_reply_to":1,"src":""}}
2024/02/15 18:38:21 Received {c18 n0 {"type":"read","msg_id":1}}
2024/02/15 18:38:21 Sent {"src":"n0","dest":"c18","body":{"in_reply_to":1,"messages":[0,0,0,0,0,0,0,0,0,0,0,0,0,0,0,0],"type":"read_ok"}}
2024/02/15 18:38:21 Received {c18 n0 {"type":"broadcast","message":16,"msg_id":2}}
2024/02/15 18:38:21 Sent {"src":"n0","dest":"c18","body":{"body":{"echo":"","message":0,"messages":null,"msg_id":0,"topology":null,"type":"broadcast_ok"},"dest":"","in_reply_to":2,"src":""}}
2024/02/15 18:38:21 Received {c19 n0 {"type":"read","msg_id":1}}
2024/02/15 18:38:21 Sent {"src":"n0","dest":"c19","body":{"in_reply_to":1,"messages":[0,0,0,0,0,0,0,0,0,0,0,0,0,0,0,0,0],"type":"read_ok"}}
2024/02/15 18:38:21 Received {c19 n0 {"type":"read","msg_id":2}}
2024/02/15 18:38:21 Sent {"src":"n0","dest":"c19","body":{"in_reply_to":2,"messages":[0,0,0,0,0,0,0,0,0,0,0,0,0,0,0,0,0],"type":"read_ok"}}
2024/02/15 18:38:21 Received {c19 n0 {"type":"read","msg_id":3}}
2024/02/15 18:38:21 Sent {"src":"n0","dest":"c19","body":{"in_reply_to":3,"messages":[0,0,0,0,0,0,0,0,0,0,0,0,0,0,0,0,0],"type":"read_ok"}}
2024/02/15 18:38:21 Received {c19 n0 {"type":"read","msg_id":4}}
2024/02/15 18:38:21 Sent {"src":"n0","dest":"c19","body":{"in_reply_to":4,"messages":[0,0,0,0,0,0,0,0,0,0,0,0,0,0,0,0,0],"type":"read_ok"}}
2024/02/15 18:38:21 Received {c19 n0 {"type":"read","msg_id":5}}
2024/02/15 18:38:21 Sent {"src":"n0","dest":"c19","body":{"in_reply_to":5,"messages":[0,0,0,0,0,0,0,0,0,0,0,0,0,0,0,0,0],"type":"read_ok"}}
2024/02/15 18:38:21 Received {c19 n0 {"type":"broadcast","message":17,"msg_id":6}}
2024/02/15 18:38:21 Sent {"src":"n0","dest":"c19","body":{"body":{"echo":"","message":0,"messages":null,"msg_id":0,"topology":null,"type":"broadcast_ok"},"dest":"","in_reply_to":6,"src":""}}
