2024/02/15 18:35:42 Received {c0 n0 {"type":"init","node_id":"n0","node_ids":["n0"],"msg_id":1}}
2024/02/15 18:35:42 Node n0 initialized
2024/02/15 18:35:42 Sent {"src":"n0","dest":"c0","body":{"in_reply_to":1,"type":"init_ok"}}
2024/02/15 18:35:42 Received {c1 n0 {"type":"topology","topology":{"n0":[]},"msg_id":1}}
2024/02/15 18:35:42 Sent {"src":"n0","dest":"c1","body":{"in_reply_to":1,"type":"topology_ok"}}
2024/02/15 18:35:42 Received {c2 n0 {"type":"broadcast","message":0,"msg_id":1}}
2024/02/15 18:35:42 Sent {"src":"n0","dest":"c2","body":{"body":{"echo":"","message":0,"messages":null,"msg_id":0,"topology":null,"type":"broadcast_ok"},"dest":"","in_reply_to":1,"src":""}}
2024/02/15 18:35:42 Received {c3 n0 {"type":"broadcast","message":1,"msg_id":1}}
2024/02/15 18:35:42 Sent {"src":"n0","dest":"c3","body":{"body":{"echo":"","message":0,"messages":null,"msg_id":0,"topology":null,"type":"broadcast_ok"},"dest":"","in_reply_to":1,"src":""}}
2024/02/15 18:35:42 Received {c4 n0 {"type":"read","msg_id":1}}
2024/02/15 18:35:42 Sent {"src":"n0","dest":"c4","body":{"body":{"echo":"","message":0,"messages":[0,0],"msg_id":0,"topology":null,"type":"read_ok"},"dest":"","in_reply_to":1,"src":""}}
2024/02/15 18:35:42 Received {c5 n0 {"type":"read","msg_id":1}}
2024/02/15 18:35:42 Sent {"src":"n0","dest":"c5","body":{"body":{"echo":"","message":0,"messages":[0,0],"msg_id":0,"topology":null,"type":"read_ok"},"dest":"","in_reply_to":1,"src":""}}
2024/02/15 18:35:42 Received {c6 n0 {"type":"broadcast","message":2,"msg_id":1}}
2024/02/15 18:35:42 Sent {"src":"n0","dest":"c6","body":{"body":{"echo":"","message":0,"messages":null,"msg_id":0,"topology":null,"type":"broadcast_ok"},"dest":"","in_reply_to":1,"src":""}}
2024/02/15 18:35:42 Received {c7 n0 {"type":"read","msg_id":1}}
2024/02/15 18:35:42 Sent {"src":"n0","dest":"c7","body":{"body":{"echo":"","message":0,"messages":[0,0,0],"msg_id":0,"topology":null,"type":"read_ok"},"dest":"","in_reply_to":1,"src":""}}
2024/02/15 18:35:42 Received {c8 n0 {"type":"read","msg_id":1}}
2024/02/15 18:35:42 Sent {"src":"n0","dest":"c8","body":{"body":{"echo":"","message":0,"messages":[0,0,0],"msg_id":0,"topology":null,"type":"read_ok"},"dest":"","in_reply_to":1,"src":""}}
2024/02/15 18:35:42 Received {c9 n0 {"type":"broadcast","message":3,"msg_id":1}}
2024/02/15 18:35:42 Sent {"src":"n0","dest":"c9","body":{"body":{"echo":"","message":0,"messages":null,"msg_id":0,"topology":null,"type":"broadcast_ok"},"dest":"","in_reply_to":1,"src":""}}
2024/02/15 18:35:42 Received {c10 n0 {"type":"broadcast","message":4,"msg_id":1}}
2024/02/15 18:35:42 Sent {"src":"n0","dest":"c10","body":{"body":{"echo":"","message":0,"messages":null,"msg_id":0,"topology":null,"type":"broadcast_ok"},"dest":"","in_reply_to":1,"src":""}}
2024/02/15 18:35:43 Received {c11 n0 {"type":"broadcast","message":5,"msg_id":1}}
2024/02/15 18:35:43 Sent {"src":"n0","dest":"c11","body":{"body":{"echo":"","message":0,"messages":null,"msg_id":0,"topology":null,"type":"broadcast_ok"},"dest":"","in_reply_to":1,"src":""}}
2024/02/15 18:35:43 Received {c12 n0 {"type":"read","msg_id":1}}
2024/02/15 18:35:43 Sent {"src":"n0","dest":"c12","body":{"body":{"echo":"","message":0,"messages":[0,0,0,0,0,0],"msg_id":0,"topology":null,"type":"read_ok"},"dest":"","in_reply_to":1,"src":""}}
2024/02/15 18:35:43 Received {c13 n0 {"type":"read","msg_id":1}}
2024/02/15 18:35:43 Sent {"src":"n0","dest":"c13","body":{"body":{"echo":"","message":0,"messages":[0,0,0,0,0,0],"msg_id":0,"topology":null,"type":"read_ok"},"dest":"","in_reply_to":1,"src":""}}
2024/02/15 18:35:43 Received {c14 n0 {"type":"broadcast","message":6,"msg_id":1}}
2024/02/15 18:35:43 Sent {"src":"n0","dest":"c14","body":{"body":{"echo":"","message":0,"messages":null,"msg_id":0,"topology":null,"type":"broadcast_ok"},"dest":"","in_reply_to":1,"src":""}}
2024/02/15 18:35:43 Received {c15 n0 {"type":"broadcast","message":7,"msg_id":1}}
2024/02/15 18:35:43 Sent {"src":"n0","dest":"c15","body":{"body":{"echo":"","message":0,"messages":null,"msg_id":0,"topology":null,"type":"broadcast_ok"},"dest":"","in_reply_to":1,"src":""}}
2024/02/15 18:35:43 Received {c16 n0 {"type":"read","msg_id":1}}
2024/02/15 18:35:43 Sent {"src":"n0","dest":"c16","body":{"body":{"echo":"","message":0,"messages":[0,0,0,0,0,0,0,0],"msg_id":0,"topology":null,"type":"read_ok"},"dest":"","in_reply_to":1,"src":""}}
2024/02/15 18:35:44 Received {c17 n0 {"type":"read","msg_id":1}}
2024/02/15 18:35:44 Sent {"src":"n0","dest":"c17","body":{"body":{"echo":"","message":0,"messages":[0,0,0,0,0,0,0,0],"msg_id":0,"topology":null,"type":"read_ok"},"dest":"","in_reply_to":1,"src":""}}
2024/02/15 18:35:44 Received {c18 n0 {"type":"broadcast","message":8,"msg_id":1}}
2024/02/15 18:35:44 Sent {"src":"n0","dest":"c18","body":{"body":{"echo":"","message":0,"messages":null,"msg_id":0,"topology":null,"type":"broadcast_ok"},"dest":"","in_reply_to":1,"src":""}}
2024/02/15 18:35:44 Received {c19 n0 {"type":"broadcast","message":9,"msg_id":1}}
2024/02/15 18:35:44 Sent {"src":"n0","dest":"c19","body":{"body":{"echo":"","message":0,"messages":null,"msg_id":0,"topology":null,"type":"broadcast_ok"},"dest":"","in_reply_to":1,"src":""}}
2024/02/15 18:35:44 Received {c20 n0 {"type":"broadcast","message":10,"msg_id":1}}
2024/02/15 18:35:44 Sent {"src":"n0","dest":"c20","body":{"body":{"echo":"","message":0,"messages":null,"msg_id":0,"topology":null,"type":"broadcast_ok"},"dest":"","in_reply_to":1,"src":""}}
2024/02/15 18:35:44 Received {c21 n0 {"type":"read","msg_id":1}}
2024/02/15 18:35:44 Sent {"src":"n0","dest":"c21","body":{"body":{"echo":"","message":0,"messages":[0,0,0,0,0,0,0,0,0,0,0],"msg_id":0,"topology":null,"type":"read_ok"},"dest":"","in_reply_to":1,"src":""}}
2024/02/15 18:35:44 Received {c22 n0 {"type":"broadcast","message":11,"msg_id":1}}
2024/02/15 18:35:44 Sent {"src":"n0","dest":"c22","body":{"body":{"echo":"","message":0,"messages":null,"msg_id":0,"topology":null,"type":"broadcast_ok"},"dest":"","in_reply_to":1,"src":""}}
2024/02/15 18:35:44 Received {c23 n0 {"type":"broadcast","message":12,"msg_id":1}}
2024/02/15 18:35:44 Sent {"src":"n0","dest":"c23","body":{"body":{"echo":"","message":0,"messages":null,"msg_id":0,"topology":null,"type":"broadcast_ok"},"dest":"","in_reply_to":1,"src":""}}
2024/02/15 18:35:44 Received {c24 n0 {"type":"broadcast","message":13,"msg_id":1}}
2024/02/15 18:35:44 Sent {"src":"n0","dest":"c24","body":{"body":{"echo":"","message":0,"messages":null,"msg_id":0,"topology":null,"type":"broadcast_ok"},"dest":"","in_reply_to":1,"src":""}}
2024/02/15 18:35:44 Received {c25 n0 {"type":"read","msg_id":1}}
2024/02/15 18:35:44 Sent {"src":"n0","dest":"c25","body":{"body":{"echo":"","message":0,"messages":[0,0,0,0,0,0,0,0,0,0,0,0,0,0],"msg_id":0,"topology":null,"type":"read_ok"},"dest":"","in_reply_to":1,"src":""}}
2024/02/15 18:35:44 Received {c26 n0 {"type":"broadcast","message":14,"msg_id":1}}
2024/02/15 18:35:44 Sent {"src":"n0","dest":"c26","body":{"body":{"echo":"","message":0,"messages":null,"msg_id":0,"topology":null,"type":"broadcast_ok"},"dest":"","in_reply_to":1,"src":""}}
2024/02/15 18:35:45 Received {c27 n0 {"type":"broadcast","message":15,"msg_id":1}}
2024/02/15 18:35:45 Sent {"src":"n0","dest":"c27","body":{"body":{"echo":"","message":0,"messages":null,"msg_id":0,"topology":null,"type":"broadcast_ok"},"dest":"","in_reply_to":1,"src":""}}
2024/02/15 18:35:45 Received {c28 n0 {"type":"broadcast","message":16,"msg_id":1}}
2024/02/15 18:35:45 Sent {"src":"n0","dest":"c28","body":{"body":{"echo":"","message":0,"messages":null,"msg_id":0,"topology":null,"type":"broadcast_ok"},"dest":"","in_reply_to":1,"src":""}}
2024/02/15 18:35:45 Received {c29 n0 {"type":"read","msg_id":1}}
2024/02/15 18:35:45 Sent {"src":"n0","dest":"c29","body":{"body":{"echo":"","message":0,"messages":[0,0,0,0,0,0,0,0,0,0,0,0,0,0,0,0,0],"msg_id":0,"topology":null,"type":"read_ok"},"dest":"","in_reply_to":1,"src":""}}
2024/02/15 18:35:45 Received {c30 n0 {"type":"broadcast","message":17,"msg_id":1}}
2024/02/15 18:35:45 Sent {"src":"n0","dest":"c30","body":{"body":{"echo":"","message":0,"messages":null,"msg_id":0,"topology":null,"type":"broadcast_ok"},"dest":"","in_reply_to":1,"src":""}}
2024/02/15 18:35:45 Received {c31 n0 {"type":"read","msg_id":1}}
2024/02/15 18:35:45 Sent {"src":"n0","dest":"c31","body":{"body":{"echo":"","message":0,"messages":[0,0,0,0,0,0,0,0,0,0,0,0,0,0,0,0,0,0],"msg_id":0,"topology":null,"type":"read_ok"},"dest":"","in_reply_to":1,"src":""}}
2024/02/15 18:35:45 Received {c32 n0 {"type":"read","msg_id":1}}
2024/02/15 18:35:45 Sent {"src":"n0","dest":"c32","body":{"body":{"echo":"","message":0,"messages":[0,0,0,0,0,0,0,0,0,0,0,0,0,0,0,0,0,0],"msg_id":0,"topology":null,"type":"read_ok"},"dest":"","in_reply_to":1,"src":""}}
2024/02/15 18:35:45 Received {c33 n0 {"type":"broadcast","message":18,"msg_id":1}}
2024/02/15 18:35:45 Sent {"src":"n0","dest":"c33","body":{"body":{"echo":"","message":0,"messages":null,"msg_id":0,"topology":null,"type":"broadcast_ok"},"dest":"","in_reply_to":1,"src":""}}
2024/02/15 18:35:45 Received {c34 n0 {"type":"broadcast","message":19,"msg_id":1}}
2024/02/15 18:35:45 Sent {"src":"n0","dest":"c34","body":{"body":{"echo":"","message":0,"messages":null,"msg_id":0,"topology":null,"type":"broadcast_ok"},"dest":"","in_reply_to":1,"src":""}}
2024/02/15 18:35:45 Received {c35 n0 {"type":"broadcast","message":20,"msg_id":1}}
2024/02/15 18:35:45 Sent {"src":"n0","dest":"c35","body":{"body":{"echo":"","message":0,"messages":null,"msg_id":0,"topology":null,"type":"broadcast_ok"},"dest":"","in_reply_to":1,"src":""}}
2024/02/15 18:35:45 Received {c36 n0 {"type":"read","msg_id":1}}
2024/02/15 18:35:45 Sent {"src":"n0","dest":"c36","body":{"body":{"echo":"","message":0,"messages":[0,0,0,0,0,0,0,0,0,0,0,0,0,0,0,0,0,0,0,0,0],"msg_id":0,"topology":null,"type":"read_ok"},"dest":"","in_reply_to":1,"src":""}}
2024/02/15 18:35:45 Received {c37 n0 {"type":"broadcast","message":21,"msg_id":1}}
2024/02/15 18:35:45 Sent {"src":"n0","dest":"c37","body":{"body":{"echo":"","message":0,"messages":null,"msg_id":0,"topology":null,"type":"broadcast_ok"},"dest":"","in_reply_to":1,"src":""}}
2024/02/15 18:35:45 Received {c38 n0 {"type":"read","msg_id":1}}
2024/02/15 18:35:45 Sent {"src":"n0","dest":"c38","body":{"body":{"echo":"","message":0,"messages":[0,0,0,0,0,0,0,0,0,0,0,0,0,0,0,0,0,0,0,0,0,0],"msg_id":0,"topology":null,"type":"read_ok"},"dest":"","in_reply_to":1,"src":""}}
2024/02/15 18:35:45 Received {c39 n0 {"type":"broadcast","message":22,"msg_id":1}}
2024/02/15 18:35:45 Sent {"src":"n0","dest":"c39","body":{"body":{"echo":"","message":0,"messages":null,"msg_id":0,"topology":null,"type":"broadcast_ok"},"dest":"","in_reply_to":1,"src":""}}
2024/02/15 18:35:46 Received {c40 n0 {"type":"broadcast","message":23,"msg_id":1}}
2024/02/15 18:35:46 Sent {"src":"n0","dest":"c40","body":{"body":{"echo":"","message":0,"messages":null,"msg_id":0,"topology":null,"type":"broadcast_ok"},"dest":"","in_reply_to":1,"src":""}}
2024/02/15 18:35:46 Received {c41 n0 {"type":"read","msg_id":1}}
2024/02/15 18:35:46 Sent {"src":"n0","dest":"c41","body":{"body":{"echo":"","message":0,"messages":[0,0,0,0,0,0,0,0,0,0,0,0,0,0,0,0,0,0,0,0,0,0,0,0],"msg_id":0,"topology":null,"type":"read_ok"},"dest":"","in_reply_to":1,"src":""}}
2024/02/15 18:35:46 Received {c42 n0 {"type":"broadcast","message":24,"msg_id":1}}
2024/02/15 18:35:46 Sent {"src":"n0","dest":"c42","body":{"body":{"echo":"","message":0,"messages":null,"msg_id":0,"topology":null,"type":"broadcast_ok"},"dest":"","in_reply_to":1,"src":""}}
2024/02/15 18:35:46 Received {c43 n0 {"type":"broadcast","message":25,"msg_id":1}}
2024/02/15 18:35:46 Sent {"src":"n0","dest":"c43","body":{"body":{"echo":"","message":0,"messages":null,"msg_id":0,"topology":null,"type":"broadcast_ok"},"dest":"","in_reply_to":1,"src":""}}
2024/02/15 18:35:46 Received {c44 n0 {"type":"read","msg_id":1}}
2024/02/15 18:35:46 Sent {"src":"n0","dest":"c44","body":{"body":{"echo":"","message":0,"messages":[0,0,0,0,0,0,0,0,0,0,0,0,0,0,0,0,0,0,0,0,0,0,0,0,0,0],"msg_id":0,"topology":null,"type":"read_ok"},"dest":"","in_reply_to":1,"src":""}}
2024/02/15 18:35:46 Received {c45 n0 {"type":"broadcast","message":26,"msg_id":1}}
2024/02/15 18:35:46 Sent {"src":"n0","dest":"c45","body":{"body":{"echo":"","message":0,"messages":null,"msg_id":0,"topology":null,"type":"broadcast_ok"},"dest":"","in_reply_to":1,"src":""}}
2024/02/15 18:35:46 Received {c46 n0 {"type":"broadcast","message":27,"msg_id":1}}
2024/02/15 18:35:46 Sent {"src":"n0","dest":"c46","body":{"body":{"echo":"","message":0,"messages":null,"msg_id":0,"topology":null,"type":"broadcast_ok"},"dest":"","in_reply_to":1,"src":""}}
2024/02/15 18:35:46 Received {c47 n0 {"type":"broadcast","message":28,"msg_id":1}}
2024/02/15 18:35:46 Sent {"src":"n0","dest":"c47","body":{"body":{"echo":"","message":0,"messages":null,"msg_id":0,"topology":null,"type":"broadcast_ok"},"dest":"","in_reply_to":1,"src":""}}
2024/02/15 18:35:46 Received {c48 n0 {"type":"read","msg_id":1}}
2024/02/15 18:35:46 Sent {"src":"n0","dest":"c48","body":{"body":{"echo":"","message":0,"messages":[0,0,0,0,0,0,0,0,0,0,0,0,0,0,0,0,0,0,0,0,0,0,0,0,0,0,0,0,0],"msg_id":0,"topology":null,"type":"read_ok"},"dest":"","in_reply_to":1,"src":""}}
2024/02/15 18:35:47 Received {c49 n0 {"type":"read","msg_id":1}}
2024/02/15 18:35:47 Sent {"src":"n0","dest":"c49","body":{"body":{"echo":"","message":0,"messages":[0,0,0,0,0,0,0,0,0,0,0,0,0,0,0,0,0,0,0,0,0,0,0,0,0,0,0,0,0],"msg_id":0,"topology":null,"type":"read_ok"},"dest":"","in_reply_to":1,"src":""}}
2024/02/15 18:35:47 Received {c50 n0 {"type":"read","msg_id":1}}
2024/02/15 18:35:47 Sent {"src":"n0","dest":"c50","body":{"body":{"echo":"","message":0,"messages":[0,0,0,0,0,0,0,0,0,0,0,0,0,0,0,0,0,0,0,0,0,0,0,0,0,0,0,0,0],"msg_id":0,"topology":null,"type":"read_ok"},"dest":"","in_reply_to":1,"src":""}}
2024/02/15 18:35:47 Received {c51 n0 {"type":"broadcast","message":29,"msg_id":1}}
2024/02/15 18:35:47 Sent {"src":"n0","dest":"c51","body":{"body":{"echo":"","message":0,"messages":null,"msg_id":0,"topology":null,"type":"broadcast_ok"},"dest":"","in_reply_to":1,"src":""}}
2024/02/15 18:35:47 Received {c52 n0 {"type":"broadcast","message":30,"msg_id":1}}
2024/02/15 18:35:47 Sent {"src":"n0","dest":"c52","body":{"body":{"echo":"","message":0,"messages":null,"msg_id":0,"topology":null,"type":"broadcast_ok"},"dest":"","in_reply_to":1,"src":""}}
2024/02/15 18:35:47 Received {c53 n0 {"type":"read","msg_id":1}}
2024/02/15 18:35:47 Sent {"src":"n0","dest":"c53","body":{"body":{"echo":"","message":0,"messages":[0,0,0,0,0,0,0,0,0,0,0,0,0,0,0,0,0,0,0,0,0,0,0,0,0,0,0,0,0,0,0],"msg_id":0,"topology":null,"type":"read_ok"},"dest":"","in_reply_to":1,"src":""}}
2024/02/15 18:35:47 Received {c54 n0 {"type":"broadcast","message":31,"msg_id":1}}
2024/02/15 18:35:47 Sent {"src":"n0","dest":"c54","body":{"body":{"echo":"","message":0,"messages":null,"msg_id":0,"topology":null,"type":"broadcast_ok"},"dest":"","in_reply_to":1,"src":""}}
2024/02/15 18:35:47 Received {c55 n0 {"type":"read","msg_id":1}}
2024/02/15 18:35:47 Sent {"src":"n0","dest":"c55","body":{"body":{"echo":"","message":0,"messages":[0,0,0,0,0,0,0,0,0,0,0,0,0,0,0,0,0,0,0,0,0,0,0,0,0,0,0,0,0,0,0,0],"msg_id":0,"topology":null,"type":"read_ok"},"dest":"","in_reply_to":1,"src":""}}
2024/02/15 18:35:47 Received {c56 n0 {"type":"read","msg_id":1}}
2024/02/15 18:35:47 Sent {"src":"n0","dest":"c56","body":{"body":{"echo":"","message":0,"messages":[0,0,0,0,0,0,0,0,0,0,0,0,0,0,0,0,0,0,0,0,0,0,0,0,0,0,0,0,0,0,0,0],"msg_id":0,"topology":null,"type":"read_ok"},"dest":"","in_reply_to":1,"src":""}}
2024/02/15 18:35:47 Received {c57 n0 {"type":"broadcast","message":32,"msg_id":1}}
2024/02/15 18:35:47 Sent {"src":"n0","dest":"c57","body":{"body":{"echo":"","message":0,"messages":null,"msg_id":0,"topology":null,"type":"broadcast_ok"},"dest":"","in_reply_to":1,"src":""}}
2024/02/15 18:35:47 Received {c58 n0 {"type":"read","msg_id":1}}
2024/02/15 18:35:47 Sent {"src":"n0","dest":"c58","body":{"body":{"echo":"","message":0,"messages":[0,0,0,0,0,0,0,0,0,0,0,0,0,0,0,0,0,0,0,0,0,0,0,0,0,0,0,0,0,0,0,0,0],"msg_id":0,"topology":null,"type":"read_ok"},"dest":"","in_reply_to":1,"src":""}}
2024/02/15 18:35:48 Received {c59 n0 {"type":"read","msg_id":1}}
2024/02/15 18:35:48 Sent {"src":"n0","dest":"c59","body":{"body":{"echo":"","message":0,"messages":[0,0,0,0,0,0,0,0,0,0,0,0,0,0,0,0,0,0,0,0,0,0,0,0,0,0,0,0,0,0,0,0,0],"msg_id":0,"topology":null,"type":"read_ok"},"dest":"","in_reply_to":1,"src":""}}
2024/02/15 18:35:48 Received {c60 n0 {"type":"broadcast","message":33,"msg_id":1}}
2024/02/15 18:35:48 Sent {"src":"n0","dest":"c60","body":{"body":{"echo":"","message":0,"messages":null,"msg_id":0,"topology":null,"type":"broadcast_ok"},"dest":"","in_reply_to":1,"src":""}}
2024/02/15 18:35:48 Received {c61 n0 {"type":"read","msg_id":1}}
2024/02/15 18:35:48 Sent {"src":"n0","dest":"c61","body":{"body":{"echo":"","message":0,"messages":[0,0,0,0,0,0,0,0,0,0,0,0,0,0,0,0,0,0,0,0,0,0,0,0,0,0,0,0,0,0,0,0,0,0],"msg_id":0,"topology":null,"type":"read_ok"},"dest":"","in_reply_to":1,"src":""}}
2024/02/15 18:35:48 Received {c62 n0 {"type":"read","msg_id":1}}
2024/02/15 18:35:48 Sent {"src":"n0","dest":"c62","body":{"body":{"echo":"","message":0,"messages":[0,0,0,0,0,0,0,0,0,0,0,0,0,0,0,0,0,0,0,0,0,0,0,0,0,0,0,0,0,0,0,0,0,0],"msg_id":0,"topology":null,"type":"read_ok"},"dest":"","in_reply_to":1,"src":""}}
2024/02/15 18:35:48 Received {c63 n0 {"type":"broadcast","message":34,"msg_id":1}}
2024/02/15 18:35:48 Sent {"src":"n0","dest":"c63","body":{"body":{"echo":"","message":0,"messages":null,"msg_id":0,"topology":null,"type":"broadcast_ok"},"dest":"","in_reply_to":1,"src":""}}
2024/02/15 18:35:48 Received {c64 n0 {"type":"read","msg_id":1}}
2024/02/15 18:35:48 Sent {"src":"n0","dest":"c64","body":{"body":{"echo":"","message":0,"messages":[0,0,0,0,0,0,0,0,0,0,0,0,0,0,0,0,0,0,0,0,0,0,0,0,0,0,0,0,0,0,0,0,0,0,0],"msg_id":0,"topology":null,"type":"read_ok"},"dest":"","in_reply_to":1,"src":""}}
2024/02/15 18:35:48 Received {c65 n0 {"type":"read","msg_id":1}}
2024/02/15 18:35:48 Sent {"src":"n0","dest":"c65","body":{"body":{"echo":"","message":0,"messages":[0,0,0,0,0,0,0,0,0,0,0,0,0,0,0,0,0,0,0,0,0,0,0,0,0,0,0,0,0,0,0,0,0,0,0],"msg_id":0,"topology":null,"type":"read_ok"},"dest":"","in_reply_to":1,"src":""}}
2024/02/15 18:35:48 Received {c66 n0 {"type":"broadcast","message":35,"msg_id":1}}
2024/02/15 18:35:48 Sent {"src":"n0","dest":"c66","body":{"body":{"echo":"","message":0,"messages":null,"msg_id":0,"topology":null,"type":"broadcast_ok"},"dest":"","in_reply_to":1,"src":""}}
2024/02/15 18:35:48 Received {c67 n0 {"type":"read","msg_id":1}}
2024/02/15 18:35:48 Sent {"src":"n0","dest":"c67","body":{"body":{"echo":"","message":0,"messages":[0,0,0,0,0,0,0,0,0,0,0,0,0,0,0,0,0,0,0,0,0,0,0,0,0,0,0,0,0,0,0,0,0,0,0,0],"msg_id":0,"topology":null,"type":"read_ok"},"dest":"","in_reply_to":1,"src":""}}
2024/02/15 18:35:49 Received {c68 n0 {"type":"broadcast","message":36,"msg_id":1}}
2024/02/15 18:35:49 Sent {"src":"n0","dest":"c68","body":{"body":{"echo":"","message":0,"messages":null,"msg_id":0,"topology":null,"type":"broadcast_ok"},"dest":"","in_reply_to":1,"src":""}}
2024/02/15 18:35:49 Received {c69 n0 {"type":"broadcast","message":37,"msg_id":1}}
2024/02/15 18:35:49 Sent {"src":"n0","dest":"c69","body":{"body":{"echo":"","message":0,"messages":null,"msg_id":0,"topology":null,"type":"broadcast_ok"},"dest":"","in_reply_to":1,"src":""}}
2024/02/15 18:35:49 Received {c70 n0 {"type":"read","msg_id":1}}
2024/02/15 18:35:49 Sent {"src":"n0","dest":"c70","body":{"body":{"echo":"","message":0,"messages":[0,0,0,0,0,0,0,0,0,0,0,0,0,0,0,0,0,0,0,0,0,0,0,0,0,0,0,0,0,0,0,0,0,0,0,0,0,0],"msg_id":0,"topology":null,"type":"read_ok"},"dest":"","in_reply_to":1,"src":""}}
2024/02/15 18:35:49 Received {c71 n0 {"type":"broadcast","message":38,"msg_id":1}}
2024/02/15 18:35:49 Sent {"src":"n0","dest":"c71","body":{"body":{"echo":"","message":0,"messages":null,"msg_id":0,"topology":null,"type":"broadcast_ok"},"dest":"","in_reply_to":1,"src":""}}
2024/02/15 18:35:49 Received {c72 n0 {"type":"read","msg_id":1}}
2024/02/15 18:35:49 Sent {"src":"n0","dest":"c72","body":{"body":{"echo":"","message":0,"messages":[0,0,0,0,0,0,0,0,0,0,0,0,0,0,0,0,0,0,0,0,0,0,0,0,0,0,0,0,0,0,0,0,0,0,0,0,0,0,0],"msg_id":0,"topology":null,"type":"read_ok"},"dest":"","in_reply_to":1,"src":""}}
2024/02/15 18:35:49 Received {c73 n0 {"type":"broadcast","message":39,"msg_id":1}}
2024/02/15 18:35:49 Sent {"src":"n0","dest":"c73","body":{"body":{"echo":"","message":0,"messages":null,"msg_id":0,"topology":null,"type":"broadcast_ok"},"dest":"","in_reply_to":1,"src":""}}
2024/02/15 18:35:49 Received {c74 n0 {"type":"read","msg_id":1}}
2024/02/15 18:35:49 Sent {"src":"n0","dest":"c74","body":{"body":{"echo":"","message":0,"messages":[0,0,0,0,0,0,0,0,0,0,0,0,0,0,0,0,0,0,0,0,0,0,0,0,0,0,0,0,0,0,0,0,0,0,0,0,0,0,0,0],"msg_id":0,"topology":null,"type":"read_ok"},"dest":"","in_reply_to":1,"src":""}}
2024/02/15 18:35:49 Received {c75 n0 {"type":"read","msg_id":1}}
2024/02/15 18:35:49 Sent {"src":"n0","dest":"c75","body":{"body":{"echo":"","message":0,"messages":[0,0,0,0,0,0,0,0,0,0,0,0,0,0,0,0,0,0,0,0,0,0,0,0,0,0,0,0,0,0,0,0,0,0,0,0,0,0,0,0],"msg_id":0,"topology":null,"type":"read_ok"},"dest":"","in_reply_to":1,"src":""}}
2024/02/15 18:35:50 Received {c76 n0 {"type":"broadcast","message":40,"msg_id":1}}
2024/02/15 18:35:50 Sent {"src":"n0","dest":"c76","body":{"body":{"echo":"","message":0,"messages":null,"msg_id":0,"topology":null,"type":"broadcast_ok"},"dest":"","in_reply_to":1,"src":""}}
2024/02/15 18:35:50 Received {c77 n0 {"type":"read","msg_id":1}}
2024/02/15 18:35:50 Sent {"src":"n0","dest":"c77","body":{"body":{"echo":"","message":0,"messages":[0,0,0,0,0,0,0,0,0,0,0,0,0,0,0,0,0,0,0,0,0,0,0,0,0,0,0,0,0,0,0,0,0,0,0,0,0,0,0,0,0],"msg_id":0,"topology":null,"type":"read_ok"},"dest":"","in_reply_to":1,"src":""}}
2024/02/15 18:35:50 Received {c78 n0 {"type":"broadcast","message":41,"msg_id":1}}
2024/02/15 18:35:50 Sent {"src":"n0","dest":"c78","body":{"body":{"echo":"","message":0,"messages":null,"msg_id":0,"topology":null,"type":"broadcast_ok"},"dest":"","in_reply_to":1,"src":""}}
2024/02/15 18:35:50 Received {c79 n0 {"type":"read","msg_id":1}}
2024/02/15 18:35:50 Sent {"src":"n0","dest":"c79","body":{"body":{"echo":"","message":0,"messages":[0,0,0,0,0,0,0,0,0,0,0,0,0,0,0,0,0,0,0,0,0,0,0,0,0,0,0,0,0,0,0,0,0,0,0,0,0,0,0,0,0,0],"msg_id":0,"topology":null,"type":"read_ok"},"dest":"","in_reply_to":1,"src":""}}
2024/02/15 18:35:50 Received {c80 n0 {"type":"read","msg_id":1}}
2024/02/15 18:35:50 Sent {"src":"n0","dest":"c80","body":{"body":{"echo":"","message":0,"messages":[0,0,0,0,0,0,0,0,0,0,0,0,0,0,0,0,0,0,0,0,0,0,0,0,0,0,0,0,0,0,0,0,0,0,0,0,0,0,0,0,0,0],"msg_id":0,"topology":null,"type":"read_ok"},"dest":"","in_reply_to":1,"src":""}}
2024/02/15 18:35:50 Received {c81 n0 {"type":"broadcast","message":42,"msg_id":1}}
2024/02/15 18:35:50 Sent {"src":"n0","dest":"c81","body":{"body":{"echo":"","message":0,"messages":null,"msg_id":0,"topology":null,"type":"broadcast_ok"},"dest":"","in_reply_to":1,"src":""}}
2024/02/15 18:35:50 Received {c82 n0 {"type":"broadcast","message":43,"msg_id":1}}
2024/02/15 18:35:50 Sent {"src":"n0","dest":"c82","body":{"body":{"echo":"","message":0,"messages":null,"msg_id":0,"topology":null,"type":"broadcast_ok"},"dest":"","in_reply_to":1,"src":""}}
2024/02/15 18:35:50 Received {c83 n0 {"type":"read","msg_id":1}}
2024/02/15 18:35:50 Sent {"src":"n0","dest":"c83","body":{"body":{"echo":"","message":0,"messages":[0,0,0,0,0,0,0,0,0,0,0,0,0,0,0,0,0,0,0,0,0,0,0,0,0,0,0,0,0,0,0,0,0,0,0,0,0,0,0,0,0,0,0,0],"msg_id":0,"topology":null,"type":"read_ok"},"dest":"","in_reply_to":1,"src":""}}
2024/02/15 18:35:51 Received {c84 n0 {"type":"broadcast","message":44,"msg_id":1}}
2024/02/15 18:35:51 Sent {"src":"n0","dest":"c84","body":{"body":{"echo":"","message":0,"messages":null,"msg_id":0,"topology":null,"type":"broadcast_ok"},"dest":"","in_reply_to":1,"src":""}}
2024/02/15 18:35:51 Received {c85 n0 {"type":"broadcast","message":45,"msg_id":1}}
2024/02/15 18:35:51 Sent {"src":"n0","dest":"c85","body":{"body":{"echo":"","message":0,"messages":null,"msg_id":0,"topology":null,"type":"broadcast_ok"},"dest":"","in_reply_to":1,"src":""}}
2024/02/15 18:35:51 Received {c86 n0 {"type":"read","msg_id":1}}
2024/02/15 18:35:51 Sent {"src":"n0","dest":"c86","body":{"body":{"echo":"","message":0,"messages":[0,0,0,0,0,0,0,0,0,0,0,0,0,0,0,0,0,0,0,0,0,0,0,0,0,0,0,0,0,0,0,0,0,0,0,0,0,0,0,0,0,0,0,0,0,0],"msg_id":0,"topology":null,"type":"read_ok"},"dest":"","in_reply_to":1,"src":""}}
2024/02/15 18:35:51 Received {c87 n0 {"type":"read","msg_id":1}}
2024/02/15 18:35:51 Sent {"src":"n0","dest":"c87","body":{"body":{"echo":"","message":0,"messages":[0,0,0,0,0,0,0,0,0,0,0,0,0,0,0,0,0,0,0,0,0,0,0,0,0,0,0,0,0,0,0,0,0,0,0,0,0,0,0,0,0,0,0,0,0,0],"msg_id":0,"topology":null,"type":"read_ok"},"dest":"","in_reply_to":1,"src":""}}
