2024/02/15 19:03:20 Received {c0 n3 {"type":"init","node_id":"n3","node_ids":["n0","n1","n2","n3","n4"],"msg_id":1}}
2024/02/15 19:03:20 Node n3 initialized
2024/02/15 19:03:20 Sent {"src":"n3","dest":"c0","body":{"in_reply_to":1,"type":"init_ok"}}
2024/02/15 19:03:20 Received {c8 n3 {"type":"topology","topology":{"n0":["n3","n1"],"n1":["n4","n2","n0"],"n2":["n1"],"n3":["n0","n4"],"n4":["n1","n3"]},"msg_id":1}}
2024/02/15 19:03:20 Sent {"src":"n3","dest":"c8","body":{"in_reply_to":1,"type":"topology_ok"}}
2024/02/15 19:03:20 Received {n2 n3 {"type":"broadcast","message":0}}
2024/02/15 19:03:20 Received {n0 n3 {"type":"broadcast","message":0}}
2024/02/15 19:03:20 Sent {"src":"n3","dest":"n0","body":{"type":"broadcast","message":0}}
2024/02/15 19:03:20 Sent {"src":"n3","dest":"n1","body":{"type":"broadcast","message":0}}
2024/02/15 19:03:20 Sent {"src":"n3","dest":"n2","body":{"type":"broadcast","message":0}}
2024/02/15 19:03:20 Sent {"src":"n3","dest":"n4","body":{"type":"broadcast","message":0}}
2024/02/15 19:03:20 Sent {"src":"n3","dest":"n2","body":{"in_reply_to":0,"type":"broadcast_ok"}}
2024/02/15 19:03:20 Sent {"src":"n3","dest":"n0","body":{"type":"broadcast","message":0}}
2024/02/15 19:03:20 Sent {"src":"n3","dest":"n1","body":{"type":"broadcast","message":0}}
2024/02/15 19:03:20 Sent {"src":"n3","dest":"n2","body":{"type":"broadcast","message":0}}
2024/02/15 19:03:20 Sent {"src":"n3","dest":"n4","body":{"type":"broadcast","message":0}}
2024/02/15 19:03:20 Sent {"src":"n3","dest":"n0","body":{"in_reply_to":0,"type":"broadcast_ok"}}
2024/02/15 19:03:20 Received {n1 n3 {"type":"broadcast","message":0}}
2024/02/15 19:03:20 Sent {"src":"n3","dest":"n0","body":{"type":"broadcast","message":0}}
2024/02/15 19:03:20 Sent {"src":"n3","dest":"n1","body":{"type":"broadcast","message":0}}
2024/02/15 19:03:20 Sent {"src":"n3","dest":"n2","body":{"type":"broadcast","message":0}}
2024/02/15 19:03:20 Sent {"src":"n3","dest":"n4","body":{"type":"broadcast","message":0}}
2024/02/15 19:03:20 Sent {"src":"n3","dest":"n1","body":{"in_reply_to":0,"type":"broadcast_ok"}}
2024/02/15 19:03:20 Received {n1 n3 {"type":"broadcast","message":0}}
2024/02/15 19:03:20 Received {n4 n3 {"type":"broadcast","message":0}}
2024/02/15 19:03:20 Received {n4 n3 {"type":"broadcast","message":0}}
2024/02/15 19:03:20 Sent {"src":"n3","dest":"n0","body":{"type":"broadcast","message":0}}
2024/02/15 19:03:20 Sent {"src":"n3","dest":"n1","body":{"type":"broadcast","message":0}}
2024/02/15 19:03:20 Sent {"src":"n3","dest":"n2","body":{"type":"broadcast","message":0}}
2024/02/15 19:03:20 Sent {"src":"n3","dest":"n4","body":{"type":"broadcast","message":0}}
2024/02/15 19:03:20 Sent {"src":"n3","dest":"n1","body":{"in_reply_to":0,"type":"broadcast_ok"}}
2024/02/15 19:03:20 Sent {"src":"n3","dest":"n0","body":{"type":"broadcast","message":0}}
2024/02/15 19:03:20 Sent {"src":"n3","dest":"n1","body":{"type":"broadcast","message":0}}
2024/02/15 19:03:20 Sent {"src":"n3","dest":"n2","body":{"type":"broadcast","message":0}}
2024/02/15 19:03:20 Sent {"src":"n3","dest":"n4","body":{"type":"broadcast","message":0}}
2024/02/15 19:03:20 Sent {"src":"n3","dest":"n4","body":{"in_reply_to":0,"type":"broadcast_ok"}}
2024/02/15 19:03:20 Sent {"src":"n3","dest":"n0","body":{"type":"broadcast","message":0}}
2024/02/15 19:03:20 Sent {"src":"n3","dest":"n1","body":{"type":"broadcast","message":0}}
2024/02/15 19:03:20 Sent {"src":"n3","dest":"n2","body":{"type":"broadcast","message":0}}
2024/02/15 19:03:20 Sent {"src":"n3","dest":"n4","body":{"type":"broadcast","message":0}}
2024/02/15 19:03:20 Sent {"src":"n3","dest":"n4","body":{"in_reply_to":0,"type":"broadcast_ok"}}
2024/02/15 19:03:20 Received {n2 n3 {"type":"broadcast","message":0}}
2024/02/15 19:03:20 Received {n0 n3 {"type":"broadcast","message":0}}
2024/02/15 19:03:20 Sent {"src":"n3","dest":"n0","body":{"type":"broadcast","message":0}}
2024/02/15 19:03:20 Sent {"src":"n3","dest":"n1","body":{"type":"broadcast","message":0}}
2024/02/15 19:03:20 Sent {"src":"n3","dest":"n2","body":{"type":"broadcast","message":0}}
2024/02/15 19:03:20 Sent {"src":"n3","dest":"n4","body":{"type":"broadcast","message":0}}
2024/02/15 19:03:20 Sent {"src":"n3","dest":"n2","body":{"in_reply_to":0,"type":"broadcast_ok"}}
2024/02/15 19:03:20 Sent {"src":"n3","dest":"n0","body":{"type":"broadcast","message":0}}
2024/02/15 19:03:20 Sent {"src":"n3","dest":"n1","body":{"type":"broadcast","message":0}}
2024/02/15 19:03:20 Sent {"src":"n3","dest":"n2","body":{"type":"broadcast","message":0}}
2024/02/15 19:03:20 Sent {"src":"n3","dest":"n4","body":{"type":"broadcast","message":0}}
2024/02/15 19:03:20 Sent {"src":"n3","dest":"n0","body":{"in_reply_to":0,"type":"broadcast_ok"}}
2024/02/15 19:03:20 Received {n0 n3 {"type":"broadcast","message":0}}
2024/02/15 19:03:20 Received {n4 n3 {"type":"broadcast","message":0}}
2024/02/15 19:03:20 Received {n4 n3 {"type":"broadcast","message":0}}
2024/02/15 19:03:20 Received {n4 n3 {"type":"broadcast","message":0}}
2024/02/15 19:03:20 Received {n4 n3 {"in_reply_to":0,"type":"broadcast_ok"}}
2024/02/15 19:03:20 No handler for {"id":99,"src":"n4","dest":"n3","body":{"in_reply_to":0,"type":"broadcast_ok"}}
