2024-02-15 18:38:17,013{GMT}	INFO	[jepsen test runner] jepsen.core: Command line:
lein run test -w broadcast --bin /Users/manthangupta/go/bin/broadcast --node-count 1 --time-limit 20 --rate 10
2024-02-15 18:38:17,072{GMT}	INFO	[jepsen test runner] jepsen.core: Running test:
{:args []
 :remote
 #jepsen.control.retry.Remote{:remote #jepsen.control.scp.Remote{:cmd-remote #jepsen.control.sshj.SSHJRemote{:concurrency-limit 6,
                                                                                                             :conn-spec nil,
                                                                                                             :client nil,
                                                                                                             :semaphore nil},
                                                                 :conn-spec nil},
                              :conn nil}
 :log-net-send false
 :node-count 1
 :availability nil
 :max-txn-length 4
 :concurrency 1
 :db
 #object[maelstrom.db$db$reify__16142
         "0x4b48be5c"
         "maelstrom.db$db$reify__16142@4b48be5c"]
 :max-writes-per-key 16
 :leave-db-running? false
 :name "broadcast"
 :logging-json? false
 :start-time
 #object[org.joda.time.DateTime "0x1ef6977b" "2024-02-15T18:38:16.983+05:30"]
 :nemesis-interval 10
 :net
 #object[maelstrom.net$jepsen_net$reify__15251
         "0x674cd2da"
         "maelstrom.net$jepsen_net$reify__15251@674cd2da"]
 :client
 #object[maelstrom.workload.broadcast$client$reify__16644
         "0x686279e0"
         "maelstrom.workload.broadcast$client$reify__16644@686279e0"]
 :barrier
 #object[java.util.concurrent.CyclicBarrier
         "0x6b28d4e4"
         "java.util.concurrent.CyclicBarrier@6b28d4e4"]
 :log-stderr false
 :pure-generators true
 :ssh {:dummy? true}
 :rate 10.0
 :checker
 #object[jepsen.checker$compose$reify__11881
         "0x41cfcbb5"
         "jepsen.checker$compose$reify__11881@41cfcbb5"]
 :argv
 ("test"
  "-w"
  "broadcast"
  "--bin"
  "/Users/manthangupta/go/bin/broadcast"
  "--node-count"
  "1"
  "--time-limit"
  "20"
  "--rate"
  "10")
 :nemesis
 (jepsen.nemesis.ReflCompose
  {:fm {:start-partition 0,
        :stop-partition 0,
        :kill 1,
        :start 1,
        :pause 1,
        :resume 1},
   :nemeses [#unprintable "jepsen.nemesis.combined$partition_nemesis$reify__16416@40941b54"
             #unprintable "jepsen.nemesis.combined$db_nemesis$reify__16397@3b42d7df"]})
 :nodes ["n0"]
 :test-count 1
 :latency {:mean 0, :dist :constant}
 :bin "/Users/manthangupta/go/bin/broadcast"
 :generator
 ((jepsen.generator.Synchronize
   {:gen (jepsen.generator.TimeLimit
          {:limit 20000000000,
           :cutoff nil,
           :gen (jepsen.generator.Any
                 {:gens [(jepsen.generator.OnThreads
                          {:f #{:nemesis},
                           :context-filter #object[jepsen.generator.context$make_thread_filter$lazy_filter__9167
                                                   "0x704c3ca2"
                                                   "jepsen.generator.context$make_thread_filter$lazy_filter__9167@704c3ca2"],
                           :gen nil})
                         (jepsen.generator.OnThreads
                          {:f #jepsen.generator.context.AllBut{:element :nemesis},
                           :context-filter #object[jepsen.generator.context$make_thread_filter$lazy_filter__9167
                                                   "0x7d3a9061"
                                                   "jepsen.generator.context$make_thread_filter$lazy_filter__9167@7d3a9061"],
                           :gen (jepsen.generator.Stagger
                                 {:dt 200000000,
                                  :next-time nil,
                                  :gen (jepsen.generator.Mix
                                        {:i 1,
                                         :gens [({:f :broadcast, :value 0}
                                                 {:f :broadcast, :value 1}
                                                 {:f :broadcast, :value 2}
                                                 {:f :broadcast, :value 3}
                                                 {:f :broadcast, :value 4}
                                                 {:f :broadcast, :value 5}
                                                 {:f :broadcast, :value 6}
                                                 {:f :broadcast, :value 7}
                                                 ...)
                                                ({:f :read}
                                                 {:f :read}
                                                 {:f :read}
                                                 {:f :read}
                                                 {:f :read}
                                                 {:f :read}
                                                 {:f :read}
                                                 {:f :read}
                                                 ...)]})})})]})})})
  (jepsen.generator.Synchronize
   {:gen (jepsen.generator.OnThreads
          {:f #{:nemesis},
           :context-filter #object[jepsen.generator.context$make_thread_filter$lazy_filter__9167
                                   "0x8d40f07"
                                   "jepsen.generator.context$make_thread_filter$lazy_filter__9167@8d40f07"],
           :gen ()})})
  (jepsen.generator.Synchronize
   {:gen {:type :log, :value "Waiting for recovery..."}})
  (jepsen.generator.Synchronize {:gen {:type :sleep, :value 10}})
  (jepsen.generator.Synchronize
   {:gen (jepsen.generator.OnThreads
          {:f #jepsen.generator.context.AllBut{:element :nemesis},
           :context-filter #object[jepsen.generator.context$make_thread_filter$lazy_filter__9167
                                   "0x196c8b93"
                                   "jepsen.generator.context$make_thread_filter$lazy_filter__9167@196c8b93"],
           :gen (jepsen.generator.EachThread
                 {:fresh-gen {:f :read, :final? true},
                  :context-filters #object[clojure.core$promise$reify__8591
                                           "0x307ca947"
                                           {:status :pending, :val nil}],
                  :gens {}})})}))
 :log-net-recv false
 :os
 #object[maelstrom.net$jepsen_os$reify__15254
         "0x61d1315b"
         "maelstrom.net$jepsen_os$reify__15254@61d1315b"]
 :time-limit 20
 :workload :broadcast
 :consistency-models [:strict-serializable]
 :topology :grid}

2024-02-15 18:38:17,987{GMT}	INFO	[jepsen node n0] maelstrom.net: Starting Maelstrom network
2024-02-15 18:38:17,988{GMT}	INFO	[jepsen test runner] jepsen.db: Tearing down DB
2024-02-15 18:38:17,989{GMT}	INFO	[jepsen test runner] jepsen.db: Setting up DB
2024-02-15 18:38:17,990{GMT}	INFO	[jepsen node n0] maelstrom.service: Starting services: (lin-kv lin-tso lww-kv seq-kv)
2024-02-15 18:38:17,991{GMT}	INFO	[jepsen node n0] maelstrom.db: Setting up n0
2024-02-15 18:38:17,991{GMT}	INFO	[jepsen node n0] maelstrom.process: launching /Users/manthangupta/go/bin/broadcast []
2024-02-15 18:38:18,385{GMT}	INFO	[jepsen test runner] jepsen.core: Relative time begins now
2024-02-15 18:38:18,408{GMT}	INFO	[jepsen worker 0] jepsen.util: 0	:invoke	:read	nil
2024-02-15 18:38:18,415{GMT}	INFO	[jepsen worker 0] jepsen.util: 0	:ok	:read	[]
2024-02-15 18:38:18,571{GMT}	INFO	[jepsen worker 0] jepsen.util: 0	:invoke	:broadcast	0
2024-02-15 18:38:18,590{GMT}	WARN	[jepsen worker 0] jepsen.generator.interpreter: Process 0 crashed
clojure.lang.ExceptionInfo: Malformed RPC response. Maelstrom sent node n0 the following request:

{:type "broadcast", :message 0, :msg_id 2}

And expected a response of the form:

{:type (eq "broadcast_ok"), {:k :msg_id} Int, :in_reply_to Int}

... but instead received

{:body
 {"echo" "",
  "message" 0,
  "messages" nil,
  "msg_id" 0,
  "topology" nil,
  "type" "broadcast_ok"},
 :dest "",
 :in_reply_to 2,
 :src ""}

This is malformed because:

{:type missing-required-key,
 :body disallowed-key,
 :dest disallowed-key,
 :src disallowed-key}

See doc/protocol.md for more guidance.
	at slingshot.support$stack_trace.invoke(support.clj:201)
	at maelstrom.client$check_body.invokeStatic(client.clj:188)
	at maelstrom.client$check_body.invoke(client.clj:181)
	at maelstrom.workload.broadcast$fn__16565$broadcast_BANG___16566.invoke(broadcast.clj:27)
	at maelstrom.workload.broadcast$fn__16565$broadcast_BANG___16566.invoke(broadcast.clj:27)
	at maelstrom.workload.broadcast$client$reify__16644.invoke_BANG_(broadcast.clj:203)
	at jepsen.client.Validate.invoke_BANG_(client.clj:83)
	at jepsen.generator.interpreter.ClientWorker.invoke_BANG_(interpreter.clj:65)
	at jepsen.generator.interpreter$spawn_worker$fn__12908$fn__12909.invoke(interpreter.clj:140)
	at jepsen.generator.interpreter$spawn_worker$fn__12908.invoke(interpreter.clj:123)
	at clojure.core$binding_conveyor_fn$fn__5823.invoke(core.clj:2047)
	at clojure.lang.AFn.call(AFn.java:18)
	at java.base/java.util.concurrent.FutureTask.run(FutureTask.java:317)
	at java.base/java.util.concurrent.ThreadPoolExecutor.runWorker(ThreadPoolExecutor.java:1144)
	at java.base/java.util.concurrent.ThreadPoolExecutor$Worker.run(ThreadPoolExecutor.java:642)
	at java.base/java.lang.Thread.run(Thread.java:1583)
2024-02-15 18:38:18,616{GMT}	INFO	[jepsen worker 0] jepsen.util: 1	:invoke	:read	nil
2024-02-15 18:38:18,617{GMT}	INFO	[jepsen worker 0] jepsen.util: 1	:ok	:read	[0]
2024-02-15 18:38:18,744{GMT}	INFO	[jepsen worker 0] jepsen.util: 1	:invoke	:read	nil
2024-02-15 18:38:18,746{GMT}	INFO	[jepsen worker 0] jepsen.util: 1	:ok	:read	[0]
2024-02-15 18:38:18,905{GMT}	INFO	[jepsen worker 0] jepsen.util: 1	:invoke	:read	nil
2024-02-15 18:38:18,908{GMT}	INFO	[jepsen worker 0] jepsen.util: 1	:ok	:read	[0]
2024-02-15 18:38:19,034{GMT}	INFO	[jepsen worker 0] jepsen.util: 1	:invoke	:read	nil
2024-02-15 18:38:19,036{GMT}	INFO	[jepsen worker 0] jepsen.util: 1	:ok	:read	[0]
2024-02-15 18:38:19,207{GMT}	INFO	[jepsen worker 0] jepsen.util: 1	:invoke	:read	nil
2024-02-15 18:38:19,211{GMT}	INFO	[jepsen worker 0] jepsen.util: 1	:ok	:read	[0]
2024-02-15 18:38:19,329{GMT}	INFO	[jepsen worker 0] jepsen.util: 1	:invoke	:read	nil
2024-02-15 18:38:19,332{GMT}	INFO	[jepsen worker 0] jepsen.util: 1	:ok	:read	[0]
2024-02-15 18:38:19,430{GMT}	INFO	[jepsen worker 0] jepsen.util: 1	:invoke	:broadcast	1
2024-02-15 18:38:19,446{GMT}	WARN	[jepsen worker 0] jepsen.generator.interpreter: Process 1 crashed
clojure.lang.ExceptionInfo: Malformed RPC response. Maelstrom sent node n0 the following request:

{:type "broadcast", :message 1, :msg_id 7}

And expected a response of the form:

{:type (eq "broadcast_ok"), {:k :msg_id} Int, :in_reply_to Int}

... but instead received

{:body
 {"echo" "",
  "message" 0,
  "messages" nil,
  "msg_id" 0,
  "topology" nil,
  "type" "broadcast_ok"},
 :dest "",
 :in_reply_to 7,
 :src ""}

This is malformed because:

{:type missing-required-key,
 :body disallowed-key,
 :dest disallowed-key,
 :src disallowed-key}

See doc/protocol.md for more guidance.
	at slingshot.support$stack_trace.invoke(support.clj:201)
	at maelstrom.client$check_body.invokeStatic(client.clj:188)
	at maelstrom.client$check_body.invoke(client.clj:181)
	at maelstrom.workload.broadcast$fn__16565$broadcast_BANG___16566.invoke(broadcast.clj:27)
	at maelstrom.workload.broadcast$fn__16565$broadcast_BANG___16566.invoke(broadcast.clj:27)
	at maelstrom.workload.broadcast$client$reify__16644.invoke_BANG_(broadcast.clj:203)
	at jepsen.client.Validate.invoke_BANG_(client.clj:83)
	at jepsen.generator.interpreter.ClientWorker.invoke_BANG_(interpreter.clj:65)
	at jepsen.generator.interpreter$spawn_worker$fn__12908$fn__12909.invoke(interpreter.clj:140)
	at jepsen.generator.interpreter$spawn_worker$fn__12908.invoke(interpreter.clj:123)
	at clojure.core$binding_conveyor_fn$fn__5823.invoke(core.clj:2047)
	at clojure.lang.AFn.call(AFn.java:18)
	at java.base/java.util.concurrent.FutureTask.run(FutureTask.java:317)
	at java.base/java.util.concurrent.ThreadPoolExecutor.runWorker(ThreadPoolExecutor.java:1144)
	at java.base/java.util.concurrent.ThreadPoolExecutor$Worker.run(ThreadPoolExecutor.java:642)
	at java.base/java.lang.Thread.run(Thread.java:1583)
2024-02-15 18:38:19,612{GMT}	INFO	[jepsen worker 0] jepsen.util: 2	:invoke	:broadcast	2
2024-02-15 18:38:19,633{GMT}	WARN	[jepsen worker 0] jepsen.generator.interpreter: Process 2 crashed
clojure.lang.ExceptionInfo: Malformed RPC response. Maelstrom sent node n0 the following request:

{:type "broadcast", :message 2, :msg_id 1}

And expected a response of the form:

{:type (eq "broadcast_ok"), {:k :msg_id} Int, :in_reply_to Int}

... but instead received

{:body
 {"echo" "",
  "message" 0,
  "messages" nil,
  "msg_id" 0,
  "topology" nil,
  "type" "broadcast_ok"},
 :dest "",
 :in_reply_to 1,
 :src ""}

This is malformed because:

{:type missing-required-key,
 :body disallowed-key,
 :dest disallowed-key,
 :src disallowed-key}

See doc/protocol.md for more guidance.
	at slingshot.support$stack_trace.invoke(support.clj:201)
	at maelstrom.client$check_body.invokeStatic(client.clj:188)
	at maelstrom.client$check_body.invoke(client.clj:181)
	at maelstrom.workload.broadcast$fn__16565$broadcast_BANG___16566.invoke(broadcast.clj:27)
	at maelstrom.workload.broadcast$fn__16565$broadcast_BANG___16566.invoke(broadcast.clj:27)
	at maelstrom.workload.broadcast$client$reify__16644.invoke_BANG_(broadcast.clj:203)
	at jepsen.client.Validate.invoke_BANG_(client.clj:83)
	at jepsen.generator.interpreter.ClientWorker.invoke_BANG_(interpreter.clj:65)
	at jepsen.generator.interpreter$spawn_worker$fn__12908$fn__12909.invoke(interpreter.clj:140)
	at jepsen.generator.interpreter$spawn_worker$fn__12908.invoke(interpreter.clj:123)
	at clojure.core$binding_conveyor_fn$fn__5823.invoke(core.clj:2047)
	at clojure.lang.AFn.call(AFn.java:18)
	at java.base/java.util.concurrent.FutureTask.run(FutureTask.java:317)
	at java.base/java.util.concurrent.ThreadPoolExecutor.runWorker(ThreadPoolExecutor.java:1144)
	at java.base/java.util.concurrent.ThreadPoolExecutor$Worker.run(ThreadPoolExecutor.java:642)
	at java.base/java.lang.Thread.run(Thread.java:1583)
2024-02-15 18:38:19,789{GMT}	INFO	[jepsen worker 0] jepsen.util: 3	:invoke	:broadcast	3
2024-02-15 18:38:19,798{GMT}	WARN	[jepsen worker 0] jepsen.generator.interpreter: Process 3 crashed
clojure.lang.ExceptionInfo: Malformed RPC response. Maelstrom sent node n0 the following request:

{:type "broadcast", :message 3, :msg_id 1}

And expected a response of the form:

{:type (eq "broadcast_ok"), {:k :msg_id} Int, :in_reply_to Int}

... but instead received

{:body
 {"echo" "",
  "message" 0,
  "messages" nil,
  "msg_id" 0,
  "topology" nil,
  "type" "broadcast_ok"},
 :dest "",
 :in_reply_to 1,
 :src ""}

This is malformed because:

{:type missing-required-key,
 :body disallowed-key,
 :dest disallowed-key,
 :src disallowed-key}

See doc/protocol.md for more guidance.
	at slingshot.support$stack_trace.invoke(support.clj:201)
	at maelstrom.client$check_body.invokeStatic(client.clj:188)
	at maelstrom.client$check_body.invoke(client.clj:181)
	at maelstrom.workload.broadcast$fn__16565$broadcast_BANG___16566.invoke(broadcast.clj:27)
	at maelstrom.workload.broadcast$fn__16565$broadcast_BANG___16566.invoke(broadcast.clj:27)
	at maelstrom.workload.broadcast$client$reify__16644.invoke_BANG_(broadcast.clj:203)
	at jepsen.client.Validate.invoke_BANG_(client.clj:83)
	at jepsen.generator.interpreter.ClientWorker.invoke_BANG_(interpreter.clj:65)
	at jepsen.generator.interpreter$spawn_worker$fn__12908$fn__12909.invoke(interpreter.clj:140)
	at jepsen.generator.interpreter$spawn_worker$fn__12908.invoke(interpreter.clj:123)
	at clojure.core$binding_conveyor_fn$fn__5823.invoke(core.clj:2047)
	at clojure.lang.AFn.call(AFn.java:18)
	at java.base/java.util.concurrent.FutureTask.run(FutureTask.java:317)
	at java.base/java.util.concurrent.ThreadPoolExecutor.runWorker(ThreadPoolExecutor.java:1144)
	at java.base/java.util.concurrent.ThreadPoolExecutor$Worker.run(ThreadPoolExecutor.java:642)
	at java.base/java.lang.Thread.run(Thread.java:1583)
2024-02-15 18:38:19,838{GMT}	INFO	[jepsen worker 0] jepsen.util: 4	:invoke	:read	nil
2024-02-15 18:38:19,839{GMT}	INFO	[jepsen worker 0] jepsen.util: 4	:ok	:read	[0 0 0 0]
2024-02-15 18:38:19,850{GMT}	INFO	[jepsen worker 0] jepsen.util: 4	:invoke	:read	nil
2024-02-15 18:38:19,851{GMT}	INFO	[jepsen worker 0] jepsen.util: 4	:ok	:read	[0 0 0 0]
2024-02-15 18:38:20,013{GMT}	INFO	[jepsen worker 0] jepsen.util: 4	:invoke	:broadcast	4
2024-02-15 18:38:20,022{GMT}	WARN	[jepsen worker 0] jepsen.generator.interpreter: Process 4 crashed
clojure.lang.ExceptionInfo: Malformed RPC response. Maelstrom sent node n0 the following request:

{:type "broadcast", :message 4, :msg_id 3}

And expected a response of the form:

{:type (eq "broadcast_ok"), {:k :msg_id} Int, :in_reply_to Int}

... but instead received

{:body
 {"echo" "",
  "message" 0,
  "messages" nil,
  "msg_id" 0,
  "topology" nil,
  "type" "broadcast_ok"},
 :dest "",
 :in_reply_to 3,
 :src ""}

This is malformed because:

{:type missing-required-key,
 :body disallowed-key,
 :dest disallowed-key,
 :src disallowed-key}

See doc/protocol.md for more guidance.
	at slingshot.support$stack_trace.invoke(support.clj:201)
	at maelstrom.client$check_body.invokeStatic(client.clj:188)
	at maelstrom.client$check_body.invoke(client.clj:181)
	at maelstrom.workload.broadcast$fn__16565$broadcast_BANG___16566.invoke(broadcast.clj:27)
	at maelstrom.workload.broadcast$fn__16565$broadcast_BANG___16566.invoke(broadcast.clj:27)
	at maelstrom.workload.broadcast$client$reify__16644.invoke_BANG_(broadcast.clj:203)
	at jepsen.client.Validate.invoke_BANG_(client.clj:83)
	at jepsen.generator.interpreter.ClientWorker.invoke_BANG_(interpreter.clj:65)
	at jepsen.generator.interpreter$spawn_worker$fn__12908$fn__12909.invoke(interpreter.clj:140)
	at jepsen.generator.interpreter$spawn_worker$fn__12908.invoke(interpreter.clj:123)
	at clojure.core$binding_conveyor_fn$fn__5823.invoke(core.clj:2047)
	at clojure.lang.AFn.call(AFn.java:18)
	at java.base/java.util.concurrent.FutureTask.run(FutureTask.java:317)
	at java.base/java.util.concurrent.ThreadPoolExecutor.runWorker(ThreadPoolExecutor.java:1144)
	at java.base/java.util.concurrent.ThreadPoolExecutor$Worker.run(ThreadPoolExecutor.java:642)
	at java.base/java.lang.Thread.run(Thread.java:1583)
2024-02-15 18:38:20,135{GMT}	INFO	[jepsen worker 0] jepsen.util: 5	:invoke	:broadcast	5
2024-02-15 18:38:20,143{GMT}	WARN	[jepsen worker 0] jepsen.generator.interpreter: Process 5 crashed
clojure.lang.ExceptionInfo: Malformed RPC response. Maelstrom sent node n0 the following request:

{:type "broadcast", :message 5, :msg_id 1}

And expected a response of the form:

{:type (eq "broadcast_ok"), {:k :msg_id} Int, :in_reply_to Int}

... but instead received

{:body
 {"echo" "",
  "message" 0,
  "messages" nil,
  "msg_id" 0,
  "topology" nil,
  "type" "broadcast_ok"},
 :dest "",
 :in_reply_to 1,
 :src ""}

This is malformed because:

{:type missing-required-key,
 :body disallowed-key,
 :dest disallowed-key,
 :src disallowed-key}

See doc/protocol.md for more guidance.
	at slingshot.support$stack_trace.invoke(support.clj:201)
	at maelstrom.client$check_body.invokeStatic(client.clj:188)
	at maelstrom.client$check_body.invoke(client.clj:181)
	at maelstrom.workload.broadcast$fn__16565$broadcast_BANG___16566.invoke(broadcast.clj:27)
	at maelstrom.workload.broadcast$fn__16565$broadcast_BANG___16566.invoke(broadcast.clj:27)
	at maelstrom.workload.broadcast$client$reify__16644.invoke_BANG_(broadcast.clj:203)
	at jepsen.client.Validate.invoke_BANG_(client.clj:83)
	at jepsen.generator.interpreter.ClientWorker.invoke_BANG_(interpreter.clj:65)
	at jepsen.generator.interpreter$spawn_worker$fn__12908$fn__12909.invoke(interpreter.clj:140)
	at jepsen.generator.interpreter$spawn_worker$fn__12908.invoke(interpreter.clj:123)
	at clojure.core$binding_conveyor_fn$fn__5823.invoke(core.clj:2047)
	at clojure.lang.AFn.call(AFn.java:18)
	at java.base/java.util.concurrent.FutureTask.run(FutureTask.java:317)
	at java.base/java.util.concurrent.ThreadPoolExecutor.runWorker(ThreadPoolExecutor.java:1144)
	at java.base/java.util.concurrent.ThreadPoolExecutor$Worker.run(ThreadPoolExecutor.java:642)
	at java.base/java.lang.Thread.run(Thread.java:1583)
2024-02-15 18:38:20,165{GMT}	INFO	[jepsen worker 0] jepsen.util: 6	:invoke	:broadcast	6
2024-02-15 18:38:20,171{GMT}	WARN	[jepsen worker 0] jepsen.generator.interpreter: Process 6 crashed
clojure.lang.ExceptionInfo: Malformed RPC response. Maelstrom sent node n0 the following request:

{:type "broadcast", :message 6, :msg_id 1}

And expected a response of the form:

{:type (eq "broadcast_ok"), {:k :msg_id} Int, :in_reply_to Int}

... but instead received

{:body
 {"echo" "",
  "message" 0,
  "messages" nil,
  "msg_id" 0,
  "topology" nil,
  "type" "broadcast_ok"},
 :dest "",
 :in_reply_to 1,
 :src ""}

This is malformed because:

{:type missing-required-key,
 :body disallowed-key,
 :dest disallowed-key,
 :src disallowed-key}

See doc/protocol.md for more guidance.
	at slingshot.support$stack_trace.invoke(support.clj:201)
	at maelstrom.client$check_body.invokeStatic(client.clj:188)
	at maelstrom.client$check_body.invoke(client.clj:181)
	at maelstrom.workload.broadcast$fn__16565$broadcast_BANG___16566.invoke(broadcast.clj:27)
	at maelstrom.workload.broadcast$fn__16565$broadcast_BANG___16566.invoke(broadcast.clj:27)
	at maelstrom.workload.broadcast$client$reify__16644.invoke_BANG_(broadcast.clj:203)
	at jepsen.client.Validate.invoke_BANG_(client.clj:83)
	at jepsen.generator.interpreter.ClientWorker.invoke_BANG_(interpreter.clj:65)
	at jepsen.generator.interpreter$spawn_worker$fn__12908$fn__12909.invoke(interpreter.clj:140)
	at jepsen.generator.interpreter$spawn_worker$fn__12908.invoke(interpreter.clj:123)
	at clojure.core$binding_conveyor_fn$fn__5823.invoke(core.clj:2047)
	at clojure.lang.AFn.call(AFn.java:18)
	at java.base/java.util.concurrent.FutureTask.run(FutureTask.java:317)
	at java.base/java.util.concurrent.ThreadPoolExecutor.runWorker(ThreadPoolExecutor.java:1144)
	at java.base/java.util.concurrent.ThreadPoolExecutor$Worker.run(ThreadPoolExecutor.java:642)
	at java.base/java.lang.Thread.run(Thread.java:1583)
2024-02-15 18:38:20,368{GMT}	INFO	[jepsen worker 0] jepsen.util: 7	:invoke	:broadcast	7
2024-02-15 18:38:20,380{GMT}	WARN	[jepsen worker 0] jepsen.generator.interpreter: Process 7 crashed
clojure.lang.ExceptionInfo: Malformed RPC response. Maelstrom sent node n0 the following request:

{:type "broadcast", :message 7, :msg_id 1}

And expected a response of the form:

{:type (eq "broadcast_ok"), {:k :msg_id} Int, :in_reply_to Int}

... but instead received

{:body
 {"echo" "",
  "message" 0,
  "messages" nil,
  "msg_id" 0,
  "topology" nil,
  "type" "broadcast_ok"},
 :dest "",
 :in_reply_to 1,
 :src ""}

This is malformed because:

{:type missing-required-key,
 :body disallowed-key,
 :dest disallowed-key,
 :src disallowed-key}

See doc/protocol.md for more guidance.
	at slingshot.support$stack_trace.invoke(support.clj:201)
	at maelstrom.client$check_body.invokeStatic(client.clj:188)
	at maelstrom.client$check_body.invoke(client.clj:181)
	at maelstrom.workload.broadcast$fn__16565$broadcast_BANG___16566.invoke(broadcast.clj:27)
	at maelstrom.workload.broadcast$fn__16565$broadcast_BANG___16566.invoke(broadcast.clj:27)
	at maelstrom.workload.broadcast$client$reify__16644.invoke_BANG_(broadcast.clj:203)
	at jepsen.client.Validate.invoke_BANG_(client.clj:83)
	at jepsen.generator.interpreter.ClientWorker.invoke_BANG_(interpreter.clj:65)
	at jepsen.generator.interpreter$spawn_worker$fn__12908$fn__12909.invoke(interpreter.clj:140)
	at jepsen.generator.interpreter$spawn_worker$fn__12908.invoke(interpreter.clj:123)
	at clojure.core$binding_conveyor_fn$fn__5823.invoke(core.clj:2047)
	at clojure.lang.AFn.call(AFn.java:18)
	at java.base/java.util.concurrent.FutureTask.run(FutureTask.java:317)
	at java.base/java.util.concurrent.ThreadPoolExecutor.runWorker(ThreadPoolExecutor.java:1144)
	at java.base/java.util.concurrent.ThreadPoolExecutor$Worker.run(ThreadPoolExecutor.java:642)
	at java.base/java.lang.Thread.run(Thread.java:1583)
2024-02-15 18:38:20,467{GMT}	INFO	[jepsen worker 0] jepsen.util: 8	:invoke	:broadcast	8
2024-02-15 18:38:20,477{GMT}	WARN	[jepsen worker 0] jepsen.generator.interpreter: Process 8 crashed
clojure.lang.ExceptionInfo: Malformed RPC response. Maelstrom sent node n0 the following request:

{:type "broadcast", :message 8, :msg_id 1}

And expected a response of the form:

{:type (eq "broadcast_ok"), {:k :msg_id} Int, :in_reply_to Int}

... but instead received

{:body
 {"echo" "",
  "message" 0,
  "messages" nil,
  "msg_id" 0,
  "topology" nil,
  "type" "broadcast_ok"},
 :dest "",
 :in_reply_to 1,
 :src ""}

This is malformed because:

{:type missing-required-key,
 :body disallowed-key,
 :dest disallowed-key,
 :src disallowed-key}

See doc/protocol.md for more guidance.
	at slingshot.support$stack_trace.invoke(support.clj:201)
	at maelstrom.client$check_body.invokeStatic(client.clj:188)
	at maelstrom.client$check_body.invoke(client.clj:181)
	at maelstrom.workload.broadcast$fn__16565$broadcast_BANG___16566.invoke(broadcast.clj:27)
	at maelstrom.workload.broadcast$fn__16565$broadcast_BANG___16566.invoke(broadcast.clj:27)
	at maelstrom.workload.broadcast$client$reify__16644.invoke_BANG_(broadcast.clj:203)
	at jepsen.client.Validate.invoke_BANG_(client.clj:83)
	at jepsen.generator.interpreter.ClientWorker.invoke_BANG_(interpreter.clj:65)
	at jepsen.generator.interpreter$spawn_worker$fn__12908$fn__12909.invoke(interpreter.clj:140)
	at jepsen.generator.interpreter$spawn_worker$fn__12908.invoke(interpreter.clj:123)
	at clojure.core$binding_conveyor_fn$fn__5823.invoke(core.clj:2047)
	at clojure.lang.AFn.call(AFn.java:18)
	at java.base/java.util.concurrent.FutureTask.run(FutureTask.java:317)
	at java.base/java.util.concurrent.ThreadPoolExecutor.runWorker(ThreadPoolExecutor.java:1144)
	at java.base/java.util.concurrent.ThreadPoolExecutor$Worker.run(ThreadPoolExecutor.java:642)
	at java.base/java.lang.Thread.run(Thread.java:1583)
2024-02-15 18:38:20,485{GMT}	INFO	[jepsen worker 0] jepsen.util: 9	:invoke	:read	nil
2024-02-15 18:38:20,486{GMT}	INFO	[jepsen worker 0] jepsen.util: 9	:ok	:read	[0 0 0 0 0 0 0 0 0]
2024-02-15 18:38:20,572{GMT}	INFO	[jepsen worker 0] jepsen.util: 9	:invoke	:broadcast	9
2024-02-15 18:38:20,576{GMT}	WARN	[jepsen worker 0] jepsen.generator.interpreter: Process 9 crashed
clojure.lang.ExceptionInfo: Malformed RPC response. Maelstrom sent node n0 the following request:

{:type "broadcast", :message 9, :msg_id 2}

And expected a response of the form:

{:type (eq "broadcast_ok"), {:k :msg_id} Int, :in_reply_to Int}

... but instead received

{:body
 {"echo" "",
  "message" 0,
  "messages" nil,
  "msg_id" 0,
  "topology" nil,
  "type" "broadcast_ok"},
 :dest "",
 :in_reply_to 2,
 :src ""}

This is malformed because:

{:type missing-required-key,
 :body disallowed-key,
 :dest disallowed-key,
 :src disallowed-key}

See doc/protocol.md for more guidance.
	at slingshot.support$stack_trace.invoke(support.clj:201)
	at maelstrom.client$check_body.invokeStatic(client.clj:188)
	at maelstrom.client$check_body.invoke(client.clj:181)
	at maelstrom.workload.broadcast$fn__16565$broadcast_BANG___16566.invoke(broadcast.clj:27)
	at maelstrom.workload.broadcast$fn__16565$broadcast_BANG___16566.invoke(broadcast.clj:27)
	at maelstrom.workload.broadcast$client$reify__16644.invoke_BANG_(broadcast.clj:203)
	at jepsen.client.Validate.invoke_BANG_(client.clj:83)
	at jepsen.generator.interpreter.ClientWorker.invoke_BANG_(interpreter.clj:65)
	at jepsen.generator.interpreter$spawn_worker$fn__12908$fn__12909.invoke(interpreter.clj:140)
	at jepsen.generator.interpreter$spawn_worker$fn__12908.invoke(interpreter.clj:123)
	at clojure.core$binding_conveyor_fn$fn__5823.invoke(core.clj:2047)
	at clojure.lang.AFn.call(AFn.java:18)
	at java.base/java.util.concurrent.FutureTask.run(FutureTask.java:317)
	at java.base/java.util.concurrent.ThreadPoolExecutor.runWorker(ThreadPoolExecutor.java:1144)
	at java.base/java.util.concurrent.ThreadPoolExecutor$Worker.run(ThreadPoolExecutor.java:642)
	at java.base/java.lang.Thread.run(Thread.java:1583)
2024-02-15 18:38:20,729{GMT}	INFO	[jepsen worker 0] jepsen.util: 10	:invoke	:read	nil
2024-02-15 18:38:20,730{GMT}	INFO	[jepsen worker 0] jepsen.util: 10	:ok	:read	[0 0 0 0 0 0 0 0 0 0]
2024-02-15 18:38:20,890{GMT}	INFO	[jepsen worker 0] jepsen.util: 10	:invoke	:broadcast	10
2024-02-15 18:38:20,900{GMT}	WARN	[jepsen worker 0] jepsen.generator.interpreter: Process 10 crashed
clojure.lang.ExceptionInfo: Malformed RPC response. Maelstrom sent node n0 the following request:

{:type "broadcast", :message 10, :msg_id 2}

And expected a response of the form:

{:type (eq "broadcast_ok"), {:k :msg_id} Int, :in_reply_to Int}

... but instead received

{:body
 {"echo" "",
  "message" 0,
  "messages" nil,
  "msg_id" 0,
  "topology" nil,
  "type" "broadcast_ok"},
 :dest "",
 :in_reply_to 2,
 :src ""}

This is malformed because:

{:type missing-required-key,
 :body disallowed-key,
 :dest disallowed-key,
 :src disallowed-key}

See doc/protocol.md for more guidance.
	at slingshot.support$stack_trace.invoke(support.clj:201)
	at maelstrom.client$check_body.invokeStatic(client.clj:188)
	at maelstrom.client$check_body.invoke(client.clj:181)
	at maelstrom.workload.broadcast$fn__16565$broadcast_BANG___16566.invoke(broadcast.clj:27)
	at maelstrom.workload.broadcast$fn__16565$broadcast_BANG___16566.invoke(broadcast.clj:27)
	at maelstrom.workload.broadcast$client$reify__16644.invoke_BANG_(broadcast.clj:203)
	at jepsen.client.Validate.invoke_BANG_(client.clj:83)
	at jepsen.generator.interpreter.ClientWorker.invoke_BANG_(interpreter.clj:65)
	at jepsen.generator.interpreter$spawn_worker$fn__12908$fn__12909.invoke(interpreter.clj:140)
	at jepsen.generator.interpreter$spawn_worker$fn__12908.invoke(interpreter.clj:123)
	at clojure.core$binding_conveyor_fn$fn__5823.invoke(core.clj:2047)
	at clojure.lang.AFn.call(AFn.java:18)
	at java.base/java.util.concurrent.FutureTask.run(FutureTask.java:317)
	at java.base/java.util.concurrent.ThreadPoolExecutor.runWorker(ThreadPoolExecutor.java:1144)
	at java.base/java.util.concurrent.ThreadPoolExecutor$Worker.run(ThreadPoolExecutor.java:642)
	at java.base/java.lang.Thread.run(Thread.java:1583)
2024-02-15 18:38:21,019{GMT}	INFO	[jepsen worker 0] jepsen.util: 11	:invoke	:broadcast	11
2024-02-15 18:38:21,023{GMT}	WARN	[jepsen worker 0] jepsen.generator.interpreter: Process 11 crashed
clojure.lang.ExceptionInfo: Malformed RPC response. Maelstrom sent node n0 the following request:

{:type "broadcast", :message 11, :msg_id 1}

And expected a response of the form:

{:type (eq "broadcast_ok"), {:k :msg_id} Int, :in_reply_to Int}

... but instead received

{:body
 {"echo" "",
  "message" 0,
  "messages" nil,
  "msg_id" 0,
  "topology" nil,
  "type" "broadcast_ok"},
 :dest "",
 :in_reply_to 1,
 :src ""}

This is malformed because:

{:type missing-required-key,
 :body disallowed-key,
 :dest disallowed-key,
 :src disallowed-key}

See doc/protocol.md for more guidance.
	at slingshot.support$stack_trace.invoke(support.clj:201)
	at maelstrom.client$check_body.invokeStatic(client.clj:188)
	at maelstrom.client$check_body.invoke(client.clj:181)
	at maelstrom.workload.broadcast$fn__16565$broadcast_BANG___16566.invoke(broadcast.clj:27)
	at maelstrom.workload.broadcast$fn__16565$broadcast_BANG___16566.invoke(broadcast.clj:27)
	at maelstrom.workload.broadcast$client$reify__16644.invoke_BANG_(broadcast.clj:203)
	at jepsen.client.Validate.invoke_BANG_(client.clj:83)
	at jepsen.generator.interpreter.ClientWorker.invoke_BANG_(interpreter.clj:65)
	at jepsen.generator.interpreter$spawn_worker$fn__12908$fn__12909.invoke(interpreter.clj:140)
	at jepsen.generator.interpreter$spawn_worker$fn__12908.invoke(interpreter.clj:123)
	at clojure.core$binding_conveyor_fn$fn__5823.invoke(core.clj:2047)
	at clojure.lang.AFn.call(AFn.java:18)
	at java.base/java.util.concurrent.FutureTask.run(FutureTask.java:317)
	at java.base/java.util.concurrent.ThreadPoolExecutor.runWorker(ThreadPoolExecutor.java:1144)
	at java.base/java.util.concurrent.ThreadPoolExecutor$Worker.run(ThreadPoolExecutor.java:642)
	at java.base/java.lang.Thread.run(Thread.java:1583)
2024-02-15 18:38:21,160{GMT}	INFO	[jepsen worker 0] jepsen.util: 12	:invoke	:broadcast	12
2024-02-15 18:38:21,168{GMT}	WARN	[jepsen worker 0] jepsen.generator.interpreter: Process 12 crashed
clojure.lang.ExceptionInfo: Malformed RPC response. Maelstrom sent node n0 the following request:

{:type "broadcast", :message 12, :msg_id 1}

And expected a response of the form:

{:type (eq "broadcast_ok"), {:k :msg_id} Int, :in_reply_to Int}

... but instead received

{:body
 {"echo" "",
  "message" 0,
  "messages" nil,
  "msg_id" 0,
  "topology" nil,
  "type" "broadcast_ok"},
 :dest "",
 :in_reply_to 1,
 :src ""}

This is malformed because:

{:type missing-required-key,
 :body disallowed-key,
 :dest disallowed-key,
 :src disallowed-key}

See doc/protocol.md for more guidance.
	at slingshot.support$stack_trace.invoke(support.clj:201)
	at maelstrom.client$check_body.invokeStatic(client.clj:188)
	at maelstrom.client$check_body.invoke(client.clj:181)
	at maelstrom.workload.broadcast$fn__16565$broadcast_BANG___16566.invoke(broadcast.clj:27)
	at maelstrom.workload.broadcast$fn__16565$broadcast_BANG___16566.invoke(broadcast.clj:27)
	at maelstrom.workload.broadcast$client$reify__16644.invoke_BANG_(broadcast.clj:203)
	at jepsen.client.Validate.invoke_BANG_(client.clj:83)
	at jepsen.generator.interpreter.ClientWorker.invoke_BANG_(interpreter.clj:65)
	at jepsen.generator.interpreter$spawn_worker$fn__12908$fn__12909.invoke(interpreter.clj:140)
	at jepsen.generator.interpreter$spawn_worker$fn__12908.invoke(interpreter.clj:123)
	at clojure.core$binding_conveyor_fn$fn__5823.invoke(core.clj:2047)
	at clojure.lang.AFn.call(AFn.java:18)
	at java.base/java.util.concurrent.FutureTask.run(FutureTask.java:317)
	at java.base/java.util.concurrent.ThreadPoolExecutor.runWorker(ThreadPoolExecutor.java:1144)
	at java.base/java.util.concurrent.ThreadPoolExecutor$Worker.run(ThreadPoolExecutor.java:642)
	at java.base/java.lang.Thread.run(Thread.java:1583)
2024-02-15 18:38:21,174{GMT}	INFO	[jepsen worker 0] jepsen.util: 13	:invoke	:broadcast	13
2024-02-15 18:38:21,188{GMT}	WARN	[jepsen worker 0] jepsen.generator.interpreter: Process 13 crashed
clojure.lang.ExceptionInfo: Malformed RPC response. Maelstrom sent node n0 the following request:

{:type "broadcast", :message 13, :msg_id 1}

And expected a response of the form:

{:type (eq "broadcast_ok"), {:k :msg_id} Int, :in_reply_to Int}

... but instead received

{:body
 {"echo" "",
  "message" 0,
  "messages" nil,
  "msg_id" 0,
  "topology" nil,
  "type" "broadcast_ok"},
 :dest "",
 :in_reply_to 1,
 :src ""}

This is malformed because:

{:type missing-required-key,
 :body disallowed-key,
 :dest disallowed-key,
 :src disallowed-key}

See doc/protocol.md for more guidance.
	at slingshot.support$stack_trace.invoke(support.clj:201)
	at maelstrom.client$check_body.invokeStatic(client.clj:188)
	at maelstrom.client$check_body.invoke(client.clj:181)
	at maelstrom.workload.broadcast$fn__16565$broadcast_BANG___16566.invoke(broadcast.clj:27)
	at maelstrom.workload.broadcast$fn__16565$broadcast_BANG___16566.invoke(broadcast.clj:27)
	at maelstrom.workload.broadcast$client$reify__16644.invoke_BANG_(broadcast.clj:203)
	at jepsen.client.Validate.invoke_BANG_(client.clj:83)
	at jepsen.generator.interpreter.ClientWorker.invoke_BANG_(interpreter.clj:65)
	at jepsen.generator.interpreter$spawn_worker$fn__12908$fn__12909.invoke(interpreter.clj:140)
	at jepsen.generator.interpreter$spawn_worker$fn__12908.invoke(interpreter.clj:123)
	at clojure.core$binding_conveyor_fn$fn__5823.invoke(core.clj:2047)
	at clojure.lang.AFn.call(AFn.java:18)
	at java.base/java.util.concurrent.FutureTask.run(FutureTask.java:317)
	at java.base/java.util.concurrent.ThreadPoolExecutor.runWorker(ThreadPoolExecutor.java:1144)
	at java.base/java.util.concurrent.ThreadPoolExecutor$Worker.run(ThreadPoolExecutor.java:642)
	at java.base/java.lang.Thread.run(Thread.java:1583)
2024-02-15 18:38:21,229{GMT}	INFO	[jepsen worker 0] jepsen.util: 14	:invoke	:read	nil
2024-02-15 18:38:21,231{GMT}	INFO	[jepsen worker 0] jepsen.util: 14	:ok	:read	[0 0 0 0 0 0 0 0 0 0 0 0 0 0]
2024-02-15 18:38:21,264{GMT}	INFO	[jepsen worker 0] jepsen.util: 14	:invoke	:broadcast	14
2024-02-15 18:38:21,268{GMT}	WARN	[jepsen worker 0] jepsen.generator.interpreter: Process 14 crashed
clojure.lang.ExceptionInfo: Malformed RPC response. Maelstrom sent node n0 the following request:

{:type "broadcast", :message 14, :msg_id 2}

And expected a response of the form:

{:type (eq "broadcast_ok"), {:k :msg_id} Int, :in_reply_to Int}

... but instead received

{:body
 {"echo" "",
  "message" 0,
  "messages" nil,
  "msg_id" 0,
  "topology" nil,
  "type" "broadcast_ok"},
 :dest "",
 :in_reply_to 2,
 :src ""}

This is malformed because:

{:type missing-required-key,
 :body disallowed-key,
 :dest disallowed-key,
 :src disallowed-key}

See doc/protocol.md for more guidance.
	at slingshot.support$stack_trace.invoke(support.clj:201)
	at maelstrom.client$check_body.invokeStatic(client.clj:188)
	at maelstrom.client$check_body.invoke(client.clj:181)
	at maelstrom.workload.broadcast$fn__16565$broadcast_BANG___16566.invoke(broadcast.clj:27)
	at maelstrom.workload.broadcast$fn__16565$broadcast_BANG___16566.invoke(broadcast.clj:27)
	at maelstrom.workload.broadcast$client$reify__16644.invoke_BANG_(broadcast.clj:203)
	at jepsen.client.Validate.invoke_BANG_(client.clj:83)
	at jepsen.generator.interpreter.ClientWorker.invoke_BANG_(interpreter.clj:65)
	at jepsen.generator.interpreter$spawn_worker$fn__12908$fn__12909.invoke(interpreter.clj:140)
	at jepsen.generator.interpreter$spawn_worker$fn__12908.invoke(interpreter.clj:123)
	at clojure.core$binding_conveyor_fn$fn__5823.invoke(core.clj:2047)
	at clojure.lang.AFn.call(AFn.java:18)
	at java.base/java.util.concurrent.FutureTask.run(FutureTask.java:317)
	at java.base/java.util.concurrent.ThreadPoolExecutor.runWorker(ThreadPoolExecutor.java:1144)
	at java.base/java.util.concurrent.ThreadPoolExecutor$Worker.run(ThreadPoolExecutor.java:642)
	at java.base/java.lang.Thread.run(Thread.java:1583)
2024-02-15 18:38:21,368{GMT}	INFO	[jepsen worker 0] jepsen.util: 15	:invoke	:broadcast	15
2024-02-15 18:38:21,373{GMT}	WARN	[jepsen worker 0] jepsen.generator.interpreter: Process 15 crashed
clojure.lang.ExceptionInfo: Malformed RPC response. Maelstrom sent node n0 the following request:

{:type "broadcast", :message 15, :msg_id 1}

And expected a response of the form:

{:type (eq "broadcast_ok"), {:k :msg_id} Int, :in_reply_to Int}

... but instead received

{:body
 {"echo" "",
  "message" 0,
  "messages" nil,
  "msg_id" 0,
  "topology" nil,
  "type" "broadcast_ok"},
 :dest "",
 :in_reply_to 1,
 :src ""}

This is malformed because:

{:type missing-required-key,
 :body disallowed-key,
 :dest disallowed-key,
 :src disallowed-key}

See doc/protocol.md for more guidance.
	at slingshot.support$stack_trace.invoke(support.clj:201)
	at maelstrom.client$check_body.invokeStatic(client.clj:188)
	at maelstrom.client$check_body.invoke(client.clj:181)
	at maelstrom.workload.broadcast$fn__16565$broadcast_BANG___16566.invoke(broadcast.clj:27)
	at maelstrom.workload.broadcast$fn__16565$broadcast_BANG___16566.invoke(broadcast.clj:27)
	at maelstrom.workload.broadcast$client$reify__16644.invoke_BANG_(broadcast.clj:203)
	at jepsen.client.Validate.invoke_BANG_(client.clj:83)
	at jepsen.generator.interpreter.ClientWorker.invoke_BANG_(interpreter.clj:65)
	at jepsen.generator.interpreter$spawn_worker$fn__12908$fn__12909.invoke(interpreter.clj:140)
	at jepsen.generator.interpreter$spawn_worker$fn__12908.invoke(interpreter.clj:123)
	at clojure.core$binding_conveyor_fn$fn__5823.invoke(core.clj:2047)
	at clojure.lang.AFn.call(AFn.java:18)
	at java.base/java.util.concurrent.FutureTask.run(FutureTask.java:317)
	at java.base/java.util.concurrent.ThreadPoolExecutor.runWorker(ThreadPoolExecutor.java:1144)
	at java.base/java.util.concurrent.ThreadPoolExecutor$Worker.run(ThreadPoolExecutor.java:642)
	at java.base/java.lang.Thread.run(Thread.java:1583)
2024-02-15 18:38:21,452{GMT}	INFO	[jepsen worker 0] jepsen.util: 16	:invoke	:read	nil
2024-02-15 18:38:21,453{GMT}	INFO	[jepsen worker 0] jepsen.util: 16	:ok	:read	[0 0 0 0 0 0 0 0 0 0 0 0 0 0 0 0]
2024-02-15 18:38:21,470{GMT}	INFO	[jepsen worker 0] jepsen.util: 16	:invoke	:broadcast	16
2024-02-15 18:38:21,474{GMT}	WARN	[jepsen worker 0] jepsen.generator.interpreter: Process 16 crashed
clojure.lang.ExceptionInfo: Malformed RPC response. Maelstrom sent node n0 the following request:

{:type "broadcast", :message 16, :msg_id 2}

And expected a response of the form:

{:type (eq "broadcast_ok"), {:k :msg_id} Int, :in_reply_to Int}

... but instead received

{:body
 {"echo" "",
  "message" 0,
  "messages" nil,
  "msg_id" 0,
  "topology" nil,
  "type" "broadcast_ok"},
 :dest "",
 :in_reply_to 2,
 :src ""}

This is malformed because:

{:type missing-required-key,
 :body disallowed-key,
 :dest disallowed-key,
 :src disallowed-key}

See doc/protocol.md for more guidance.
	at slingshot.support$stack_trace.invoke(support.clj:201)
	at maelstrom.client$check_body.invokeStatic(client.clj:188)
	at maelstrom.client$check_body.invoke(client.clj:181)
	at maelstrom.workload.broadcast$fn__16565$broadcast_BANG___16566.invoke(broadcast.clj:27)
	at maelstrom.workload.broadcast$fn__16565$broadcast_BANG___16566.invoke(broadcast.clj:27)
	at maelstrom.workload.broadcast$client$reify__16644.invoke_BANG_(broadcast.clj:203)
	at jepsen.client.Validate.invoke_BANG_(client.clj:83)
	at jepsen.generator.interpreter.ClientWorker.invoke_BANG_(interpreter.clj:65)
	at jepsen.generator.interpreter$spawn_worker$fn__12908$fn__12909.invoke(interpreter.clj:140)
	at jepsen.generator.interpreter$spawn_worker$fn__12908.invoke(interpreter.clj:123)
	at clojure.core$binding_conveyor_fn$fn__5823.invoke(core.clj:2047)
	at clojure.lang.AFn.call(AFn.java:18)
	at java.base/java.util.concurrent.FutureTask.run(FutureTask.java:317)
	at java.base/java.util.concurrent.ThreadPoolExecutor.runWorker(ThreadPoolExecutor.java:1144)
	at java.base/java.util.concurrent.ThreadPoolExecutor$Worker.run(ThreadPoolExecutor.java:642)
	at java.base/java.lang.Thread.run(Thread.java:1583)
2024-02-15 18:38:21,503{GMT}	INFO	[jepsen worker 0] jepsen.util: 17	:invoke	:read	nil
2024-02-15 18:38:21,504{GMT}	INFO	[jepsen worker 0] jepsen.util: 17	:ok	:read	[0 0 0 0 0 0 0 0 0 0 0 0 0 0 0 0 0]
2024-02-15 18:38:21,661{GMT}	INFO	[jepsen worker 0] jepsen.util: 17	:invoke	:read	nil
2024-02-15 18:38:21,663{GMT}	INFO	[jepsen worker 0] jepsen.util: 17	:ok	:read	[0 0 0 0 0 0 0 0 0 0 0 0 0 0 0 0 0]
2024-02-15 18:38:21,730{GMT}	INFO	[jepsen worker 0] jepsen.util: 17	:invoke	:read	nil
2024-02-15 18:38:21,731{GMT}	INFO	[jepsen worker 0] jepsen.util: 17	:ok	:read	[0 0 0 0 0 0 0 0 0 0 0 0 0 0 0 0 0]
2024-02-15 18:38:21,781{GMT}	INFO	[jepsen worker 0] jepsen.util: 17	:invoke	:read	nil
2024-02-15 18:38:21,782{GMT}	INFO	[jepsen worker 0] jepsen.util: 17	:ok	:read	[0 0 0 0 0 0 0 0 0 0 0 0 0 0 0 0 0]
2024-02-15 18:38:21,958{GMT}	INFO	[jepsen worker 0] jepsen.util: 17	:invoke	:read	nil
2024-02-15 18:38:21,961{GMT}	INFO	[jepsen worker 0] jepsen.util: 17	:ok	:read	[0 0 0 0 0 0 0 0 0 0 0 0 0 0 0 0 0]
2024-02-15 18:38:21,983{GMT}	INFO	[jepsen worker 0] jepsen.util: 17	:invoke	:broadcast	17
2024-02-15 18:38:21,997{GMT}	WARN	[jepsen worker 0] jepsen.generator.interpreter: Process 17 crashed
clojure.lang.ExceptionInfo: Malformed RPC response. Maelstrom sent node n0 the following request:

{:type "broadcast", :message 17, :msg_id 6}

And expected a response of the form:

{:type (eq "broadcast_ok"), {:k :msg_id} Int, :in_reply_to Int}

... but instead received

{:body
 {"echo" "",
  "message" 0,
  "messages" nil,
  "msg_id" 0,
  "topology" nil,
  "type" "broadcast_ok"},
 :dest "",
 :in_reply_to 6,
 :src ""}

This is malformed because:

{:type missing-required-key,
 :body disallowed-key,
 :dest disallowed-key,
 :src disallowed-key}

See doc/protocol.md for more guidance.
	at slingshot.support$stack_trace.invoke(support.clj:201)
	at maelstrom.client$check_body.invokeStatic(client.clj:188)
	at maelstrom.client$check_body.invoke(client.clj:181)
	at maelstrom.workload.broadcast$fn__16565$broadcast_BANG___16566.invoke(broadcast.clj:27)
	at maelstrom.workload.broadcast$fn__16565$broadcast_BANG___16566.invoke(broadcast.clj:27)
	at maelstrom.workload.broadcast$client$reify__16644.invoke_BANG_(broadcast.clj:203)
	at jepsen.client.Validate.invoke_BANG_(client.clj:83)
	at jepsen.generator.interpreter.ClientWorker.invoke_BANG_(interpreter.clj:65)
	at jepsen.generator.interpreter$spawn_worker$fn__12908$fn__12909.invoke(interpreter.clj:140)
	at jepsen.generator.interpreter$spawn_worker$fn__12908.invoke(interpreter.clj:123)
	at clojure.core$binding_conveyor_fn$fn__5823.invoke(core.clj:2047)
	at clojure.lang.AFn.call(AFn.java:18)
	at java.base/java.util.concurrent.FutureTask.run(FutureTask.java:317)
	at java.base/java.util.concurrent.ThreadPoolExecutor.runWorker(ThreadPoolExecutor.java:1144)
	at java.base/java.util.concurrent.ThreadPoolExecutor$Worker.run(ThreadPoolExecutor.java:642)
	at java.base/java.lang.Thread.run(Thread.java:1583)
2024-02-15 18:38:22,010{GMT}	INFO	[Jepsen shutdown hook] jepsen.core: Downloading DB logs before JVM shutdown...
