2024/02/15 19:47:33 Received {c0 n0 {"type":"init","node_id":"n0","node_ids":["n0","n1","n2","n3","n4"],"msg_id":1}}
2024/02/15 19:47:33 Node n0 initialized
2024/02/15 19:47:33 Sent {"src":"n0","dest":"c0","body":{"in_reply_to":1,"type":"init_ok"}}
2024/02/15 19:47:33 Received {c5 n0 {"type":"topology","topology":{"n0":["n3","n1"],"n1":["n4","n2","n0"],"n2":["n1"],"n3":["n0","n4"],"n4":["n1","n3"]},"msg_id":1}}
2024/02/15 19:47:33 Sent {"src":"n0","dest":"c5","body":{"in_reply_to":1,"type":"topology_ok"}}
2024/02/15 19:47:33 Received {c10 n0 {"type":"read","msg_id":1}}
2024/02/15 19:47:33 Sent {"src":"n0","dest":"c10","body":{"in_reply_to":1,"messages":[],"type":"read_ok"}}
2024/02/15 19:47:33 Received {n1 n0 {"type":"broadcast","message":0}}
2024/02/15 19:47:33 Sent {"src":"n0","dest":"n3","body":{"type":"broadcast","message":0}}
2024/02/15 19:47:33 Sent {"src":"n0","dest":"n1","body":{"type":"broadcast","message":0}}
2024/02/15 19:47:33 Sent {"src":"n0","dest":"n1","body":{"in_reply_to":0,"type":"broadcast_ok"}}
2024/02/15 19:47:33 Received {n3 n0 {"type":"broadcast","message":0}}
2024/02/15 19:47:33 Received {n1 n0 {"type":"broadcast","message":0}}
2024/02/15 19:47:33 Sent {"src":"n0","dest":"n3","body":{"type":"broadcast","message":0}}
2024/02/15 19:47:33 Sent {"src":"n0","dest":"n1","body":{"type":"broadcast","message":0}}
2024/02/15 19:47:33 Sent {"src":"n0","dest":"n3","body":{"in_reply_to":0,"type":"broadcast_ok"}}
2024/02/15 19:47:33 Sent {"src":"n0","dest":"n3","body":{"type":"broadcast","message":0}}
2024/02/15 19:47:33 Sent {"src":"n0","dest":"n1","body":{"type":"broadcast","message":0}}
2024/02/15 19:47:33 Sent {"src":"n0","dest":"n1","body":{"in_reply_to":0,"type":"broadcast_ok"}}
2024/02/15 19:47:33 Received {n3 n0 {"type":"broadcast","message":0}}
2024/02/15 19:47:33 Sent {"src":"n0","dest":"n3","body":{"type":"broadcast","message":0}}
2024/02/15 19:47:33 Sent {"src":"n0","dest":"n1","body":{"type":"broadcast","message":0}}
2024/02/15 19:47:33 Sent {"src":"n0","dest":"n3","body":{"in_reply_to":0,"type":"broadcast_ok"}}
2024/02/15 19:47:33 Received {n3 n0 {"in_reply_to":0,"type":"broadcast_ok"}}
2024/02/15 19:47:33 No handler for {"id":49,"src":"n3","dest":"n0","body":{"in_reply_to":0,"type":"broadcast_ok"}}
