2024/02/15 19:47:33 Received {c1 n2 {"type":"init","node_id":"n2","node_ids":["n0","n1","n2","n3","n4"],"msg_id":1}}
2024/02/15 19:47:33 Node n2 initialized
2024/02/15 19:47:33 Sent {"src":"n2","dest":"c1","body":{"in_reply_to":1,"type":"init_ok"}}
2024/02/15 19:47:33 Received {c7 n2 {"type":"topology","topology":{"n0":["n3","n1"],"n1":["n4","n2","n0"],"n2":["n1"],"n3":["n0","n4"],"n4":["n1","n3"]},"msg_id":1}}
2024/02/15 19:47:33 Sent {"src":"n2","dest":"c7","body":{"in_reply_to":1,"type":"topology_ok"}}
2024/02/15 19:47:33 Received {n1 n2 {"type":"broadcast","message":0}}
2024/02/15 19:47:33 Sent {"src":"n2","dest":"n1","body":{"type":"broadcast","message":0}}
2024/02/15 19:47:33 Sent {"src":"n2","dest":"n1","body":{"in_reply_to":0,"type":"broadcast_ok"}}
2024/02/15 19:47:33 Received {n1 n2 {"type":"broadcast","message":0}}
2024/02/15 19:47:33 Sent {"src":"n2","dest":"n1","body":{"type":"broadcast","message":0}}
2024/02/15 19:47:33 Sent {"src":"n2","dest":"n1","body":{"in_reply_to":0,"type":"broadcast_ok"}}
2024/02/15 19:47:33 Received {c12 n2 {"type":"read","msg_id":1}}
2024/02/15 19:47:33 Sent {"src":"n2","dest":"c12","body":{"in_reply_to":1,"messages":[0],"type":"read_ok"}}
2024/02/15 19:47:34 Received {c12 n2 {"type":"read","msg_id":2}}
2024/02/15 19:47:34 Sent {"src":"n2","dest":"c12","body":{"in_reply_to":2,"messages":[0],"type":"read_ok"}}
2024/02/15 19:47:34 Received {c12 n2 {"type":"broadcast","message":2,"msg_id":3}}
2024/02/15 19:47:34 Sent {"src":"n2","dest":"n1","body":{"type":"broadcast","message":2}}
2024/02/15 19:47:34 Sent {"src":"n2","dest":"c12","body":{"in_reply_to":3,"type":"broadcast_ok"}}
2024/02/15 19:47:34 Received {c12 n2 {"type":"broadcast","message":3,"msg_id":4}}
2024/02/15 19:47:34 Sent {"src":"n2","dest":"n1","body":{"type":"broadcast","message":3}}
2024/02/15 19:47:34 Sent {"src":"n2","dest":"c12","body":{"in_reply_to":4,"type":"broadcast_ok"}}
2024/02/15 19:47:34 Received {c12 n2 {"type":"read","msg_id":5}}
2024/02/15 19:47:34 Sent {"src":"n2","dest":"c12","body":{"in_reply_to":5,"messages":[0,2,3],"type":"read_ok"}}
2024/02/15 19:47:34 Received {c12 n2 {"type":"broadcast","message":4,"msg_id":6}}
2024/02/15 19:47:34 Sent {"src":"n2","dest":"n1","body":{"type":"broadcast","message":4}}
2024/02/15 19:47:34 Sent {"src":"n2","dest":"c12","body":{"in_reply_to":6,"type":"broadcast_ok"}}
2024/02/15 19:47:35 Received {c12 n2 {"type":"broadcast","message":5,"msg_id":7}}
2024/02/15 19:47:35 Sent {"src":"n2","dest":"n1","body":{"type":"broadcast","message":5}}
2024/02/15 19:47:35 Sent {"src":"n2","dest":"c12","body":{"in_reply_to":7,"type":"broadcast_ok"}}
2024/02/15 19:47:35 Received {c12 n2 {"type":"read","msg_id":8}}
2024/02/15 19:47:35 Sent {"src":"n2","dest":"c12","body":{"in_reply_to":8,"messages":[0,2,3,4,5],"type":"read_ok"}}
2024/02/15 19:47:35 Received {c12 n2 {"type":"broadcast","message":6,"msg_id":9}}
2024/02/15 19:47:35 Sent {"src":"n2","dest":"n1","body":{"type":"broadcast","message":6}}
2024/02/15 19:47:35 Sent {"src":"n2","dest":"c12","body":{"in_reply_to":9,"type":"broadcast_ok"}}
2024/02/15 19:47:35 Received {c12 n2 {"type":"broadcast","message":7,"msg_id":10}}
2024/02/15 19:47:35 Sent {"src":"n2","dest":"n1","body":{"type":"broadcast","message":7}}
2024/02/15 19:47:35 Sent {"src":"n2","dest":"c12","body":{"in_reply_to":10,"type":"broadcast_ok"}}
2024/02/15 19:47:35 Received {c12 n2 {"type":"read","msg_id":11}}
2024/02/15 19:47:35 Sent {"src":"n2","dest":"c12","body":{"in_reply_to":11,"messages":[0,2,3,4,5,6,7],"type":"read_ok"}}
2024/02/15 19:47:35 Received {c12 n2 {"type":"broadcast","message":8,"msg_id":12}}
2024/02/15 19:47:35 Sent {"src":"n2","dest":"n1","body":{"type":"broadcast","message":8}}
2024/02/15 19:47:35 Sent {"src":"n2","dest":"c12","body":{"in_reply_to":12,"type":"broadcast_ok"}}
2024/02/15 19:47:35 Received {c12 n2 {"type":"broadcast","message":9,"msg_id":13}}
2024/02/15 19:47:35 Sent {"src":"n2","dest":"n1","body":{"type":"broadcast","message":9}}
2024/02/15 19:47:35 Sent {"src":"n2","dest":"c12","body":{"in_reply_to":13,"type":"broadcast_ok"}}
2024/02/15 19:47:35 Received {c12 n2 {"type":"read","msg_id":14}}
2024/02/15 19:47:35 Sent {"src":"n2","dest":"c12","body":{"in_reply_to":14,"messages":[0,2,3,4,5,6,7,8,9],"type":"read_ok"}}
2024/02/15 19:47:35 Received {c12 n2 {"type":"broadcast","message":10,"msg_id":15}}
2024/02/15 19:47:36 Sent {"src":"n2","dest":"n1","body":{"type":"broadcast","message":10}}
2024/02/15 19:47:36 Sent {"src":"n2","dest":"c12","body":{"in_reply_to":15,"type":"broadcast_ok"}}
2024/02/15 19:47:36 Received {c12 n2 {"type":"read","msg_id":16}}
2024/02/15 19:47:36 Sent {"src":"n2","dest":"c12","body":{"in_reply_to":16,"messages":[0,2,3,4,5,6,7,8,9,10],"type":"read_ok"}}
2024/02/15 19:47:36 Received {c12 n2 {"type":"broadcast","message":11,"msg_id":17}}
2024/02/15 19:47:36 Sent {"src":"n2","dest":"n1","body":{"type":"broadcast","message":11}}
2024/02/15 19:47:36 Sent {"src":"n2","dest":"c12","body":{"in_reply_to":17,"type":"broadcast_ok"}}
2024/02/15 19:47:36 Received {c12 n2 {"type":"read","msg_id":18}}
2024/02/15 19:47:36 Sent {"src":"n2","dest":"c12","body":{"in_reply_to":18,"messages":[0,2,3,4,5,6,7,8,9,10,11],"type":"read_ok"}}
2024/02/15 19:47:36 Received {c12 n2 {"type":"broadcast","message":12,"msg_id":19}}
2024/02/15 19:47:36 Sent {"src":"n2","dest":"n1","body":{"type":"broadcast","message":12}}
2024/02/15 19:47:36 Sent {"src":"n2","dest":"c12","body":{"in_reply_to":19,"type":"broadcast_ok"}}
2024/02/15 19:47:36 Received {c12 n2 {"type":"read","msg_id":20}}
2024/02/15 19:47:36 Sent {"src":"n2","dest":"c12","body":{"in_reply_to":20,"messages":[0,2,3,4,5,6,7,8,9,10,11,12],"type":"read_ok"}}
2024/02/15 19:47:36 Received {c12 n2 {"type":"read","msg_id":21}}
2024/02/15 19:47:36 Sent {"src":"n2","dest":"c12","body":{"in_reply_to":21,"messages":[0,2,3,4,5,6,7,8,9,10,11,12],"type":"read_ok"}}
2024/02/15 19:47:36 Received {c12 n2 {"type":"broadcast","message":13,"msg_id":22}}
2024/02/15 19:47:36 Sent {"src":"n2","dest":"n1","body":{"type":"broadcast","message":13}}
2024/02/15 19:47:36 Sent {"src":"n2","dest":"c12","body":{"in_reply_to":22,"type":"broadcast_ok"}}
2024/02/15 19:47:37 Received {c12 n2 {"type":"read","msg_id":23}}
2024/02/15 19:47:37 Sent {"src":"n2","dest":"c12","body":{"in_reply_to":23,"messages":[0,2,3,4,5,6,7,8,9,10,11,12,13],"type":"read_ok"}}
2024/02/15 19:47:37 Received {c12 n2 {"type":"read","msg_id":24}}
2024/02/15 19:47:37 Sent {"src":"n2","dest":"c12","body":{"in_reply_to":24,"messages":[0,2,3,4,5,6,7,8,9,10,11,12,13],"type":"read_ok"}}
2024/02/15 19:47:37 Received {c12 n2 {"type":"read","msg_id":25}}
2024/02/15 19:47:37 Sent {"src":"n2","dest":"c12","body":{"in_reply_to":25,"messages":[0,2,3,4,5,6,7,8,9,10,11,12,13],"type":"read_ok"}}
2024/02/15 19:47:37 Received {c12 n2 {"type":"read","msg_id":26}}
2024/02/15 19:47:37 Sent {"src":"n2","dest":"c12","body":{"in_reply_to":26,"messages":[0,2,3,4,5,6,7,8,9,10,11,12,13],"type":"read_ok"}}
2024/02/15 19:47:37 Received {c12 n2 {"type":"read","msg_id":27}}
2024/02/15 19:47:37 Sent {"src":"n2","dest":"c12","body":{"in_reply_to":27,"messages":[0,2,3,4,5,6,7,8,9,10,11,12,13],"type":"read_ok"}}
2024/02/15 19:47:37 Received {c12 n2 {"type":"read","msg_id":28}}
2024/02/15 19:47:37 Sent {"src":"n2","dest":"c12","body":{"in_reply_to":28,"messages":[0,2,3,4,5,6,7,8,9,10,11,12,13],"type":"read_ok"}}
2024/02/15 19:47:37 Received {c12 n2 {"type":"broadcast","message":14,"msg_id":29}}
2024/02/15 19:47:37 Sent {"src":"n2","dest":"n1","body":{"type":"broadcast","message":14}}
2024/02/15 19:47:37 Sent {"src":"n2","dest":"c12","body":{"in_reply_to":29,"type":"broadcast_ok"}}
2024/02/15 19:47:37 Received {c12 n2 {"type":"broadcast","message":15,"msg_id":30}}
2024/02/15 19:47:37 Sent {"src":"n2","dest":"n1","body":{"type":"broadcast","message":15}}
2024/02/15 19:47:37 Sent {"src":"n2","dest":"c12","body":{"in_reply_to":30,"type":"broadcast_ok"}}
2024/02/15 19:47:37 Received {c12 n2 {"type":"broadcast","message":16,"msg_id":31}}
2024/02/15 19:47:37 Sent {"src":"n2","dest":"n1","body":{"type":"broadcast","message":16}}
2024/02/15 19:47:37 Sent {"src":"n2","dest":"c12","body":{"in_reply_to":31,"type":"broadcast_ok"}}
2024/02/15 19:47:37 Received {c12 n2 {"type":"broadcast","message":17,"msg_id":32}}
2024/02/15 19:47:37 Sent {"src":"n2","dest":"n1","body":{"type":"broadcast","message":17}}
2024/02/15 19:47:37 Sent {"src":"n2","dest":"c12","body":{"in_reply_to":32,"type":"broadcast_ok"}}
2024/02/15 19:47:37 Received {c12 n2 {"type":"read","msg_id":33}}
2024/02/15 19:47:37 Sent {"src":"n2","dest":"c12","body":{"in_reply_to":33,"messages":[0,2,3,4,5,6,7,8,9,10,11,12,13,14,15,16,17],"type":"read_ok"}}
2024/02/15 19:47:37 Received {c12 n2 {"type":"read","msg_id":34}}
2024/02/15 19:47:37 Sent {"src":"n2","dest":"c12","body":{"in_reply_to":34,"messages":[0,2,3,4,5,6,7,8,9,10,11,12,13,14,15,16,17],"type":"read_ok"}}
2024/02/15 19:47:38 Received {c12 n2 {"type":"broadcast","message":18,"msg_id":35}}
2024/02/15 19:47:38 Sent {"src":"n2","dest":"n1","body":{"type":"broadcast","message":18}}
2024/02/15 19:47:38 Sent {"src":"n2","dest":"c12","body":{"in_reply_to":35,"type":"broadcast_ok"}}
2024/02/15 19:47:38 Received {c12 n2 {"type":"broadcast","message":19,"msg_id":36}}
2024/02/15 19:47:38 Sent {"src":"n2","dest":"n1","body":{"type":"broadcast","message":19}}
2024/02/15 19:47:38 Sent {"src":"n2","dest":"c12","body":{"in_reply_to":36,"type":"broadcast_ok"}}
2024/02/15 19:47:38 Received {c12 n2 {"type":"broadcast","message":20,"msg_id":37}}
2024/02/15 19:47:38 Sent {"src":"n2","dest":"n1","body":{"type":"broadcast","message":20}}
2024/02/15 19:47:38 Sent {"src":"n2","dest":"c12","body":{"in_reply_to":37,"type":"broadcast_ok"}}
2024/02/15 19:47:38 Received {c12 n2 {"type":"read","msg_id":38}}
2024/02/15 19:47:38 Sent {"src":"n2","dest":"c12","body":{"in_reply_to":38,"messages":[0,2,3,4,5,6,7,8,9,10,11,12,13,14,15,16,17,18,19,20],"type":"read_ok"}}
2024/02/15 19:47:38 Received {c12 n2 {"type":"read","msg_id":39}}
2024/02/15 19:47:38 Sent {"src":"n2","dest":"c12","body":{"in_reply_to":39,"messages":[0,2,3,4,5,6,7,8,9,10,11,12,13,14,15,16,17,18,19,20],"type":"read_ok"}}
2024/02/15 19:47:38 Received {c12 n2 {"type":"broadcast","message":21,"msg_id":40}}
2024/02/15 19:47:38 Sent {"src":"n2","dest":"n1","body":{"type":"broadcast","message":21}}
2024/02/15 19:47:38 Sent {"src":"n2","dest":"c12","body":{"in_reply_to":40,"type":"broadcast_ok"}}
2024/02/15 19:47:38 Received {c12 n2 {"type":"broadcast","message":22,"msg_id":41}}
2024/02/15 19:47:38 Sent {"src":"n2","dest":"n1","body":{"type":"broadcast","message":22}}
2024/02/15 19:47:38 Sent {"src":"n2","dest":"c12","body":{"in_reply_to":41,"type":"broadcast_ok"}}
2024/02/15 19:47:39 Received {c12 n2 {"type":"read","msg_id":42}}
2024/02/15 19:47:39 Sent {"src":"n2","dest":"c12","body":{"in_reply_to":42,"messages":[0,2,3,4,5,6,7,8,9,10,11,12,13,14,15,16,17,18,19,20,21,22],"type":"read_ok"}}
2024/02/15 19:47:39 Received {c12 n2 {"type":"read","msg_id":43}}
2024/02/15 19:47:39 Sent {"src":"n2","dest":"c12","body":{"in_reply_to":43,"messages":[0,2,3,4,5,6,7,8,9,10,11,12,13,14,15,16,17,18,19,20,21,22],"type":"read_ok"}}
2024/02/15 19:47:39 Received {c12 n2 {"type":"read","msg_id":44}}
2024/02/15 19:47:39 Sent {"src":"n2","dest":"c12","body":{"in_reply_to":44,"messages":[0,2,3,4,5,6,7,8,9,10,11,12,13,14,15,16,17,18,19,20,21,22],"type":"read_ok"}}
2024/02/15 19:47:40 Received {c12 n2 {"type":"broadcast","message":24,"msg_id":45}}
2024/02/15 19:47:40 Sent {"src":"n2","dest":"n1","body":{"type":"broadcast","message":24}}
2024/02/15 19:47:40 Sent {"src":"n2","dest":"c12","body":{"in_reply_to":45,"type":"broadcast_ok"}}
2024/02/15 19:47:40 Received {c12 n2 {"type":"read","msg_id":46}}
2024/02/15 19:47:40 Sent {"src":"n2","dest":"c12","body":{"in_reply_to":46,"messages":[0,2,3,4,5,6,7,8,9,10,11,12,13,14,15,16,17,18,19,20,21,22,24],"type":"read_ok"}}
2024/02/15 19:47:40 Received {c12 n2 {"type":"read","msg_id":47}}
2024/02/15 19:47:40 Sent {"src":"n2","dest":"c12","body":{"in_reply_to":47,"messages":[0,2,3,4,5,6,7,8,9,10,11,12,13,14,15,16,17,18,19,20,21,22,24],"type":"read_ok"}}
2024/02/15 19:47:40 Received {c12 n2 {"type":"read","msg_id":48}}
2024/02/15 19:47:40 Sent {"src":"n2","dest":"c12","body":{"in_reply_to":48,"messages":[0,2,3,4,5,6,7,8,9,10,11,12,13,14,15,16,17,18,19,20,21,22,24],"type":"read_ok"}}
2024/02/15 19:47:40 Received {c12 n2 {"type":"read","msg_id":49}}
2024/02/15 19:47:40 Sent {"src":"n2","dest":"c12","body":{"in_reply_to":49,"messages":[0,2,3,4,5,6,7,8,9,10,11,12,13,14,15,16,17,18,19,20,21,22,24],"type":"read_ok"}}
2024/02/15 19:47:40 Received {c12 n2 {"type":"broadcast","message":25,"msg_id":50}}
2024/02/15 19:47:40 Sent {"src":"n2","dest":"n1","body":{"type":"broadcast","message":25}}
2024/02/15 19:47:40 Sent {"src":"n2","dest":"c12","body":{"in_reply_to":50,"type":"broadcast_ok"}}
2024/02/15 19:47:40 Received {c12 n2 {"type":"broadcast","message":26,"msg_id":51}}
2024/02/15 19:47:40 Sent {"src":"n2","dest":"n1","body":{"type":"broadcast","message":26}}
2024/02/15 19:47:40 Sent {"src":"n2","dest":"c12","body":{"in_reply_to":51,"type":"broadcast_ok"}}
2024/02/15 19:47:40 Received {c12 n2 {"type":"broadcast","message":27,"msg_id":52}}
2024/02/15 19:47:40 Sent {"src":"n2","dest":"n1","body":{"type":"broadcast","message":27}}
2024/02/15 19:47:40 Sent {"src":"n2","dest":"c12","body":{"in_reply_to":52,"type":"broadcast_ok"}}
2024/02/15 19:47:41 Received {c12 n2 {"type":"read","msg_id":53}}
2024/02/15 19:47:41 Sent {"src":"n2","dest":"c12","body":{"in_reply_to":53,"messages":[0,2,3,4,5,6,7,8,9,10,11,12,13,14,15,16,17,18,19,20,21,22,24,25,26,27],"type":"read_ok"}}
2024/02/15 19:47:41 Received {c12 n2 {"type":"read","msg_id":54}}
2024/02/15 19:47:41 Sent {"src":"n2","dest":"c12","body":{"in_reply_to":54,"messages":[0,2,3,4,5,6,7,8,9,10,11,12,13,14,15,16,17,18,19,20,21,22,24,25,26,27],"type":"read_ok"}}
2024/02/15 19:47:41 Received {c12 n2 {"type":"read","msg_id":55}}
2024/02/15 19:47:41 Sent {"src":"n2","dest":"c12","body":{"in_reply_to":55,"messages":[0,2,3,4,5,6,7,8,9,10,11,12,13,14,15,16,17,18,19,20,21,22,24,25,26,27],"type":"read_ok"}}
2024/02/15 19:47:41 Received {c12 n2 {"type":"read","msg_id":56}}
2024/02/15 19:47:41 Sent {"src":"n2","dest":"c12","body":{"in_reply_to":56,"messages":[0,2,3,4,5,6,7,8,9,10,11,12,13,14,15,16,17,18,19,20,21,22,24,25,26,27],"type":"read_ok"}}
2024/02/15 19:47:41 Received {c12 n2 {"type":"read","msg_id":57}}
2024/02/15 19:47:41 Sent {"src":"n2","dest":"c12","body":{"in_reply_to":57,"messages":[0,2,3,4,5,6,7,8,9,10,11,12,13,14,15,16,17,18,19,20,21,22,24,25,26,27],"type":"read_ok"}}
2024/02/15 19:47:41 Received {c12 n2 {"type":"read","msg_id":58}}
2024/02/15 19:47:41 Sent {"src":"n2","dest":"c12","body":{"in_reply_to":58,"messages":[0,2,3,4,5,6,7,8,9,10,11,12,13,14,15,16,17,18,19,20,21,22,24,25,26,27],"type":"read_ok"}}
2024/02/15 19:47:41 Received {c12 n2 {"type":"read","msg_id":59}}
2024/02/15 19:47:41 Sent {"src":"n2","dest":"c12","body":{"in_reply_to":59,"messages":[0,2,3,4,5,6,7,8,9,10,11,12,13,14,15,16,17,18,19,20,21,22,24,25,26,27],"type":"read_ok"}}
2024/02/15 19:47:41 Received {c12 n2 {"type":"read","msg_id":60}}
2024/02/15 19:47:41 Sent {"src":"n2","dest":"c12","body":{"in_reply_to":60,"messages":[0,2,3,4,5,6,7,8,9,10,11,12,13,14,15,16,17,18,19,20,21,22,24,25,26,27],"type":"read_ok"}}
2024/02/15 19:47:42 Received {c12 n2 {"type":"broadcast","message":28,"msg_id":61}}
2024/02/15 19:47:42 Sent {"src":"n2","dest":"n1","body":{"type":"broadcast","message":28}}
2024/02/15 19:47:42 Sent {"src":"n2","dest":"c12","body":{"in_reply_to":61,"type":"broadcast_ok"}}
2024/02/15 19:47:42 Received {c12 n2 {"type":"read","msg_id":62}}
2024/02/15 19:47:42 Sent {"src":"n2","dest":"c12","body":{"in_reply_to":62,"messages":[0,2,3,4,5,6,7,8,9,10,11,12,13,14,15,16,17,18,19,20,21,22,24,25,26,27,28],"type":"read_ok"}}
2024/02/15 19:47:42 Received {c12 n2 {"type":"read","msg_id":63}}
2024/02/15 19:47:42 Sent {"src":"n2","dest":"c12","body":{"in_reply_to":63,"messages":[0,2,3,4,5,6,7,8,9,10,11,12,13,14,15,16,17,18,19,20,21,22,24,25,26,27,28],"type":"read_ok"}}
2024/02/15 19:47:42 Received {c12 n2 {"type":"read","msg_id":64}}
2024/02/15 19:47:42 Sent {"src":"n2","dest":"c12","body":{"in_reply_to":64,"messages":[0,2,3,4,5,6,7,8,9,10,11,12,13,14,15,16,17,18,19,20,21,22,24,25,26,27,28],"type":"read_ok"}}
2024/02/15 19:47:42 Received {c12 n2 {"type":"broadcast","message":29,"msg_id":65}}
2024/02/15 19:47:42 Sent {"src":"n2","dest":"n1","body":{"type":"broadcast","message":29}}
2024/02/15 19:47:42 Sent {"src":"n2","dest":"c12","body":{"in_reply_to":65,"type":"broadcast_ok"}}
2024/02/15 19:47:42 Received {c12 n2 {"type":"broadcast","message":30,"msg_id":66}}
2024/02/15 19:47:42 Sent {"src":"n2","dest":"n1","body":{"type":"broadcast","message":30}}
2024/02/15 19:47:42 Sent {"src":"n2","dest":"c12","body":{"in_reply_to":66,"type":"broadcast_ok"}}
2024/02/15 19:47:42 Received {c12 n2 {"type":"read","msg_id":67}}
2024/02/15 19:47:42 Sent {"src":"n2","dest":"c12","body":{"in_reply_to":67,"messages":[0,2,3,4,5,6,7,8,9,10,11,12,13,14,15,16,17,18,19,20,21,22,24,25,26,27,28,29,30],"type":"read_ok"}}
2024/02/15 19:47:42 Received {c12 n2 {"type":"broadcast","message":31,"msg_id":68}}
2024/02/15 19:47:42 Sent {"src":"n2","dest":"n1","body":{"type":"broadcast","message":31}}
2024/02/15 19:47:42 Sent {"src":"n2","dest":"c12","body":{"in_reply_to":68,"type":"broadcast_ok"}}
2024/02/15 19:47:42 Received {c12 n2 {"type":"broadcast","message":32,"msg_id":69}}
2024/02/15 19:47:42 Sent {"src":"n2","dest":"n1","body":{"type":"broadcast","message":32}}
2024/02/15 19:47:42 Sent {"src":"n2","dest":"c12","body":{"in_reply_to":69,"type":"broadcast_ok"}}
2024/02/15 19:47:43 Received {c12 n2 {"type":"read","msg_id":70}}
2024/02/15 19:47:43 Sent {"src":"n2","dest":"c12","body":{"in_reply_to":70,"messages":[0,2,3,4,5,6,7,8,9,10,11,12,13,14,15,16,17,18,19,20,21,22,24,25,26,27,28,29,30,31,32],"type":"read_ok"}}
2024/02/15 19:47:43 Received {c12 n2 {"type":"read","msg_id":71}}
2024/02/15 19:47:43 Sent {"src":"n2","dest":"c12","body":{"in_reply_to":71,"messages":[0,2,3,4,5,6,7,8,9,10,11,12,13,14,15,16,17,18,19,20,21,22,24,25,26,27,28,29,30,31,32],"type":"read_ok"}}
2024/02/15 19:47:43 Received {c12 n2 {"type":"broadcast","message":33,"msg_id":72}}
2024/02/15 19:47:43 Sent {"src":"n2","dest":"n1","body":{"type":"broadcast","message":33}}
2024/02/15 19:47:43 Sent {"src":"n2","dest":"c12","body":{"in_reply_to":72,"type":"broadcast_ok"}}
2024/02/15 19:47:43 Received {c12 n2 {"type":"broadcast","message":34,"msg_id":73}}
2024/02/15 19:47:43 Sent {"src":"n2","dest":"n1","body":{"type":"broadcast","message":34}}
2024/02/15 19:47:43 Sent {"src":"n2","dest":"c12","body":{"in_reply_to":73,"type":"broadcast_ok"}}
2024/02/15 19:47:43 Received {c12 n2 {"type":"broadcast","message":35,"msg_id":74}}
2024/02/15 19:47:43 Sent {"src":"n2","dest":"n1","body":{"type":"broadcast","message":35}}
2024/02/15 19:47:43 Sent {"src":"n2","dest":"c12","body":{"in_reply_to":74,"type":"broadcast_ok"}}
2024/02/15 19:47:43 Received {c12 n2 {"type":"broadcast","message":36,"msg_id":75}}
2024/02/15 19:47:43 Sent {"src":"n2","dest":"n1","body":{"type":"broadcast","message":36}}
2024/02/15 19:47:43 Sent {"src":"n2","dest":"c12","body":{"in_reply_to":75,"type":"broadcast_ok"}}
2024/02/15 19:47:43 Received {c12 n2 {"type":"read","msg_id":76}}
2024/02/15 19:47:43 Sent {"src":"n2","dest":"c12","body":{"in_reply_to":76,"messages":[0,2,3,4,5,6,7,8,9,10,11,12,13,14,15,16,17,18,19,20,21,22,24,25,26,27,28,29,30,31,32,33,34,35,36],"type":"read_ok"}}
2024/02/15 19:47:43 Received {c12 n2 {"type":"broadcast","message":37,"msg_id":77}}
2024/02/15 19:47:43 Sent {"src":"n2","dest":"n1","body":{"type":"broadcast","message":37}}
2024/02/15 19:47:43 Sent {"src":"n2","dest":"c12","body":{"in_reply_to":77,"type":"broadcast_ok"}}
2024/02/15 19:47:43 Received {c12 n2 {"type":"broadcast","message":38,"msg_id":78}}
2024/02/15 19:47:43 Sent {"src":"n2","dest":"n1","body":{"type":"broadcast","message":38}}
2024/02/15 19:47:43 Sent {"src":"n2","dest":"c12","body":{"in_reply_to":78,"type":"broadcast_ok"}}
2024/02/15 19:47:43 Received {c12 n2 {"type":"broadcast","message":39,"msg_id":79}}
2024/02/15 19:47:43 Sent {"src":"n2","dest":"n1","body":{"type":"broadcast","message":39}}
2024/02/15 19:47:43 Sent {"src":"n2","dest":"c12","body":{"in_reply_to":79,"type":"broadcast_ok"}}
2024/02/15 19:47:43 Received {c12 n2 {"type":"broadcast","message":40,"msg_id":80}}
2024/02/15 19:47:43 Sent {"src":"n2","dest":"n1","body":{"type":"broadcast","message":40}}
2024/02/15 19:47:43 Sent {"src":"n2","dest":"c12","body":{"in_reply_to":80,"type":"broadcast_ok"}}
2024/02/15 19:47:44 Received {c12 n2 {"type":"broadcast","message":41,"msg_id":81}}
2024/02/15 19:47:44 Sent {"src":"n2","dest":"n1","body":{"type":"broadcast","message":41}}
2024/02/15 19:47:44 Sent {"src":"n2","dest":"c12","body":{"in_reply_to":81,"type":"broadcast_ok"}}
2024/02/15 19:47:44 Received {c12 n2 {"type":"read","msg_id":82}}
2024/02/15 19:47:44 Sent {"src":"n2","dest":"c12","body":{"in_reply_to":82,"messages":[0,2,3,4,5,6,7,8,9,10,11,12,13,14,15,16,17,18,19,20,21,22,24,25,26,27,28,29,30,31,32,33,34,35,36,37,38,39,40,41],"type":"read_ok"}}
2024/02/15 19:47:44 Received {c12 n2 {"type":"read","msg_id":83}}
2024/02/15 19:47:44 Sent {"src":"n2","dest":"c12","body":{"in_reply_to":83,"messages":[0,2,3,4,5,6,7,8,9,10,11,12,13,14,15,16,17,18,19,20,21,22,24,25,26,27,28,29,30,31,32,33,34,35,36,37,38,39,40,41],"type":"read_ok"}}
2024/02/15 19:47:44 Received {c12 n2 {"type":"broadcast","message":44,"msg_id":84}}
2024/02/15 19:47:44 Sent {"src":"n2","dest":"n1","body":{"type":"broadcast","message":44}}
2024/02/15 19:47:44 Sent {"src":"n2","dest":"c12","body":{"in_reply_to":84,"type":"broadcast_ok"}}
2024/02/15 19:47:44 Received {c12 n2 {"type":"broadcast","message":45,"msg_id":85}}
2024/02/15 19:47:44 Sent {"src":"n2","dest":"n1","body":{"type":"broadcast","message":45}}
2024/02/15 19:47:44 Sent {"src":"n2","dest":"c12","body":{"in_reply_to":85,"type":"broadcast_ok"}}
2024/02/15 19:47:45 Received {c12 n2 {"type":"read","msg_id":86}}
2024/02/15 19:47:45 Sent {"src":"n2","dest":"c12","body":{"in_reply_to":86,"messages":[0,2,3,4,5,6,7,8,9,10,11,12,13,14,15,16,17,18,19,20,21,22,24,25,26,27,28,29,30,31,32,33,34,35,36,37,38,39,40,41,44,45],"type":"read_ok"}}
2024/02/15 19:47:45 Received {c12 n2 {"type":"broadcast","message":47,"msg_id":87}}
2024/02/15 19:47:45 Sent {"src":"n2","dest":"n1","body":{"type":"broadcast","message":47}}
2024/02/15 19:47:45 Sent {"src":"n2","dest":"c12","body":{"in_reply_to":87,"type":"broadcast_ok"}}
2024/02/15 19:47:45 Received {c12 n2 {"type":"broadcast","message":48,"msg_id":88}}
2024/02/15 19:47:45 Sent {"src":"n2","dest":"n1","body":{"type":"broadcast","message":48}}
2024/02/15 19:47:45 Sent {"src":"n2","dest":"c12","body":{"in_reply_to":88,"type":"broadcast_ok"}}
2024/02/15 19:47:45 Received {c12 n2 {"type":"broadcast","message":49,"msg_id":89}}
2024/02/15 19:47:45 Sent {"src":"n2","dest":"n1","body":{"type":"broadcast","message":49}}
2024/02/15 19:47:45 Sent {"src":"n2","dest":"c12","body":{"in_reply_to":89,"type":"broadcast_ok"}}
2024/02/15 19:47:45 Received {c12 n2 {"type":"read","msg_id":90}}
2024/02/15 19:47:45 Sent {"src":"n2","dest":"c12","body":{"in_reply_to":90,"messages":[0,2,3,4,5,6,7,8,9,10,11,12,13,14,15,16,17,18,19,20,21,22,24,25,26,27,28,29,30,31,32,33,34,35,36,37,38,39,40,41,44,45,47,48,49],"type":"read_ok"}}
2024/02/15 19:47:45 Received {c12 n2 {"type":"broadcast","message":50,"msg_id":91}}
2024/02/15 19:47:45 Sent {"src":"n2","dest":"n1","body":{"type":"broadcast","message":50}}
2024/02/15 19:47:45 Sent {"src":"n2","dest":"c12","body":{"in_reply_to":91,"type":"broadcast_ok"}}
2024/02/15 19:47:45 Received {c12 n2 {"type":"broadcast","message":51,"msg_id":92}}
2024/02/15 19:47:45 Sent {"src":"n2","dest":"n1","body":{"type":"broadcast","message":51}}
2024/02/15 19:47:45 Sent {"src":"n2","dest":"c12","body":{"in_reply_to":92,"type":"broadcast_ok"}}
2024/02/15 19:47:45 Received {c12 n2 {"type":"broadcast","message":52,"msg_id":93}}
2024/02/15 19:47:45 Sent {"src":"n2","dest":"n1","body":{"type":"broadcast","message":52}}
2024/02/15 19:47:45 Sent {"src":"n2","dest":"c12","body":{"in_reply_to":93,"type":"broadcast_ok"}}
2024/02/15 19:47:45 Received {c12 n2 {"type":"read","msg_id":94}}
2024/02/15 19:47:45 Sent {"src":"n2","dest":"c12","body":{"in_reply_to":94,"messages":[0,2,3,4,5,6,7,8,9,10,11,12,13,14,15,16,17,18,19,20,21,22,24,25,26,27,28,29,30,31,32,33,34,35,36,37,38,39,40,41,44,45,47,48,49,50,51,52],"type":"read_ok"}}
2024/02/15 19:47:46 Received {c12 n2 {"type":"read","msg_id":95}}
2024/02/15 19:47:46 Sent {"src":"n2","dest":"c12","body":{"in_reply_to":95,"messages":[0,2,3,4,5,6,7,8,9,10,11,12,13,14,15,16,17,18,19,20,21,22,24,25,26,27,28,29,30,31,32,33,34,35,36,37,38,39,40,41,44,45,47,48,49,50,51,52],"type":"read_ok"}}
2024/02/15 19:47:46 Received {c12 n2 {"type":"read","msg_id":96}}
2024/02/15 19:47:46 Sent {"src":"n2","dest":"c12","body":{"in_reply_to":96,"messages":[0,2,3,4,5,6,7,8,9,10,11,12,13,14,15,16,17,18,19,20,21,22,24,25,26,27,28,29,30,31,32,33,34,35,36,37,38,39,40,41,44,45,47,48,49,50,51,52],"type":"read_ok"}}
2024/02/15 19:47:46 Received {c12 n2 {"type":"broadcast","message":53,"msg_id":97}}
2024/02/15 19:47:46 Sent {"src":"n2","dest":"n1","body":{"type":"broadcast","message":53}}
2024/02/15 19:47:46 Sent {"src":"n2","dest":"c12","body":{"in_reply_to":97,"type":"broadcast_ok"}}
2024/02/15 19:47:46 Received {c12 n2 {"type":"broadcast","message":54,"msg_id":98}}
2024/02/15 19:47:46 Sent {"src":"n2","dest":"n1","body":{"type":"broadcast","message":54}}
2024/02/15 19:47:46 Sent {"src":"n2","dest":"c12","body":{"in_reply_to":98,"type":"broadcast_ok"}}
2024/02/15 19:47:46 Received {c12 n2 {"type":"read","msg_id":99}}
2024/02/15 19:47:46 Sent {"src":"n2","dest":"c12","body":{"in_reply_to":99,"messages":[0,2,3,4,5,6,7,8,9,10,11,12,13,14,15,16,17,18,19,20,21,22,24,25,26,27,28,29,30,31,32,33,34,35,36,37,38,39,40,41,44,45,47,48,49,50,51,52,53,54],"type":"read_ok"}}
2024/02/15 19:47:46 Received {c12 n2 {"type":"broadcast","message":55,"msg_id":100}}
2024/02/15 19:47:46 Sent {"src":"n2","dest":"n1","body":{"type":"broadcast","message":55}}
2024/02/15 19:47:46 Sent {"src":"n2","dest":"c12","body":{"in_reply_to":100,"type":"broadcast_ok"}}
2024/02/15 19:47:46 Received {c12 n2 {"type":"read","msg_id":101}}
2024/02/15 19:47:46 Sent {"src":"n2","dest":"c12","body":{"in_reply_to":101,"messages":[0,2,3,4,5,6,7,8,9,10,11,12,13,14,15,16,17,18,19,20,21,22,24,25,26,27,28,29,30,31,32,33,34,35,36,37,38,39,40,41,44,45,47,48,49,50,51,52,53,54,55],"type":"read_ok"}}
2024/02/15 19:47:47 Received {c12 n2 {"type":"broadcast","message":56,"msg_id":102}}
2024/02/15 19:47:47 Sent {"src":"n2","dest":"n1","body":{"type":"broadcast","message":56}}
2024/02/15 19:47:47 Sent {"src":"n2","dest":"c12","body":{"in_reply_to":102,"type":"broadcast_ok"}}
2024/02/15 19:47:47 Received {c12 n2 {"type":"read","msg_id":103}}
2024/02/15 19:47:47 Sent {"src":"n2","dest":"c12","body":{"in_reply_to":103,"messages":[0,2,3,4,5,6,7,8,9,10,11,12,13,14,15,16,17,18,19,20,21,22,24,25,26,27,28,29,30,31,32,33,34,35,36,37,38,39,40,41,44,45,47,48,49,50,51,52,53,54,55,56],"type":"read_ok"}}
2024/02/15 19:47:47 Received {c12 n2 {"type":"read","msg_id":104}}
2024/02/15 19:47:47 Sent {"src":"n2","dest":"c12","body":{"in_reply_to":104,"messages":[0,2,3,4,5,6,7,8,9,10,11,12,13,14,15,16,17,18,19,20,21,22,24,25,26,27,28,29,30,31,32,33,34,35,36,37,38,39,40,41,44,45,47,48,49,50,51,52,53,54,55,56],"type":"read_ok"}}
2024/02/15 19:47:47 Received {c12 n2 {"type":"broadcast","message":57,"msg_id":105}}
2024/02/15 19:47:47 Sent {"src":"n2","dest":"n1","body":{"type":"broadcast","message":57}}
2024/02/15 19:47:47 Sent {"src":"n2","dest":"c12","body":{"in_reply_to":105,"type":"broadcast_ok"}}
2024/02/15 19:47:47 Received {c12 n2 {"type":"read","msg_id":106}}
2024/02/15 19:47:47 Sent {"src":"n2","dest":"c12","body":{"in_reply_to":106,"messages":[0,2,3,4,5,6,7,8,9,10,11,12,13,14,15,16,17,18,19,20,21,22,24,25,26,27,28,29,30,31,32,33,34,35,36,37,38,39,40,41,44,45,47,48,49,50,51,52,53,54,55,56,57],"type":"read_ok"}}
2024/02/15 19:47:47 Received {c12 n2 {"type":"read","msg_id":107}}
2024/02/15 19:47:47 Sent {"src":"n2","dest":"c12","body":{"in_reply_to":107,"messages":[0,2,3,4,5,6,7,8,9,10,11,12,13,14,15,16,17,18,19,20,21,22,24,25,26,27,28,29,30,31,32,33,34,35,36,37,38,39,40,41,44,45,47,48,49,50,51,52,53,54,55,56,57],"type":"read_ok"}}
2024/02/15 19:47:47 Received {c12 n2 {"type":"read","msg_id":108}}
2024/02/15 19:47:47 Sent {"src":"n2","dest":"c12","body":{"in_reply_to":108,"messages":[0,2,3,4,5,6,7,8,9,10,11,12,13,14,15,16,17,18,19,20,21,22,24,25,26,27,28,29,30,31,32,33,34,35,36,37,38,39,40,41,44,45,47,48,49,50,51,52,53,54,55,56,57],"type":"read_ok"}}
2024/02/15 19:47:47 Received {c12 n2 {"type":"read","msg_id":109}}
2024/02/15 19:47:47 Sent {"src":"n2","dest":"c12","body":{"in_reply_to":109,"messages":[0,2,3,4,5,6,7,8,9,10,11,12,13,14,15,16,17,18,19,20,21,22,24,25,26,27,28,29,30,31,32,33,34,35,36,37,38,39,40,41,44,45,47,48,49,50,51,52,53,54,55,56,57],"type":"read_ok"}}
2024/02/15 19:47:47 Received {c12 n2 {"type":"read","msg_id":110}}
2024/02/15 19:47:47 Sent {"src":"n2","dest":"c12","body":{"in_reply_to":110,"messages":[0,2,3,4,5,6,7,8,9,10,11,12,13,14,15,16,17,18,19,20,21,22,24,25,26,27,28,29,30,31,32,33,34,35,36,37,38,39,40,41,44,45,47,48,49,50,51,52,53,54,55,56,57],"type":"read_ok"}}
2024/02/15 19:47:47 Received {c12 n2 {"type":"read","msg_id":111}}
2024/02/15 19:47:47 Sent {"src":"n2","dest":"c12","body":{"in_reply_to":111,"messages":[0,2,3,4,5,6,7,8,9,10,11,12,13,14,15,16,17,18,19,20,21,22,24,25,26,27,28,29,30,31,32,33,34,35,36,37,38,39,40,41,44,45,47,48,49,50,51,52,53,54,55,56,57],"type":"read_ok"}}
2024/02/15 19:47:48 Received {c12 n2 {"type":"read","msg_id":112}}
2024/02/15 19:47:48 Sent {"src":"n2","dest":"c12","body":{"in_reply_to":112,"messages":[0,2,3,4,5,6,7,8,9,10,11,12,13,14,15,16,17,18,19,20,21,22,24,25,26,27,28,29,30,31,32,33,34,35,36,37,38,39,40,41,44,45,47,48,49,50,51,52,53,54,55,56,57],"type":"read_ok"}}
2024/02/15 19:47:48 Received {c12 n2 {"type":"broadcast","message":58,"msg_id":113}}
2024/02/15 19:47:48 Sent {"src":"n2","dest":"n1","body":{"type":"broadcast","message":58}}
2024/02/15 19:47:48 Sent {"src":"n2","dest":"c12","body":{"in_reply_to":113,"type":"broadcast_ok"}}
2024/02/15 19:47:48 Received {c12 n2 {"type":"broadcast","message":59,"msg_id":114}}
2024/02/15 19:47:48 Sent {"src":"n2","dest":"n1","body":{"type":"broadcast","message":59}}
2024/02/15 19:47:48 Sent {"src":"n2","dest":"c12","body":{"in_reply_to":114,"type":"broadcast_ok"}}
2024/02/15 19:47:48 Received {c12 n2 {"type":"read","msg_id":115}}
2024/02/15 19:47:48 Sent {"src":"n2","dest":"c12","body":{"in_reply_to":115,"messages":[0,2,3,4,5,6,7,8,9,10,11,12,13,14,15,16,17,18,19,20,21,22,24,25,26,27,28,29,30,31,32,33,34,35,36,37,38,39,40,41,44,45,47,48,49,50,51,52,53,54,55,56,57,58,59],"type":"read_ok"}}
2024/02/15 19:47:48 Received {c12 n2 {"type":"broadcast","message":60,"msg_id":116}}
2024/02/15 19:47:48 Sent {"src":"n2","dest":"n1","body":{"type":"broadcast","message":60}}
2024/02/15 19:47:48 Sent {"src":"n2","dest":"c12","body":{"in_reply_to":116,"type":"broadcast_ok"}}
2024/02/15 19:47:48 Received {c12 n2 {"type":"read","msg_id":117}}
2024/02/15 19:47:48 Sent {"src":"n2","dest":"c12","body":{"in_reply_to":117,"messages":[0,2,3,4,5,6,7,8,9,10,11,12,13,14,15,16,17,18,19,20,21,22,24,25,26,27,28,29,30,31,32,33,34,35,36,37,38,39,40,41,44,45,47,48,49,50,51,52,53,54,55,56,57,58,59,60],"type":"read_ok"}}
2024/02/15 19:47:48 Received {c12 n2 {"type":"broadcast","message":61,"msg_id":118}}
2024/02/15 19:47:48 Sent {"src":"n2","dest":"n1","body":{"type":"broadcast","message":61}}
2024/02/15 19:47:48 Sent {"src":"n2","dest":"c12","body":{"in_reply_to":118,"type":"broadcast_ok"}}
2024/02/15 19:47:48 Received {c12 n2 {"type":"broadcast","message":62,"msg_id":119}}
2024/02/15 19:47:48 Sent {"src":"n2","dest":"n1","body":{"type":"broadcast","message":62}}
2024/02/15 19:47:48 Sent {"src":"n2","dest":"c12","body":{"in_reply_to":119,"type":"broadcast_ok"}}
2024/02/15 19:47:48 Received {c12 n2 {"type":"read","msg_id":120}}
2024/02/15 19:47:48 Sent {"src":"n2","dest":"c12","body":{"in_reply_to":120,"messages":[0,2,3,4,5,6,7,8,9,10,11,12,13,14,15,16,17,18,19,20,21,22,24,25,26,27,28,29,30,31,32,33,34,35,36,37,38,39,40,41,44,45,47,48,49,50,51,52,53,54,55,56,57,58,59,60,61,62],"type":"read_ok"}}
2024/02/15 19:47:49 Received {c12 n2 {"type":"broadcast","message":63,"msg_id":121}}
2024/02/15 19:47:49 Sent {"src":"n2","dest":"n1","body":{"type":"broadcast","message":63}}
2024/02/15 19:47:49 Sent {"src":"n2","dest":"c12","body":{"in_reply_to":121,"type":"broadcast_ok"}}
2024/02/15 19:47:49 Received {c12 n2 {"type":"broadcast","message":64,"msg_id":122}}
2024/02/15 19:47:49 Sent {"src":"n2","dest":"n1","body":{"type":"broadcast","message":64}}
2024/02/15 19:47:49 Sent {"src":"n2","dest":"c12","body":{"in_reply_to":122,"type":"broadcast_ok"}}
2024/02/15 19:47:49 Received {c12 n2 {"type":"read","msg_id":123}}
2024/02/15 19:47:49 Sent {"src":"n2","dest":"c12","body":{"in_reply_to":123,"messages":[0,2,3,4,5,6,7,8,9,10,11,12,13,14,15,16,17,18,19,20,21,22,24,25,26,27,28,29,30,31,32,33,34,35,36,37,38,39,40,41,44,45,47,48,49,50,51,52,53,54,55,56,57,58,59,60,61,62,63,64],"type":"read_ok"}}
2024/02/15 19:47:49 Received {c12 n2 {"type":"read","msg_id":124}}
2024/02/15 19:47:49 Sent {"src":"n2","dest":"c12","body":{"in_reply_to":124,"messages":[0,2,3,4,5,6,7,8,9,10,11,12,13,14,15,16,17,18,19,20,21,22,24,25,26,27,28,29,30,31,32,33,34,35,36,37,38,39,40,41,44,45,47,48,49,50,51,52,53,54,55,56,57,58,59,60,61,62,63,64],"type":"read_ok"}}
2024/02/15 19:47:49 Received {c12 n2 {"type":"read","msg_id":125}}
2024/02/15 19:47:49 Sent {"src":"n2","dest":"c12","body":{"in_reply_to":125,"messages":[0,2,3,4,5,6,7,8,9,10,11,12,13,14,15,16,17,18,19,20,21,22,24,25,26,27,28,29,30,31,32,33,34,35,36,37,38,39,40,41,44,45,47,48,49,50,51,52,53,54,55,56,57,58,59,60,61,62,63,64],"type":"read_ok"}}
2024/02/15 19:47:49 Received {c12 n2 {"type":"broadcast","message":65,"msg_id":126}}
2024/02/15 19:47:49 Sent {"src":"n2","dest":"n1","body":{"type":"broadcast","message":65}}
2024/02/15 19:47:49 Sent {"src":"n2","dest":"c12","body":{"in_reply_to":126,"type":"broadcast_ok"}}
2024/02/15 19:47:49 Received {c12 n2 {"type":"broadcast","message":66,"msg_id":127}}
2024/02/15 19:47:49 Sent {"src":"n2","dest":"n1","body":{"type":"broadcast","message":66}}
2024/02/15 19:47:49 Sent {"src":"n2","dest":"c12","body":{"in_reply_to":127,"type":"broadcast_ok"}}
2024/02/15 19:47:50 Received {c12 n2 {"type":"read","msg_id":128}}
2024/02/15 19:47:50 Sent {"src":"n2","dest":"c12","body":{"in_reply_to":128,"messages":[0,2,3,4,5,6,7,8,9,10,11,12,13,14,15,16,17,18,19,20,21,22,24,25,26,27,28,29,30,31,32,33,34,35,36,37,38,39,40,41,44,45,47,48,49,50,51,52,53,54,55,56,57,58,59,60,61,62,63,64,65,66],"type":"read_ok"}}
2024/02/15 19:47:50 Received {c12 n2 {"type":"broadcast","message":68,"msg_id":129}}
2024/02/15 19:47:50 Sent {"src":"n2","dest":"n1","body":{"type":"broadcast","message":68}}
2024/02/15 19:47:50 Sent {"src":"n2","dest":"c12","body":{"in_reply_to":129,"type":"broadcast_ok"}}
2024/02/15 19:47:50 Received {c12 n2 {"type":"broadcast","message":70,"msg_id":130}}
2024/02/15 19:47:50 Sent {"src":"n2","dest":"n1","body":{"type":"broadcast","message":70}}
2024/02/15 19:47:50 Sent {"src":"n2","dest":"c12","body":{"in_reply_to":130,"type":"broadcast_ok"}}
2024/02/15 19:47:50 Received {c12 n2 {"type":"broadcast","message":71,"msg_id":131}}
2024/02/15 19:47:50 Sent {"src":"n2","dest":"n1","body":{"type":"broadcast","message":71}}
2024/02/15 19:47:50 Sent {"src":"n2","dest":"c12","body":{"in_reply_to":131,"type":"broadcast_ok"}}
2024/02/15 19:47:50 Received {c12 n2 {"type":"read","msg_id":132}}
2024/02/15 19:47:50 Sent {"src":"n2","dest":"c12","body":{"in_reply_to":132,"messages":[0,2,3,4,5,6,7,8,9,10,11,12,13,14,15,16,17,18,19,20,21,22,24,25,26,27,28,29,30,31,32,33,34,35,36,37,38,39,40,41,44,45,47,48,49,50,51,52,53,54,55,56,57,58,59,60,61,62,63,64,65,66,68,70,71],"type":"read_ok"}}
2024/02/15 19:47:50 Received {c12 n2 {"type":"broadcast","message":72,"msg_id":133}}
2024/02/15 19:47:50 Sent {"src":"n2","dest":"n1","body":{"type":"broadcast","message":72}}
2024/02/15 19:47:50 Sent {"src":"n2","dest":"c12","body":{"in_reply_to":133,"type":"broadcast_ok"}}
2024/02/15 19:47:50 Received {c12 n2 {"type":"read","msg_id":134}}
2024/02/15 19:47:50 Sent {"src":"n2","dest":"c12","body":{"in_reply_to":134,"messages":[0,2,3,4,5,6,7,8,9,10,11,12,13,14,15,16,17,18,19,20,21,22,24,25,26,27,28,29,30,31,32,33,34,35,36,37,38,39,40,41,44,45,47,48,49,50,51,52,53,54,55,56,57,58,59,60,61,62,63,64,65,66,68,70,71,72],"type":"read_ok"}}
2024/02/15 19:47:51 Received {c12 n2 {"type":"broadcast","message":73,"msg_id":135}}
2024/02/15 19:47:51 Sent {"src":"n2","dest":"n1","body":{"type":"broadcast","message":73}}
2024/02/15 19:47:51 Sent {"src":"n2","dest":"c12","body":{"in_reply_to":135,"type":"broadcast_ok"}}
2024/02/15 19:47:51 Received {c12 n2 {"type":"broadcast","message":74,"msg_id":136}}
2024/02/15 19:47:51 Sent {"src":"n2","dest":"n1","body":{"type":"broadcast","message":74}}
2024/02/15 19:47:51 Sent {"src":"n2","dest":"c12","body":{"in_reply_to":136,"type":"broadcast_ok"}}
2024/02/15 19:47:51 Received {c12 n2 {"type":"read","msg_id":137}}
2024/02/15 19:47:51 Sent {"src":"n2","dest":"c12","body":{"in_reply_to":137,"messages":[0,2,3,4,5,6,7,8,9,10,11,12,13,14,15,16,17,18,19,20,21,22,24,25,26,27,28,29,30,31,32,33,34,35,36,37,38,39,40,41,44,45,47,48,49,50,51,52,53,54,55,56,57,58,59,60,61,62,63,64,65,66,68,70,71,72,73,74],"type":"read_ok"}}
2024/02/15 19:47:51 Received {c12 n2 {"type":"read","msg_id":138}}
2024/02/15 19:47:51 Sent {"src":"n2","dest":"c12","body":{"in_reply_to":138,"messages":[0,2,3,4,5,6,7,8,9,10,11,12,13,14,15,16,17,18,19,20,21,22,24,25,26,27,28,29,30,31,32,33,34,35,36,37,38,39,40,41,44,45,47,48,49,50,51,52,53,54,55,56,57,58,59,60,61,62,63,64,65,66,68,70,71,72,73,74],"type":"read_ok"}}
2024/02/15 19:47:51 Received {c12 n2 {"type":"read","msg_id":139}}
2024/02/15 19:47:51 Sent {"src":"n2","dest":"c12","body":{"in_reply_to":139,"messages":[0,2,3,4,5,6,7,8,9,10,11,12,13,14,15,16,17,18,19,20,21,22,24,25,26,27,28,29,30,31,32,33,34,35,36,37,38,39,40,41,44,45,47,48,49,50,51,52,53,54,55,56,57,58,59,60,61,62,63,64,65,66,68,70,71,72,73,74],"type":"read_ok"}}
2024/02/15 19:47:51 Received {c12 n2 {"type":"broadcast","message":75,"msg_id":140}}
2024/02/15 19:47:51 Sent {"src":"n2","dest":"n1","body":{"type":"broadcast","message":75}}
2024/02/15 19:47:51 Sent {"src":"n2","dest":"c12","body":{"in_reply_to":140,"type":"broadcast_ok"}}
2024/02/15 19:47:51 Received {c12 n2 {"type":"read","msg_id":141}}
2024/02/15 19:47:51 Sent {"src":"n2","dest":"c12","body":{"in_reply_to":141,"messages":[0,2,3,4,5,6,7,8,9,10,11,12,13,14,15,16,17,18,19,20,21,22,24,25,26,27,28,29,30,31,32,33,34,35,36,37,38,39,40,41,44,45,47,48,49,50,51,52,53,54,55,56,57,58,59,60,61,62,63,64,65,66,68,70,71,72,73,74,75],"type":"read_ok"}}
2024/02/15 19:47:51 Received {c12 n2 {"type":"read","msg_id":142}}
2024/02/15 19:47:51 Sent {"src":"n2","dest":"c12","body":{"in_reply_to":142,"messages":[0,2,3,4,5,6,7,8,9,10,11,12,13,14,15,16,17,18,19,20,21,22,24,25,26,27,28,29,30,31,32,33,34,35,36,37,38,39,40,41,44,45,47,48,49,50,51,52,53,54,55,56,57,58,59,60,61,62,63,64,65,66,68,70,71,72,73,74,75],"type":"read_ok"}}
2024/02/15 19:47:52 Received {c12 n2 {"type":"read","msg_id":143}}
2024/02/15 19:47:52 Sent {"src":"n2","dest":"c12","body":{"in_reply_to":143,"messages":[0,2,3,4,5,6,7,8,9,10,11,12,13,14,15,16,17,18,19,20,21,22,24,25,26,27,28,29,30,31,32,33,34,35,36,37,38,39,40,41,44,45,47,48,49,50,51,52,53,54,55,56,57,58,59,60,61,62,63,64,65,66,68,70,71,72,73,74,75],"type":"read_ok"}}
2024/02/15 19:47:52 Received {c12 n2 {"type":"broadcast","message":76,"msg_id":144}}
2024/02/15 19:47:52 Sent {"src":"n2","dest":"n1","body":{"type":"broadcast","message":76}}
2024/02/15 19:47:52 Sent {"src":"n2","dest":"c12","body":{"in_reply_to":144,"type":"broadcast_ok"}}
2024/02/15 19:47:52 Received {c12 n2 {"type":"broadcast","message":77,"msg_id":145}}
2024/02/15 19:47:52 Sent {"src":"n2","dest":"n1","body":{"type":"broadcast","message":77}}
2024/02/15 19:47:52 Sent {"src":"n2","dest":"c12","body":{"in_reply_to":145,"type":"broadcast_ok"}}
2024/02/15 19:47:52 Received {c12 n2 {"type":"broadcast","message":78,"msg_id":146}}
2024/02/15 19:47:52 Sent {"src":"n2","dest":"n1","body":{"type":"broadcast","message":78}}
2024/02/15 19:47:52 Sent {"src":"n2","dest":"c12","body":{"in_reply_to":146,"type":"broadcast_ok"}}
2024/02/15 19:47:52 Received {c12 n2 {"type":"broadcast","message":79,"msg_id":147}}
2024/02/15 19:47:52 Sent {"src":"n2","dest":"n1","body":{"type":"broadcast","message":79}}
2024/02/15 19:47:52 Sent {"src":"n2","dest":"c12","body":{"in_reply_to":147,"type":"broadcast_ok"}}
2024/02/15 19:47:52 Received {c12 n2 {"type":"broadcast","message":80,"msg_id":148}}
2024/02/15 19:47:52 Sent {"src":"n2","dest":"n1","body":{"type":"broadcast","message":80}}
2024/02/15 19:47:52 Sent {"src":"n2","dest":"c12","body":{"in_reply_to":148,"type":"broadcast_ok"}}
2024/02/15 19:47:52 Received {c12 n2 {"type":"read","msg_id":149}}
2024/02/15 19:47:52 Sent {"src":"n2","dest":"c12","body":{"in_reply_to":149,"messages":[0,2,3,4,5,6,7,8,9,10,11,12,13,14,15,16,17,18,19,20,21,22,24,25,26,27,28,29,30,31,32,33,34,35,36,37,38,39,40,41,44,45,47,48,49,50,51,52,53,54,55,56,57,58,59,60,61,62,63,64,65,66,68,70,71,72,73,74,75,76,77,78,79,80],"type":"read_ok"}}
2024/02/15 19:47:52 Received {c12 n2 {"type":"read","msg_id":150}}
2024/02/15 19:47:52 Sent {"src":"n2","dest":"c12","body":{"in_reply_to":150,"messages":[0,2,3,4,5,6,7,8,9,10,11,12,13,14,15,16,17,18,19,20,21,22,24,25,26,27,28,29,30,31,32,33,34,35,36,37,38,39,40,41,44,45,47,48,49,50,51,52,53,54,55,56,57,58,59,60,61,62,63,64,65,66,68,70,71,72,73,74,75,76,77,78,79,80],"type":"read_ok"}}
2024/02/15 19:47:52 Received {c12 n2 {"type":"broadcast","message":81,"msg_id":151}}
2024/02/15 19:47:52 Sent {"src":"n2","dest":"n1","body":{"type":"broadcast","message":81}}
2024/02/15 19:47:52 Sent {"src":"n2","dest":"c12","body":{"in_reply_to":151,"type":"broadcast_ok"}}
2024/02/15 19:47:52 Received {c12 n2 {"type":"read","msg_id":152}}
2024/02/15 19:47:52 Sent {"src":"n2","dest":"c12","body":{"in_reply_to":152,"messages":[0,2,3,4,5,6,7,8,9,10,11,12,13,14,15,16,17,18,19,20,21,22,24,25,26,27,28,29,30,31,32,33,34,35,36,37,38,39,40,41,44,45,47,48,49,50,51,52,53,54,55,56,57,58,59,60,61,62,63,64,65,66,68,70,71,72,73,74,75,76,77,78,79,80,81],"type":"read_ok"}}
2024/02/15 19:47:52 Received {c12 n2 {"type":"broadcast","message":82,"msg_id":153}}
2024/02/15 19:47:52 Sent {"src":"n2","dest":"n1","body":{"type":"broadcast","message":82}}
2024/02/15 19:47:52 Sent {"src":"n2","dest":"c12","body":{"in_reply_to":153,"type":"broadcast_ok"}}
2024/02/15 19:47:52 Received {c12 n2 {"type":"read","msg_id":154}}
2024/02/15 19:47:52 Sent {"src":"n2","dest":"c12","body":{"in_reply_to":154,"messages":[0,2,3,4,5,6,7,8,9,10,11,12,13,14,15,16,17,18,19,20,21,22,24,25,26,27,28,29,30,31,32,33,34,35,36,37,38,39,40,41,44,45,47,48,49,50,51,52,53,54,55,56,57,58,59,60,61,62,63,64,65,66,68,70,71,72,73,74,75,76,77,78,79,80,81,82],"type":"read_ok"}}
2024/02/15 19:47:52 Received {c12 n2 {"type":"broadcast","message":83,"msg_id":155}}
2024/02/15 19:47:52 Sent {"src":"n2","dest":"n1","body":{"type":"broadcast","message":83}}
2024/02/15 19:47:52 Sent {"src":"n2","dest":"c12","body":{"in_reply_to":155,"type":"broadcast_ok"}}
2024/02/15 19:47:53 Received {c12 n2 {"type":"broadcast","message":84,"msg_id":156}}
2024/02/15 19:47:53 Sent {"src":"n2","dest":"n1","body":{"type":"broadcast","message":84}}
2024/02/15 19:47:53 Sent {"src":"n2","dest":"c12","body":{"in_reply_to":156,"type":"broadcast_ok"}}
2024/02/15 19:47:53 Received {c12 n2 {"type":"broadcast","message":85,"msg_id":157}}
2024/02/15 19:47:53 Sent {"src":"n2","dest":"n1","body":{"type":"broadcast","message":85}}
2024/02/15 19:47:53 Sent {"src":"n2","dest":"c12","body":{"in_reply_to":157,"type":"broadcast_ok"}}
2024/02/15 19:47:53 Received {c12 n2 {"type":"broadcast","message":86,"msg_id":158}}
2024/02/15 19:47:53 Sent {"src":"n2","dest":"n1","body":{"type":"broadcast","message":86}}
2024/02/15 19:47:53 Sent {"src":"n2","dest":"c12","body":{"in_reply_to":158,"type":"broadcast_ok"}}
2024/02/15 19:47:53 Received {c12 n2 {"type":"read","msg_id":159}}
2024/02/15 19:47:53 Sent {"src":"n2","dest":"c12","body":{"in_reply_to":159,"messages":[0,2,3,4,5,6,7,8,9,10,11,12,13,14,15,16,17,18,19,20,21,22,24,25,26,27,28,29,30,31,32,33,34,35,36,37,38,39,40,41,44,45,47,48,49,50,51,52,53,54,55,56,57,58,59,60,61,62,63,64,65,66,68,70,71,72,73,74,75,76,77,78,79,80,81,82,83,84,85,86],"type":"read_ok"}}
2024/02/15 19:47:53 Received {c12 n2 {"type":"read","msg_id":160}}
2024/02/15 19:47:53 Sent {"src":"n2","dest":"c12","body":{"in_reply_to":160,"messages":[0,2,3,4,5,6,7,8,9,10,11,12,13,14,15,16,17,18,19,20,21,22,24,25,26,27,28,29,30,31,32,33,34,35,36,37,38,39,40,41,44,45,47,48,49,50,51,52,53,54,55,56,57,58,59,60,61,62,63,64,65,66,68,70,71,72,73,74,75,76,77,78,79,80,81,82,83,84,85,86],"type":"read_ok"}}
2024/02/15 19:47:53 Received {c12 n2 {"type":"read","msg_id":161}}
2024/02/15 19:47:53 Sent {"src":"n2","dest":"c12","body":{"in_reply_to":161,"messages":[0,2,3,4,5,6,7,8,9,10,11,12,13,14,15,16,17,18,19,20,21,22,24,25,26,27,28,29,30,31,32,33,34,35,36,37,38,39,40,41,44,45,47,48,49,50,51,52,53,54,55,56,57,58,59,60,61,62,63,64,65,66,68,70,71,72,73,74,75,76,77,78,79,80,81,82,83,84,85,86],"type":"read_ok"}}
2024/02/15 19:47:53 Received {c12 n2 {"type":"broadcast","message":87,"msg_id":162}}
2024/02/15 19:47:53 Sent {"src":"n2","dest":"n1","body":{"type":"broadcast","message":87}}
2024/02/15 19:47:53 Sent {"src":"n2","dest":"c12","body":{"in_reply_to":162,"type":"broadcast_ok"}}
2024/02/15 19:48:05 Received {c12 n2 {"type":"read","msg_id":163}}
2024/02/15 19:48:05 Sent {"src":"n2","dest":"c12","body":{"in_reply_to":163,"messages":[0,2,3,4,5,6,7,8,9,10,11,12,13,14,15,16,17,18,19,20,21,22,24,25,26,27,28,29,30,31,32,33,34,35,36,37,38,39,40,41,44,45,47,48,49,50,51,52,53,54,55,56,57,58,59,60,61,62,63,64,65,66,68,70,71,72,73,74,75,76,77,78,79,80,81,82,83,84,85,86,87],"type":"read_ok"}}
