2024/02/15 19:47:33 Received {c2 n3 {"type":"init","node_id":"n3","node_ids":["n0","n1","n2","n3","n4"],"msg_id":1}}
2024/02/15 19:47:33 Node n3 initialized
2024/02/15 19:47:33 Sent {"src":"n3","dest":"c2","body":{"in_reply_to":1,"type":"init_ok"}}
2024/02/15 19:47:33 Received {c8 n3 {"type":"topology","topology":{"n0":["n3","n1"],"n1":["n4","n2","n0"],"n2":["n1"],"n3":["n0","n4"],"n4":["n1","n3"]},"msg_id":1}}
2024/02/15 19:47:33 Sent {"src":"n3","dest":"c8","body":{"in_reply_to":1,"type":"topology_ok"}}
2024/02/15 19:47:33 Received {n4 n3 {"type":"broadcast","message":0}}
2024/02/15 19:47:33 Received {n0 n3 {"type":"broadcast","message":0}}
2024/02/15 19:47:33 Sent {"src":"n3","dest":"n0","body":{"type":"broadcast","message":0}}
2024/02/15 19:47:33 Sent {"src":"n3","dest":"n4","body":{"type":"broadcast","message":0}}
2024/02/15 19:47:33 Sent {"src":"n3","dest":"n0","body":{"type":"broadcast","message":0}}
2024/02/15 19:47:33 Sent {"src":"n3","dest":"n4","body":{"type":"broadcast","message":0}}
2024/02/15 19:47:33 Sent {"src":"n3","dest":"n4","body":{"in_reply_to":0,"type":"broadcast_ok"}}
2024/02/15 19:47:33 Sent {"src":"n3","dest":"n0","body":{"in_reply_to":0,"type":"broadcast_ok"}}
2024/02/15 19:47:33 Received {n4 n3 {"type":"broadcast","message":0}}
2024/02/15 19:47:33 Sent {"src":"n3","dest":"n0","body":{"type":"broadcast","message":0}}
2024/02/15 19:47:33 Sent {"src":"n3","dest":"n4","body":{"type":"broadcast","message":0}}
2024/02/15 19:47:33 Sent {"src":"n3","dest":"n4","body":{"in_reply_to":0,"type":"broadcast_ok"}}
2024/02/15 19:47:33 Received {n0 n3 {"type":"broadcast","message":0}}
2024/02/15 19:47:33 Received {n0 n3 {"in_reply_to":0,"type":"broadcast_ok"}}
2024/02/15 19:47:33 No handler for {"id":52,"src":"n0","dest":"n3","body":{"in_reply_to":0,"type":"broadcast_ok"}}
