2024/02/15 21:10:23 Received {c2 n1 {"type":"init","node_id":"n1","node_ids":["n0","n1","n2","n3","n4"],"msg_id":1}}
2024/02/15 21:10:23 Node n1 initialized
2024/02/15 21:10:23 Sent {"src":"n1","dest":"c2","body":{"in_reply_to":1,"type":"init_ok"}}
2024/02/15 21:10:23 Received {c6 n1 {"type":"topology","topology":{"n0":["n3","n1"],"n1":["n4","n2","n0"],"n2":["n1"],"n3":["n0","n4"],"n4":["n1","n3"]},"msg_id":1}}
2024/02/15 21:10:23 Sent {"src":"n1","dest":"c6","body":{"in_reply_to":1,"type":"topology_ok"}}
2024/02/15 21:10:23 Received {c11 n1 {"type":"read","msg_id":1}}
2024/02/15 21:10:23 Sent {"src":"n1","dest":"c11","body":{"in_reply_to":1,"messages":[],"type":"read_ok"}}
2024/02/15 21:10:23 Received {n3 n1 {"message":0,"msg_id":1,"type":"broadcast"}}
2024/02/15 21:10:23 Sent {"src":"n1","dest":"n3","body":{"in_reply_to":1,"type":"broadcast_ok"}}
2024/02/15 21:10:23 Sent {"src":"n1","dest":"n4","body":{"message":0,"msg_id":1,"type":"broadcast"}}
2024/02/15 21:10:23 Sent {"src":"n1","dest":"n0","body":{"message":0,"msg_id":1,"type":"broadcast"}}
2024/02/15 21:10:23 Sent {"src":"n1","dest":"n1","body":{"message":0,"msg_id":1,"type":"broadcast"}}
2024/02/15 21:10:23 Sent {"src":"n1","dest":"n2","body":{"message":0,"msg_id":1,"type":"broadcast"}}
2024/02/15 21:10:23 Received {n1 n1 {"message":0,"msg_id":1,"type":"broadcast"}}
2024/02/15 21:10:23 Received {n4 n1 {"message":0,"msg_id":1,"type":"broadcast"}}
2024/02/15 21:10:23 Received {n0 n1 {"message":0,"msg_id":1,"type":"broadcast"}}
2024/02/15 21:10:23 Received {n2 n1 {"message":0,"msg_id":1,"type":"broadcast"}}
2024/02/15 21:10:23 Received {n0 n1 {"message":1,"msg_id":2,"type":"broadcast"}}
2024/02/15 21:10:23 Sent {"src":"n1","dest":"n0","body":{"in_reply_to":2,"type":"broadcast_ok"}}
2024/02/15 21:10:23 Sent {"src":"n1","dest":"n4","body":{"message":1,"msg_id":2,"type":"broadcast"}}
2024/02/15 21:10:23 Sent {"src":"n1","dest":"n1","body":{"message":1,"msg_id":2,"type":"broadcast"}}
2024/02/15 21:10:23 Sent {"src":"n1","dest":"n2","body":{"message":1,"msg_id":2,"type":"broadcast"}}
2024/02/15 21:10:23 Sent {"src":"n1","dest":"n3","body":{"message":1,"msg_id":2,"type":"broadcast"}}
2024/02/15 21:10:23 Received {n2 n1 {"message":1,"msg_id":2,"type":"broadcast"}}
2024/02/15 21:10:23 Received {n1 n1 {"message":1,"msg_id":2,"type":"broadcast"}}
2024/02/15 21:10:23 Received {n3 n1 {"message":1,"msg_id":2,"type":"broadcast"}}
2024/02/15 21:10:23 Received {n4 n1 {"message":1,"msg_id":2,"type":"broadcast"}}
2024/02/15 21:10:23 Received {n0 n1 {"message":2,"msg_id":3,"type":"broadcast"}}
2024/02/15 21:10:23 Sent {"src":"n1","dest":"n0","body":{"in_reply_to":3,"type":"broadcast_ok"}}
2024/02/15 21:10:23 Sent {"src":"n1","dest":"n4","body":{"message":2,"msg_id":3,"type":"broadcast"}}
2024/02/15 21:10:23 Sent {"src":"n1","dest":"n3","body":{"message":2,"msg_id":3,"type":"broadcast"}}
2024/02/15 21:10:23 Sent {"src":"n1","dest":"n1","body":{"message":2,"msg_id":3,"type":"broadcast"}}
2024/02/15 21:10:23 Sent {"src":"n1","dest":"n2","body":{"message":2,"msg_id":3,"type":"broadcast"}}
2024/02/15 21:10:23 Received {n4 n1 {"message":2,"msg_id":3,"type":"broadcast"}}
2024/02/15 21:10:23 Received {n1 n1 {"message":2,"msg_id":3,"type":"broadcast"}}
2024/02/15 21:10:23 Received {n2 n1 {"message":2,"msg_id":3,"type":"broadcast"}}
2024/02/15 21:10:23 Received {n3 n1 {"message":2,"msg_id":3,"type":"broadcast"}}
2024/02/15 21:10:23 Received {c11 n1 {"type":"broadcast","message":3,"msg_id":2}}
2024/02/15 21:10:23 Sent {"src":"n1","dest":"c11","body":{"in_reply_to":2,"type":"broadcast_ok"}}
2024/02/15 21:10:23 Sent {"src":"n1","dest":"n4","body":{"message":3,"msg_id":2,"type":"broadcast"}}
2024/02/15 21:10:23 Sent {"src":"n1","dest":"n0","body":{"message":3,"msg_id":2,"type":"broadcast"}}
2024/02/15 21:10:23 Sent {"src":"n1","dest":"n1","body":{"message":3,"msg_id":2,"type":"broadcast"}}
2024/02/15 21:10:23 Sent {"src":"n1","dest":"n2","body":{"message":3,"msg_id":2,"type":"broadcast"}}
2024/02/15 21:10:23 Sent {"src":"n1","dest":"n3","body":{"message":3,"msg_id":2,"type":"broadcast"}}
2024/02/15 21:10:23 Received {n1 n1 {"message":3,"msg_id":2,"type":"broadcast"}}
2024/02/15 21:10:23 Received {n4 n1 {"in_reply_to":2,"type":"broadcast_ok"}}
2024/02/15 21:10:23 Ignoring reply to 2 with no callback
2024/02/15 21:10:23 Received {n2 n1 {"in_reply_to":2,"type":"broadcast_ok"}}
2024/02/15 21:10:23 Ignoring reply to 2 with no callback
2024/02/15 21:10:23 Received {n3 n1 {"in_reply_to":2,"type":"broadcast_ok"}}
2024/02/15 21:10:23 Ignoring reply to 2 with no callback
2024/02/15 21:10:23 Received {n0 n1 {"in_reply_to":2,"type":"broadcast_ok"}}
2024/02/15 21:10:23 Ignoring reply to 2 with no callback
2024/02/15 21:10:24 Received {n3 n1 {"message":4,"msg_id":2,"type":"broadcast"}}
2024/02/15 21:10:24 Sent {"src":"n1","dest":"n3","body":{"in_reply_to":2,"type":"broadcast_ok"}}
2024/02/15 21:10:24 Sent {"src":"n1","dest":"n4","body":{"message":4,"msg_id":2,"type":"broadcast"}}
2024/02/15 21:10:24 Sent {"src":"n1","dest":"n0","body":{"message":4,"msg_id":2,"type":"broadcast"}}
2024/02/15 21:10:24 Sent {"src":"n1","dest":"n1","body":{"message":4,"msg_id":2,"type":"broadcast"}}
2024/02/15 21:10:24 Sent {"src":"n1","dest":"n2","body":{"message":4,"msg_id":2,"type":"broadcast"}}
2024/02/15 21:10:24 Received {n1 n1 {"message":4,"msg_id":2,"type":"broadcast"}}
2024/02/15 21:10:24 Received {n0 n1 {"message":4,"msg_id":2,"type":"broadcast"}}
2024/02/15 21:10:24 Received {n4 n1 {"message":4,"msg_id":2,"type":"broadcast"}}
2024/02/15 21:10:24 Received {n2 n1 {"message":4,"msg_id":2,"type":"broadcast"}}
2024/02/15 21:10:24 Received {n4 n1 {"message":5,"msg_id":2,"type":"broadcast"}}
2024/02/15 21:10:24 Sent {"src":"n1","dest":"n4","body":{"in_reply_to":2,"type":"broadcast_ok"}}
2024/02/15 21:10:24 Sent {"src":"n1","dest":"n3","body":{"message":5,"msg_id":2,"type":"broadcast"}}
2024/02/15 21:10:24 Sent {"src":"n1","dest":"n1","body":{"message":5,"msg_id":2,"type":"broadcast"}}
2024/02/15 21:10:24 Sent {"src":"n1","dest":"n0","body":{"message":5,"msg_id":2,"type":"broadcast"}}
2024/02/15 21:10:24 Sent {"src":"n1","dest":"n2","body":{"message":5,"msg_id":2,"type":"broadcast"}}
2024/02/15 21:10:24 Received {n1 n1 {"message":5,"msg_id":2,"type":"broadcast"}}
2024/02/15 21:10:24 Received {n2 n1 {"message":5,"msg_id":2,"type":"broadcast"}}
2024/02/15 21:10:24 Received {n3 n1 {"message":5,"msg_id":2,"type":"broadcast"}}
2024/02/15 21:10:24 Received {n0 n1 {"message":5,"msg_id":2,"type":"broadcast"}}
2024/02/15 21:10:24 Received {n0 n1 {"message":6,"msg_id":5,"type":"broadcast"}}
2024/02/15 21:10:24 Sent {"src":"n1","dest":"n0","body":{"in_reply_to":5,"type":"broadcast_ok"}}
2024/02/15 21:10:24 Sent {"src":"n1","dest":"n4","body":{"message":6,"msg_id":5,"type":"broadcast"}}
2024/02/15 21:10:24 Sent {"src":"n1","dest":"n3","body":{"message":6,"msg_id":5,"type":"broadcast"}}
2024/02/15 21:10:24 Sent {"src":"n1","dest":"n2","body":{"message":6,"msg_id":5,"type":"broadcast"}}
2024/02/15 21:10:24 Sent {"src":"n1","dest":"n1","body":{"message":6,"msg_id":5,"type":"broadcast"}}
2024/02/15 21:10:24 Received {n4 n1 {"message":6,"msg_id":5,"type":"broadcast"}}
2024/02/15 21:10:24 Received {n3 n1 {"message":6,"msg_id":5,"type":"broadcast"}}
2024/02/15 21:10:24 Received {n2 n1 {"message":6,"msg_id":5,"type":"broadcast"}}
2024/02/15 21:10:24 Received {n1 n1 {"message":6,"msg_id":5,"type":"broadcast"}}
2024/02/15 21:10:24 Received {c11 n1 {"type":"read","msg_id":3}}
2024/02/15 21:10:24 Sent {"src":"n1","dest":"c11","body":{"in_reply_to":3,"messages":[2,3,4,5,6,0,1],"type":"read_ok"}}
2024/02/15 21:10:24 Received {n2 n1 {"message":7,"msg_id":3,"type":"broadcast"}}
2024/02/15 21:10:24 Sent {"src":"n1","dest":"n2","body":{"in_reply_to":3,"type":"broadcast_ok"}}
2024/02/15 21:10:24 Sent {"src":"n1","dest":"n1","body":{"message":7,"msg_id":3,"type":"broadcast"}}
2024/02/15 21:10:24 Sent {"src":"n1","dest":"n0","body":{"message":7,"msg_id":3,"type":"broadcast"}}
2024/02/15 21:10:24 Sent {"src":"n1","dest":"n4","body":{"message":7,"msg_id":3,"type":"broadcast"}}
2024/02/15 21:10:24 Sent {"src":"n1","dest":"n3","body":{"message":7,"msg_id":3,"type":"broadcast"}}
2024/02/15 21:10:24 Received {n1 n1 {"message":7,"msg_id":3,"type":"broadcast"}}
2024/02/15 21:10:24 Received {n4 n1 {"message":7,"msg_id":3,"type":"broadcast"}}
2024/02/15 21:10:24 Received {n0 n1 {"message":7,"msg_id":3,"type":"broadcast"}}
2024/02/15 21:10:24 Received {n3 n1 {"message":7,"msg_id":3,"type":"broadcast"}}
2024/02/15 21:10:24 Received {n3 n1 {"message":8,"msg_id":3,"type":"broadcast"}}
2024/02/15 21:10:24 Sent {"src":"n1","dest":"n3","body":{"in_reply_to":3,"type":"broadcast_ok"}}
2024/02/15 21:10:24 Sent {"src":"n1","dest":"n4","body":{"message":8,"msg_id":3,"type":"broadcast"}}
2024/02/15 21:10:24 Sent {"src":"n1","dest":"n0","body":{"message":8,"msg_id":3,"type":"broadcast"}}
2024/02/15 21:10:24 Sent {"src":"n1","dest":"n1","body":{"message":8,"msg_id":3,"type":"broadcast"}}
2024/02/15 21:10:24 Sent {"src":"n1","dest":"n2","body":{"message":8,"msg_id":3,"type":"broadcast"}}
2024/02/15 21:10:24 Received {n0 n1 {"message":8,"msg_id":3,"type":"broadcast"}}
2024/02/15 21:10:24 Received {n4 n1 {"message":8,"msg_id":3,"type":"broadcast"}}
2024/02/15 21:10:24 Received {n1 n1 {"message":8,"msg_id":3,"type":"broadcast"}}
2024/02/15 21:10:24 Received {n2 n1 {"message":8,"msg_id":3,"type":"broadcast"}}
2024/02/15 21:10:24 Received {n4 n1 {"message":9,"msg_id":3,"type":"broadcast"}}
2024/02/15 21:10:24 Sent {"src":"n1","dest":"n4","body":{"in_reply_to":3,"type":"broadcast_ok"}}
2024/02/15 21:10:24 Sent {"src":"n1","dest":"n1","body":{"message":9,"msg_id":3,"type":"broadcast"}}
2024/02/15 21:10:24 Sent {"src":"n1","dest":"n3","body":{"message":9,"msg_id":3,"type":"broadcast"}}
2024/02/15 21:10:24 Sent {"src":"n1","dest":"n2","body":{"message":9,"msg_id":3,"type":"broadcast"}}
2024/02/15 21:10:24 Sent {"src":"n1","dest":"n0","body":{"message":9,"msg_id":3,"type":"broadcast"}}
2024/02/15 21:10:24 Received {n1 n1 {"message":9,"msg_id":3,"type":"broadcast"}}
2024/02/15 21:10:24 Received {n0 n1 {"message":9,"msg_id":3,"type":"broadcast"}}
2024/02/15 21:10:24 Received {n2 n1 {"message":9,"msg_id":3,"type":"broadcast"}}
2024/02/15 21:10:24 Received {n3 n1 {"message":9,"msg_id":3,"type":"broadcast"}}
2024/02/15 21:10:24 Received {n0 n1 {"message":10,"msg_id":7,"type":"broadcast"}}
2024/02/15 21:10:24 Sent {"src":"n1","dest":"n0","body":{"in_reply_to":7,"type":"broadcast_ok"}}
2024/02/15 21:10:24 Sent {"src":"n1","dest":"n4","body":{"message":10,"msg_id":7,"type":"broadcast"}}
2024/02/15 21:10:24 Sent {"src":"n1","dest":"n1","body":{"message":10,"msg_id":7,"type":"broadcast"}}
2024/02/15 21:10:24 Sent {"src":"n1","dest":"n2","body":{"message":10,"msg_id":7,"type":"broadcast"}}
2024/02/15 21:10:24 Sent {"src":"n1","dest":"n3","body":{"message":10,"msg_id":7,"type":"broadcast"}}
2024/02/15 21:10:24 Received {n1 n1 {"message":10,"msg_id":7,"type":"broadcast"}}
2024/02/15 21:10:24 Received {n3 n1 {"message":10,"msg_id":7,"type":"broadcast"}}
2024/02/15 21:10:24 Received {n2 n1 {"message":10,"msg_id":7,"type":"broadcast"}}
2024/02/15 21:10:24 Received {n4 n1 {"message":10,"msg_id":7,"type":"broadcast"}}
2024/02/15 21:10:25 Received {c11 n1 {"type":"read","msg_id":4}}
2024/02/15 21:10:25 Sent {"src":"n1","dest":"c11","body":{"in_reply_to":4,"messages":[3,4,5,8,0,2,7,9,10,1,6],"type":"read_ok"}}
2024/02/15 21:10:25 Received {n2 n1 {"message":11,"msg_id":4,"type":"broadcast"}}
2024/02/15 21:10:25 Sent {"src":"n1","dest":"n2","body":{"in_reply_to":4,"type":"broadcast_ok"}}
2024/02/15 21:10:25 Sent {"src":"n1","dest":"n4","body":{"message":11,"msg_id":4,"type":"broadcast"}}
2024/02/15 21:10:25 Sent {"src":"n1","dest":"n0","body":{"message":11,"msg_id":4,"type":"broadcast"}}
2024/02/15 21:10:25 Sent {"src":"n1","dest":"n1","body":{"message":11,"msg_id":4,"type":"broadcast"}}
2024/02/15 21:10:25 Sent {"src":"n1","dest":"n3","body":{"message":11,"msg_id":4,"type":"broadcast"}}
2024/02/15 21:10:25 Received {n1 n1 {"message":11,"msg_id":4,"type":"broadcast"}}
2024/02/15 21:10:25 Received {n4 n1 {"message":11,"msg_id":4,"type":"broadcast"}}
2024/02/15 21:10:25 Received {n0 n1 {"message":11,"msg_id":4,"type":"broadcast"}}
2024/02/15 21:10:25 Received {n3 n1 {"message":11,"msg_id":4,"type":"broadcast"}}
2024/02/15 21:10:25 Received {n4 n1 {"message":12,"msg_id":4,"type":"broadcast"}}
2024/02/15 21:10:25 Sent {"src":"n1","dest":"n4","body":{"in_reply_to":4,"type":"broadcast_ok"}}
2024/02/15 21:10:25 Sent {"src":"n1","dest":"n3","body":{"message":12,"msg_id":4,"type":"broadcast"}}
2024/02/15 21:10:25 Sent {"src":"n1","dest":"n0","body":{"message":12,"msg_id":4,"type":"broadcast"}}
2024/02/15 21:10:25 Sent {"src":"n1","dest":"n1","body":{"message":12,"msg_id":4,"type":"broadcast"}}
2024/02/15 21:10:25 Sent {"src":"n1","dest":"n2","body":{"message":12,"msg_id":4,"type":"broadcast"}}
2024/02/15 21:10:25 Received {n1 n1 {"message":12,"msg_id":4,"type":"broadcast"}}
2024/02/15 21:10:25 Received {n2 n1 {"message":12,"msg_id":4,"type":"broadcast"}}
2024/02/15 21:10:25 Received {n0 n1 {"message":12,"msg_id":4,"type":"broadcast"}}
2024/02/15 21:10:25 Received {n3 n1 {"message":12,"msg_id":4,"type":"broadcast"}}
2024/02/15 21:10:25 Received {n0 n1 {"message":13,"msg_id":8,"type":"broadcast"}}
2024/02/15 21:10:25 Sent {"src":"n1","dest":"n0","body":{"in_reply_to":8,"type":"broadcast_ok"}}
2024/02/15 21:10:25 Sent {"src":"n1","dest":"n4","body":{"message":13,"msg_id":8,"type":"broadcast"}}
2024/02/15 21:10:25 Sent {"src":"n1","dest":"n1","body":{"message":13,"msg_id":8,"type":"broadcast"}}
2024/02/15 21:10:25 Sent {"src":"n1","dest":"n3","body":{"message":13,"msg_id":8,"type":"broadcast"}}
2024/02/15 21:10:25 Sent {"src":"n1","dest":"n2","body":{"message":13,"msg_id":8,"type":"broadcast"}}
2024/02/15 21:10:25 Received {n4 n1 {"message":13,"msg_id":8,"type":"broadcast"}}
2024/02/15 21:10:25 Received {n1 n1 {"message":13,"msg_id":8,"type":"broadcast"}}
2024/02/15 21:10:25 Received {n3 n1 {"message":13,"msg_id":8,"type":"broadcast"}}
2024/02/15 21:10:25 Received {n2 n1 {"message":13,"msg_id":8,"type":"broadcast"}}
2024/02/15 21:10:25 Received {n0 n1 {"message":14,"msg_id":9,"type":"broadcast"}}
2024/02/15 21:10:25 Sent {"src":"n1","dest":"n0","body":{"in_reply_to":9,"type":"broadcast_ok"}}
2024/02/15 21:10:25 Sent {"src":"n1","dest":"n4","body":{"message":14,"msg_id":9,"type":"broadcast"}}
2024/02/15 21:10:25 Sent {"src":"n1","dest":"n1","body":{"message":14,"msg_id":9,"type":"broadcast"}}
2024/02/15 21:10:25 Sent {"src":"n1","dest":"n2","body":{"message":14,"msg_id":9,"type":"broadcast"}}
2024/02/15 21:10:25 Sent {"src":"n1","dest":"n3","body":{"message":14,"msg_id":9,"type":"broadcast"}}
2024/02/15 21:10:25 Received {n3 n1 {"message":14,"msg_id":9,"type":"broadcast"}}
2024/02/15 21:10:25 Received {n4 n1 {"message":14,"msg_id":9,"type":"broadcast"}}
2024/02/15 21:10:25 Received {n2 n1 {"message":14,"msg_id":9,"type":"broadcast"}}
2024/02/15 21:10:25 Received {n1 n1 {"message":14,"msg_id":9,"type":"broadcast"}}
2024/02/15 21:10:25 Received {c11 n1 {"type":"read","msg_id":5}}
2024/02/15 21:10:25 Sent {"src":"n1","dest":"c11","body":{"in_reply_to":5,"messages":[1,9,11,13,8,0,2,3,4,5,6,7,10,14,12],"type":"read_ok"}}
2024/02/15 21:10:25 Received {n2 n1 {"message":15,"msg_id":5,"type":"broadcast"}}
2024/02/15 21:10:25 Sent {"src":"n1","dest":"n2","body":{"in_reply_to":5,"type":"broadcast_ok"}}
2024/02/15 21:10:25 Sent {"src":"n1","dest":"n4","body":{"message":15,"msg_id":5,"type":"broadcast"}}
2024/02/15 21:10:25 Sent {"src":"n1","dest":"n0","body":{"message":15,"msg_id":5,"type":"broadcast"}}
2024/02/15 21:10:25 Sent {"src":"n1","dest":"n3","body":{"message":15,"msg_id":5,"type":"broadcast"}}
2024/02/15 21:10:25 Sent {"src":"n1","dest":"n1","body":{"message":15,"msg_id":5,"type":"broadcast"}}
2024/02/15 21:10:25 Received {n4 n1 {"message":15,"msg_id":5,"type":"broadcast"}}
2024/02/15 21:10:25 Received {n3 n1 {"message":15,"msg_id":5,"type":"broadcast"}}
2024/02/15 21:10:25 Received {n0 n1 {"message":15,"msg_id":5,"type":"broadcast"}}
2024/02/15 21:10:25 Received {n1 n1 {"message":15,"msg_id":5,"type":"broadcast"}}
2024/02/15 21:10:25 Received {n3 n1 {"message":16,"msg_id":5,"type":"broadcast"}}
2024/02/15 21:10:25 Sent {"src":"n1","dest":"n3","body":{"in_reply_to":5,"type":"broadcast_ok"}}
2024/02/15 21:10:25 Sent {"src":"n1","dest":"n4","body":{"message":16,"msg_id":5,"type":"broadcast"}}
2024/02/15 21:10:25 Sent {"src":"n1","dest":"n0","body":{"message":16,"msg_id":5,"type":"broadcast"}}
2024/02/15 21:10:25 Sent {"src":"n1","dest":"n1","body":{"message":16,"msg_id":5,"type":"broadcast"}}
2024/02/15 21:10:25 Sent {"src":"n1","dest":"n2","body":{"message":16,"msg_id":5,"type":"broadcast"}}
2024/02/15 21:10:25 Received {n4 n1 {"message":16,"msg_id":5,"type":"broadcast"}}
2024/02/15 21:10:25 Received {n1 n1 {"message":16,"msg_id":5,"type":"broadcast"}}
2024/02/15 21:10:25 Received {n0 n1 {"message":16,"msg_id":5,"type":"broadcast"}}
2024/02/15 21:10:25 Received {n2 n1 {"message":16,"msg_id":5,"type":"broadcast"}}
2024/02/15 21:10:25 Received {n4 n1 {"message":17,"msg_id":5,"type":"broadcast"}}
2024/02/15 21:10:25 Sent {"src":"n1","dest":"n4","body":{"in_reply_to":5,"type":"broadcast_ok"}}
2024/02/15 21:10:25 Sent {"src":"n1","dest":"n3","body":{"message":17,"msg_id":5,"type":"broadcast"}}
2024/02/15 21:10:25 Sent {"src":"n1","dest":"n0","body":{"message":17,"msg_id":5,"type":"broadcast"}}
2024/02/15 21:10:25 Sent {"src":"n1","dest":"n1","body":{"message":17,"msg_id":5,"type":"broadcast"}}
2024/02/15 21:10:25 Sent {"src":"n1","dest":"n2","body":{"message":17,"msg_id":5,"type":"broadcast"}}
2024/02/15 21:10:25 Received {n2 n1 {"message":17,"msg_id":5,"type":"broadcast"}}
2024/02/15 21:10:25 Received {n3 n1 {"message":17,"msg_id":5,"type":"broadcast"}}
2024/02/15 21:10:25 Received {n1 n1 {"message":17,"msg_id":5,"type":"broadcast"}}
2024/02/15 21:10:25 Received {n0 n1 {"message":17,"msg_id":5,"type":"broadcast"}}
2024/02/15 21:10:26 Received {n0 n1 {"message":18,"msg_id":10,"type":"broadcast"}}
2024/02/15 21:10:26 Sent {"src":"n1","dest":"n0","body":{"in_reply_to":10,"type":"broadcast_ok"}}
2024/02/15 21:10:26 Sent {"src":"n1","dest":"n4","body":{"message":18,"msg_id":10,"type":"broadcast"}}
2024/02/15 21:10:26 Sent {"src":"n1","dest":"n1","body":{"message":18,"msg_id":10,"type":"broadcast"}}
2024/02/15 21:10:26 Sent {"src":"n1","dest":"n2","body":{"message":18,"msg_id":10,"type":"broadcast"}}
2024/02/15 21:10:26 Sent {"src":"n1","dest":"n3","body":{"message":18,"msg_id":10,"type":"broadcast"}}
2024/02/15 21:10:26 Received {n2 n1 {"message":18,"msg_id":10,"type":"broadcast"}}
2024/02/15 21:10:26 Received {n4 n1 {"message":18,"msg_id":10,"type":"broadcast"}}
2024/02/15 21:10:26 Received {n3 n1 {"message":18,"msg_id":10,"type":"broadcast"}}
2024/02/15 21:10:26 Received {n1 n1 {"message":18,"msg_id":10,"type":"broadcast"}}
2024/02/15 21:10:26 Received {c11 n1 {"type":"broadcast","message":19,"msg_id":6}}
2024/02/15 21:10:26 Sent {"src":"n1","dest":"c11","body":{"in_reply_to":6,"type":"broadcast_ok"}}
2024/02/15 21:10:26 Sent {"src":"n1","dest":"n1","body":{"message":19,"msg_id":6,"type":"broadcast"}}
2024/02/15 21:10:26 Sent {"src":"n1","dest":"n0","body":{"message":19,"msg_id":6,"type":"broadcast"}}
2024/02/15 21:10:26 Sent {"src":"n1","dest":"n2","body":{"message":19,"msg_id":6,"type":"broadcast"}}
2024/02/15 21:10:26 Sent {"src":"n1","dest":"n3","body":{"message":19,"msg_id":6,"type":"broadcast"}}
2024/02/15 21:10:26 Sent {"src":"n1","dest":"n4","body":{"message":19,"msg_id":6,"type":"broadcast"}}
2024/02/15 21:10:26 Received {n1 n1 {"message":19,"msg_id":6,"type":"broadcast"}}
2024/02/15 21:10:26 Received {n2 n1 {"in_reply_to":6,"type":"broadcast_ok"}}
2024/02/15 21:10:26 Ignoring reply to 6 with no callback
2024/02/15 21:10:26 Received {n3 n1 {"in_reply_to":6,"type":"broadcast_ok"}}
2024/02/15 21:10:26 Ignoring reply to 6 with no callback
2024/02/15 21:10:26 Received {n4 n1 {"in_reply_to":6,"type":"broadcast_ok"}}
2024/02/15 21:10:26 Ignoring reply to 6 with no callback
2024/02/15 21:10:26 Received {n0 n1 {"in_reply_to":6,"type":"broadcast_ok"}}
2024/02/15 21:10:26 Ignoring reply to 6 with no callback
2024/02/15 21:10:26 Received {n2 n1 {"message":20,"msg_id":6,"type":"broadcast"}}
2024/02/15 21:10:26 Sent {"src":"n1","dest":"n2","body":{"in_reply_to":6,"type":"broadcast_ok"}}
2024/02/15 21:10:26 Sent {"src":"n1","dest":"n1","body":{"message":20,"msg_id":6,"type":"broadcast"}}
2024/02/15 21:10:26 Sent {"src":"n1","dest":"n3","body":{"message":20,"msg_id":6,"type":"broadcast"}}
2024/02/15 21:10:26 Sent {"src":"n1","dest":"n4","body":{"message":20,"msg_id":6,"type":"broadcast"}}
2024/02/15 21:10:26 Sent {"src":"n1","dest":"n0","body":{"message":20,"msg_id":6,"type":"broadcast"}}
2024/02/15 21:10:26 Received {n0 n1 {"message":20,"msg_id":6,"type":"broadcast"}}
2024/02/15 21:10:26 Received {n3 n1 {"message":20,"msg_id":6,"type":"broadcast"}}
2024/02/15 21:10:26 Received {n1 n1 {"message":20,"msg_id":6,"type":"broadcast"}}
2024/02/15 21:10:26 Received {n4 n1 {"message":20,"msg_id":6,"type":"broadcast"}}
2024/02/15 21:10:26 Received {n0 n1 {"message":21,"msg_id":13,"type":"broadcast"}}
2024/02/15 21:10:26 Sent {"src":"n1","dest":"n0","body":{"in_reply_to":13,"type":"broadcast_ok"}}
2024/02/15 21:10:26 Sent {"src":"n1","dest":"n4","body":{"message":21,"msg_id":13,"type":"broadcast"}}
2024/02/15 21:10:26 Sent {"src":"n1","dest":"n1","body":{"message":21,"msg_id":13,"type":"broadcast"}}
2024/02/15 21:10:26 Sent {"src":"n1","dest":"n2","body":{"message":21,"msg_id":13,"type":"broadcast"}}
2024/02/15 21:10:26 Sent {"src":"n1","dest":"n3","body":{"message":21,"msg_id":13,"type":"broadcast"}}
2024/02/15 21:10:26 Received {n1 n1 {"message":21,"msg_id":13,"type":"broadcast"}}
2024/02/15 21:10:26 Received {n4 n1 {"message":21,"msg_id":13,"type":"broadcast"}}
2024/02/15 21:10:26 Received {n3 n1 {"message":21,"msg_id":13,"type":"broadcast"}}
2024/02/15 21:10:26 Received {n2 n1 {"message":21,"msg_id":13,"type":"broadcast"}}
2024/02/15 21:10:27 Received {c11 n1 {"type":"read","msg_id":7}}
2024/02/15 21:10:27 Sent {"src":"n1","dest":"c11","body":{"in_reply_to":7,"messages":[12,16,19,1,9,11,13,15,18,0,2,3,4,5,8,17,20,6,7,10,14,21],"type":"read_ok"}}
2024/02/15 21:10:27 Received {n2 n1 {"message":22,"msg_id":7,"type":"broadcast"}}
2024/02/15 21:10:27 Sent {"src":"n1","dest":"n2","body":{"in_reply_to":7,"type":"broadcast_ok"}}
2024/02/15 21:10:27 Sent {"src":"n1","dest":"n1","body":{"message":22,"msg_id":7,"type":"broadcast"}}
2024/02/15 21:10:27 Sent {"src":"n1","dest":"n4","body":{"message":22,"msg_id":7,"type":"broadcast"}}
2024/02/15 21:10:27 Sent {"src":"n1","dest":"n0","body":{"message":22,"msg_id":7,"type":"broadcast"}}
2024/02/15 21:10:27 Sent {"src":"n1","dest":"n3","body":{"message":22,"msg_id":7,"type":"broadcast"}}
2024/02/15 21:10:27 Received {n1 n1 {"message":22,"msg_id":7,"type":"broadcast"}}
2024/02/15 21:10:27 Received {n4 n1 {"message":22,"msg_id":7,"type":"broadcast"}}
2024/02/15 21:10:27 Received {n3 n1 {"message":22,"msg_id":7,"type":"broadcast"}}
2024/02/15 21:10:27 Received {n0 n1 {"message":22,"msg_id":7,"type":"broadcast"}}
2024/02/15 21:10:27 Received {n3 n1 {"message":23,"msg_id":7,"type":"broadcast"}}
2024/02/15 21:10:27 Sent {"src":"n1","dest":"n3","body":{"in_reply_to":7,"type":"broadcast_ok"}}
2024/02/15 21:10:27 Sent {"src":"n1","dest":"n4","body":{"message":23,"msg_id":7,"type":"broadcast"}}
2024/02/15 21:10:27 Sent {"src":"n1","dest":"n0","body":{"message":23,"msg_id":7,"type":"broadcast"}}
2024/02/15 21:10:27 Sent {"src":"n1","dest":"n1","body":{"message":23,"msg_id":7,"type":"broadcast"}}
2024/02/15 21:10:27 Sent {"src":"n1","dest":"n2","body":{"message":23,"msg_id":7,"type":"broadcast"}}
2024/02/15 21:10:27 Received {n4 n1 {"message":23,"msg_id":7,"type":"broadcast"}}
2024/02/15 21:10:27 Received {n0 n1 {"message":23,"msg_id":7,"type":"broadcast"}}
2024/02/15 21:10:27 Received {n1 n1 {"message":23,"msg_id":7,"type":"broadcast"}}
2024/02/15 21:10:27 Received {n2 n1 {"message":23,"msg_id":7,"type":"broadcast"}}
2024/02/15 21:10:27 Received {c11 n1 {"type":"read","msg_id":8}}
2024/02/15 21:10:27 Sent {"src":"n1","dest":"c11","body":{"in_reply_to":8,"messages":[9,11,13,15,1,2,3,4,5,8,17,18,0,22,20,7,10,14,21,23,6,16,19,12],"type":"read_ok"}}
2024/02/15 21:10:28 Received {n2 n1 {"message":24,"msg_id":8,"type":"broadcast"}}
2024/02/15 21:10:28 Sent {"src":"n1","dest":"n2","body":{"in_reply_to":8,"type":"broadcast_ok"}}
2024/02/15 21:10:28 Sent {"src":"n1","dest":"n4","body":{"message":24,"msg_id":8,"type":"broadcast"}}
2024/02/15 21:10:28 Sent {"src":"n1","dest":"n0","body":{"message":24,"msg_id":8,"type":"broadcast"}}
2024/02/15 21:10:28 Sent {"src":"n1","dest":"n1","body":{"message":24,"msg_id":8,"type":"broadcast"}}
2024/02/15 21:10:28 Sent {"src":"n1","dest":"n3","body":{"message":24,"msg_id":8,"type":"broadcast"}}
2024/02/15 21:10:28 Received {n4 n1 {"message":24,"msg_id":8,"type":"broadcast"}}
2024/02/15 21:10:28 Received {n0 n1 {"message":24,"msg_id":8,"type":"broadcast"}}
2024/02/15 21:10:28 Received {n3 n1 {"message":24,"msg_id":8,"type":"broadcast"}}
2024/02/15 21:10:28 Received {n1 n1 {"message":24,"msg_id":8,"type":"broadcast"}}
2024/02/15 21:10:28 Received {n3 n1 {"message":25,"msg_id":8,"type":"broadcast"}}
2024/02/15 21:10:28 Sent {"src":"n1","dest":"n3","body":{"in_reply_to":8,"type":"broadcast_ok"}}
2024/02/15 21:10:28 Sent {"src":"n1","dest":"n4","body":{"message":25,"msg_id":8,"type":"broadcast"}}
2024/02/15 21:10:28 Sent {"src":"n1","dest":"n0","body":{"message":25,"msg_id":8,"type":"broadcast"}}
2024/02/15 21:10:28 Sent {"src":"n1","dest":"n1","body":{"message":25,"msg_id":8,"type":"broadcast"}}
2024/02/15 21:10:28 Sent {"src":"n1","dest":"n2","body":{"message":25,"msg_id":8,"type":"broadcast"}}
2024/02/15 21:10:28 Received {n4 n1 {"message":25,"msg_id":8,"type":"broadcast"}}
2024/02/15 21:10:28 Received {n1 n1 {"message":25,"msg_id":8,"type":"broadcast"}}
2024/02/15 21:10:28 Received {n2 n1 {"message":25,"msg_id":8,"type":"broadcast"}}
2024/02/15 21:10:28 Received {n0 n1 {"message":25,"msg_id":8,"type":"broadcast"}}
2024/02/15 21:10:28 Received {n0 n1 {"message":26,"msg_id":16,"type":"broadcast"}}
2024/02/15 21:10:28 Sent {"src":"n1","dest":"n0","body":{"in_reply_to":16,"type":"broadcast_ok"}}
2024/02/15 21:10:28 Sent {"src":"n1","dest":"n2","body":{"message":26,"msg_id":16,"type":"broadcast"}}
2024/02/15 21:10:28 Sent {"src":"n1","dest":"n1","body":{"message":26,"msg_id":16,"type":"broadcast"}}
2024/02/15 21:10:28 Sent {"src":"n1","dest":"n3","body":{"message":26,"msg_id":16,"type":"broadcast"}}
2024/02/15 21:10:28 Sent {"src":"n1","dest":"n4","body":{"message":26,"msg_id":16,"type":"broadcast"}}
2024/02/15 21:10:28 Received {n1 n1 {"message":26,"msg_id":16,"type":"broadcast"}}
2024/02/15 21:10:28 Received {n2 n1 {"message":26,"msg_id":16,"type":"broadcast"}}
2024/02/15 21:10:28 Received {n3 n1 {"message":26,"msg_id":16,"type":"broadcast"}}
2024/02/15 21:10:28 Received {n4 n1 {"message":26,"msg_id":16,"type":"broadcast"}}
2024/02/15 21:10:28 Received {n0 n1 {"message":27,"msg_id":17,"type":"broadcast"}}
2024/02/15 21:10:28 Sent {"src":"n1","dest":"n0","body":{"in_reply_to":17,"type":"broadcast_ok"}}
2024/02/15 21:10:28 Sent {"src":"n1","dest":"n4","body":{"message":27,"msg_id":17,"type":"broadcast"}}
2024/02/15 21:10:28 Sent {"src":"n1","dest":"n1","body":{"message":27,"msg_id":17,"type":"broadcast"}}
2024/02/15 21:10:28 Sent {"src":"n1","dest":"n2","body":{"message":27,"msg_id":17,"type":"broadcast"}}
2024/02/15 21:10:28 Sent {"src":"n1","dest":"n3","body":{"message":27,"msg_id":17,"type":"broadcast"}}
2024/02/15 21:10:28 Received {n1 n1 {"message":27,"msg_id":17,"type":"broadcast"}}
2024/02/15 21:10:28 Received {n2 n1 {"message":27,"msg_id":17,"type":"broadcast"}}
2024/02/15 21:10:28 Received {n3 n1 {"message":27,"msg_id":17,"type":"broadcast"}}
2024/02/15 21:10:28 Received {n4 n1 {"message":27,"msg_id":17,"type":"broadcast"}}
2024/02/15 21:10:28 Received {c11 n1 {"type":"broadcast","message":28,"msg_id":9}}
2024/02/15 21:10:28 Sent {"src":"n1","dest":"c11","body":{"in_reply_to":9,"type":"broadcast_ok"}}
2024/02/15 21:10:28 Sent {"src":"n1","dest":"n1","body":{"message":28,"msg_id":9,"type":"broadcast"}}
2024/02/15 21:10:28 Sent {"src":"n1","dest":"n4","body":{"message":28,"msg_id":9,"type":"broadcast"}}
2024/02/15 21:10:28 Sent {"src":"n1","dest":"n0","body":{"message":28,"msg_id":9,"type":"broadcast"}}
2024/02/15 21:10:28 Sent {"src":"n1","dest":"n3","body":{"message":28,"msg_id":9,"type":"broadcast"}}
2024/02/15 21:10:28 Sent {"src":"n1","dest":"n2","body":{"message":28,"msg_id":9,"type":"broadcast"}}
2024/02/15 21:10:28 Received {n1 n1 {"message":28,"msg_id":9,"type":"broadcast"}}
2024/02/15 21:10:28 Received {n0 n1 {"in_reply_to":9,"type":"broadcast_ok"}}
2024/02/15 21:10:28 Ignoring reply to 9 with no callback
2024/02/15 21:10:28 Received {n3 n1 {"in_reply_to":9,"type":"broadcast_ok"}}
2024/02/15 21:10:28 Ignoring reply to 9 with no callback
2024/02/15 21:10:28 Received {n4 n1 {"in_reply_to":9,"type":"broadcast_ok"}}
2024/02/15 21:10:28 Ignoring reply to 9 with no callback
2024/02/15 21:10:28 Received {n2 n1 {"in_reply_to":9,"type":"broadcast_ok"}}
2024/02/15 21:10:28 Ignoring reply to 9 with no callback
2024/02/15 21:10:28 Received {c11 n1 {"type":"read","msg_id":10}}
2024/02/15 21:10:28 Sent {"src":"n1","dest":"c11","body":{"in_reply_to":10,"messages":[14,6,10,19,12,16,13,24,1,9,5,18,22,25,0,2,23,7,21,27,28,11,15,8,17,20,26,3,4],"type":"read_ok"}}
2024/02/15 21:10:29 Received {n2 n1 {"message":29,"msg_id":10,"type":"broadcast"}}
2024/02/15 21:10:29 Sent {"src":"n1","dest":"n2","body":{"in_reply_to":10,"type":"broadcast_ok"}}
2024/02/15 21:10:29 Sent {"src":"n1","dest":"n4","body":{"message":29,"msg_id":10,"type":"broadcast"}}
2024/02/15 21:10:29 Sent {"src":"n1","dest":"n0","body":{"message":29,"msg_id":10,"type":"broadcast"}}
2024/02/15 21:10:29 Sent {"src":"n1","dest":"n1","body":{"message":29,"msg_id":10,"type":"broadcast"}}
2024/02/15 21:10:29 Sent {"src":"n1","dest":"n3","body":{"message":29,"msg_id":10,"type":"broadcast"}}
2024/02/15 21:10:29 Received {n4 n1 {"message":29,"msg_id":10,"type":"broadcast"}}
2024/02/15 21:10:29 Received {n1 n1 {"message":29,"msg_id":10,"type":"broadcast"}}
2024/02/15 21:10:29 Received {n0 n1 {"message":29,"msg_id":10,"type":"broadcast"}}
2024/02/15 21:10:29 Received {n3 n1 {"message":29,"msg_id":10,"type":"broadcast"}}
2024/02/15 21:10:29 Received {n0 n1 {"message":30,"msg_id":20,"type":"broadcast"}}
2024/02/15 21:10:29 Sent {"src":"n1","dest":"n0","body":{"in_reply_to":20,"type":"broadcast_ok"}}
2024/02/15 21:10:29 Sent {"src":"n1","dest":"n4","body":{"message":30,"msg_id":20,"type":"broadcast"}}
2024/02/15 21:10:29 Sent {"src":"n1","dest":"n1","body":{"message":30,"msg_id":20,"type":"broadcast"}}
2024/02/15 21:10:29 Sent {"src":"n1","dest":"n2","body":{"message":30,"msg_id":20,"type":"broadcast"}}
2024/02/15 21:10:29 Sent {"src":"n1","dest":"n3","body":{"message":30,"msg_id":20,"type":"broadcast"}}
2024/02/15 21:10:29 Received {n4 n1 {"message":30,"msg_id":20,"type":"broadcast"}}
2024/02/15 21:10:29 Received {n1 n1 {"message":30,"msg_id":20,"type":"broadcast"}}
2024/02/15 21:10:29 Received {n2 n1 {"message":30,"msg_id":20,"type":"broadcast"}}
2024/02/15 21:10:29 Received {n3 n1 {"message":30,"msg_id":20,"type":"broadcast"}}
2024/02/15 21:10:29 Received {n0 n1 {"message":31,"msg_id":21,"type":"broadcast"}}
2024/02/15 21:10:29 Sent {"src":"n1","dest":"n0","body":{"in_reply_to":21,"type":"broadcast_ok"}}
2024/02/15 21:10:29 Sent {"src":"n1","dest":"n4","body":{"message":31,"msg_id":21,"type":"broadcast"}}
2024/02/15 21:10:29 Sent {"src":"n1","dest":"n1","body":{"message":31,"msg_id":21,"type":"broadcast"}}
2024/02/15 21:10:29 Sent {"src":"n1","dest":"n2","body":{"message":31,"msg_id":21,"type":"broadcast"}}
2024/02/15 21:10:29 Sent {"src":"n1","dest":"n3","body":{"message":31,"msg_id":21,"type":"broadcast"}}
2024/02/15 21:10:29 Received {n4 n1 {"message":31,"msg_id":21,"type":"broadcast"}}
2024/02/15 21:10:29 Received {n1 n1 {"message":31,"msg_id":21,"type":"broadcast"}}
2024/02/15 21:10:29 Received {n3 n1 {"message":31,"msg_id":21,"type":"broadcast"}}
2024/02/15 21:10:29 Received {n2 n1 {"message":31,"msg_id":21,"type":"broadcast"}}
2024/02/15 21:10:29 Received {c11 n1 {"type":"read","msg_id":11}}
2024/02/15 21:10:29 Sent {"src":"n1","dest":"c11","body":{"in_reply_to":11,"messages":[11,15,8,17,20,26,3,4,14,31,6,10,19,30,12,16,13,24,29,1,9,5,18,22,25,0,2,23,7,21,27,28],"type":"read_ok"}}
2024/02/15 21:10:29 Received {n3 n1 {"message":32,"msg_id":11,"type":"broadcast"}}
2024/02/15 21:10:29 Sent {"src":"n1","dest":"n3","body":{"in_reply_to":11,"type":"broadcast_ok"}}
2024/02/15 21:10:29 Sent {"src":"n1","dest":"n4","body":{"message":32,"msg_id":11,"type":"broadcast"}}
2024/02/15 21:10:29 Sent {"src":"n1","dest":"n0","body":{"message":32,"msg_id":11,"type":"broadcast"}}
2024/02/15 21:10:29 Sent {"src":"n1","dest":"n1","body":{"message":32,"msg_id":11,"type":"broadcast"}}
2024/02/15 21:10:29 Sent {"src":"n1","dest":"n2","body":{"message":32,"msg_id":11,"type":"broadcast"}}
2024/02/15 21:10:29 Received {n1 n1 {"message":32,"msg_id":11,"type":"broadcast"}}
2024/02/15 21:10:29 Received {n4 n1 {"message":32,"msg_id":11,"type":"broadcast"}}
2024/02/15 21:10:29 Received {n0 n1 {"message":32,"msg_id":11,"type":"broadcast"}}
2024/02/15 21:10:29 Received {n2 n1 {"message":32,"msg_id":11,"type":"broadcast"}}
2024/02/15 21:10:30 Received {c11 n1 {"type":"broadcast","message":33,"msg_id":12}}
2024/02/15 21:10:30 Sent {"src":"n1","dest":"c11","body":{"in_reply_to":12,"type":"broadcast_ok"}}
2024/02/15 21:10:30 Sent {"src":"n1","dest":"n1","body":{"message":33,"msg_id":12,"type":"broadcast"}}
2024/02/15 21:10:30 Sent {"src":"n1","dest":"n2","body":{"message":33,"msg_id":12,"type":"broadcast"}}
2024/02/15 21:10:30 Sent {"src":"n1","dest":"n0","body":{"message":33,"msg_id":12,"type":"broadcast"}}
2024/02/15 21:10:30 Sent {"src":"n1","dest":"n3","body":{"message":33,"msg_id":12,"type":"broadcast"}}
2024/02/15 21:10:30 Sent {"src":"n1","dest":"n4","body":{"message":33,"msg_id":12,"type":"broadcast"}}
2024/02/15 21:10:30 Received {n1 n1 {"message":33,"msg_id":12,"type":"broadcast"}}
2024/02/15 21:10:30 Received {n2 n1 {"in_reply_to":12,"type":"broadcast_ok"}}
2024/02/15 21:10:30 Ignoring reply to 12 with no callback
2024/02/15 21:10:30 Received {n0 n1 {"in_reply_to":12,"type":"broadcast_ok"}}
2024/02/15 21:10:30 Ignoring reply to 12 with no callback
2024/02/15 21:10:30 Received {n3 n1 {"in_reply_to":12,"type":"broadcast_ok"}}
2024/02/15 21:10:30 Ignoring reply to 12 with no callback
2024/02/15 21:10:30 Received {n4 n1 {"in_reply_to":12,"type":"broadcast_ok"}}
2024/02/15 21:10:30 Ignoring reply to 12 with no callback
2024/02/15 21:10:30 Received {n3 n1 {"message":34,"msg_id":12,"type":"broadcast"}}
2024/02/15 21:10:30 Sent {"src":"n1","dest":"n3","body":{"in_reply_to":12,"type":"broadcast_ok"}}
2024/02/15 21:10:30 Sent {"src":"n1","dest":"n4","body":{"message":34,"msg_id":12,"type":"broadcast"}}
2024/02/15 21:10:30 Sent {"src":"n1","dest":"n0","body":{"message":34,"msg_id":12,"type":"broadcast"}}
2024/02/15 21:10:30 Sent {"src":"n1","dest":"n1","body":{"message":34,"msg_id":12,"type":"broadcast"}}
2024/02/15 21:10:30 Sent {"src":"n1","dest":"n2","body":{"message":34,"msg_id":12,"type":"broadcast"}}
2024/02/15 21:10:30 Received {n4 n1 {"message":34,"msg_id":12,"type":"broadcast"}}
2024/02/15 21:10:30 Received {n2 n1 {"message":34,"msg_id":12,"type":"broadcast"}}
2024/02/15 21:10:30 Received {n1 n1 {"message":34,"msg_id":12,"type":"broadcast"}}
2024/02/15 21:10:30 Received {n0 n1 {"message":34,"msg_id":12,"type":"broadcast"}}
2024/02/15 21:10:30 Received {n0 n1 {"message":35,"msg_id":25,"type":"broadcast"}}
2024/02/15 21:10:30 Sent {"src":"n1","dest":"n0","body":{"in_reply_to":25,"type":"broadcast_ok"}}
2024/02/15 21:10:30 Sent {"src":"n1","dest":"n4","body":{"message":35,"msg_id":25,"type":"broadcast"}}
2024/02/15 21:10:30 Sent {"src":"n1","dest":"n1","body":{"message":35,"msg_id":25,"type":"broadcast"}}
2024/02/15 21:10:30 Sent {"src":"n1","dest":"n3","body":{"message":35,"msg_id":25,"type":"broadcast"}}
2024/02/15 21:10:30 Sent {"src":"n1","dest":"n2","body":{"message":35,"msg_id":25,"type":"broadcast"}}
2024/02/15 21:10:30 Received {n4 n1 {"message":35,"msg_id":25,"type":"broadcast"}}
2024/02/15 21:10:30 Received {n1 n1 {"message":35,"msg_id":25,"type":"broadcast"}}
2024/02/15 21:10:30 Received {n2 n1 {"message":35,"msg_id":25,"type":"broadcast"}}
2024/02/15 21:10:30 Received {n3 n1 {"message":35,"msg_id":25,"type":"broadcast"}}
2024/02/15 21:10:30 Received {c11 n1 {"type":"read","msg_id":13}}
2024/02/15 21:10:30 Sent {"src":"n1","dest":"c11","body":{"in_reply_to":13,"messages":[6,10,14,31,12,16,19,30,1,9,13,24,29,0,2,5,18,22,25,32,7,21,23,34,35,27,28,33,11,15,3,4,8,17,20,26],"type":"read_ok"}}
2024/02/15 21:10:30 Received {n3 n1 {"message":36,"msg_id":13,"type":"broadcast"}}
2024/02/15 21:10:30 Sent {"src":"n1","dest":"n3","body":{"in_reply_to":13,"type":"broadcast_ok"}}
2024/02/15 21:10:30 Sent {"src":"n1","dest":"n4","body":{"message":36,"msg_id":13,"type":"broadcast"}}
2024/02/15 21:10:30 Sent {"src":"n1","dest":"n0","body":{"message":36,"msg_id":13,"type":"broadcast"}}
2024/02/15 21:10:30 Sent {"src":"n1","dest":"n1","body":{"message":36,"msg_id":13,"type":"broadcast"}}
2024/02/15 21:10:30 Sent {"src":"n1","dest":"n2","body":{"message":36,"msg_id":13,"type":"broadcast"}}
2024/02/15 21:10:30 Received {n4 n1 {"message":36,"msg_id":13,"type":"broadcast"}}
2024/02/15 21:10:30 Received {n1 n1 {"message":36,"msg_id":13,"type":"broadcast"}}
2024/02/15 21:10:30 Received {n2 n1 {"message":36,"msg_id":13,"type":"broadcast"}}
2024/02/15 21:10:30 Received {n0 n1 {"message":36,"msg_id":13,"type":"broadcast"}}
2024/02/15 21:10:31 Received {n0 n1 {"message":37,"msg_id":27,"type":"broadcast"}}
2024/02/15 21:10:31 Sent {"src":"n1","dest":"n0","body":{"in_reply_to":27,"type":"broadcast_ok"}}
2024/02/15 21:10:31 Sent {"src":"n1","dest":"n4","body":{"message":37,"msg_id":27,"type":"broadcast"}}
2024/02/15 21:10:31 Sent {"src":"n1","dest":"n1","body":{"message":37,"msg_id":27,"type":"broadcast"}}
2024/02/15 21:10:31 Sent {"src":"n1","dest":"n2","body":{"message":37,"msg_id":27,"type":"broadcast"}}
2024/02/15 21:10:31 Sent {"src":"n1","dest":"n3","body":{"message":37,"msg_id":27,"type":"broadcast"}}
2024/02/15 21:10:31 Received {n1 n1 {"message":37,"msg_id":27,"type":"broadcast"}}
2024/02/15 21:10:31 Received {n4 n1 {"message":37,"msg_id":27,"type":"broadcast"}}
2024/02/15 21:10:31 Received {n2 n1 {"message":37,"msg_id":27,"type":"broadcast"}}
2024/02/15 21:10:31 Received {n3 n1 {"message":37,"msg_id":27,"type":"broadcast"}}
2024/02/15 21:10:31 Received {c11 n1 {"type":"read","msg_id":14}}
2024/02/15 21:10:31 Sent {"src":"n1","dest":"c11","body":{"in_reply_to":14,"messages":[14,31,6,10,19,30,36,12,16,13,24,29,1,9,5,18,22,25,32,0,2,23,34,35,7,21,33,27,28,11,15,8,17,20,26,37,3,4],"type":"read_ok"}}
2024/02/15 21:10:31 Received {n2 n1 {"message":38,"msg_id":14,"type":"broadcast"}}
2024/02/15 21:10:31 Sent {"src":"n1","dest":"n2","body":{"in_reply_to":14,"type":"broadcast_ok"}}
2024/02/15 21:10:31 Sent {"src":"n1","dest":"n4","body":{"message":38,"msg_id":14,"type":"broadcast"}}
2024/02/15 21:10:31 Sent {"src":"n1","dest":"n0","body":{"message":38,"msg_id":14,"type":"broadcast"}}
2024/02/15 21:10:31 Sent {"src":"n1","dest":"n1","body":{"message":38,"msg_id":14,"type":"broadcast"}}
2024/02/15 21:10:31 Sent {"src":"n1","dest":"n3","body":{"message":38,"msg_id":14,"type":"broadcast"}}
2024/02/15 21:10:31 Received {n4 n1 {"message":38,"msg_id":14,"type":"broadcast"}}
2024/02/15 21:10:31 Received {n1 n1 {"message":38,"msg_id":14,"type":"broadcast"}}
2024/02/15 21:10:31 Received {n0 n1 {"message":38,"msg_id":14,"type":"broadcast"}}
2024/02/15 21:10:31 Received {n3 n1 {"message":38,"msg_id":14,"type":"broadcast"}}
2024/02/15 21:10:32 Received {c11 n1 {"type":"read","msg_id":15}}
2024/02/15 21:10:32 Sent {"src":"n1","dest":"c11","body":{"in_reply_to":15,"messages":[11,15,38,37,3,4,8,17,20,26,6,10,14,31,12,16,19,30,36,1,9,13,24,29,32,0,2,5,18,22,25,7,21,23,34,35,27,28,33],"type":"read_ok"}}
2024/02/15 21:10:32 Received {n2 n1 {"message":39,"msg_id":15,"type":"broadcast"}}
2024/02/15 21:10:32 Sent {"src":"n1","dest":"n2","body":{"in_reply_to":15,"type":"broadcast_ok"}}
2024/02/15 21:10:32 Sent {"src":"n1","dest":"n1","body":{"message":39,"msg_id":15,"type":"broadcast"}}
2024/02/15 21:10:32 Sent {"src":"n1","dest":"n0","body":{"message":39,"msg_id":15,"type":"broadcast"}}
2024/02/15 21:10:32 Sent {"src":"n1","dest":"n3","body":{"message":39,"msg_id":15,"type":"broadcast"}}
2024/02/15 21:10:32 Sent {"src":"n1","dest":"n4","body":{"message":39,"msg_id":15,"type":"broadcast"}}
2024/02/15 21:10:32 Received {n4 n1 {"message":39,"msg_id":15,"type":"broadcast"}}
2024/02/15 21:10:32 Received {n0 n1 {"message":39,"msg_id":15,"type":"broadcast"}}
2024/02/15 21:10:32 Received {n1 n1 {"message":39,"msg_id":15,"type":"broadcast"}}
2024/02/15 21:10:32 Received {n3 n1 {"message":39,"msg_id":15,"type":"broadcast"}}
2024/02/15 21:10:32 Received {n4 n1 {"message":40,"msg_id":15,"type":"broadcast"}}
2024/02/15 21:10:32 Sent {"src":"n1","dest":"n4","body":{"in_reply_to":15,"type":"broadcast_ok"}}
2024/02/15 21:10:32 Sent {"src":"n1","dest":"n1","body":{"message":40,"msg_id":15,"type":"broadcast"}}
2024/02/15 21:10:32 Sent {"src":"n1","dest":"n0","body":{"message":40,"msg_id":15,"type":"broadcast"}}
2024/02/15 21:10:32 Sent {"src":"n1","dest":"n2","body":{"message":40,"msg_id":15,"type":"broadcast"}}
2024/02/15 21:10:32 Sent {"src":"n1","dest":"n3","body":{"message":40,"msg_id":15,"type":"broadcast"}}
2024/02/15 21:10:32 Received {n3 n1 {"message":40,"msg_id":15,"type":"broadcast"}}
2024/02/15 21:10:32 Received {n2 n1 {"message":40,"msg_id":15,"type":"broadcast"}}
2024/02/15 21:10:32 Received {n1 n1 {"message":40,"msg_id":15,"type":"broadcast"}}
2024/02/15 21:10:32 Received {n0 n1 {"message":40,"msg_id":15,"type":"broadcast"}}
2024/02/15 21:10:32 Received {n0 n1 {"message":41,"msg_id":30,"type":"broadcast"}}
2024/02/15 21:10:32 Sent {"src":"n1","dest":"n0","body":{"in_reply_to":30,"type":"broadcast_ok"}}
2024/02/15 21:10:32 Sent {"src":"n1","dest":"n4","body":{"message":41,"msg_id":30,"type":"broadcast"}}
2024/02/15 21:10:32 Sent {"src":"n1","dest":"n1","body":{"message":41,"msg_id":30,"type":"broadcast"}}
2024/02/15 21:10:32 Sent {"src":"n1","dest":"n2","body":{"message":41,"msg_id":30,"type":"broadcast"}}
2024/02/15 21:10:32 Sent {"src":"n1","dest":"n3","body":{"message":41,"msg_id":30,"type":"broadcast"}}
2024/02/15 21:10:32 Received {n4 n1 {"message":41,"msg_id":30,"type":"broadcast"}}
2024/02/15 21:10:32 Received {n2 n1 {"message":41,"msg_id":30,"type":"broadcast"}}
2024/02/15 21:10:32 Received {n1 n1 {"message":41,"msg_id":30,"type":"broadcast"}}
2024/02/15 21:10:32 Received {n3 n1 {"message":41,"msg_id":30,"type":"broadcast"}}
2024/02/15 21:10:32 Received {n0 n1 {"message":42,"msg_id":31,"type":"broadcast"}}
2024/02/15 21:10:32 Sent {"src":"n1","dest":"n0","body":{"in_reply_to":31,"type":"broadcast_ok"}}
2024/02/15 21:10:32 Sent {"src":"n1","dest":"n4","body":{"message":42,"msg_id":31,"type":"broadcast"}}
2024/02/15 21:10:32 Sent {"src":"n1","dest":"n1","body":{"message":42,"msg_id":31,"type":"broadcast"}}
2024/02/15 21:10:32 Sent {"src":"n1","dest":"n2","body":{"message":42,"msg_id":31,"type":"broadcast"}}
2024/02/15 21:10:32 Sent {"src":"n1","dest":"n3","body":{"message":42,"msg_id":31,"type":"broadcast"}}
2024/02/15 21:10:32 Received {n1 n1 {"message":42,"msg_id":31,"type":"broadcast"}}
2024/02/15 21:10:32 Received {n2 n1 {"message":42,"msg_id":31,"type":"broadcast"}}
2024/02/15 21:10:32 Received {n3 n1 {"message":42,"msg_id":31,"type":"broadcast"}}
2024/02/15 21:10:32 Received {n4 n1 {"message":42,"msg_id":31,"type":"broadcast"}}
2024/02/15 21:10:32 Received {c11 n1 {"type":"broadcast","message":43,"msg_id":16}}
2024/02/15 21:10:32 Sent {"src":"n1","dest":"c11","body":{"in_reply_to":16,"type":"broadcast_ok"}}
2024/02/15 21:10:32 Sent {"src":"n1","dest":"n4","body":{"message":43,"msg_id":16,"type":"broadcast"}}
2024/02/15 21:10:32 Sent {"src":"n1","dest":"n3","body":{"message":43,"msg_id":16,"type":"broadcast"}}
2024/02/15 21:10:32 Sent {"src":"n1","dest":"n0","body":{"message":43,"msg_id":16,"type":"broadcast"}}
2024/02/15 21:10:32 Sent {"src":"n1","dest":"n2","body":{"message":43,"msg_id":16,"type":"broadcast"}}
2024/02/15 21:10:32 Sent {"src":"n1","dest":"n1","body":{"message":43,"msg_id":16,"type":"broadcast"}}
2024/02/15 21:10:32 Received {n1 n1 {"message":43,"msg_id":16,"type":"broadcast"}}
2024/02/15 21:10:32 Received {n0 n1 {"in_reply_to":16,"type":"broadcast_ok"}}
2024/02/15 21:10:32 Ignoring reply to 16 with no callback
2024/02/15 21:10:32 Received {n2 n1 {"in_reply_to":16,"type":"broadcast_ok"}}
2024/02/15 21:10:32 Ignoring reply to 16 with no callback
2024/02/15 21:10:32 Received {n4 n1 {"in_reply_to":16,"type":"broadcast_ok"}}
2024/02/15 21:10:32 Ignoring reply to 16 with no callback
2024/02/15 21:10:32 Received {n3 n1 {"in_reply_to":16,"type":"broadcast_ok"}}
2024/02/15 21:10:32 Ignoring reply to 16 with no callback
2024/02/15 21:10:32 Received {n2 n1 {"message":44,"msg_id":16,"type":"broadcast"}}
2024/02/15 21:10:32 Sent {"src":"n1","dest":"n2","body":{"in_reply_to":16,"type":"broadcast_ok"}}
2024/02/15 21:10:32 Sent {"src":"n1","dest":"n4","body":{"message":44,"msg_id":16,"type":"broadcast"}}
2024/02/15 21:10:32 Sent {"src":"n1","dest":"n0","body":{"message":44,"msg_id":16,"type":"broadcast"}}
2024/02/15 21:10:32 Sent {"src":"n1","dest":"n1","body":{"message":44,"msg_id":16,"type":"broadcast"}}
2024/02/15 21:10:32 Sent {"src":"n1","dest":"n3","body":{"message":44,"msg_id":16,"type":"broadcast"}}
2024/02/15 21:10:32 Received {n4 n1 {"message":44,"msg_id":16,"type":"broadcast"}}
2024/02/15 21:10:32 Received {n0 n1 {"message":44,"msg_id":16,"type":"broadcast"}}
2024/02/15 21:10:32 Received {n1 n1 {"message":44,"msg_id":16,"type":"broadcast"}}
2024/02/15 21:10:32 Received {n3 n1 {"message":44,"msg_id":16,"type":"broadcast"}}
2024/02/15 21:10:32 Received {n0 n1 {"message":45,"msg_id":32,"type":"broadcast"}}
2024/02/15 21:10:32 Sent {"src":"n1","dest":"n0","body":{"in_reply_to":32,"type":"broadcast_ok"}}
2024/02/15 21:10:32 Sent {"src":"n1","dest":"n4","body":{"message":45,"msg_id":32,"type":"broadcast"}}
2024/02/15 21:10:32 Sent {"src":"n1","dest":"n1","body":{"message":45,"msg_id":32,"type":"broadcast"}}
2024/02/15 21:10:32 Sent {"src":"n1","dest":"n2","body":{"message":45,"msg_id":32,"type":"broadcast"}}
2024/02/15 21:10:32 Sent {"src":"n1","dest":"n3","body":{"message":45,"msg_id":32,"type":"broadcast"}}
2024/02/15 21:10:32 Received {n2 n1 {"message":45,"msg_id":32,"type":"broadcast"}}
2024/02/15 21:10:32 Received {n1 n1 {"message":45,"msg_id":32,"type":"broadcast"}}
2024/02/15 21:10:32 Received {n3 n1 {"message":45,"msg_id":32,"type":"broadcast"}}
2024/02/15 21:10:32 Received {n4 n1 {"message":45,"msg_id":32,"type":"broadcast"}}
2024/02/15 21:10:33 Received {c11 n1 {"type":"read","msg_id":17}}
2024/02/15 21:10:33 Sent {"src":"n1","dest":"c11","body":{"in_reply_to":17,"messages":[5,18,22,25,32,0,2,23,34,35,7,21,33,43,45,27,28,38,11,15,8,17,20,26,37,3,4,14,31,40,42,6,10,19,30,36,44,12,16,13,24,29,39,41,1,9],"type":"read_ok"}}
2024/02/15 21:10:33 Received {n2 n1 {"message":46,"msg_id":17,"type":"broadcast"}}
2024/02/15 21:10:33 Sent {"src":"n1","dest":"n2","body":{"in_reply_to":17,"type":"broadcast_ok"}}
2024/02/15 21:10:33 Sent {"src":"n1","dest":"n4","body":{"message":46,"msg_id":17,"type":"broadcast"}}
2024/02/15 21:10:33 Sent {"src":"n1","dest":"n0","body":{"message":46,"msg_id":17,"type":"broadcast"}}
2024/02/15 21:10:33 Sent {"src":"n1","dest":"n1","body":{"message":46,"msg_id":17,"type":"broadcast"}}
2024/02/15 21:10:33 Sent {"src":"n1","dest":"n3","body":{"message":46,"msg_id":17,"type":"broadcast"}}
2024/02/15 21:10:33 Received {n1 n1 {"message":46,"msg_id":17,"type":"broadcast"}}
2024/02/15 21:10:33 Received {n0 n1 {"message":46,"msg_id":17,"type":"broadcast"}}
2024/02/15 21:10:33 Received {n4 n1 {"message":46,"msg_id":17,"type":"broadcast"}}
2024/02/15 21:10:33 Received {n3 n1 {"message":46,"msg_id":17,"type":"broadcast"}}
2024/02/15 21:10:33 Received {n0 n1 {"message":47,"msg_id":35,"type":"broadcast"}}
2024/02/15 21:10:33 Sent {"src":"n1","dest":"n0","body":{"in_reply_to":35,"type":"broadcast_ok"}}
2024/02/15 21:10:33 Sent {"src":"n1","dest":"n2","body":{"message":47,"msg_id":35,"type":"broadcast"}}
2024/02/15 21:10:33 Sent {"src":"n1","dest":"n1","body":{"message":47,"msg_id":35,"type":"broadcast"}}
2024/02/15 21:10:33 Sent {"src":"n1","dest":"n3","body":{"message":47,"msg_id":35,"type":"broadcast"}}
2024/02/15 21:10:33 Sent {"src":"n1","dest":"n4","body":{"message":47,"msg_id":35,"type":"broadcast"}}
2024/02/15 21:10:33 Received {n3 n1 {"message":47,"msg_id":35,"type":"broadcast"}}
2024/02/15 21:10:33 Received {n4 n1 {"message":47,"msg_id":35,"type":"broadcast"}}
2024/02/15 21:10:33 Received {n1 n1 {"message":47,"msg_id":35,"type":"broadcast"}}
2024/02/15 21:10:33 Received {n2 n1 {"message":47,"msg_id":35,"type":"broadcast"}}
2024/02/15 21:10:33 Received {c11 n1 {"type":"read","msg_id":18}}
2024/02/15 21:10:33 Sent {"src":"n1","dest":"c11","body":{"in_reply_to":18,"messages":[7,21,23,34,35,27,28,33,43,45,11,15,38,46,3,4,8,17,20,26,37,47,6,10,14,31,40,42,12,16,19,30,36,44,1,9,13,24,29,39,41,0,2,5,18,22,25,32],"type":"read_ok"}}
2024/02/15 21:10:33 Received {n2 n1 {"message":48,"msg_id":18,"type":"broadcast"}}
2024/02/15 21:10:33 Sent {"src":"n1","dest":"n2","body":{"in_reply_to":18,"type":"broadcast_ok"}}
2024/02/15 21:10:33 Sent {"src":"n1","dest":"n1","body":{"message":48,"msg_id":18,"type":"broadcast"}}
2024/02/15 21:10:33 Sent {"src":"n1","dest":"n0","body":{"message":48,"msg_id":18,"type":"broadcast"}}
2024/02/15 21:10:33 Sent {"src":"n1","dest":"n3","body":{"message":48,"msg_id":18,"type":"broadcast"}}
2024/02/15 21:10:33 Sent {"src":"n1","dest":"n4","body":{"message":48,"msg_id":18,"type":"broadcast"}}
2024/02/15 21:10:33 Received {n1 n1 {"message":48,"msg_id":18,"type":"broadcast"}}
2024/02/15 21:10:33 Received {n4 n1 {"message":48,"msg_id":18,"type":"broadcast"}}
2024/02/15 21:10:33 Received {n0 n1 {"message":48,"msg_id":18,"type":"broadcast"}}
2024/02/15 21:10:33 Received {n3 n1 {"message":48,"msg_id":18,"type":"broadcast"}}
2024/02/15 21:10:34 Received {n4 n1 {"message":49,"msg_id":18,"type":"broadcast"}}
2024/02/15 21:10:34 Sent {"src":"n1","dest":"n4","body":{"in_reply_to":18,"type":"broadcast_ok"}}
2024/02/15 21:10:34 Sent {"src":"n1","dest":"n3","body":{"message":49,"msg_id":18,"type":"broadcast"}}
2024/02/15 21:10:34 Sent {"src":"n1","dest":"n0","body":{"message":49,"msg_id":18,"type":"broadcast"}}
2024/02/15 21:10:34 Sent {"src":"n1","dest":"n2","body":{"message":49,"msg_id":18,"type":"broadcast"}}
2024/02/15 21:10:34 Sent {"src":"n1","dest":"n1","body":{"message":49,"msg_id":18,"type":"broadcast"}}
2024/02/15 21:10:34 Received {n1 n1 {"message":49,"msg_id":18,"type":"broadcast"}}
2024/02/15 21:10:34 Received {n2 n1 {"message":49,"msg_id":18,"type":"broadcast"}}
2024/02/15 21:10:34 Received {n3 n1 {"message":49,"msg_id":18,"type":"broadcast"}}
2024/02/15 21:10:34 Received {n0 n1 {"message":49,"msg_id":18,"type":"broadcast"}}
2024/02/15 21:10:34 Received {n0 n1 {"message":50,"msg_id":36,"type":"broadcast"}}
2024/02/15 21:10:34 Sent {"src":"n1","dest":"n0","body":{"in_reply_to":36,"type":"broadcast_ok"}}
2024/02/15 21:10:34 Sent {"src":"n1","dest":"n4","body":{"message":50,"msg_id":36,"type":"broadcast"}}
2024/02/15 21:10:34 Sent {"src":"n1","dest":"n1","body":{"message":50,"msg_id":36,"type":"broadcast"}}
2024/02/15 21:10:34 Sent {"src":"n1","dest":"n2","body":{"message":50,"msg_id":36,"type":"broadcast"}}
2024/02/15 21:10:34 Sent {"src":"n1","dest":"n3","body":{"message":50,"msg_id":36,"type":"broadcast"}}
2024/02/15 21:10:34 Received {n4 n1 {"message":50,"msg_id":36,"type":"broadcast"}}
2024/02/15 21:10:34 Received {n3 n1 {"message":50,"msg_id":36,"type":"broadcast"}}
2024/02/15 21:10:34 Received {n2 n1 {"message":50,"msg_id":36,"type":"broadcast"}}
2024/02/15 21:10:34 Received {n1 n1 {"message":50,"msg_id":36,"type":"broadcast"}}
2024/02/15 21:10:34 Received {n0 n1 {"message":51,"msg_id":37,"type":"broadcast"}}
2024/02/15 21:10:34 Sent {"src":"n1","dest":"n0","body":{"in_reply_to":37,"type":"broadcast_ok"}}
2024/02/15 21:10:34 Sent {"src":"n1","dest":"n4","body":{"message":51,"msg_id":37,"type":"broadcast"}}
2024/02/15 21:10:34 Sent {"src":"n1","dest":"n2","body":{"message":51,"msg_id":37,"type":"broadcast"}}
2024/02/15 21:10:34 Sent {"src":"n1","dest":"n3","body":{"message":51,"msg_id":37,"type":"broadcast"}}
2024/02/15 21:10:34 Sent {"src":"n1","dest":"n1","body":{"message":51,"msg_id":37,"type":"broadcast"}}
2024/02/15 21:10:34 Received {n1 n1 {"message":51,"msg_id":37,"type":"broadcast"}}
2024/02/15 21:10:34 Received {n2 n1 {"message":51,"msg_id":37,"type":"broadcast"}}
2024/02/15 21:10:34 Received {n4 n1 {"message":51,"msg_id":37,"type":"broadcast"}}
2024/02/15 21:10:34 Received {n3 n1 {"message":51,"msg_id":37,"type":"broadcast"}}
2024/02/15 21:10:34 Received {c11 n1 {"type":"read","msg_id":19}}
2024/02/15 21:10:34 Sent {"src":"n1","dest":"c11","body":{"in_reply_to":19,"messages":[19,12,16,29,41,18,25,35,7,23,33,43,45,27,28,15,51,8,37,46,3,4,31,40,49,6,10,44,30,36,13,24,39,50,1,9,5,22,32,0,2,21,34,48,11,38,17,20,26,47,14,42],"type":"read_ok"}}
2024/02/15 21:10:34 Received {n3 n1 {"message":52,"msg_id":19,"type":"broadcast"}}
2024/02/15 21:10:34 Sent {"src":"n1","dest":"n3","body":{"in_reply_to":19,"type":"broadcast_ok"}}
2024/02/15 21:10:34 Sent {"src":"n1","dest":"n1","body":{"message":52,"msg_id":19,"type":"broadcast"}}
2024/02/15 21:10:34 Sent {"src":"n1","dest":"n0","body":{"message":52,"msg_id":19,"type":"broadcast"}}
2024/02/15 21:10:34 Sent {"src":"n1","dest":"n2","body":{"message":52,"msg_id":19,"type":"broadcast"}}
2024/02/15 21:10:34 Sent {"src":"n1","dest":"n4","body":{"message":52,"msg_id":19,"type":"broadcast"}}
2024/02/15 21:10:34 Received {n2 n1 {"message":52,"msg_id":19,"type":"broadcast"}}
2024/02/15 21:10:34 Received {n4 n1 {"message":52,"msg_id":19,"type":"broadcast"}}
2024/02/15 21:10:34 Received {n0 n1 {"message":52,"msg_id":19,"type":"broadcast"}}
2024/02/15 21:10:34 Received {n1 n1 {"message":52,"msg_id":19,"type":"broadcast"}}
2024/02/15 21:10:34 Received {c11 n1 {"type":"broadcast","message":53,"msg_id":20}}
2024/02/15 21:10:34 Sent {"src":"n1","dest":"c11","body":{"in_reply_to":20,"type":"broadcast_ok"}}
2024/02/15 21:10:34 Sent {"src":"n1","dest":"n4","body":{"message":53,"msg_id":20,"type":"broadcast"}}
2024/02/15 21:10:34 Sent {"src":"n1","dest":"n1","body":{"message":53,"msg_id":20,"type":"broadcast"}}
2024/02/15 21:10:34 Sent {"src":"n1","dest":"n2","body":{"message":53,"msg_id":20,"type":"broadcast"}}
2024/02/15 21:10:34 Sent {"src":"n1","dest":"n3","body":{"message":53,"msg_id":20,"type":"broadcast"}}
2024/02/15 21:10:34 Sent {"src":"n1","dest":"n0","body":{"message":53,"msg_id":20,"type":"broadcast"}}
2024/02/15 21:10:34 Received {n1 n1 {"message":53,"msg_id":20,"type":"broadcast"}}
2024/02/15 21:10:34 Received {n4 n1 {"in_reply_to":20,"type":"broadcast_ok"}}
2024/02/15 21:10:34 Ignoring reply to 20 with no callback
2024/02/15 21:10:34 Received {n2 n1 {"message":53,"msg_id":20,"type":"broadcast"}}
2024/02/15 21:10:34 Received {n0 n1 {"in_reply_to":20,"type":"broadcast_ok"}}
2024/02/15 21:10:34 Ignoring reply to 20 with no callback
2024/02/15 21:10:34 Received {n3 n1 {"in_reply_to":20,"type":"broadcast_ok"}}
2024/02/15 21:10:34 Ignoring reply to 20 with no callback
2024/02/15 21:10:34 Received {n2 n1 {"message":54,"msg_id":20,"type":"broadcast"}}
2024/02/15 21:10:34 Sent {"src":"n1","dest":"n2","body":{"in_reply_to":20,"type":"broadcast_ok"}}
2024/02/15 21:10:34 Sent {"src":"n1","dest":"n4","body":{"message":54,"msg_id":20,"type":"broadcast"}}
2024/02/15 21:10:34 Sent {"src":"n1","dest":"n0","body":{"message":54,"msg_id":20,"type":"broadcast"}}
2024/02/15 21:10:34 Sent {"src":"n1","dest":"n1","body":{"message":54,"msg_id":20,"type":"broadcast"}}
2024/02/15 21:10:34 Sent {"src":"n1","dest":"n3","body":{"message":54,"msg_id":20,"type":"broadcast"}}
2024/02/15 21:10:34 Received {n1 n1 {"message":54,"msg_id":20,"type":"broadcast"}}
2024/02/15 21:10:34 Received {n3 n1 {"message":54,"msg_id":20,"type":"broadcast"}}
2024/02/15 21:10:34 Received {n0 n1 {"message":54,"msg_id":20,"type":"broadcast"}}
2024/02/15 21:10:34 Received {n4 n1 {"message":54,"msg_id":20,"type":"broadcast"}}
2024/02/15 21:10:35 Received {n3 n1 {"message":55,"msg_id":20,"type":"broadcast"}}
2024/02/15 21:10:35 Sent {"src":"n1","dest":"n3","body":{"in_reply_to":20,"type":"broadcast_ok"}}
2024/02/15 21:10:35 Sent {"src":"n1","dest":"n4","body":{"message":55,"msg_id":20,"type":"broadcast"}}
2024/02/15 21:10:35 Sent {"src":"n1","dest":"n1","body":{"message":55,"msg_id":20,"type":"broadcast"}}
2024/02/15 21:10:35 Sent {"src":"n1","dest":"n0","body":{"message":55,"msg_id":20,"type":"broadcast"}}
2024/02/15 21:10:35 Sent {"src":"n1","dest":"n2","body":{"message":55,"msg_id":20,"type":"broadcast"}}
2024/02/15 21:10:35 Received {n1 n1 {"message":55,"msg_id":20,"type":"broadcast"}}
2024/02/15 21:10:35 Received {n4 n1 {"message":55,"msg_id":20,"type":"broadcast"}}
2024/02/15 21:10:35 Received {n2 n1 {"message":55,"msg_id":20,"type":"broadcast"}}
2024/02/15 21:10:35 Received {n0 n1 {"message":55,"msg_id":20,"type":"broadcast"}}
2024/02/15 21:10:35 Received {n4 n1 {"message":56,"msg_id":20,"type":"broadcast"}}
2024/02/15 21:10:35 Sent {"src":"n1","dest":"n4","body":{"in_reply_to":20,"type":"broadcast_ok"}}
2024/02/15 21:10:35 Sent {"src":"n1","dest":"n3","body":{"message":56,"msg_id":20,"type":"broadcast"}}
2024/02/15 21:10:35 Sent {"src":"n1","dest":"n0","body":{"message":56,"msg_id":20,"type":"broadcast"}}
2024/02/15 21:10:35 Sent {"src":"n1","dest":"n1","body":{"message":56,"msg_id":20,"type":"broadcast"}}
2024/02/15 21:10:35 Sent {"src":"n1","dest":"n2","body":{"message":56,"msg_id":20,"type":"broadcast"}}
2024/02/15 21:10:35 Received {n1 n1 {"message":56,"msg_id":20,"type":"broadcast"}}
2024/02/15 21:10:35 Received {n0 n1 {"message":56,"msg_id":20,"type":"broadcast"}}
2024/02/15 21:10:35 Received {n2 n1 {"message":56,"msg_id":20,"type":"broadcast"}}
2024/02/15 21:10:35 Received {n3 n1 {"message":56,"msg_id":20,"type":"broadcast"}}
2024/02/15 21:10:35 Received {n0 n1 {"message":57,"msg_id":41,"type":"broadcast"}}
2024/02/15 21:10:35 Sent {"src":"n1","dest":"n0","body":{"in_reply_to":41,"type":"broadcast_ok"}}
2024/02/15 21:10:35 Sent {"src":"n1","dest":"n4","body":{"message":57,"msg_id":41,"type":"broadcast"}}
2024/02/15 21:10:35 Sent {"src":"n1","dest":"n1","body":{"message":57,"msg_id":41,"type":"broadcast"}}
2024/02/15 21:10:35 Sent {"src":"n1","dest":"n3","body":{"message":57,"msg_id":41,"type":"broadcast"}}
2024/02/15 21:10:35 Sent {"src":"n1","dest":"n2","body":{"message":57,"msg_id":41,"type":"broadcast"}}
2024/02/15 21:10:35 Received {n1 n1 {"message":57,"msg_id":41,"type":"broadcast"}}
2024/02/15 21:10:35 Received {n4 n1 {"message":57,"msg_id":41,"type":"broadcast"}}
2024/02/15 21:10:35 Received {n2 n1 {"message":57,"msg_id":41,"type":"broadcast"}}
2024/02/15 21:10:35 Received {n3 n1 {"message":57,"msg_id":41,"type":"broadcast"}}
2024/02/15 21:10:35 Received {c11 n1 {"type":"read","msg_id":21}}
2024/02/15 21:10:35 Sent {"src":"n1","dest":"c11","body":{"in_reply_to":21,"messages":[29,41,57,18,25,54,7,23,35,27,28,33,43,45,15,51,3,4,8,37,46,6,10,31,40,49,53,30,36,44,1,9,13,24,39,50,0,2,5,22,32,55,21,34,56,11,38,48,17,20,26,47,14,42,12,16,19,52],"type":"read_ok"}}
2024/02/15 21:10:35 Received {n3 n1 {"message":58,"msg_id":21,"type":"broadcast"}}
2024/02/15 21:10:35 Sent {"src":"n1","dest":"n3","body":{"in_reply_to":21,"type":"broadcast_ok"}}
2024/02/15 21:10:35 Sent {"src":"n1","dest":"n4","body":{"message":58,"msg_id":21,"type":"broadcast"}}
2024/02/15 21:10:35 Sent {"src":"n1","dest":"n0","body":{"message":58,"msg_id":21,"type":"broadcast"}}
2024/02/15 21:10:35 Sent {"src":"n1","dest":"n1","body":{"message":58,"msg_id":21,"type":"broadcast"}}
2024/02/15 21:10:35 Sent {"src":"n1","dest":"n2","body":{"message":58,"msg_id":21,"type":"broadcast"}}
2024/02/15 21:10:35 Received {n4 n1 {"message":58,"msg_id":21,"type":"broadcast"}}
2024/02/15 21:10:35 Received {n1 n1 {"message":58,"msg_id":21,"type":"broadcast"}}
2024/02/15 21:10:35 Received {n2 n1 {"message":58,"msg_id":21,"type":"broadcast"}}
2024/02/15 21:10:35 Received {n0 n1 {"message":58,"msg_id":21,"type":"broadcast"}}
2024/02/15 21:10:36 Received {n4 n1 {"message":59,"msg_id":21,"type":"broadcast"}}
2024/02/15 21:10:36 Sent {"src":"n1","dest":"n4","body":{"in_reply_to":21,"type":"broadcast_ok"}}
2024/02/15 21:10:36 Sent {"src":"n1","dest":"n1","body":{"message":59,"msg_id":21,"type":"broadcast"}}
2024/02/15 21:10:36 Sent {"src":"n1","dest":"n3","body":{"message":59,"msg_id":21,"type":"broadcast"}}
2024/02/15 21:10:36 Sent {"src":"n1","dest":"n0","body":{"message":59,"msg_id":21,"type":"broadcast"}}
2024/02/15 21:10:36 Sent {"src":"n1","dest":"n2","body":{"message":59,"msg_id":21,"type":"broadcast"}}
2024/02/15 21:10:36 Received {n1 n1 {"message":59,"msg_id":21,"type":"broadcast"}}
2024/02/15 21:10:36 Received {n0 n1 {"message":59,"msg_id":21,"type":"broadcast"}}
2024/02/15 21:10:36 Received {n2 n1 {"message":59,"msg_id":21,"type":"broadcast"}}
2024/02/15 21:10:36 Received {n3 n1 {"message":59,"msg_id":21,"type":"broadcast"}}
2024/02/15 21:10:36 Received {c11 n1 {"type":"broadcast","message":60,"msg_id":22}}
2024/02/15 21:10:36 Sent {"src":"n1","dest":"c11","body":{"in_reply_to":22,"type":"broadcast_ok"}}
2024/02/15 21:10:36 Sent {"src":"n1","dest":"n4","body":{"message":60,"msg_id":22,"type":"broadcast"}}
2024/02/15 21:10:36 Sent {"src":"n1","dest":"n2","body":{"message":60,"msg_id":22,"type":"broadcast"}}
2024/02/15 21:10:36 Sent {"src":"n1","dest":"n1","body":{"message":60,"msg_id":22,"type":"broadcast"}}
2024/02/15 21:10:36 Sent {"src":"n1","dest":"n3","body":{"message":60,"msg_id":22,"type":"broadcast"}}
2024/02/15 21:10:36 Sent {"src":"n1","dest":"n0","body":{"message":60,"msg_id":22,"type":"broadcast"}}
2024/02/15 21:10:36 Received {n1 n1 {"message":60,"msg_id":22,"type":"broadcast"}}
2024/02/15 21:10:36 Received {n4 n1 {"in_reply_to":22,"type":"broadcast_ok"}}
2024/02/15 21:10:36 Ignoring reply to 22 with no callback
2024/02/15 21:10:36 Received {n2 n1 {"in_reply_to":22,"type":"broadcast_ok"}}
2024/02/15 21:10:36 Ignoring reply to 22 with no callback
2024/02/15 21:10:36 Received {n2 n1 {"message":61,"msg_id":22,"type":"broadcast"}}
2024/02/15 21:10:36 Received {n3 n1 {"in_reply_to":22,"type":"broadcast_ok"}}
2024/02/15 21:10:36 Ignoring reply to 22 with no callback
2024/02/15 21:10:36 Received {n0 n1 {"in_reply_to":22,"type":"broadcast_ok"}}
2024/02/15 21:10:36 Ignoring reply to 22 with no callback
2024/02/15 21:10:36 Sent {"src":"n1","dest":"n2","body":{"in_reply_to":22,"type":"broadcast_ok"}}
2024/02/15 21:10:36 Sent {"src":"n1","dest":"n4","body":{"message":61,"msg_id":22,"type":"broadcast"}}
2024/02/15 21:10:36 Sent {"src":"n1","dest":"n0","body":{"message":61,"msg_id":22,"type":"broadcast"}}
2024/02/15 21:10:36 Sent {"src":"n1","dest":"n1","body":{"message":61,"msg_id":22,"type":"broadcast"}}
2024/02/15 21:10:36 Sent {"src":"n1","dest":"n3","body":{"message":61,"msg_id":22,"type":"broadcast"}}
2024/02/15 21:10:36 Received {n4 n1 {"message":61,"msg_id":22,"type":"broadcast"}}
2024/02/15 21:10:36 Received {n1 n1 {"message":61,"msg_id":22,"type":"broadcast"}}
2024/02/15 21:10:36 Received {n0 n1 {"message":61,"msg_id":22,"type":"broadcast"}}
2024/02/15 21:10:36 Received {n3 n1 {"message":61,"msg_id":22,"type":"broadcast"}}
2024/02/15 21:10:36 Received {n3 n1 {"message":62,"msg_id":22,"type":"broadcast"}}
2024/02/15 21:10:36 Sent {"src":"n1","dest":"n3","body":{"in_reply_to":22,"type":"broadcast_ok"}}
2024/02/15 21:10:36 Sent {"src":"n1","dest":"n4","body":{"message":62,"msg_id":22,"type":"broadcast"}}
2024/02/15 21:10:36 Sent {"src":"n1","dest":"n1","body":{"message":62,"msg_id":22,"type":"broadcast"}}
2024/02/15 21:10:36 Sent {"src":"n1","dest":"n0","body":{"message":62,"msg_id":22,"type":"broadcast"}}
2024/02/15 21:10:36 Sent {"src":"n1","dest":"n2","body":{"message":62,"msg_id":22,"type":"broadcast"}}
2024/02/15 21:10:36 Received {n1 n1 {"message":62,"msg_id":22,"type":"broadcast"}}
2024/02/15 21:10:36 Received {n0 n1 {"message":62,"msg_id":22,"type":"broadcast"}}
2024/02/15 21:10:36 Received {n2 n1 {"message":62,"msg_id":22,"type":"broadcast"}}
2024/02/15 21:10:36 Received {n4 n1 {"message":62,"msg_id":22,"type":"broadcast"}}
2024/02/15 21:10:36 Received {n4 n1 {"message":63,"msg_id":22,"type":"broadcast"}}
2024/02/15 21:10:36 Sent {"src":"n1","dest":"n1","body":{"message":63,"msg_id":22,"type":"broadcast"}}
2024/02/15 21:10:36 Sent {"src":"n1","dest":"n4","body":{"in_reply_to":22,"type":"broadcast_ok"}}
2024/02/15 21:10:36 Sent {"src":"n1","dest":"n3","body":{"message":63,"msg_id":22,"type":"broadcast"}}
2024/02/15 21:10:36 Sent {"src":"n1","dest":"n2","body":{"message":63,"msg_id":22,"type":"broadcast"}}
2024/02/15 21:10:36 Sent {"src":"n1","dest":"n0","body":{"message":63,"msg_id":22,"type":"broadcast"}}
2024/02/15 21:10:36 Received {n0 n1 {"message":63,"msg_id":22,"type":"broadcast"}}
2024/02/15 21:10:36 Received {n2 n1 {"message":63,"msg_id":22,"type":"broadcast"}}
2024/02/15 21:10:36 Received {n1 n1 {"message":63,"msg_id":22,"type":"broadcast"}}
2024/02/15 21:10:36 Received {n3 n1 {"message":63,"msg_id":22,"type":"broadcast"}}
2024/02/15 21:10:36 Received {n0 n1 {"message":64,"msg_id":44,"type":"broadcast"}}
2024/02/15 21:10:36 Sent {"src":"n1","dest":"n0","body":{"in_reply_to":44,"type":"broadcast_ok"}}
2024/02/15 21:10:36 Sent {"src":"n1","dest":"n2","body":{"message":64,"msg_id":44,"type":"broadcast"}}
2024/02/15 21:10:36 Sent {"src":"n1","dest":"n4","body":{"message":64,"msg_id":44,"type":"broadcast"}}
2024/02/15 21:10:36 Sent {"src":"n1","dest":"n3","body":{"message":64,"msg_id":44,"type":"broadcast"}}
2024/02/15 21:10:36 Sent {"src":"n1","dest":"n1","body":{"message":64,"msg_id":44,"type":"broadcast"}}
2024/02/15 21:10:36 Received {n1 n1 {"message":64,"msg_id":44,"type":"broadcast"}}
2024/02/15 21:10:36 Received {n3 n1 {"message":64,"msg_id":44,"type":"broadcast"}}
2024/02/15 21:10:36 Received {n2 n1 {"message":64,"msg_id":44,"type":"broadcast"}}
2024/02/15 21:10:36 Received {n4 n1 {"message":64,"msg_id":44,"type":"broadcast"}}
2024/02/15 21:10:36 Received {n0 n1 {"message":65,"msg_id":45,"type":"broadcast"}}
2024/02/15 21:10:36 Sent {"src":"n1","dest":"n0","body":{"in_reply_to":45,"type":"broadcast_ok"}}
2024/02/15 21:10:36 Sent {"src":"n1","dest":"n4","body":{"message":65,"msg_id":45,"type":"broadcast"}}
2024/02/15 21:10:36 Sent {"src":"n1","dest":"n1","body":{"message":65,"msg_id":45,"type":"broadcast"}}
2024/02/15 21:10:36 Sent {"src":"n1","dest":"n2","body":{"message":65,"msg_id":45,"type":"broadcast"}}
2024/02/15 21:10:36 Sent {"src":"n1","dest":"n3","body":{"message":65,"msg_id":45,"type":"broadcast"}}
2024/02/15 21:10:36 Received {n1 n1 {"message":65,"msg_id":45,"type":"broadcast"}}
2024/02/15 21:10:36 Received {n4 n1 {"message":65,"msg_id":45,"type":"broadcast"}}
2024/02/15 21:10:36 Received {n2 n1 {"message":65,"msg_id":45,"type":"broadcast"}}
2024/02/15 21:10:36 Received {n3 n1 {"message":65,"msg_id":45,"type":"broadcast"}}
2024/02/15 21:10:36 Received {c11 n1 {"type":"read","msg_id":23}}
2024/02/15 21:10:36 Sent {"src":"n1","dest":"c11","body":{"in_reply_to":23,"messages":[58,62,11,38,48,17,20,26,47,14,42,12,16,19,52,59,29,41,57,18,25,54,65,7,23,35,27,28,33,43,45,15,51,60,64,3,4,8,37,46,61,6,10,31,40,49,53,30,36,44,1,9,13,24,39,50,63,0,2,5,22,32,55,21,34,56],"type":"read_ok"}}
2024/02/15 21:10:37 Received {n2 n1 {"message":66,"msg_id":23,"type":"broadcast"}}
2024/02/15 21:10:37 Sent {"src":"n1","dest":"n2","body":{"in_reply_to":23,"type":"broadcast_ok"}}
2024/02/15 21:10:37 Sent {"src":"n1","dest":"n4","body":{"message":66,"msg_id":23,"type":"broadcast"}}
2024/02/15 21:10:37 Sent {"src":"n1","dest":"n0","body":{"message":66,"msg_id":23,"type":"broadcast"}}
2024/02/15 21:10:37 Sent {"src":"n1","dest":"n1","body":{"message":66,"msg_id":23,"type":"broadcast"}}
2024/02/15 21:10:37 Sent {"src":"n1","dest":"n3","body":{"message":66,"msg_id":23,"type":"broadcast"}}
2024/02/15 21:10:37 Received {n0 n1 {"message":66,"msg_id":23,"type":"broadcast"}}
2024/02/15 21:10:37 Received {n3 n1 {"message":66,"msg_id":23,"type":"broadcast"}}
2024/02/15 21:10:37 Received {n4 n1 {"message":66,"msg_id":23,"type":"broadcast"}}
2024/02/15 21:10:37 Received {n1 n1 {"message":66,"msg_id":23,"type":"broadcast"}}
2024/02/15 21:10:37 Received {n4 n1 {"message":67,"msg_id":23,"type":"broadcast"}}
2024/02/15 21:10:37 Sent {"src":"n1","dest":"n4","body":{"in_reply_to":23,"type":"broadcast_ok"}}
2024/02/15 21:10:37 Sent {"src":"n1","dest":"n3","body":{"message":67,"msg_id":23,"type":"broadcast"}}
2024/02/15 21:10:37 Sent {"src":"n1","dest":"n2","body":{"message":67,"msg_id":23,"type":"broadcast"}}
2024/02/15 21:10:37 Sent {"src":"n1","dest":"n0","body":{"message":67,"msg_id":23,"type":"broadcast"}}
2024/02/15 21:10:37 Sent {"src":"n1","dest":"n1","body":{"message":67,"msg_id":23,"type":"broadcast"}}
2024/02/15 21:10:37 Received {n2 n1 {"message":67,"msg_id":23,"type":"broadcast"}}
2024/02/15 21:10:37 Received {n0 n1 {"message":67,"msg_id":23,"type":"broadcast"}}
2024/02/15 21:10:37 Received {n1 n1 {"message":67,"msg_id":23,"type":"broadcast"}}
2024/02/15 21:10:37 Received {n3 n1 {"message":67,"msg_id":23,"type":"broadcast"}}
2024/02/15 21:10:37 Received {n0 n1 {"message":68,"msg_id":47,"type":"broadcast"}}
2024/02/15 21:10:37 Sent {"src":"n1","dest":"n0","body":{"in_reply_to":47,"type":"broadcast_ok"}}
2024/02/15 21:10:37 Sent {"src":"n1","dest":"n4","body":{"message":68,"msg_id":47,"type":"broadcast"}}
2024/02/15 21:10:37 Sent {"src":"n1","dest":"n1","body":{"message":68,"msg_id":47,"type":"broadcast"}}
2024/02/15 21:10:37 Sent {"src":"n1","dest":"n2","body":{"message":68,"msg_id":47,"type":"broadcast"}}
2024/02/15 21:10:37 Sent {"src":"n1","dest":"n3","body":{"message":68,"msg_id":47,"type":"broadcast"}}
2024/02/15 21:10:37 Received {n4 n1 {"message":68,"msg_id":47,"type":"broadcast"}}
2024/02/15 21:10:37 Received {n3 n1 {"message":68,"msg_id":47,"type":"broadcast"}}
2024/02/15 21:10:37 Received {n2 n1 {"message":68,"msg_id":47,"type":"broadcast"}}
2024/02/15 21:10:37 Received {n1 n1 {"message":68,"msg_id":47,"type":"broadcast"}}
2024/02/15 21:10:37 Received {c11 n1 {"type":"broadcast","message":69,"msg_id":24}}
2024/02/15 21:10:37 Sent {"src":"n1","dest":"c11","body":{"in_reply_to":24,"type":"broadcast_ok"}}
2024/02/15 21:10:37 Sent {"src":"n1","dest":"n4","body":{"message":69,"msg_id":24,"type":"broadcast"}}
2024/02/15 21:10:37 Sent {"src":"n1","dest":"n3","body":{"message":69,"msg_id":24,"type":"broadcast"}}
2024/02/15 21:10:37 Sent {"src":"n1","dest":"n0","body":{"message":69,"msg_id":24,"type":"broadcast"}}
2024/02/15 21:10:37 Sent {"src":"n1","dest":"n1","body":{"message":69,"msg_id":24,"type":"broadcast"}}
2024/02/15 21:10:37 Sent {"src":"n1","dest":"n2","body":{"message":69,"msg_id":24,"type":"broadcast"}}
2024/02/15 21:10:37 Received {n1 n1 {"message":69,"msg_id":24,"type":"broadcast"}}
2024/02/15 21:10:37 Received {n4 n1 {"in_reply_to":24,"type":"broadcast_ok"}}
2024/02/15 21:10:37 Ignoring reply to 24 with no callback
2024/02/15 21:10:37 Received {n0 n1 {"in_reply_to":24,"type":"broadcast_ok"}}
2024/02/15 21:10:37 Ignoring reply to 24 with no callback
2024/02/15 21:10:37 Received {n3 n1 {"in_reply_to":24,"type":"broadcast_ok"}}
2024/02/15 21:10:37 Ignoring reply to 24 with no callback
2024/02/15 21:10:37 Received {n2 n1 {"in_reply_to":24,"type":"broadcast_ok"}}
2024/02/15 21:10:37 Ignoring reply to 24 with no callback
2024/02/15 21:10:37 Received {n2 n1 {"message":70,"msg_id":24,"type":"broadcast"}}
2024/02/15 21:10:37 Sent {"src":"n1","dest":"n2","body":{"in_reply_to":24,"type":"broadcast_ok"}}
2024/02/15 21:10:37 Sent {"src":"n1","dest":"n4","body":{"message":70,"msg_id":24,"type":"broadcast"}}
2024/02/15 21:10:37 Sent {"src":"n1","dest":"n0","body":{"message":70,"msg_id":24,"type":"broadcast"}}
2024/02/15 21:10:37 Sent {"src":"n1","dest":"n1","body":{"message":70,"msg_id":24,"type":"broadcast"}}
2024/02/15 21:10:37 Sent {"src":"n1","dest":"n3","body":{"message":70,"msg_id":24,"type":"broadcast"}}
2024/02/15 21:10:37 Received {n3 n1 {"message":70,"msg_id":24,"type":"broadcast"}}
2024/02/15 21:10:37 Received {n0 n1 {"message":70,"msg_id":24,"type":"broadcast"}}
2024/02/15 21:10:37 Received {n4 n1 {"message":70,"msg_id":24,"type":"broadcast"}}
2024/02/15 21:10:37 Received {n1 n1 {"message":70,"msg_id":24,"type":"broadcast"}}
2024/02/15 21:10:37 Received {n3 n1 {"message":71,"msg_id":24,"type":"broadcast"}}
2024/02/15 21:10:37 Sent {"src":"n1","dest":"n3","body":{"in_reply_to":24,"type":"broadcast_ok"}}
2024/02/15 21:10:37 Sent {"src":"n1","dest":"n4","body":{"message":71,"msg_id":24,"type":"broadcast"}}
2024/02/15 21:10:37 Sent {"src":"n1","dest":"n0","body":{"message":71,"msg_id":24,"type":"broadcast"}}
2024/02/15 21:10:37 Sent {"src":"n1","dest":"n1","body":{"message":71,"msg_id":24,"type":"broadcast"}}
2024/02/15 21:10:37 Sent {"src":"n1","dest":"n2","body":{"message":71,"msg_id":24,"type":"broadcast"}}
2024/02/15 21:10:37 Received {n0 n1 {"message":71,"msg_id":24,"type":"broadcast"}}
2024/02/15 21:10:37 Received {n2 n1 {"message":71,"msg_id":24,"type":"broadcast"}}
2024/02/15 21:10:37 Received {n4 n1 {"message":71,"msg_id":24,"type":"broadcast"}}
2024/02/15 21:10:37 Received {n1 n1 {"message":71,"msg_id":24,"type":"broadcast"}}
2024/02/15 21:10:37 Received {n4 n1 {"message":72,"msg_id":24,"type":"broadcast"}}
2024/02/15 21:10:37 Sent {"src":"n1","dest":"n4","body":{"in_reply_to":24,"type":"broadcast_ok"}}
2024/02/15 21:10:37 Sent {"src":"n1","dest":"n3","body":{"message":72,"msg_id":24,"type":"broadcast"}}
2024/02/15 21:10:37 Sent {"src":"n1","dest":"n0","body":{"message":72,"msg_id":24,"type":"broadcast"}}
2024/02/15 21:10:37 Sent {"src":"n1","dest":"n1","body":{"message":72,"msg_id":24,"type":"broadcast"}}
2024/02/15 21:10:37 Sent {"src":"n1","dest":"n2","body":{"message":72,"msg_id":24,"type":"broadcast"}}
2024/02/15 21:10:37 Received {n2 n1 {"message":72,"msg_id":24,"type":"broadcast"}}
2024/02/15 21:10:37 Received {n3 n1 {"message":72,"msg_id":24,"type":"broadcast"}}
2024/02/15 21:10:37 Received {n1 n1 {"message":72,"msg_id":24,"type":"broadcast"}}
2024/02/15 21:10:37 Received {n0 n1 {"message":72,"msg_id":24,"type":"broadcast"}}
2024/02/15 21:10:38 Received {c11 n1 {"type":"read","msg_id":25}}
2024/02/15 21:10:38 Sent {"src":"n1","dest":"c11","body":{"in_reply_to":25,"messages":[58,62,11,38,48,17,20,26,47,14,42,66,69,70,12,16,19,52,59,29,41,57,71,18,25,54,65,7,23,35,27,28,33,43,45,15,51,60,3,4,8,37,46,61,64,6,10,31,40,49,53,30,36,44,68,1,9,13,24,39,50,72,0,2,5,22,32,55,63,21,34,56,67],"type":"read_ok"}}
2024/02/15 21:10:38 Received {n3 n1 {"message":73,"msg_id":25,"type":"broadcast"}}
2024/02/15 21:10:38 Sent {"src":"n1","dest":"n3","body":{"in_reply_to":25,"type":"broadcast_ok"}}
2024/02/15 21:10:38 Sent {"src":"n1","dest":"n4","body":{"message":73,"msg_id":25,"type":"broadcast"}}
2024/02/15 21:10:38 Sent {"src":"n1","dest":"n1","body":{"message":73,"msg_id":25,"type":"broadcast"}}
2024/02/15 21:10:38 Sent {"src":"n1","dest":"n0","body":{"message":73,"msg_id":25,"type":"broadcast"}}
2024/02/15 21:10:38 Sent {"src":"n1","dest":"n2","body":{"message":73,"msg_id":25,"type":"broadcast"}}
2024/02/15 21:10:38 Received {n1 n1 {"message":73,"msg_id":25,"type":"broadcast"}}
2024/02/15 21:10:38 Received {n2 n1 {"message":73,"msg_id":25,"type":"broadcast"}}
2024/02/15 21:10:38 Received {n4 n1 {"message":73,"msg_id":25,"type":"broadcast"}}
2024/02/15 21:10:38 Received {n0 n1 {"message":73,"msg_id":25,"type":"broadcast"}}
2024/02/15 21:10:38 Received {c11 n1 {"type":"read","msg_id":26}}
2024/02/15 21:10:38 Sent {"src":"n1","dest":"c11","body":{"in_reply_to":26,"messages":[15,51,60,64,3,4,8,37,46,61,6,10,31,40,49,53,30,36,44,68,72,1,9,13,24,39,50,63,0,2,5,22,32,55,21,34,56,67,58,62,11,38,48,17,20,26,47,14,42,66,69,70,12,16,19,52,59,29,41,57,71,18,25,54,65,7,23,35,73,27,28,33,43,45],"type":"read_ok"}}
2024/02/15 21:10:38 Received {n2 n1 {"message":74,"msg_id":26,"type":"broadcast"}}
2024/02/15 21:10:38 Sent {"src":"n1","dest":"n2","body":{"in_reply_to":26,"type":"broadcast_ok"}}
2024/02/15 21:10:38 Sent {"src":"n1","dest":"n4","body":{"message":74,"msg_id":26,"type":"broadcast"}}
2024/02/15 21:10:38 Sent {"src":"n1","dest":"n0","body":{"message":74,"msg_id":26,"type":"broadcast"}}
2024/02/15 21:10:38 Sent {"src":"n1","dest":"n1","body":{"message":74,"msg_id":26,"type":"broadcast"}}
2024/02/15 21:10:38 Sent {"src":"n1","dest":"n3","body":{"message":74,"msg_id":26,"type":"broadcast"}}
2024/02/15 21:10:38 Received {n1 n1 {"message":74,"msg_id":26,"type":"broadcast"}}
2024/02/15 21:10:38 Received {n0 n1 {"message":74,"msg_id":26,"type":"broadcast"}}
2024/02/15 21:10:38 Received {n4 n1 {"message":74,"msg_id":26,"type":"broadcast"}}
2024/02/15 21:10:38 Received {n3 n1 {"message":74,"msg_id":26,"type":"broadcast"}}
2024/02/15 21:10:39 Received {n0 n1 {"message":75,"msg_id":53,"type":"broadcast"}}
2024/02/15 21:10:39 Sent {"src":"n1","dest":"n0","body":{"in_reply_to":53,"type":"broadcast_ok"}}
2024/02/15 21:10:39 Sent {"src":"n1","dest":"n4","body":{"message":75,"msg_id":53,"type":"broadcast"}}
2024/02/15 21:10:39 Sent {"src":"n1","dest":"n2","body":{"message":75,"msg_id":53,"type":"broadcast"}}
2024/02/15 21:10:39 Sent {"src":"n1","dest":"n3","body":{"message":75,"msg_id":53,"type":"broadcast"}}
2024/02/15 21:10:39 Sent {"src":"n1","dest":"n1","body":{"message":75,"msg_id":53,"type":"broadcast"}}
2024/02/15 21:10:39 Received {n2 n1 {"message":75,"msg_id":53,"type":"broadcast"}}
2024/02/15 21:10:39 Received {n1 n1 {"message":75,"msg_id":53,"type":"broadcast"}}
2024/02/15 21:10:39 Received {n3 n1 {"message":75,"msg_id":53,"type":"broadcast"}}
2024/02/15 21:10:39 Received {n4 n1 {"message":75,"msg_id":53,"type":"broadcast"}}
2024/02/15 21:10:39 Received {c11 n1 {"type":"broadcast","message":76,"msg_id":27}}
2024/02/15 21:10:39 Sent {"src":"n1","dest":"c11","body":{"in_reply_to":27,"type":"broadcast_ok"}}
2024/02/15 21:10:39 Sent {"src":"n1","dest":"n1","body":{"message":76,"msg_id":27,"type":"broadcast"}}
2024/02/15 21:10:39 Sent {"src":"n1","dest":"n2","body":{"message":76,"msg_id":27,"type":"broadcast"}}
2024/02/15 21:10:39 Sent {"src":"n1","dest":"n4","body":{"message":76,"msg_id":27,"type":"broadcast"}}
2024/02/15 21:10:39 Sent {"src":"n1","dest":"n3","body":{"message":76,"msg_id":27,"type":"broadcast"}}
2024/02/15 21:10:39 Sent {"src":"n1","dest":"n0","body":{"message":76,"msg_id":27,"type":"broadcast"}}
2024/02/15 21:10:39 Received {n1 n1 {"message":76,"msg_id":27,"type":"broadcast"}}
2024/02/15 21:10:39 Received {n2 n1 {"in_reply_to":27,"type":"broadcast_ok"}}
2024/02/15 21:10:39 Ignoring reply to 27 with no callback
2024/02/15 21:10:39 Received {n4 n1 {"in_reply_to":27,"type":"broadcast_ok"}}
2024/02/15 21:10:39 Ignoring reply to 27 with no callback
2024/02/15 21:10:39 Received {n0 n1 {"in_reply_to":27,"type":"broadcast_ok"}}
2024/02/15 21:10:39 Ignoring reply to 27 with no callback
2024/02/15 21:10:39 Received {n3 n1 {"in_reply_to":27,"type":"broadcast_ok"}}
2024/02/15 21:10:39 Ignoring reply to 27 with no callback
2024/02/15 21:10:39 Received {n2 n1 {"message":77,"msg_id":27,"type":"broadcast"}}
2024/02/15 21:10:39 Sent {"src":"n1","dest":"n2","body":{"in_reply_to":27,"type":"broadcast_ok"}}
2024/02/15 21:10:39 Sent {"src":"n1","dest":"n1","body":{"message":77,"msg_id":27,"type":"broadcast"}}
2024/02/15 21:10:39 Sent {"src":"n1","dest":"n0","body":{"message":77,"msg_id":27,"type":"broadcast"}}
2024/02/15 21:10:39 Sent {"src":"n1","dest":"n3","body":{"message":77,"msg_id":27,"type":"broadcast"}}
2024/02/15 21:10:39 Sent {"src":"n1","dest":"n4","body":{"message":77,"msg_id":27,"type":"broadcast"}}
2024/02/15 21:10:39 Received {n1 n1 {"message":77,"msg_id":27,"type":"broadcast"}}
2024/02/15 21:10:39 Received {n4 n1 {"message":77,"msg_id":27,"type":"broadcast"}}
2024/02/15 21:10:39 Received {n3 n1 {"message":77,"msg_id":27,"type":"broadcast"}}
2024/02/15 21:10:39 Received {n0 n1 {"message":77,"msg_id":27,"type":"broadcast"}}
2024/02/15 21:10:39 Received {n3 n1 {"message":78,"msg_id":27,"type":"broadcast"}}
2024/02/15 21:10:39 Sent {"src":"n1","dest":"n3","body":{"in_reply_to":27,"type":"broadcast_ok"}}
2024/02/15 21:10:39 Sent {"src":"n1","dest":"n1","body":{"message":78,"msg_id":27,"type":"broadcast"}}
2024/02/15 21:10:39 Sent {"src":"n1","dest":"n2","body":{"message":78,"msg_id":27,"type":"broadcast"}}
2024/02/15 21:10:39 Sent {"src":"n1","dest":"n0","body":{"message":78,"msg_id":27,"type":"broadcast"}}
2024/02/15 21:10:39 Sent {"src":"n1","dest":"n4","body":{"message":78,"msg_id":27,"type":"broadcast"}}
2024/02/15 21:10:39 Received {n1 n1 {"message":78,"msg_id":27,"type":"broadcast"}}
2024/02/15 21:10:39 Received {n4 n1 {"message":78,"msg_id":27,"type":"broadcast"}}
2024/02/15 21:10:39 Received {n0 n1 {"message":78,"msg_id":27,"type":"broadcast"}}
2024/02/15 21:10:39 Received {n2 n1 {"message":78,"msg_id":27,"type":"broadcast"}}
2024/02/15 21:10:40 Received {n0 n1 {"message":79,"msg_id":55,"type":"broadcast"}}
2024/02/15 21:10:40 Sent {"src":"n1","dest":"n0","body":{"in_reply_to":55,"type":"broadcast_ok"}}
2024/02/15 21:10:40 Sent {"src":"n1","dest":"n4","body":{"message":79,"msg_id":55,"type":"broadcast"}}
2024/02/15 21:10:40 Sent {"src":"n1","dest":"n3","body":{"message":79,"msg_id":55,"type":"broadcast"}}
2024/02/15 21:10:40 Sent {"src":"n1","dest":"n2","body":{"message":79,"msg_id":55,"type":"broadcast"}}
2024/02/15 21:10:40 Sent {"src":"n1","dest":"n1","body":{"message":79,"msg_id":55,"type":"broadcast"}}
2024/02/15 21:10:40 Received {n1 n1 {"message":79,"msg_id":55,"type":"broadcast"}}
2024/02/15 21:10:40 Received {n2 n1 {"message":79,"msg_id":55,"type":"broadcast"}}
2024/02/15 21:10:40 Received {n3 n1 {"message":79,"msg_id":55,"type":"broadcast"}}
2024/02/15 21:10:40 Received {n4 n1 {"message":79,"msg_id":55,"type":"broadcast"}}
2024/02/15 21:10:40 Received {c11 n1 {"type":"broadcast","message":80,"msg_id":28}}
2024/02/15 21:10:40 Sent {"src":"n1","dest":"c11","body":{"in_reply_to":28,"type":"broadcast_ok"}}
2024/02/15 21:10:40 Sent {"src":"n1","dest":"n4","body":{"message":80,"msg_id":28,"type":"broadcast"}}
2024/02/15 21:10:40 Sent {"src":"n1","dest":"n1","body":{"message":80,"msg_id":28,"type":"broadcast"}}
2024/02/15 21:10:40 Sent {"src":"n1","dest":"n0","body":{"message":80,"msg_id":28,"type":"broadcast"}}
2024/02/15 21:10:40 Sent {"src":"n1","dest":"n2","body":{"message":80,"msg_id":28,"type":"broadcast"}}
2024/02/15 21:10:40 Sent {"src":"n1","dest":"n3","body":{"message":80,"msg_id":28,"type":"broadcast"}}
2024/02/15 21:10:40 Received {n1 n1 {"message":80,"msg_id":28,"type":"broadcast"}}
2024/02/15 21:10:40 Received {n4 n1 {"in_reply_to":28,"type":"broadcast_ok"}}
2024/02/15 21:10:40 Ignoring reply to 28 with no callback
2024/02/15 21:10:40 Received {n0 n1 {"in_reply_to":28,"type":"broadcast_ok"}}
2024/02/15 21:10:40 Ignoring reply to 28 with no callback
2024/02/15 21:10:40 Received {n2 n1 {"in_reply_to":28,"type":"broadcast_ok"}}
2024/02/15 21:10:40 Ignoring reply to 28 with no callback
2024/02/15 21:10:40 Received {n3 n1 {"in_reply_to":28,"type":"broadcast_ok"}}
2024/02/15 21:10:40 Ignoring reply to 28 with no callback
2024/02/15 21:10:40 Received {n2 n1 {"message":81,"msg_id":28,"type":"broadcast"}}
2024/02/15 21:10:40 Sent {"src":"n1","dest":"n2","body":{"in_reply_to":28,"type":"broadcast_ok"}}
2024/02/15 21:10:40 Sent {"src":"n1","dest":"n4","body":{"message":81,"msg_id":28,"type":"broadcast"}}
2024/02/15 21:10:40 Sent {"src":"n1","dest":"n3","body":{"message":81,"msg_id":28,"type":"broadcast"}}
2024/02/15 21:10:40 Sent {"src":"n1","dest":"n0","body":{"message":81,"msg_id":28,"type":"broadcast"}}
2024/02/15 21:10:40 Sent {"src":"n1","dest":"n1","body":{"message":81,"msg_id":28,"type":"broadcast"}}
2024/02/15 21:10:40 Received {n0 n1 {"message":81,"msg_id":28,"type":"broadcast"}}
2024/02/15 21:10:40 Received {n1 n1 {"message":81,"msg_id":28,"type":"broadcast"}}
2024/02/15 21:10:40 Received {n3 n1 {"message":81,"msg_id":28,"type":"broadcast"}}
2024/02/15 21:10:40 Received {n4 n1 {"message":81,"msg_id":28,"type":"broadcast"}}
2024/02/15 21:10:40 Received {n3 n1 {"message":82,"msg_id":28,"type":"broadcast"}}
2024/02/15 21:10:40 Sent {"src":"n1","dest":"n3","body":{"in_reply_to":28,"type":"broadcast_ok"}}
2024/02/15 21:10:40 Sent {"src":"n1","dest":"n4","body":{"message":82,"msg_id":28,"type":"broadcast"}}
2024/02/15 21:10:40 Sent {"src":"n1","dest":"n0","body":{"message":82,"msg_id":28,"type":"broadcast"}}
2024/02/15 21:10:40 Sent {"src":"n1","dest":"n1","body":{"message":82,"msg_id":28,"type":"broadcast"}}
2024/02/15 21:10:40 Sent {"src":"n1","dest":"n2","body":{"message":82,"msg_id":28,"type":"broadcast"}}
2024/02/15 21:10:40 Received {n1 n1 {"message":82,"msg_id":28,"type":"broadcast"}}
2024/02/15 21:10:40 Received {n2 n1 {"message":82,"msg_id":28,"type":"broadcast"}}
2024/02/15 21:10:40 Received {n0 n1 {"message":82,"msg_id":28,"type":"broadcast"}}
2024/02/15 21:10:40 Received {n4 n1 {"message":82,"msg_id":28,"type":"broadcast"}}
2024/02/15 21:10:40 Received {c11 n1 {"type":"read","msg_id":29}}
2024/02/15 21:10:40 Sent {"src":"n1","dest":"c11","body":{"in_reply_to":29,"messages":[17,20,26,47,78,14,42,66,69,70,12,16,19,52,59,29,41,57,71,18,25,54,65,74,7,23,35,73,27,28,33,43,45,76,15,51,60,3,4,8,37,46,61,64,6,10,31,40,49,53,30,36,44,68,75,79,1,9,13,24,39,50,72,0,2,5,22,32,55,63,21,34,56,67,81,82,58,62,80,11,38,48,77],"type":"read_ok"}}
2024/02/15 21:10:40 Received {n2 n1 {"message":83,"msg_id":29,"type":"broadcast"}}
2024/02/15 21:10:40 Sent {"src":"n1","dest":"n2","body":{"in_reply_to":29,"type":"broadcast_ok"}}
2024/02/15 21:10:40 Sent {"src":"n1","dest":"n4","body":{"message":83,"msg_id":29,"type":"broadcast"}}
2024/02/15 21:10:40 Sent {"src":"n1","dest":"n0","body":{"message":83,"msg_id":29,"type":"broadcast"}}
2024/02/15 21:10:40 Sent {"src":"n1","dest":"n1","body":{"message":83,"msg_id":29,"type":"broadcast"}}
2024/02/15 21:10:40 Sent {"src":"n1","dest":"n3","body":{"message":83,"msg_id":29,"type":"broadcast"}}
2024/02/15 21:10:40 Received {n1 n1 {"message":83,"msg_id":29,"type":"broadcast"}}
2024/02/15 21:10:40 Received {n4 n1 {"message":83,"msg_id":29,"type":"broadcast"}}
2024/02/15 21:10:40 Received {n3 n1 {"message":83,"msg_id":29,"type":"broadcast"}}
2024/02/15 21:10:40 Received {n0 n1 {"message":83,"msg_id":29,"type":"broadcast"}}
2024/02/15 21:10:41 Received {n3 n1 {"message":84,"msg_id":29,"type":"broadcast"}}
2024/02/15 21:10:41 Sent {"src":"n1","dest":"n3","body":{"in_reply_to":29,"type":"broadcast_ok"}}
2024/02/15 21:10:41 Sent {"src":"n1","dest":"n4","body":{"message":84,"msg_id":29,"type":"broadcast"}}
2024/02/15 21:10:41 Sent {"src":"n1","dest":"n0","body":{"message":84,"msg_id":29,"type":"broadcast"}}
2024/02/15 21:10:41 Sent {"src":"n1","dest":"n1","body":{"message":84,"msg_id":29,"type":"broadcast"}}
2024/02/15 21:10:41 Sent {"src":"n1","dest":"n2","body":{"message":84,"msg_id":29,"type":"broadcast"}}
2024/02/15 21:10:41 Received {n2 n1 {"message":84,"msg_id":29,"type":"broadcast"}}
2024/02/15 21:10:41 Received {n1 n1 {"message":84,"msg_id":29,"type":"broadcast"}}
2024/02/15 21:10:41 Received {n4 n1 {"message":84,"msg_id":29,"type":"broadcast"}}
2024/02/15 21:10:41 Received {n0 n1 {"message":84,"msg_id":29,"type":"broadcast"}}
2024/02/15 21:10:41 Received {n4 n1 {"message":85,"msg_id":29,"type":"broadcast"}}
2024/02/15 21:10:41 Sent {"src":"n1","dest":"n4","body":{"in_reply_to":29,"type":"broadcast_ok"}}
2024/02/15 21:10:41 Sent {"src":"n1","dest":"n3","body":{"message":85,"msg_id":29,"type":"broadcast"}}
2024/02/15 21:10:41 Sent {"src":"n1","dest":"n2","body":{"message":85,"msg_id":29,"type":"broadcast"}}
2024/02/15 21:10:41 Sent {"src":"n1","dest":"n0","body":{"message":85,"msg_id":29,"type":"broadcast"}}
2024/02/15 21:10:41 Sent {"src":"n1","dest":"n1","body":{"message":85,"msg_id":29,"type":"broadcast"}}
2024/02/15 21:10:41 Received {n1 n1 {"message":85,"msg_id":29,"type":"broadcast"}}
2024/02/15 21:10:41 Received {n3 n1 {"message":85,"msg_id":29,"type":"broadcast"}}
2024/02/15 21:10:41 Received {n2 n1 {"message":85,"msg_id":29,"type":"broadcast"}}
2024/02/15 21:10:41 Received {n0 n1 {"message":85,"msg_id":29,"type":"broadcast"}}
2024/02/15 21:10:41 Received {c11 n1 {"type":"read","msg_id":30}}
2024/02/15 21:10:41 Sent {"src":"n1","dest":"c11","body":{"in_reply_to":30,"messages":[39,50,72,84,1,9,13,24,32,55,63,0,2,5,22,81,82,83,21,34,56,67,58,62,80,11,38,48,77,78,85,17,20,26,47,70,14,42,66,69,59,12,16,19,52,29,41,57,71,74,18,25,54,65,7,23,35,73,45,76,27,28,33,43,15,51,60,46,61,64,3,4,8,37,49,53,6,10,31,40,75,79,30,36,44,68],"type":"read_ok"}}
2024/02/15 21:10:41 Received {n3 n1 {"message":86,"msg_id":30,"type":"broadcast"}}
2024/02/15 21:10:41 Sent {"src":"n1","dest":"n3","body":{"in_reply_to":30,"type":"broadcast_ok"}}
2024/02/15 21:10:41 Sent {"src":"n1","dest":"n4","body":{"message":86,"msg_id":30,"type":"broadcast"}}
2024/02/15 21:10:41 Sent {"src":"n1","dest":"n0","body":{"message":86,"msg_id":30,"type":"broadcast"}}
2024/02/15 21:10:41 Sent {"src":"n1","dest":"n1","body":{"message":86,"msg_id":30,"type":"broadcast"}}
2024/02/15 21:10:41 Sent {"src":"n1","dest":"n2","body":{"message":86,"msg_id":30,"type":"broadcast"}}
2024/02/15 21:10:41 Received {n1 n1 {"message":86,"msg_id":30,"type":"broadcast"}}
2024/02/15 21:10:41 Received {n0 n1 {"message":86,"msg_id":30,"type":"broadcast"}}
2024/02/15 21:10:41 Received {n2 n1 {"message":86,"msg_id":30,"type":"broadcast"}}
2024/02/15 21:10:41 Received {n4 n1 {"message":86,"msg_id":30,"type":"broadcast"}}
2024/02/15 21:10:41 Received {n4 n1 {"message":87,"msg_id":30,"type":"broadcast"}}
2024/02/15 21:10:41 Sent {"src":"n1","dest":"n4","body":{"in_reply_to":30,"type":"broadcast_ok"}}
2024/02/15 21:10:41 Sent {"src":"n1","dest":"n1","body":{"message":87,"msg_id":30,"type":"broadcast"}}
2024/02/15 21:10:41 Sent {"src":"n1","dest":"n0","body":{"message":87,"msg_id":30,"type":"broadcast"}}
2024/02/15 21:10:41 Sent {"src":"n1","dest":"n2","body":{"message":87,"msg_id":30,"type":"broadcast"}}
2024/02/15 21:10:41 Sent {"src":"n1","dest":"n3","body":{"message":87,"msg_id":30,"type":"broadcast"}}
2024/02/15 21:10:41 Received {n3 n1 {"message":87,"msg_id":30,"type":"broadcast"}}
2024/02/15 21:10:41 Received {n1 n1 {"message":87,"msg_id":30,"type":"broadcast"}}
2024/02/15 21:10:41 Received {n2 n1 {"message":87,"msg_id":30,"type":"broadcast"}}
2024/02/15 21:10:41 Received {n0 n1 {"message":87,"msg_id":30,"type":"broadcast"}}
2024/02/15 21:10:41 Received {n0 n1 {"message":88,"msg_id":60,"type":"broadcast"}}
2024/02/15 21:10:41 Sent {"src":"n1","dest":"n0","body":{"in_reply_to":60,"type":"broadcast_ok"}}
2024/02/15 21:10:41 Sent {"src":"n1","dest":"n4","body":{"message":88,"msg_id":60,"type":"broadcast"}}
2024/02/15 21:10:41 Sent {"src":"n1","dest":"n1","body":{"message":88,"msg_id":60,"type":"broadcast"}}
2024/02/15 21:10:41 Sent {"src":"n1","dest":"n2","body":{"message":88,"msg_id":60,"type":"broadcast"}}
2024/02/15 21:10:41 Sent {"src":"n1","dest":"n3","body":{"message":88,"msg_id":60,"type":"broadcast"}}
2024/02/15 21:10:41 Received {n4 n1 {"message":88,"msg_id":60,"type":"broadcast"}}
2024/02/15 21:10:41 Received {n2 n1 {"message":88,"msg_id":60,"type":"broadcast"}}
2024/02/15 21:10:41 Received {n3 n1 {"message":88,"msg_id":60,"type":"broadcast"}}
2024/02/15 21:10:41 Received {n1 n1 {"message":88,"msg_id":60,"type":"broadcast"}}
2024/02/15 21:10:41 Received {n0 n1 {"message":89,"msg_id":61,"type":"broadcast"}}
2024/02/15 21:10:41 Sent {"src":"n1","dest":"n2","body":{"message":89,"msg_id":61,"type":"broadcast"}}
2024/02/15 21:10:41 Sent {"src":"n1","dest":"n0","body":{"in_reply_to":61,"type":"broadcast_ok"}}
2024/02/15 21:10:41 Sent {"src":"n1","dest":"n4","body":{"message":89,"msg_id":61,"type":"broadcast"}}
2024/02/15 21:10:41 Sent {"src":"n1","dest":"n3","body":{"message":89,"msg_id":61,"type":"broadcast"}}
2024/02/15 21:10:41 Sent {"src":"n1","dest":"n1","body":{"message":89,"msg_id":61,"type":"broadcast"}}
2024/02/15 21:10:41 Received {n4 n1 {"message":89,"msg_id":61,"type":"broadcast"}}
2024/02/15 21:10:41 Received {n1 n1 {"message":89,"msg_id":61,"type":"broadcast"}}
2024/02/15 21:10:41 Received {n2 n1 {"message":89,"msg_id":61,"type":"broadcast"}}
2024/02/15 21:10:41 Received {n3 n1 {"message":89,"msg_id":61,"type":"broadcast"}}
2024/02/15 21:10:41 Received {c11 n1 {"type":"read","msg_id":31}}
2024/02/15 21:10:41 Sent {"src":"n1","dest":"c11","body":{"in_reply_to":31,"messages":[11,38,48,77,17,20,26,47,78,85,14,42,66,69,70,12,16,19,52,59,29,41,57,71,86,18,25,54,65,74,88,7,23,35,73,27,28,33,43,45,76,15,51,60,64,3,4,8,37,46,61,87,6,10,31,40,49,53,30,36,44,68,75,79,72,84,1,9,13,24,39,50,63,89,0,2,5,22,32,55,83,21,34,56,67,81,82,58,62,80],"type":"read_ok"}}
2024/02/15 21:10:42 Received {n2 n1 {"message":90,"msg_id":31,"type":"broadcast"}}
2024/02/15 21:10:42 Sent {"src":"n1","dest":"n2","body":{"in_reply_to":31,"type":"broadcast_ok"}}
2024/02/15 21:10:42 Sent {"src":"n1","dest":"n4","body":{"message":90,"msg_id":31,"type":"broadcast"}}
2024/02/15 21:10:42 Sent {"src":"n1","dest":"n0","body":{"message":90,"msg_id":31,"type":"broadcast"}}
2024/02/15 21:10:42 Sent {"src":"n1","dest":"n1","body":{"message":90,"msg_id":31,"type":"broadcast"}}
2024/02/15 21:10:42 Sent {"src":"n1","dest":"n3","body":{"message":90,"msg_id":31,"type":"broadcast"}}
2024/02/15 21:10:42 Received {n4 n1 {"message":90,"msg_id":31,"type":"broadcast"}}
2024/02/15 21:10:42 Received {n1 n1 {"message":90,"msg_id":31,"type":"broadcast"}}
2024/02/15 21:10:42 Received {n0 n1 {"message":90,"msg_id":31,"type":"broadcast"}}
2024/02/15 21:10:42 Received {n3 n1 {"message":90,"msg_id":31,"type":"broadcast"}}
2024/02/15 21:10:42 Received {n0 n1 {"message":91,"msg_id":62,"type":"broadcast"}}
2024/02/15 21:10:42 Sent {"src":"n1","dest":"n0","body":{"in_reply_to":62,"type":"broadcast_ok"}}
2024/02/15 21:10:42 Sent {"src":"n1","dest":"n4","body":{"message":91,"msg_id":62,"type":"broadcast"}}
2024/02/15 21:10:42 Sent {"src":"n1","dest":"n2","body":{"message":91,"msg_id":62,"type":"broadcast"}}
2024/02/15 21:10:42 Sent {"src":"n1","dest":"n1","body":{"message":91,"msg_id":62,"type":"broadcast"}}
2024/02/15 21:10:42 Sent {"src":"n1","dest":"n3","body":{"message":91,"msg_id":62,"type":"broadcast"}}
2024/02/15 21:10:42 Received {n4 n1 {"message":91,"msg_id":62,"type":"broadcast"}}
2024/02/15 21:10:42 Received {n1 n1 {"message":91,"msg_id":62,"type":"broadcast"}}
2024/02/15 21:10:42 Received {n3 n1 {"message":91,"msg_id":62,"type":"broadcast"}}
2024/02/15 21:10:42 Received {n2 n1 {"message":91,"msg_id":62,"type":"broadcast"}}
2024/02/15 21:10:42 Received {c11 n1 {"type":"broadcast","message":92,"msg_id":32}}
2024/02/15 21:10:42 Sent {"src":"n1","dest":"c11","body":{"in_reply_to":32,"type":"broadcast_ok"}}
2024/02/15 21:10:42 Sent {"src":"n1","dest":"n1","body":{"message":92,"msg_id":32,"type":"broadcast"}}
2024/02/15 21:10:42 Sent {"src":"n1","dest":"n0","body":{"message":92,"msg_id":32,"type":"broadcast"}}
2024/02/15 21:10:42 Sent {"src":"n1","dest":"n3","body":{"message":92,"msg_id":32,"type":"broadcast"}}
2024/02/15 21:10:42 Sent {"src":"n1","dest":"n2","body":{"message":92,"msg_id":32,"type":"broadcast"}}
2024/02/15 21:10:42 Sent {"src":"n1","dest":"n4","body":{"message":92,"msg_id":32,"type":"broadcast"}}
2024/02/15 21:10:42 Received {n1 n1 {"message":92,"msg_id":32,"type":"broadcast"}}
2024/02/15 21:10:42 Received {n0 n1 {"in_reply_to":32,"type":"broadcast_ok"}}
2024/02/15 21:10:42 Ignoring reply to 32 with no callback
2024/02/15 21:10:42 Received {n2 n1 {"in_reply_to":32,"type":"broadcast_ok"}}
2024/02/15 21:10:42 Ignoring reply to 32 with no callback
2024/02/15 21:10:42 Received {n4 n1 {"in_reply_to":32,"type":"broadcast_ok"}}
2024/02/15 21:10:42 Ignoring reply to 32 with no callback
2024/02/15 21:10:42 Received {n3 n1 {"in_reply_to":32,"type":"broadcast_ok"}}
2024/02/15 21:10:42 Ignoring reply to 32 with no callback
2024/02/15 21:10:53 Received {c11 n1 {"type":"read","msg_id":33}}
2024/02/15 21:10:53 Sent {"src":"n1","dest":"c11","body":{"in_reply_to":33,"messages":[31,40,49,53,87,6,10,44,68,75,79,30,36,13,24,39,50,72,84,1,9,5,22,32,55,63,89,0,2,56,67,81,82,83,21,34,80,58,62,48,77,11,38,26,47,78,85,17,20,66,69,70,92,14,42,19,52,59,91,12,16,57,71,86,90,29,41,54,65,74,88,18,25,35,73,7,23,33,43,45,76,27,28,60,15,51,8,37,46,61,64,3,4],"type":"read_ok"}}
