2024/02/15 21:10:23 Received {c3 n2 {"type":"init","node_id":"n2","node_ids":["n0","n1","n2","n3","n4"],"msg_id":1}}
2024/02/15 21:10:23 Node n2 initialized
2024/02/15 21:10:23 Sent {"src":"n2","dest":"c3","body":{"in_reply_to":1,"type":"init_ok"}}
2024/02/15 21:10:23 Received {c7 n2 {"type":"topology","topology":{"n0":["n3","n1"],"n1":["n4","n2","n0"],"n2":["n1"],"n3":["n0","n4"],"n4":["n1","n3"]},"msg_id":1}}
2024/02/15 21:10:23 Sent {"src":"n2","dest":"c7","body":{"in_reply_to":1,"type":"topology_ok"}}
2024/02/15 21:10:23 Received {c12 n2 {"type":"read","msg_id":1}}
2024/02/15 21:10:23 Sent {"src":"n2","dest":"c12","body":{"in_reply_to":1,"messages":[],"type":"read_ok"}}
2024/02/15 21:10:23 Received {n3 n2 {"message":0,"msg_id":1,"type":"broadcast"}}
2024/02/15 21:10:23 Sent {"src":"n2","dest":"n3","body":{"in_reply_to":1,"type":"broadcast_ok"}}
2024/02/15 21:10:23 Sent {"src":"n2","dest":"n4","body":{"message":0,"msg_id":1,"type":"broadcast"}}
2024/02/15 21:10:23 Sent {"src":"n2","dest":"n0","body":{"message":0,"msg_id":1,"type":"broadcast"}}
2024/02/15 21:10:23 Sent {"src":"n2","dest":"n1","body":{"message":0,"msg_id":1,"type":"broadcast"}}
2024/02/15 21:10:23 Sent {"src":"n2","dest":"n2","body":{"message":0,"msg_id":1,"type":"broadcast"}}
2024/02/15 21:10:23 Received {n4 n2 {"message":0,"msg_id":1,"type":"broadcast"}}
2024/02/15 21:10:23 Received {n1 n2 {"message":0,"msg_id":1,"type":"broadcast"}}
2024/02/15 21:10:23 Received {n0 n2 {"message":0,"msg_id":1,"type":"broadcast"}}
2024/02/15 21:10:23 Received {n2 n2 {"message":0,"msg_id":1,"type":"broadcast"}}
2024/02/15 21:10:23 Received {n0 n2 {"message":1,"msg_id":2,"type":"broadcast"}}
2024/02/15 21:10:23 Sent {"src":"n2","dest":"n0","body":{"in_reply_to":2,"type":"broadcast_ok"}}
2024/02/15 21:10:23 Sent {"src":"n2","dest":"n4","body":{"message":1,"msg_id":2,"type":"broadcast"}}
2024/02/15 21:10:23 Sent {"src":"n2","dest":"n1","body":{"message":1,"msg_id":2,"type":"broadcast"}}
2024/02/15 21:10:23 Sent {"src":"n2","dest":"n2","body":{"message":1,"msg_id":2,"type":"broadcast"}}
2024/02/15 21:10:23 Sent {"src":"n2","dest":"n3","body":{"message":1,"msg_id":2,"type":"broadcast"}}
2024/02/15 21:10:23 Received {n2 n2 {"message":1,"msg_id":2,"type":"broadcast"}}
2024/02/15 21:10:23 Received {n1 n2 {"message":1,"msg_id":2,"type":"broadcast"}}
2024/02/15 21:10:23 Received {n3 n2 {"message":1,"msg_id":2,"type":"broadcast"}}
2024/02/15 21:10:23 Received {n4 n2 {"message":1,"msg_id":2,"type":"broadcast"}}
2024/02/15 21:10:23 Received {n0 n2 {"message":2,"msg_id":3,"type":"broadcast"}}
2024/02/15 21:10:23 Sent {"src":"n2","dest":"n0","body":{"in_reply_to":3,"type":"broadcast_ok"}}
2024/02/15 21:10:23 Sent {"src":"n2","dest":"n4","body":{"message":2,"msg_id":3,"type":"broadcast"}}
2024/02/15 21:10:23 Sent {"src":"n2","dest":"n1","body":{"message":2,"msg_id":3,"type":"broadcast"}}
2024/02/15 21:10:23 Sent {"src":"n2","dest":"n2","body":{"message":2,"msg_id":3,"type":"broadcast"}}
2024/02/15 21:10:23 Sent {"src":"n2","dest":"n3","body":{"message":2,"msg_id":3,"type":"broadcast"}}
2024/02/15 21:10:23 Received {n4 n2 {"message":2,"msg_id":3,"type":"broadcast"}}
2024/02/15 21:10:23 Received {n1 n2 {"message":2,"msg_id":3,"type":"broadcast"}}
2024/02/15 21:10:23 Received {n3 n2 {"message":2,"msg_id":3,"type":"broadcast"}}
2024/02/15 21:10:23 Received {n2 n2 {"message":2,"msg_id":3,"type":"broadcast"}}
2024/02/15 21:10:23 Received {n1 n2 {"message":3,"msg_id":2,"type":"broadcast"}}
2024/02/15 21:10:23 Sent {"src":"n2","dest":"n1","body":{"in_reply_to":2,"type":"broadcast_ok"}}
2024/02/15 21:10:23 Sent {"src":"n2","dest":"n4","body":{"message":3,"msg_id":2,"type":"broadcast"}}
2024/02/15 21:10:23 Sent {"src":"n2","dest":"n0","body":{"message":3,"msg_id":2,"type":"broadcast"}}
2024/02/15 21:10:23 Sent {"src":"n2","dest":"n2","body":{"message":3,"msg_id":2,"type":"broadcast"}}
2024/02/15 21:10:23 Sent {"src":"n2","dest":"n3","body":{"message":3,"msg_id":2,"type":"broadcast"}}
2024/02/15 21:10:23 Received {n4 n2 {"message":3,"msg_id":2,"type":"broadcast"}}
2024/02/15 21:10:23 Received {n2 n2 {"message":3,"msg_id":2,"type":"broadcast"}}
2024/02/15 21:10:23 Received {n3 n2 {"message":3,"msg_id":2,"type":"broadcast"}}
2024/02/15 21:10:23 Received {n0 n2 {"message":3,"msg_id":2,"type":"broadcast"}}
2024/02/15 21:10:24 Received {c12 n2 {"type":"read","msg_id":2}}
2024/02/15 21:10:24 Sent {"src":"n2","dest":"c12","body":{"in_reply_to":2,"messages":[3,0,1,2],"type":"read_ok"}}
2024/02/15 21:10:24 Received {n3 n2 {"message":4,"msg_id":2,"type":"broadcast"}}
2024/02/15 21:10:24 Sent {"src":"n2","dest":"n3","body":{"in_reply_to":2,"type":"broadcast_ok"}}
2024/02/15 21:10:24 Sent {"src":"n2","dest":"n4","body":{"message":4,"msg_id":2,"type":"broadcast"}}
2024/02/15 21:10:24 Sent {"src":"n2","dest":"n0","body":{"message":4,"msg_id":2,"type":"broadcast"}}
2024/02/15 21:10:24 Sent {"src":"n2","dest":"n1","body":{"message":4,"msg_id":2,"type":"broadcast"}}
2024/02/15 21:10:24 Sent {"src":"n2","dest":"n2","body":{"message":4,"msg_id":2,"type":"broadcast"}}
2024/02/15 21:10:24 Received {n0 n2 {"message":4,"msg_id":2,"type":"broadcast"}}
2024/02/15 21:10:24 Received {n1 n2 {"message":4,"msg_id":2,"type":"broadcast"}}
2024/02/15 21:10:24 Received {n4 n2 {"message":4,"msg_id":2,"type":"broadcast"}}
2024/02/15 21:10:24 Received {n2 n2 {"message":4,"msg_id":2,"type":"broadcast"}}
2024/02/15 21:10:24 Received {n4 n2 {"message":5,"msg_id":2,"type":"broadcast"}}
2024/02/15 21:10:24 Sent {"src":"n2","dest":"n4","body":{"in_reply_to":2,"type":"broadcast_ok"}}
2024/02/15 21:10:24 Sent {"src":"n2","dest":"n3","body":{"message":5,"msg_id":2,"type":"broadcast"}}
2024/02/15 21:10:24 Sent {"src":"n2","dest":"n0","body":{"message":5,"msg_id":2,"type":"broadcast"}}
2024/02/15 21:10:24 Sent {"src":"n2","dest":"n1","body":{"message":5,"msg_id":2,"type":"broadcast"}}
2024/02/15 21:10:24 Sent {"src":"n2","dest":"n2","body":{"message":5,"msg_id":2,"type":"broadcast"}}
2024/02/15 21:10:24 Received {n1 n2 {"message":5,"msg_id":2,"type":"broadcast"}}
2024/02/15 21:10:24 Received {n2 n2 {"message":5,"msg_id":2,"type":"broadcast"}}
2024/02/15 21:10:24 Received {n3 n2 {"message":5,"msg_id":2,"type":"broadcast"}}
2024/02/15 21:10:24 Received {n0 n2 {"message":5,"msg_id":2,"type":"broadcast"}}
2024/02/15 21:10:24 Received {n0 n2 {"message":6,"msg_id":5,"type":"broadcast"}}
2024/02/15 21:10:24 Sent {"src":"n2","dest":"n0","body":{"in_reply_to":5,"type":"broadcast_ok"}}
2024/02/15 21:10:24 Sent {"src":"n2","dest":"n4","body":{"message":6,"msg_id":5,"type":"broadcast"}}
2024/02/15 21:10:24 Sent {"src":"n2","dest":"n1","body":{"message":6,"msg_id":5,"type":"broadcast"}}
2024/02/15 21:10:24 Sent {"src":"n2","dest":"n2","body":{"message":6,"msg_id":5,"type":"broadcast"}}
2024/02/15 21:10:24 Sent {"src":"n2","dest":"n3","body":{"message":6,"msg_id":5,"type":"broadcast"}}
2024/02/15 21:10:24 Received {n4 n2 {"message":6,"msg_id":5,"type":"broadcast"}}
2024/02/15 21:10:24 Received {n1 n2 {"message":6,"msg_id":5,"type":"broadcast"}}
2024/02/15 21:10:24 Received {n2 n2 {"message":6,"msg_id":5,"type":"broadcast"}}
2024/02/15 21:10:24 Received {n3 n2 {"message":6,"msg_id":5,"type":"broadcast"}}
2024/02/15 21:10:24 Received {c12 n2 {"type":"broadcast","message":7,"msg_id":3}}
2024/02/15 21:10:24 Sent {"src":"n2","dest":"c12","body":{"in_reply_to":3,"type":"broadcast_ok"}}
2024/02/15 21:10:24 Sent {"src":"n2","dest":"n4","body":{"message":7,"msg_id":3,"type":"broadcast"}}
2024/02/15 21:10:24 Sent {"src":"n2","dest":"n0","body":{"message":7,"msg_id":3,"type":"broadcast"}}
2024/02/15 21:10:24 Sent {"src":"n2","dest":"n3","body":{"message":7,"msg_id":3,"type":"broadcast"}}
2024/02/15 21:10:24 Sent {"src":"n2","dest":"n1","body":{"message":7,"msg_id":3,"type":"broadcast"}}
2024/02/15 21:10:24 Sent {"src":"n2","dest":"n2","body":{"message":7,"msg_id":3,"type":"broadcast"}}
2024/02/15 21:10:24 Received {n2 n2 {"message":7,"msg_id":3,"type":"broadcast"}}
2024/02/15 21:10:24 Received {n4 n2 {"in_reply_to":3,"type":"broadcast_ok"}}
2024/02/15 21:10:24 Ignoring reply to 3 with no callback
2024/02/15 21:10:24 Received {n3 n2 {"in_reply_to":3,"type":"broadcast_ok"}}
2024/02/15 21:10:24 Ignoring reply to 3 with no callback
2024/02/15 21:10:24 Received {n1 n2 {"in_reply_to":3,"type":"broadcast_ok"}}
2024/02/15 21:10:24 Ignoring reply to 3 with no callback
2024/02/15 21:10:24 Received {n0 n2 {"in_reply_to":3,"type":"broadcast_ok"}}
2024/02/15 21:10:24 Ignoring reply to 3 with no callback
2024/02/15 21:10:24 Received {n3 n2 {"message":8,"msg_id":3,"type":"broadcast"}}
2024/02/15 21:10:24 Sent {"src":"n2","dest":"n3","body":{"in_reply_to":3,"type":"broadcast_ok"}}
2024/02/15 21:10:24 Sent {"src":"n2","dest":"n4","body":{"message":8,"msg_id":3,"type":"broadcast"}}
2024/02/15 21:10:24 Sent {"src":"n2","dest":"n0","body":{"message":8,"msg_id":3,"type":"broadcast"}}
2024/02/15 21:10:24 Sent {"src":"n2","dest":"n1","body":{"message":8,"msg_id":3,"type":"broadcast"}}
2024/02/15 21:10:24 Sent {"src":"n2","dest":"n2","body":{"message":8,"msg_id":3,"type":"broadcast"}}
2024/02/15 21:10:24 Received {n4 n2 {"message":8,"msg_id":3,"type":"broadcast"}}
2024/02/15 21:10:24 Received {n2 n2 {"message":8,"msg_id":3,"type":"broadcast"}}
2024/02/15 21:10:24 Received {n1 n2 {"message":8,"msg_id":3,"type":"broadcast"}}
2024/02/15 21:10:24 Received {n0 n2 {"message":8,"msg_id":3,"type":"broadcast"}}
2024/02/15 21:10:24 Received {n4 n2 {"message":9,"msg_id":3,"type":"broadcast"}}
2024/02/15 21:10:24 Sent {"src":"n2","dest":"n4","body":{"in_reply_to":3,"type":"broadcast_ok"}}
2024/02/15 21:10:24 Sent {"src":"n2","dest":"n3","body":{"message":9,"msg_id":3,"type":"broadcast"}}
2024/02/15 21:10:24 Sent {"src":"n2","dest":"n0","body":{"message":9,"msg_id":3,"type":"broadcast"}}
2024/02/15 21:10:24 Sent {"src":"n2","dest":"n1","body":{"message":9,"msg_id":3,"type":"broadcast"}}
2024/02/15 21:10:24 Sent {"src":"n2","dest":"n2","body":{"message":9,"msg_id":3,"type":"broadcast"}}
2024/02/15 21:10:24 Received {n1 n2 {"message":9,"msg_id":3,"type":"broadcast"}}
2024/02/15 21:10:24 Received {n0 n2 {"message":9,"msg_id":3,"type":"broadcast"}}
2024/02/15 21:10:24 Received {n2 n2 {"message":9,"msg_id":3,"type":"broadcast"}}
2024/02/15 21:10:24 Received {n3 n2 {"message":9,"msg_id":3,"type":"broadcast"}}
2024/02/15 21:10:24 Received {n0 n2 {"message":10,"msg_id":7,"type":"broadcast"}}
2024/02/15 21:10:24 Sent {"src":"n2","dest":"n0","body":{"in_reply_to":7,"type":"broadcast_ok"}}
2024/02/15 21:10:24 Sent {"src":"n2","dest":"n4","body":{"message":10,"msg_id":7,"type":"broadcast"}}
2024/02/15 21:10:24 Sent {"src":"n2","dest":"n3","body":{"message":10,"msg_id":7,"type":"broadcast"}}
2024/02/15 21:10:24 Sent {"src":"n2","dest":"n1","body":{"message":10,"msg_id":7,"type":"broadcast"}}
2024/02/15 21:10:24 Sent {"src":"n2","dest":"n2","body":{"message":10,"msg_id":7,"type":"broadcast"}}
2024/02/15 21:10:24 Received {n1 n2 {"message":10,"msg_id":7,"type":"broadcast"}}
2024/02/15 21:10:24 Received {n3 n2 {"message":10,"msg_id":7,"type":"broadcast"}}
2024/02/15 21:10:24 Received {n2 n2 {"message":10,"msg_id":7,"type":"broadcast"}}
2024/02/15 21:10:24 Received {n4 n2 {"message":10,"msg_id":7,"type":"broadcast"}}
2024/02/15 21:10:25 Received {c12 n2 {"type":"broadcast","message":11,"msg_id":4}}
2024/02/15 21:10:25 Sent {"src":"n2","dest":"n1","body":{"message":11,"msg_id":4,"type":"broadcast"}}
2024/02/15 21:10:25 Sent {"src":"n2","dest":"c12","body":{"in_reply_to":4,"type":"broadcast_ok"}}
2024/02/15 21:10:25 Sent {"src":"n2","dest":"n4","body":{"message":11,"msg_id":4,"type":"broadcast"}}
2024/02/15 21:10:25 Sent {"src":"n2","dest":"n2","body":{"message":11,"msg_id":4,"type":"broadcast"}}
2024/02/15 21:10:25 Sent {"src":"n2","dest":"n0","body":{"message":11,"msg_id":4,"type":"broadcast"}}
2024/02/15 21:10:25 Sent {"src":"n2","dest":"n3","body":{"message":11,"msg_id":4,"type":"broadcast"}}
2024/02/15 21:10:25 Received {n2 n2 {"message":11,"msg_id":4,"type":"broadcast"}}
2024/02/15 21:10:25 Received {n1 n2 {"in_reply_to":4,"type":"broadcast_ok"}}
2024/02/15 21:10:25 Ignoring reply to 4 with no callback
2024/02/15 21:10:25 Received {n4 n2 {"in_reply_to":4,"type":"broadcast_ok"}}
2024/02/15 21:10:25 Ignoring reply to 4 with no callback
2024/02/15 21:10:25 Received {n3 n2 {"in_reply_to":4,"type":"broadcast_ok"}}
2024/02/15 21:10:25 Ignoring reply to 4 with no callback
2024/02/15 21:10:25 Received {n0 n2 {"in_reply_to":4,"type":"broadcast_ok"}}
2024/02/15 21:10:25 Ignoring reply to 4 with no callback
2024/02/15 21:10:25 Received {n4 n2 {"message":12,"msg_id":4,"type":"broadcast"}}
2024/02/15 21:10:25 Sent {"src":"n2","dest":"n4","body":{"in_reply_to":4,"type":"broadcast_ok"}}
2024/02/15 21:10:25 Sent {"src":"n2","dest":"n3","body":{"message":12,"msg_id":4,"type":"broadcast"}}
2024/02/15 21:10:25 Sent {"src":"n2","dest":"n0","body":{"message":12,"msg_id":4,"type":"broadcast"}}
2024/02/15 21:10:25 Sent {"src":"n2","dest":"n1","body":{"message":12,"msg_id":4,"type":"broadcast"}}
2024/02/15 21:10:25 Sent {"src":"n2","dest":"n2","body":{"message":12,"msg_id":4,"type":"broadcast"}}
2024/02/15 21:10:25 Received {n1 n2 {"message":12,"msg_id":4,"type":"broadcast"}}
2024/02/15 21:10:25 Received {n2 n2 {"message":12,"msg_id":4,"type":"broadcast"}}
2024/02/15 21:10:25 Received {n0 n2 {"message":12,"msg_id":4,"type":"broadcast"}}
2024/02/15 21:10:25 Received {n3 n2 {"message":12,"msg_id":4,"type":"broadcast"}}
2024/02/15 21:10:25 Received {n0 n2 {"message":13,"msg_id":8,"type":"broadcast"}}
2024/02/15 21:10:25 Sent {"src":"n2","dest":"n0","body":{"in_reply_to":8,"type":"broadcast_ok"}}
2024/02/15 21:10:25 Sent {"src":"n2","dest":"n4","body":{"message":13,"msg_id":8,"type":"broadcast"}}
2024/02/15 21:10:25 Sent {"src":"n2","dest":"n1","body":{"message":13,"msg_id":8,"type":"broadcast"}}
2024/02/15 21:10:25 Sent {"src":"n2","dest":"n2","body":{"message":13,"msg_id":8,"type":"broadcast"}}
2024/02/15 21:10:25 Received {n4 n2 {"message":13,"msg_id":8,"type":"broadcast"}}
2024/02/15 21:10:25 Sent {"src":"n2","dest":"n3","body":{"message":13,"msg_id":8,"type":"broadcast"}}
2024/02/15 21:10:25 Received {n1 n2 {"message":13,"msg_id":8,"type":"broadcast"}}
2024/02/15 21:10:25 Received {n3 n2 {"message":13,"msg_id":8,"type":"broadcast"}}
2024/02/15 21:10:25 Received {n2 n2 {"message":13,"msg_id":8,"type":"broadcast"}}
2024/02/15 21:10:25 Received {n0 n2 {"message":14,"msg_id":9,"type":"broadcast"}}
2024/02/15 21:10:25 Sent {"src":"n2","dest":"n0","body":{"in_reply_to":9,"type":"broadcast_ok"}}
2024/02/15 21:10:25 Sent {"src":"n2","dest":"n2","body":{"message":14,"msg_id":9,"type":"broadcast"}}
2024/02/15 21:10:25 Sent {"src":"n2","dest":"n1","body":{"message":14,"msg_id":9,"type":"broadcast"}}
2024/02/15 21:10:25 Sent {"src":"n2","dest":"n3","body":{"message":14,"msg_id":9,"type":"broadcast"}}
2024/02/15 21:10:25 Sent {"src":"n2","dest":"n4","body":{"message":14,"msg_id":9,"type":"broadcast"}}
2024/02/15 21:10:25 Received {n3 n2 {"message":14,"msg_id":9,"type":"broadcast"}}
2024/02/15 21:10:25 Received {n4 n2 {"message":14,"msg_id":9,"type":"broadcast"}}
2024/02/15 21:10:25 Received {n2 n2 {"message":14,"msg_id":9,"type":"broadcast"}}
2024/02/15 21:10:25 Received {n1 n2 {"message":14,"msg_id":9,"type":"broadcast"}}
2024/02/15 21:10:25 Received {c12 n2 {"type":"broadcast","message":15,"msg_id":5}}
2024/02/15 21:10:25 Sent {"src":"n2","dest":"c12","body":{"in_reply_to":5,"type":"broadcast_ok"}}
2024/02/15 21:10:25 Sent {"src":"n2","dest":"n4","body":{"message":15,"msg_id":5,"type":"broadcast"}}
2024/02/15 21:10:25 Sent {"src":"n2","dest":"n2","body":{"message":15,"msg_id":5,"type":"broadcast"}}
2024/02/15 21:10:25 Sent {"src":"n2","dest":"n3","body":{"message":15,"msg_id":5,"type":"broadcast"}}
2024/02/15 21:10:25 Sent {"src":"n2","dest":"n0","body":{"message":15,"msg_id":5,"type":"broadcast"}}
2024/02/15 21:10:25 Sent {"src":"n2","dest":"n1","body":{"message":15,"msg_id":5,"type":"broadcast"}}
2024/02/15 21:10:25 Received {n2 n2 {"message":15,"msg_id":5,"type":"broadcast"}}
2024/02/15 21:10:25 Received {n4 n2 {"in_reply_to":5,"type":"broadcast_ok"}}
2024/02/15 21:10:25 Ignoring reply to 5 with no callback
2024/02/15 21:10:25 Received {n0 n2 {"in_reply_to":5,"type":"broadcast_ok"}}
2024/02/15 21:10:25 Ignoring reply to 5 with no callback
2024/02/15 21:10:25 Received {n3 n2 {"in_reply_to":5,"type":"broadcast_ok"}}
2024/02/15 21:10:25 Ignoring reply to 5 with no callback
2024/02/15 21:10:25 Received {n1 n2 {"in_reply_to":5,"type":"broadcast_ok"}}
2024/02/15 21:10:25 Ignoring reply to 5 with no callback
2024/02/15 21:10:25 Received {n3 n2 {"message":16,"msg_id":5,"type":"broadcast"}}
2024/02/15 21:10:25 Sent {"src":"n2","dest":"n3","body":{"in_reply_to":5,"type":"broadcast_ok"}}
2024/02/15 21:10:25 Sent {"src":"n2","dest":"n4","body":{"message":16,"msg_id":5,"type":"broadcast"}}
2024/02/15 21:10:25 Sent {"src":"n2","dest":"n0","body":{"message":16,"msg_id":5,"type":"broadcast"}}
2024/02/15 21:10:25 Sent {"src":"n2","dest":"n1","body":{"message":16,"msg_id":5,"type":"broadcast"}}
2024/02/15 21:10:25 Sent {"src":"n2","dest":"n2","body":{"message":16,"msg_id":5,"type":"broadcast"}}
2024/02/15 21:10:25 Received {n4 n2 {"message":16,"msg_id":5,"type":"broadcast"}}
2024/02/15 21:10:25 Received {n1 n2 {"message":16,"msg_id":5,"type":"broadcast"}}
2024/02/15 21:10:25 Received {n0 n2 {"message":16,"msg_id":5,"type":"broadcast"}}
2024/02/15 21:10:25 Received {n2 n2 {"message":16,"msg_id":5,"type":"broadcast"}}
2024/02/15 21:10:25 Received {n4 n2 {"message":17,"msg_id":5,"type":"broadcast"}}
2024/02/15 21:10:25 Sent {"src":"n2","dest":"n4","body":{"in_reply_to":5,"type":"broadcast_ok"}}
2024/02/15 21:10:25 Sent {"src":"n2","dest":"n3","body":{"message":17,"msg_id":5,"type":"broadcast"}}
2024/02/15 21:10:25 Sent {"src":"n2","dest":"n2","body":{"message":17,"msg_id":5,"type":"broadcast"}}
2024/02/15 21:10:25 Sent {"src":"n2","dest":"n0","body":{"message":17,"msg_id":5,"type":"broadcast"}}
2024/02/15 21:10:25 Sent {"src":"n2","dest":"n1","body":{"message":17,"msg_id":5,"type":"broadcast"}}
2024/02/15 21:10:25 Received {n2 n2 {"message":17,"msg_id":5,"type":"broadcast"}}
2024/02/15 21:10:25 Received {n3 n2 {"message":17,"msg_id":5,"type":"broadcast"}}
2024/02/15 21:10:25 Received {n1 n2 {"message":17,"msg_id":5,"type":"broadcast"}}
2024/02/15 21:10:25 Received {n0 n2 {"message":17,"msg_id":5,"type":"broadcast"}}
2024/02/15 21:10:26 Received {n0 n2 {"message":18,"msg_id":10,"type":"broadcast"}}
2024/02/15 21:10:26 Sent {"src":"n2","dest":"n0","body":{"in_reply_to":10,"type":"broadcast_ok"}}
2024/02/15 21:10:26 Sent {"src":"n2","dest":"n4","body":{"message":18,"msg_id":10,"type":"broadcast"}}
2024/02/15 21:10:26 Sent {"src":"n2","dest":"n2","body":{"message":18,"msg_id":10,"type":"broadcast"}}
2024/02/15 21:10:26 Sent {"src":"n2","dest":"n3","body":{"message":18,"msg_id":10,"type":"broadcast"}}
2024/02/15 21:10:26 Sent {"src":"n2","dest":"n1","body":{"message":18,"msg_id":10,"type":"broadcast"}}
2024/02/15 21:10:26 Received {n2 n2 {"message":18,"msg_id":10,"type":"broadcast"}}
2024/02/15 21:10:26 Received {n4 n2 {"message":18,"msg_id":10,"type":"broadcast"}}
2024/02/15 21:10:26 Received {n3 n2 {"message":18,"msg_id":10,"type":"broadcast"}}
2024/02/15 21:10:26 Received {n1 n2 {"message":18,"msg_id":10,"type":"broadcast"}}
2024/02/15 21:10:26 Received {n1 n2 {"message":19,"msg_id":6,"type":"broadcast"}}
2024/02/15 21:10:26 Sent {"src":"n2","dest":"n1","body":{"in_reply_to":6,"type":"broadcast_ok"}}
2024/02/15 21:10:26 Sent {"src":"n2","dest":"n4","body":{"message":19,"msg_id":6,"type":"broadcast"}}
2024/02/15 21:10:26 Sent {"src":"n2","dest":"n0","body":{"message":19,"msg_id":6,"type":"broadcast"}}
2024/02/15 21:10:26 Sent {"src":"n2","dest":"n2","body":{"message":19,"msg_id":6,"type":"broadcast"}}
2024/02/15 21:10:26 Sent {"src":"n2","dest":"n3","body":{"message":19,"msg_id":6,"type":"broadcast"}}
2024/02/15 21:10:26 Received {n2 n2 {"message":19,"msg_id":6,"type":"broadcast"}}
2024/02/15 21:10:26 Received {n3 n2 {"message":19,"msg_id":6,"type":"broadcast"}}
2024/02/15 21:10:26 Received {n4 n2 {"message":19,"msg_id":6,"type":"broadcast"}}
2024/02/15 21:10:26 Received {n0 n2 {"message":19,"msg_id":6,"type":"broadcast"}}
2024/02/15 21:10:26 Received {c12 n2 {"type":"broadcast","message":20,"msg_id":6}}
2024/02/15 21:10:26 Sent {"src":"n2","dest":"c12","body":{"in_reply_to":6,"type":"broadcast_ok"}}
2024/02/15 21:10:26 Sent {"src":"n2","dest":"n4","body":{"message":20,"msg_id":6,"type":"broadcast"}}
2024/02/15 21:10:26 Sent {"src":"n2","dest":"n3","body":{"message":20,"msg_id":6,"type":"broadcast"}}
2024/02/15 21:10:26 Sent {"src":"n2","dest":"n0","body":{"message":20,"msg_id":6,"type":"broadcast"}}
2024/02/15 21:10:26 Sent {"src":"n2","dest":"n1","body":{"message":20,"msg_id":6,"type":"broadcast"}}
2024/02/15 21:10:26 Sent {"src":"n2","dest":"n2","body":{"message":20,"msg_id":6,"type":"broadcast"}}
2024/02/15 21:10:26 Received {n2 n2 {"message":20,"msg_id":6,"type":"broadcast"}}
2024/02/15 21:10:26 Received {n3 n2 {"in_reply_to":6,"type":"broadcast_ok"}}
2024/02/15 21:10:26 Ignoring reply to 6 with no callback
2024/02/15 21:10:26 Received {n1 n2 {"in_reply_to":6,"type":"broadcast_ok"}}
2024/02/15 21:10:26 Ignoring reply to 6 with no callback
2024/02/15 21:10:26 Received {n0 n2 {"in_reply_to":6,"type":"broadcast_ok"}}
2024/02/15 21:10:26 Ignoring reply to 6 with no callback
2024/02/15 21:10:26 Received {n4 n2 {"in_reply_to":6,"type":"broadcast_ok"}}
2024/02/15 21:10:26 Ignoring reply to 6 with no callback
2024/02/15 21:10:26 Received {n0 n2 {"message":21,"msg_id":13,"type":"broadcast"}}
2024/02/15 21:10:26 Sent {"src":"n2","dest":"n0","body":{"in_reply_to":13,"type":"broadcast_ok"}}
2024/02/15 21:10:26 Sent {"src":"n2","dest":"n4","body":{"message":21,"msg_id":13,"type":"broadcast"}}
2024/02/15 21:10:26 Sent {"src":"n2","dest":"n1","body":{"message":21,"msg_id":13,"type":"broadcast"}}
2024/02/15 21:10:26 Sent {"src":"n2","dest":"n2","body":{"message":21,"msg_id":13,"type":"broadcast"}}
2024/02/15 21:10:26 Sent {"src":"n2","dest":"n3","body":{"message":21,"msg_id":13,"type":"broadcast"}}
2024/02/15 21:10:26 Received {n1 n2 {"message":21,"msg_id":13,"type":"broadcast"}}
2024/02/15 21:10:26 Received {n4 n2 {"message":21,"msg_id":13,"type":"broadcast"}}
2024/02/15 21:10:26 Received {n3 n2 {"message":21,"msg_id":13,"type":"broadcast"}}
2024/02/15 21:10:26 Received {n2 n2 {"message":21,"msg_id":13,"type":"broadcast"}}
2024/02/15 21:10:27 Received {c12 n2 {"type":"broadcast","message":22,"msg_id":7}}
2024/02/15 21:10:27 Sent {"src":"n2","dest":"c12","body":{"in_reply_to":7,"type":"broadcast_ok"}}
2024/02/15 21:10:27 Sent {"src":"n2","dest":"n1","body":{"message":22,"msg_id":7,"type":"broadcast"}}
2024/02/15 21:10:27 Sent {"src":"n2","dest":"n4","body":{"message":22,"msg_id":7,"type":"broadcast"}}
2024/02/15 21:10:27 Sent {"src":"n2","dest":"n2","body":{"message":22,"msg_id":7,"type":"broadcast"}}
2024/02/15 21:10:27 Sent {"src":"n2","dest":"n3","body":{"message":22,"msg_id":7,"type":"broadcast"}}
2024/02/15 21:10:27 Sent {"src":"n2","dest":"n0","body":{"message":22,"msg_id":7,"type":"broadcast"}}
2024/02/15 21:10:27 Received {n2 n2 {"message":22,"msg_id":7,"type":"broadcast"}}
2024/02/15 21:10:27 Received {n1 n2 {"in_reply_to":7,"type":"broadcast_ok"}}
2024/02/15 21:10:27 Ignoring reply to 7 with no callback
2024/02/15 21:10:27 Received {n4 n2 {"in_reply_to":7,"type":"broadcast_ok"}}
2024/02/15 21:10:27 Ignoring reply to 7 with no callback
2024/02/15 21:10:27 Received {n3 n2 {"in_reply_to":7,"type":"broadcast_ok"}}
2024/02/15 21:10:27 Ignoring reply to 7 with no callback
2024/02/15 21:10:27 Received {n0 n2 {"in_reply_to":7,"type":"broadcast_ok"}}
2024/02/15 21:10:27 Ignoring reply to 7 with no callback
2024/02/15 21:10:27 Received {n3 n2 {"message":23,"msg_id":7,"type":"broadcast"}}
2024/02/15 21:10:27 Sent {"src":"n2","dest":"n3","body":{"in_reply_to":7,"type":"broadcast_ok"}}
2024/02/15 21:10:27 Sent {"src":"n2","dest":"n4","body":{"message":23,"msg_id":7,"type":"broadcast"}}
2024/02/15 21:10:27 Sent {"src":"n2","dest":"n0","body":{"message":23,"msg_id":7,"type":"broadcast"}}
2024/02/15 21:10:27 Sent {"src":"n2","dest":"n1","body":{"message":23,"msg_id":7,"type":"broadcast"}}
2024/02/15 21:10:27 Sent {"src":"n2","dest":"n2","body":{"message":23,"msg_id":7,"type":"broadcast"}}
2024/02/15 21:10:27 Received {n4 n2 {"message":23,"msg_id":7,"type":"broadcast"}}
2024/02/15 21:10:27 Received {n0 n2 {"message":23,"msg_id":7,"type":"broadcast"}}
2024/02/15 21:10:27 Received {n1 n2 {"message":23,"msg_id":7,"type":"broadcast"}}
2024/02/15 21:10:27 Received {n2 n2 {"message":23,"msg_id":7,"type":"broadcast"}}
2024/02/15 21:10:28 Received {c12 n2 {"type":"broadcast","message":24,"msg_id":8}}
2024/02/15 21:10:28 Sent {"src":"n2","dest":"c12","body":{"in_reply_to":8,"type":"broadcast_ok"}}
2024/02/15 21:10:28 Sent {"src":"n2","dest":"n4","body":{"message":24,"msg_id":8,"type":"broadcast"}}
2024/02/15 21:10:28 Sent {"src":"n2","dest":"n0","body":{"message":24,"msg_id":8,"type":"broadcast"}}
2024/02/15 21:10:28 Sent {"src":"n2","dest":"n2","body":{"message":24,"msg_id":8,"type":"broadcast"}}
2024/02/15 21:10:28 Sent {"src":"n2","dest":"n3","body":{"message":24,"msg_id":8,"type":"broadcast"}}
2024/02/15 21:10:28 Sent {"src":"n2","dest":"n1","body":{"message":24,"msg_id":8,"type":"broadcast"}}
2024/02/15 21:10:28 Received {n2 n2 {"message":24,"msg_id":8,"type":"broadcast"}}
2024/02/15 21:10:28 Received {n4 n2 {"in_reply_to":8,"type":"broadcast_ok"}}
2024/02/15 21:10:28 Ignoring reply to 8 with no callback
2024/02/15 21:10:28 Received {n0 n2 {"in_reply_to":8,"type":"broadcast_ok"}}
2024/02/15 21:10:28 Ignoring reply to 8 with no callback
2024/02/15 21:10:28 Received {n3 n2 {"in_reply_to":8,"type":"broadcast_ok"}}
2024/02/15 21:10:28 Ignoring reply to 8 with no callback
2024/02/15 21:10:28 Received {n1 n2 {"in_reply_to":8,"type":"broadcast_ok"}}
2024/02/15 21:10:28 Ignoring reply to 8 with no callback
2024/02/15 21:10:28 Received {n3 n2 {"message":25,"msg_id":8,"type":"broadcast"}}
2024/02/15 21:10:28 Sent {"src":"n2","dest":"n3","body":{"in_reply_to":8,"type":"broadcast_ok"}}
2024/02/15 21:10:28 Sent {"src":"n2","dest":"n4","body":{"message":25,"msg_id":8,"type":"broadcast"}}
2024/02/15 21:10:28 Sent {"src":"n2","dest":"n0","body":{"message":25,"msg_id":8,"type":"broadcast"}}
2024/02/15 21:10:28 Sent {"src":"n2","dest":"n1","body":{"message":25,"msg_id":8,"type":"broadcast"}}
2024/02/15 21:10:28 Sent {"src":"n2","dest":"n2","body":{"message":25,"msg_id":8,"type":"broadcast"}}
2024/02/15 21:10:28 Received {n4 n2 {"message":25,"msg_id":8,"type":"broadcast"}}
2024/02/15 21:10:28 Received {n1 n2 {"message":25,"msg_id":8,"type":"broadcast"}}
2024/02/15 21:10:28 Received {n2 n2 {"message":25,"msg_id":8,"type":"broadcast"}}
2024/02/15 21:10:28 Received {n0 n2 {"message":25,"msg_id":8,"type":"broadcast"}}
2024/02/15 21:10:28 Received {n0 n2 {"message":26,"msg_id":16,"type":"broadcast"}}
2024/02/15 21:10:28 Sent {"src":"n2","dest":"n0","body":{"in_reply_to":16,"type":"broadcast_ok"}}
2024/02/15 21:10:28 Sent {"src":"n2","dest":"n4","body":{"message":26,"msg_id":16,"type":"broadcast"}}
2024/02/15 21:10:28 Sent {"src":"n2","dest":"n1","body":{"message":26,"msg_id":16,"type":"broadcast"}}
2024/02/15 21:10:28 Sent {"src":"n2","dest":"n2","body":{"message":26,"msg_id":16,"type":"broadcast"}}
2024/02/15 21:10:28 Sent {"src":"n2","dest":"n3","body":{"message":26,"msg_id":16,"type":"broadcast"}}
2024/02/15 21:10:28 Received {n1 n2 {"message":26,"msg_id":16,"type":"broadcast"}}
2024/02/15 21:10:28 Received {n2 n2 {"message":26,"msg_id":16,"type":"broadcast"}}
2024/02/15 21:10:28 Received {n3 n2 {"message":26,"msg_id":16,"type":"broadcast"}}
2024/02/15 21:10:28 Received {n4 n2 {"message":26,"msg_id":16,"type":"broadcast"}}
2024/02/15 21:10:28 Received {n0 n2 {"message":27,"msg_id":17,"type":"broadcast"}}
2024/02/15 21:10:28 Sent {"src":"n2","dest":"n0","body":{"in_reply_to":17,"type":"broadcast_ok"}}
2024/02/15 21:10:28 Sent {"src":"n2","dest":"n4","body":{"message":27,"msg_id":17,"type":"broadcast"}}
2024/02/15 21:10:28 Sent {"src":"n2","dest":"n1","body":{"message":27,"msg_id":17,"type":"broadcast"}}
2024/02/15 21:10:28 Sent {"src":"n2","dest":"n2","body":{"message":27,"msg_id":17,"type":"broadcast"}}
2024/02/15 21:10:28 Sent {"src":"n2","dest":"n3","body":{"message":27,"msg_id":17,"type":"broadcast"}}
2024/02/15 21:10:28 Received {n1 n2 {"message":27,"msg_id":17,"type":"broadcast"}}
2024/02/15 21:10:28 Received {n2 n2 {"message":27,"msg_id":17,"type":"broadcast"}}
2024/02/15 21:10:28 Received {n3 n2 {"message":27,"msg_id":17,"type":"broadcast"}}
2024/02/15 21:10:28 Received {n4 n2 {"message":27,"msg_id":17,"type":"broadcast"}}
2024/02/15 21:10:28 Received {n1 n2 {"message":28,"msg_id":9,"type":"broadcast"}}
2024/02/15 21:10:28 Sent {"src":"n2","dest":"n1","body":{"in_reply_to":9,"type":"broadcast_ok"}}
2024/02/15 21:10:28 Sent {"src":"n2","dest":"n4","body":{"message":28,"msg_id":9,"type":"broadcast"}}
2024/02/15 21:10:28 Sent {"src":"n2","dest":"n3","body":{"message":28,"msg_id":9,"type":"broadcast"}}
2024/02/15 21:10:28 Sent {"src":"n2","dest":"n0","body":{"message":28,"msg_id":9,"type":"broadcast"}}
2024/02/15 21:10:28 Sent {"src":"n2","dest":"n2","body":{"message":28,"msg_id":9,"type":"broadcast"}}
2024/02/15 21:10:28 Received {n4 n2 {"message":28,"msg_id":9,"type":"broadcast"}}
2024/02/15 21:10:28 Received {n3 n2 {"message":28,"msg_id":9,"type":"broadcast"}}
2024/02/15 21:10:28 Received {n0 n2 {"message":28,"msg_id":9,"type":"broadcast"}}
2024/02/15 21:10:28 Received {n2 n2 {"message":28,"msg_id":9,"type":"broadcast"}}
2024/02/15 21:10:28 Received {c12 n2 {"type":"read","msg_id":9}}
2024/02/15 21:10:28 Sent {"src":"n2","dest":"c12","body":{"in_reply_to":9,"messages":[0,3,24,26,12,14,27,1,4,19,7,16,25,28,2,6,17,18,5,13,15,20,21,8,9,10,11,23,22],"type":"read_ok"}}
2024/02/15 21:10:29 Received {c12 n2 {"type":"broadcast","message":29,"msg_id":10}}
2024/02/15 21:10:29 Sent {"src":"n2","dest":"c12","body":{"in_reply_to":10,"type":"broadcast_ok"}}
2024/02/15 21:10:29 Sent {"src":"n2","dest":"n4","body":{"message":29,"msg_id":10,"type":"broadcast"}}
2024/02/15 21:10:29 Sent {"src":"n2","dest":"n2","body":{"message":29,"msg_id":10,"type":"broadcast"}}
2024/02/15 21:10:29 Sent {"src":"n2","dest":"n1","body":{"message":29,"msg_id":10,"type":"broadcast"}}
2024/02/15 21:10:29 Sent {"src":"n2","dest":"n0","body":{"message":29,"msg_id":10,"type":"broadcast"}}
2024/02/15 21:10:29 Sent {"src":"n2","dest":"n3","body":{"message":29,"msg_id":10,"type":"broadcast"}}
2024/02/15 21:10:29 Received {n2 n2 {"message":29,"msg_id":10,"type":"broadcast"}}
2024/02/15 21:10:29 Received {n4 n2 {"in_reply_to":10,"type":"broadcast_ok"}}
2024/02/15 21:10:29 Ignoring reply to 10 with no callback
2024/02/15 21:10:29 Received {n1 n2 {"in_reply_to":10,"type":"broadcast_ok"}}
2024/02/15 21:10:29 Ignoring reply to 10 with no callback
2024/02/15 21:10:29 Received {n0 n2 {"in_reply_to":10,"type":"broadcast_ok"}}
2024/02/15 21:10:29 Ignoring reply to 10 with no callback
2024/02/15 21:10:29 Received {n3 n2 {"in_reply_to":10,"type":"broadcast_ok"}}
2024/02/15 21:10:29 Ignoring reply to 10 with no callback
2024/02/15 21:10:29 Received {n0 n2 {"message":30,"msg_id":20,"type":"broadcast"}}
2024/02/15 21:10:29 Sent {"src":"n2","dest":"n0","body":{"in_reply_to":20,"type":"broadcast_ok"}}
2024/02/15 21:10:29 Sent {"src":"n2","dest":"n4","body":{"message":30,"msg_id":20,"type":"broadcast"}}
2024/02/15 21:10:29 Sent {"src":"n2","dest":"n1","body":{"message":30,"msg_id":20,"type":"broadcast"}}
2024/02/15 21:10:29 Sent {"src":"n2","dest":"n2","body":{"message":30,"msg_id":20,"type":"broadcast"}}
2024/02/15 21:10:29 Sent {"src":"n2","dest":"n3","body":{"message":30,"msg_id":20,"type":"broadcast"}}
2024/02/15 21:10:29 Received {n4 n2 {"message":30,"msg_id":20,"type":"broadcast"}}
2024/02/15 21:10:29 Received {n1 n2 {"message":30,"msg_id":20,"type":"broadcast"}}
2024/02/15 21:10:29 Received {n2 n2 {"message":30,"msg_id":20,"type":"broadcast"}}
2024/02/15 21:10:29 Received {n3 n2 {"message":30,"msg_id":20,"type":"broadcast"}}
2024/02/15 21:10:29 Received {n0 n2 {"message":31,"msg_id":21,"type":"broadcast"}}
2024/02/15 21:10:29 Sent {"src":"n2","dest":"n0","body":{"in_reply_to":21,"type":"broadcast_ok"}}
2024/02/15 21:10:29 Sent {"src":"n2","dest":"n4","body":{"message":31,"msg_id":21,"type":"broadcast"}}
2024/02/15 21:10:29 Sent {"src":"n2","dest":"n1","body":{"message":31,"msg_id":21,"type":"broadcast"}}
2024/02/15 21:10:29 Sent {"src":"n2","dest":"n2","body":{"message":31,"msg_id":21,"type":"broadcast"}}
2024/02/15 21:10:29 Sent {"src":"n2","dest":"n3","body":{"message":31,"msg_id":21,"type":"broadcast"}}
2024/02/15 21:10:29 Received {n4 n2 {"message":31,"msg_id":21,"type":"broadcast"}}
2024/02/15 21:10:29 Received {n1 n2 {"message":31,"msg_id":21,"type":"broadcast"}}
2024/02/15 21:10:29 Received {n3 n2 {"message":31,"msg_id":21,"type":"broadcast"}}
2024/02/15 21:10:29 Received {n2 n2 {"message":31,"msg_id":21,"type":"broadcast"}}
2024/02/15 21:10:29 Received {c12 n2 {"type":"read","msg_id":11}}
2024/02/15 21:10:29 Sent {"src":"n2","dest":"c12","body":{"in_reply_to":11,"messages":[8,9,10,11,23,31,22,0,3,24,26,12,14,27,29,1,4,19,30,7,16,25,28,2,6,17,18,5,13,15,20,21],"type":"read_ok"}}
2024/02/15 21:10:29 Received {n3 n2 {"message":32,"msg_id":11,"type":"broadcast"}}
2024/02/15 21:10:29 Sent {"src":"n2","dest":"n3","body":{"in_reply_to":11,"type":"broadcast_ok"}}
2024/02/15 21:10:29 Sent {"src":"n2","dest":"n4","body":{"message":32,"msg_id":11,"type":"broadcast"}}
2024/02/15 21:10:29 Sent {"src":"n2","dest":"n2","body":{"message":32,"msg_id":11,"type":"broadcast"}}
2024/02/15 21:10:29 Sent {"src":"n2","dest":"n0","body":{"message":32,"msg_id":11,"type":"broadcast"}}
2024/02/15 21:10:29 Sent {"src":"n2","dest":"n1","body":{"message":32,"msg_id":11,"type":"broadcast"}}
2024/02/15 21:10:29 Received {n1 n2 {"message":32,"msg_id":11,"type":"broadcast"}}
2024/02/15 21:10:29 Received {n2 n2 {"message":32,"msg_id":11,"type":"broadcast"}}
2024/02/15 21:10:29 Received {n0 n2 {"message":32,"msg_id":11,"type":"broadcast"}}
2024/02/15 21:10:29 Received {n4 n2 {"message":32,"msg_id":11,"type":"broadcast"}}
2024/02/15 21:10:30 Received {n1 n2 {"message":33,"msg_id":12,"type":"broadcast"}}
2024/02/15 21:10:30 Sent {"src":"n2","dest":"n1","body":{"in_reply_to":12,"type":"broadcast_ok"}}
2024/02/15 21:10:30 Sent {"src":"n2","dest":"n4","body":{"message":33,"msg_id":12,"type":"broadcast"}}
2024/02/15 21:10:30 Sent {"src":"n2","dest":"n0","body":{"message":33,"msg_id":12,"type":"broadcast"}}
2024/02/15 21:10:30 Sent {"src":"n2","dest":"n2","body":{"message":33,"msg_id":12,"type":"broadcast"}}
2024/02/15 21:10:30 Sent {"src":"n2","dest":"n3","body":{"message":33,"msg_id":12,"type":"broadcast"}}
2024/02/15 21:10:30 Received {n0 n2 {"message":33,"msg_id":12,"type":"broadcast"}}
2024/02/15 21:10:30 Received {n2 n2 {"message":33,"msg_id":12,"type":"broadcast"}}
2024/02/15 21:10:30 Received {n3 n2 {"message":33,"msg_id":12,"type":"broadcast"}}
2024/02/15 21:10:30 Received {n4 n2 {"message":33,"msg_id":12,"type":"broadcast"}}
2024/02/15 21:10:30 Received {c12 n2 {"type":"read","msg_id":12}}
2024/02/15 21:10:30 Sent {"src":"n2","dest":"c12","body":{"in_reply_to":12,"messages":[1,4,19,30,7,16,25,28,2,6,17,18,5,13,15,20,21,8,9,10,11,23,31,22,32,33,0,3,24,26,12,14,27,29],"type":"read_ok"}}
2024/02/15 21:10:30 Received {n3 n2 {"message":34,"msg_id":12,"type":"broadcast"}}
2024/02/15 21:10:30 Sent {"src":"n2","dest":"n3","body":{"in_reply_to":12,"type":"broadcast_ok"}}
2024/02/15 21:10:30 Sent {"src":"n2","dest":"n4","body":{"message":34,"msg_id":12,"type":"broadcast"}}
2024/02/15 21:10:30 Sent {"src":"n2","dest":"n1","body":{"message":34,"msg_id":12,"type":"broadcast"}}
2024/02/15 21:10:30 Sent {"src":"n2","dest":"n0","body":{"message":34,"msg_id":12,"type":"broadcast"}}
2024/02/15 21:10:30 Sent {"src":"n2","dest":"n2","body":{"message":34,"msg_id":12,"type":"broadcast"}}
2024/02/15 21:10:30 Received {n4 n2 {"message":34,"msg_id":12,"type":"broadcast"}}
2024/02/15 21:10:30 Received {n2 n2 {"message":34,"msg_id":12,"type":"broadcast"}}
2024/02/15 21:10:30 Received {n1 n2 {"message":34,"msg_id":12,"type":"broadcast"}}
2024/02/15 21:10:30 Received {n0 n2 {"message":34,"msg_id":12,"type":"broadcast"}}
2024/02/15 21:10:30 Received {n0 n2 {"message":35,"msg_id":25,"type":"broadcast"}}
2024/02/15 21:10:30 Sent {"src":"n2","dest":"n0","body":{"in_reply_to":25,"type":"broadcast_ok"}}
2024/02/15 21:10:30 Sent {"src":"n2","dest":"n4","body":{"message":35,"msg_id":25,"type":"broadcast"}}
2024/02/15 21:10:30 Sent {"src":"n2","dest":"n1","body":{"message":35,"msg_id":25,"type":"broadcast"}}
2024/02/15 21:10:30 Sent {"src":"n2","dest":"n2","body":{"message":35,"msg_id":25,"type":"broadcast"}}
2024/02/15 21:10:30 Sent {"src":"n2","dest":"n3","body":{"message":35,"msg_id":25,"type":"broadcast"}}
2024/02/15 21:10:30 Received {n4 n2 {"message":35,"msg_id":25,"type":"broadcast"}}
2024/02/15 21:10:30 Received {n3 n2 {"message":35,"msg_id":25,"type":"broadcast"}}
2024/02/15 21:10:30 Received {n2 n2 {"message":35,"msg_id":25,"type":"broadcast"}}
2024/02/15 21:10:30 Received {n1 n2 {"message":35,"msg_id":25,"type":"broadcast"}}
2024/02/15 21:10:30 Received {c12 n2 {"type":"read","msg_id":13}}
2024/02/15 21:10:30 Sent {"src":"n2","dest":"c12","body":{"in_reply_to":13,"messages":[12,14,27,29,1,4,19,30,7,16,25,28,34,2,6,17,18,21,5,13,15,20,23,31,8,9,10,11,22,32,33,35,0,3,24,26],"type":"read_ok"}}
2024/02/15 21:10:30 Received {n3 n2 {"message":36,"msg_id":13,"type":"broadcast"}}
2024/02/15 21:10:30 Sent {"src":"n2","dest":"n3","body":{"in_reply_to":13,"type":"broadcast_ok"}}
2024/02/15 21:10:30 Sent {"src":"n2","dest":"n4","body":{"message":36,"msg_id":13,"type":"broadcast"}}
2024/02/15 21:10:30 Sent {"src":"n2","dest":"n0","body":{"message":36,"msg_id":13,"type":"broadcast"}}
2024/02/15 21:10:30 Sent {"src":"n2","dest":"n1","body":{"message":36,"msg_id":13,"type":"broadcast"}}
2024/02/15 21:10:30 Sent {"src":"n2","dest":"n2","body":{"message":36,"msg_id":13,"type":"broadcast"}}
2024/02/15 21:10:30 Received {n4 n2 {"message":36,"msg_id":13,"type":"broadcast"}}
2024/02/15 21:10:30 Received {n1 n2 {"message":36,"msg_id":13,"type":"broadcast"}}
2024/02/15 21:10:30 Received {n2 n2 {"message":36,"msg_id":13,"type":"broadcast"}}
2024/02/15 21:10:30 Received {n0 n2 {"message":36,"msg_id":13,"type":"broadcast"}}
2024/02/15 21:10:31 Received {n0 n2 {"message":37,"msg_id":27,"type":"broadcast"}}
2024/02/15 21:10:31 Sent {"src":"n2","dest":"n0","body":{"in_reply_to":27,"type":"broadcast_ok"}}
2024/02/15 21:10:31 Sent {"src":"n2","dest":"n4","body":{"message":37,"msg_id":27,"type":"broadcast"}}
2024/02/15 21:10:31 Sent {"src":"n2","dest":"n1","body":{"message":37,"msg_id":27,"type":"broadcast"}}
2024/02/15 21:10:31 Sent {"src":"n2","dest":"n2","body":{"message":37,"msg_id":27,"type":"broadcast"}}
2024/02/15 21:10:31 Sent {"src":"n2","dest":"n3","body":{"message":37,"msg_id":27,"type":"broadcast"}}
2024/02/15 21:10:31 Received {n1 n2 {"message":37,"msg_id":27,"type":"broadcast"}}
2024/02/15 21:10:31 Received {n4 n2 {"message":37,"msg_id":27,"type":"broadcast"}}
2024/02/15 21:10:31 Received {n2 n2 {"message":37,"msg_id":27,"type":"broadcast"}}
2024/02/15 21:10:31 Received {n3 n2 {"message":37,"msg_id":27,"type":"broadcast"}}
2024/02/15 21:10:31 Received {c12 n2 {"type":"broadcast","message":38,"msg_id":14}}
2024/02/15 21:10:31 Sent {"src":"n2","dest":"c12","body":{"in_reply_to":14,"type":"broadcast_ok"}}
2024/02/15 21:10:31 Sent {"src":"n2","dest":"n4","body":{"message":38,"msg_id":14,"type":"broadcast"}}
2024/02/15 21:10:31 Sent {"src":"n2","dest":"n1","body":{"message":38,"msg_id":14,"type":"broadcast"}}
2024/02/15 21:10:31 Sent {"src":"n2","dest":"n0","body":{"message":38,"msg_id":14,"type":"broadcast"}}
2024/02/15 21:10:31 Sent {"src":"n2","dest":"n2","body":{"message":38,"msg_id":14,"type":"broadcast"}}
2024/02/15 21:10:31 Sent {"src":"n2","dest":"n3","body":{"message":38,"msg_id":14,"type":"broadcast"}}
2024/02/15 21:10:31 Received {n2 n2 {"message":38,"msg_id":14,"type":"broadcast"}}
2024/02/15 21:10:31 Received {n4 n2 {"in_reply_to":14,"type":"broadcast_ok"}}
2024/02/15 21:10:31 Ignoring reply to 14 with no callback
2024/02/15 21:10:31 Received {n1 n2 {"in_reply_to":14,"type":"broadcast_ok"}}
2024/02/15 21:10:31 Ignoring reply to 14 with no callback
2024/02/15 21:10:31 Received {n0 n2 {"in_reply_to":14,"type":"broadcast_ok"}}
2024/02/15 21:10:31 Ignoring reply to 14 with no callback
2024/02/15 21:10:31 Received {n3 n2 {"in_reply_to":14,"type":"broadcast_ok"}}
2024/02/15 21:10:31 Ignoring reply to 14 with no callback
2024/02/15 21:10:32 Received {c12 n2 {"type":"broadcast","message":39,"msg_id":15}}
2024/02/15 21:10:32 Sent {"src":"n2","dest":"c12","body":{"in_reply_to":15,"type":"broadcast_ok"}}
2024/02/15 21:10:32 Sent {"src":"n2","dest":"n4","body":{"message":39,"msg_id":15,"type":"broadcast"}}
2024/02/15 21:10:32 Sent {"src":"n2","dest":"n1","body":{"message":39,"msg_id":15,"type":"broadcast"}}
2024/02/15 21:10:32 Sent {"src":"n2","dest":"n2","body":{"message":39,"msg_id":15,"type":"broadcast"}}
2024/02/15 21:10:32 Sent {"src":"n2","dest":"n0","body":{"message":39,"msg_id":15,"type":"broadcast"}}
2024/02/15 21:10:32 Sent {"src":"n2","dest":"n3","body":{"message":39,"msg_id":15,"type":"broadcast"}}
2024/02/15 21:10:32 Received {n2 n2 {"message":39,"msg_id":15,"type":"broadcast"}}
2024/02/15 21:10:32 Received {n0 n2 {"in_reply_to":15,"type":"broadcast_ok"}}
2024/02/15 21:10:32 Ignoring reply to 15 with no callback
2024/02/15 21:10:32 Received {n1 n2 {"in_reply_to":15,"type":"broadcast_ok"}}
2024/02/15 21:10:32 Ignoring reply to 15 with no callback
2024/02/15 21:10:32 Received {n3 n2 {"in_reply_to":15,"type":"broadcast_ok"}}
2024/02/15 21:10:32 Ignoring reply to 15 with no callback
2024/02/15 21:10:32 Received {n4 n2 {"in_reply_to":15,"type":"broadcast_ok"}}
2024/02/15 21:10:32 Ignoring reply to 15 with no callback
2024/02/15 21:10:32 Received {n4 n2 {"message":40,"msg_id":15,"type":"broadcast"}}
2024/02/15 21:10:32 Sent {"src":"n2","dest":"n4","body":{"in_reply_to":15,"type":"broadcast_ok"}}
2024/02/15 21:10:32 Sent {"src":"n2","dest":"n3","body":{"message":40,"msg_id":15,"type":"broadcast"}}
2024/02/15 21:10:32 Sent {"src":"n2","dest":"n2","body":{"message":40,"msg_id":15,"type":"broadcast"}}
2024/02/15 21:10:32 Sent {"src":"n2","dest":"n0","body":{"message":40,"msg_id":15,"type":"broadcast"}}
2024/02/15 21:10:32 Sent {"src":"n2","dest":"n1","body":{"message":40,"msg_id":15,"type":"broadcast"}}
2024/02/15 21:10:32 Received {n3 n2 {"message":40,"msg_id":15,"type":"broadcast"}}
2024/02/15 21:10:32 Received {n2 n2 {"message":40,"msg_id":15,"type":"broadcast"}}
2024/02/15 21:10:32 Received {n0 n2 {"message":40,"msg_id":15,"type":"broadcast"}}
2024/02/15 21:10:32 Received {n1 n2 {"message":40,"msg_id":15,"type":"broadcast"}}
2024/02/15 21:10:32 Received {n0 n2 {"message":41,"msg_id":30,"type":"broadcast"}}
2024/02/15 21:10:32 Sent {"src":"n2","dest":"n0","body":{"in_reply_to":30,"type":"broadcast_ok"}}
2024/02/15 21:10:32 Sent {"src":"n2","dest":"n4","body":{"message":41,"msg_id":30,"type":"broadcast"}}
2024/02/15 21:10:32 Sent {"src":"n2","dest":"n2","body":{"message":41,"msg_id":30,"type":"broadcast"}}
2024/02/15 21:10:32 Sent {"src":"n2","dest":"n1","body":{"message":41,"msg_id":30,"type":"broadcast"}}
2024/02/15 21:10:32 Sent {"src":"n2","dest":"n3","body":{"message":41,"msg_id":30,"type":"broadcast"}}
2024/02/15 21:10:32 Received {n4 n2 {"message":41,"msg_id":30,"type":"broadcast"}}
2024/02/15 21:10:32 Received {n2 n2 {"message":41,"msg_id":30,"type":"broadcast"}}
2024/02/15 21:10:32 Received {n1 n2 {"message":41,"msg_id":30,"type":"broadcast"}}
2024/02/15 21:10:32 Received {n3 n2 {"message":41,"msg_id":30,"type":"broadcast"}}
2024/02/15 21:10:32 Received {n0 n2 {"message":42,"msg_id":31,"type":"broadcast"}}
2024/02/15 21:10:32 Sent {"src":"n2","dest":"n0","body":{"in_reply_to":31,"type":"broadcast_ok"}}
2024/02/15 21:10:32 Sent {"src":"n2","dest":"n4","body":{"message":42,"msg_id":31,"type":"broadcast"}}
2024/02/15 21:10:32 Sent {"src":"n2","dest":"n1","body":{"message":42,"msg_id":31,"type":"broadcast"}}
2024/02/15 21:10:32 Sent {"src":"n2","dest":"n2","body":{"message":42,"msg_id":31,"type":"broadcast"}}
2024/02/15 21:10:32 Sent {"src":"n2","dest":"n3","body":{"message":42,"msg_id":31,"type":"broadcast"}}
2024/02/15 21:10:32 Received {n1 n2 {"message":42,"msg_id":31,"type":"broadcast"}}
2024/02/15 21:10:32 Received {n2 n2 {"message":42,"msg_id":31,"type":"broadcast"}}
2024/02/15 21:10:32 Received {n3 n2 {"message":42,"msg_id":31,"type":"broadcast"}}
2024/02/15 21:10:32 Received {n4 n2 {"message":42,"msg_id":31,"type":"broadcast"}}
2024/02/15 21:10:32 Received {n1 n2 {"message":43,"msg_id":16,"type":"broadcast"}}
2024/02/15 21:10:32 Sent {"src":"n2","dest":"n1","body":{"in_reply_to":16,"type":"broadcast_ok"}}
2024/02/15 21:10:32 Sent {"src":"n2","dest":"n4","body":{"message":43,"msg_id":16,"type":"broadcast"}}
2024/02/15 21:10:32 Sent {"src":"n2","dest":"n2","body":{"message":43,"msg_id":16,"type":"broadcast"}}
2024/02/15 21:10:32 Sent {"src":"n2","dest":"n0","body":{"message":43,"msg_id":16,"type":"broadcast"}}
2024/02/15 21:10:32 Sent {"src":"n2","dest":"n3","body":{"message":43,"msg_id":16,"type":"broadcast"}}
2024/02/15 21:10:32 Received {n2 n2 {"message":43,"msg_id":16,"type":"broadcast"}}
2024/02/15 21:10:32 Received {n0 n2 {"message":43,"msg_id":16,"type":"broadcast"}}
2024/02/15 21:10:32 Received {n4 n2 {"message":43,"msg_id":16,"type":"broadcast"}}
2024/02/15 21:10:32 Received {n3 n2 {"message":43,"msg_id":16,"type":"broadcast"}}
2024/02/15 21:10:32 Received {c12 n2 {"type":"broadcast","message":44,"msg_id":16}}
2024/02/15 21:10:32 Sent {"src":"n2","dest":"c12","body":{"in_reply_to":16,"type":"broadcast_ok"}}
2024/02/15 21:10:32 Sent {"src":"n2","dest":"n4","body":{"message":44,"msg_id":16,"type":"broadcast"}}
2024/02/15 21:10:32 Sent {"src":"n2","dest":"n1","body":{"message":44,"msg_id":16,"type":"broadcast"}}
2024/02/15 21:10:32 Sent {"src":"n2","dest":"n2","body":{"message":44,"msg_id":16,"type":"broadcast"}}
2024/02/15 21:10:32 Sent {"src":"n2","dest":"n0","body":{"message":44,"msg_id":16,"type":"broadcast"}}
2024/02/15 21:10:32 Sent {"src":"n2","dest":"n3","body":{"message":44,"msg_id":16,"type":"broadcast"}}
2024/02/15 21:10:32 Received {n2 n2 {"message":44,"msg_id":16,"type":"broadcast"}}
2024/02/15 21:10:32 Received {n4 n2 {"in_reply_to":16,"type":"broadcast_ok"}}
2024/02/15 21:10:32 Ignoring reply to 16 with no callback
2024/02/15 21:10:32 Received {n0 n2 {"in_reply_to":16,"type":"broadcast_ok"}}
2024/02/15 21:10:32 Ignoring reply to 16 with no callback
2024/02/15 21:10:32 Received {n1 n2 {"in_reply_to":16,"type":"broadcast_ok"}}
2024/02/15 21:10:32 Ignoring reply to 16 with no callback
2024/02/15 21:10:32 Received {n3 n2 {"in_reply_to":16,"type":"broadcast_ok"}}
2024/02/15 21:10:32 Ignoring reply to 16 with no callback
2024/02/15 21:10:32 Received {n0 n2 {"message":45,"msg_id":32,"type":"broadcast"}}
2024/02/15 21:10:32 Sent {"src":"n2","dest":"n0","body":{"in_reply_to":32,"type":"broadcast_ok"}}
2024/02/15 21:10:32 Sent {"src":"n2","dest":"n4","body":{"message":45,"msg_id":32,"type":"broadcast"}}
2024/02/15 21:10:32 Sent {"src":"n2","dest":"n1","body":{"message":45,"msg_id":32,"type":"broadcast"}}
2024/02/15 21:10:32 Sent {"src":"n2","dest":"n2","body":{"message":45,"msg_id":32,"type":"broadcast"}}
2024/02/15 21:10:32 Sent {"src":"n2","dest":"n3","body":{"message":45,"msg_id":32,"type":"broadcast"}}
2024/02/15 21:10:32 Received {n2 n2 {"message":45,"msg_id":32,"type":"broadcast"}}
2024/02/15 21:10:32 Received {n1 n2 {"message":45,"msg_id":32,"type":"broadcast"}}
2024/02/15 21:10:32 Received {n4 n2 {"message":45,"msg_id":32,"type":"broadcast"}}
2024/02/15 21:10:32 Received {n3 n2 {"message":45,"msg_id":32,"type":"broadcast"}}
2024/02/15 21:10:33 Received {c12 n2 {"type":"broadcast","message":46,"msg_id":17}}
2024/02/15 21:10:33 Sent {"src":"n2","dest":"c12","body":{"in_reply_to":17,"type":"broadcast_ok"}}
2024/02/15 21:10:33 Sent {"src":"n2","dest":"n1","body":{"message":46,"msg_id":17,"type":"broadcast"}}
2024/02/15 21:10:33 Sent {"src":"n2","dest":"n4","body":{"message":46,"msg_id":17,"type":"broadcast"}}
2024/02/15 21:10:33 Sent {"src":"n2","dest":"n0","body":{"message":46,"msg_id":17,"type":"broadcast"}}
2024/02/15 21:10:33 Sent {"src":"n2","dest":"n2","body":{"message":46,"msg_id":17,"type":"broadcast"}}
2024/02/15 21:10:33 Sent {"src":"n2","dest":"n3","body":{"message":46,"msg_id":17,"type":"broadcast"}}
2024/02/15 21:10:33 Received {n2 n2 {"message":46,"msg_id":17,"type":"broadcast"}}
2024/02/15 21:10:33 Received {n1 n2 {"in_reply_to":17,"type":"broadcast_ok"}}
2024/02/15 21:10:33 Ignoring reply to 17 with no callback
2024/02/15 21:10:33 Received {n0 n2 {"in_reply_to":17,"type":"broadcast_ok"}}
2024/02/15 21:10:33 Ignoring reply to 17 with no callback
2024/02/15 21:10:33 Received {n4 n2 {"in_reply_to":17,"type":"broadcast_ok"}}
2024/02/15 21:10:33 Ignoring reply to 17 with no callback
2024/02/15 21:10:33 Received {n3 n2 {"in_reply_to":17,"type":"broadcast_ok"}}
2024/02/15 21:10:33 Ignoring reply to 17 with no callback
2024/02/15 21:10:33 Received {n0 n2 {"message":47,"msg_id":35,"type":"broadcast"}}
2024/02/15 21:10:33 Sent {"src":"n2","dest":"n0","body":{"in_reply_to":35,"type":"broadcast_ok"}}
2024/02/15 21:10:33 Sent {"src":"n2","dest":"n4","body":{"message":47,"msg_id":35,"type":"broadcast"}}
2024/02/15 21:10:33 Sent {"src":"n2","dest":"n1","body":{"message":47,"msg_id":35,"type":"broadcast"}}
2024/02/15 21:10:33 Sent {"src":"n2","dest":"n2","body":{"message":47,"msg_id":35,"type":"broadcast"}}
2024/02/15 21:10:33 Sent {"src":"n2","dest":"n3","body":{"message":47,"msg_id":35,"type":"broadcast"}}
2024/02/15 21:10:33 Received {n3 n2 {"message":47,"msg_id":35,"type":"broadcast"}}
2024/02/15 21:10:33 Received {n4 n2 {"message":47,"msg_id":35,"type":"broadcast"}}
2024/02/15 21:10:33 Received {n1 n2 {"message":47,"msg_id":35,"type":"broadcast"}}
2024/02/15 21:10:33 Received {n2 n2 {"message":47,"msg_id":35,"type":"broadcast"}}
2024/02/15 21:10:33 Received {c12 n2 {"type":"broadcast","message":48,"msg_id":18}}
2024/02/15 21:10:33 Sent {"src":"n2","dest":"c12","body":{"in_reply_to":18,"type":"broadcast_ok"}}
2024/02/15 21:10:33 Sent {"src":"n2","dest":"n1","body":{"message":48,"msg_id":18,"type":"broadcast"}}
2024/02/15 21:10:33 Sent {"src":"n2","dest":"n4","body":{"message":48,"msg_id":18,"type":"broadcast"}}
2024/02/15 21:10:33 Sent {"src":"n2","dest":"n0","body":{"message":48,"msg_id":18,"type":"broadcast"}}
2024/02/15 21:10:33 Sent {"src":"n2","dest":"n2","body":{"message":48,"msg_id":18,"type":"broadcast"}}
2024/02/15 21:10:33 Sent {"src":"n2","dest":"n3","body":{"message":48,"msg_id":18,"type":"broadcast"}}
2024/02/15 21:10:33 Received {n2 n2 {"message":48,"msg_id":18,"type":"broadcast"}}
2024/02/15 21:10:33 Received {n1 n2 {"in_reply_to":18,"type":"broadcast_ok"}}
2024/02/15 21:10:33 Ignoring reply to 18 with no callback
2024/02/15 21:10:33 Received {n4 n2 {"in_reply_to":18,"type":"broadcast_ok"}}
2024/02/15 21:10:33 Ignoring reply to 18 with no callback
2024/02/15 21:10:33 Received {n0 n2 {"in_reply_to":18,"type":"broadcast_ok"}}
2024/02/15 21:10:33 Ignoring reply to 18 with no callback
2024/02/15 21:10:33 Received {n3 n2 {"in_reply_to":18,"type":"broadcast_ok"}}
2024/02/15 21:10:33 Ignoring reply to 18 with no callback
2024/02/15 21:10:34 Received {n4 n2 {"message":49,"msg_id":18,"type":"broadcast"}}
2024/02/15 21:10:34 Sent {"src":"n2","dest":"n4","body":{"in_reply_to":18,"type":"broadcast_ok"}}
2024/02/15 21:10:34 Sent {"src":"n2","dest":"n3","body":{"message":49,"msg_id":18,"type":"broadcast"}}
2024/02/15 21:10:34 Sent {"src":"n2","dest":"n0","body":{"message":49,"msg_id":18,"type":"broadcast"}}
2024/02/15 21:10:34 Sent {"src":"n2","dest":"n1","body":{"message":49,"msg_id":18,"type":"broadcast"}}
2024/02/15 21:10:34 Sent {"src":"n2","dest":"n2","body":{"message":49,"msg_id":18,"type":"broadcast"}}
2024/02/15 21:10:34 Received {n1 n2 {"message":49,"msg_id":18,"type":"broadcast"}}
2024/02/15 21:10:34 Received {n2 n2 {"message":49,"msg_id":18,"type":"broadcast"}}
2024/02/15 21:10:34 Received {n3 n2 {"message":49,"msg_id":18,"type":"broadcast"}}
2024/02/15 21:10:34 Received {n0 n2 {"message":49,"msg_id":18,"type":"broadcast"}}
2024/02/15 21:10:34 Received {n0 n2 {"message":50,"msg_id":36,"type":"broadcast"}}
2024/02/15 21:10:34 Sent {"src":"n2","dest":"n0","body":{"in_reply_to":36,"type":"broadcast_ok"}}
2024/02/15 21:10:34 Sent {"src":"n2","dest":"n4","body":{"message":50,"msg_id":36,"type":"broadcast"}}
2024/02/15 21:10:34 Sent {"src":"n2","dest":"n1","body":{"message":50,"msg_id":36,"type":"broadcast"}}
2024/02/15 21:10:34 Sent {"src":"n2","dest":"n2","body":{"message":50,"msg_id":36,"type":"broadcast"}}
2024/02/15 21:10:34 Sent {"src":"n2","dest":"n3","body":{"message":50,"msg_id":36,"type":"broadcast"}}
2024/02/15 21:10:34 Received {n4 n2 {"message":50,"msg_id":36,"type":"broadcast"}}
2024/02/15 21:10:34 Received {n3 n2 {"message":50,"msg_id":36,"type":"broadcast"}}
2024/02/15 21:10:34 Received {n2 n2 {"message":50,"msg_id":36,"type":"broadcast"}}
2024/02/15 21:10:34 Received {n1 n2 {"message":50,"msg_id":36,"type":"broadcast"}}
2024/02/15 21:10:34 Received {n0 n2 {"message":51,"msg_id":37,"type":"broadcast"}}
2024/02/15 21:10:34 Sent {"src":"n2","dest":"n0","body":{"in_reply_to":37,"type":"broadcast_ok"}}
2024/02/15 21:10:34 Sent {"src":"n2","dest":"n4","body":{"message":51,"msg_id":37,"type":"broadcast"}}
2024/02/15 21:10:34 Sent {"src":"n2","dest":"n1","body":{"message":51,"msg_id":37,"type":"broadcast"}}
2024/02/15 21:10:34 Sent {"src":"n2","dest":"n2","body":{"message":51,"msg_id":37,"type":"broadcast"}}
2024/02/15 21:10:34 Sent {"src":"n2","dest":"n3","body":{"message":51,"msg_id":37,"type":"broadcast"}}
2024/02/15 21:10:34 Received {n1 n2 {"message":51,"msg_id":37,"type":"broadcast"}}
2024/02/15 21:10:34 Received {n2 n2 {"message":51,"msg_id":37,"type":"broadcast"}}
2024/02/15 21:10:34 Received {n4 n2 {"message":51,"msg_id":37,"type":"broadcast"}}
2024/02/15 21:10:34 Received {n3 n2 {"message":51,"msg_id":37,"type":"broadcast"}}
2024/02/15 21:10:34 Received {c12 n2 {"type":"read","msg_id":19}}
2024/02/15 21:10:34 Sent {"src":"n2","dest":"c12","body":{"in_reply_to":19,"messages":[31,43,9,10,11,23,41,22,32,37,38,0,24,35,51,12,14,29,47,4,30,36,16,25,2,17,18,45,15,21,48,8,33,39,40,50,3,26,46,27,44,1,19,7,28,6,34,42,5,13,20,49],"type":"read_ok"}}
2024/02/15 21:10:34 Received {n3 n2 {"message":52,"msg_id":19,"type":"broadcast"}}
2024/02/15 21:10:34 Sent {"src":"n2","dest":"n3","body":{"in_reply_to":19,"type":"broadcast_ok"}}
2024/02/15 21:10:34 Sent {"src":"n2","dest":"n4","body":{"message":52,"msg_id":19,"type":"broadcast"}}
2024/02/15 21:10:34 Sent {"src":"n2","dest":"n0","body":{"message":52,"msg_id":19,"type":"broadcast"}}
2024/02/15 21:10:34 Sent {"src":"n2","dest":"n1","body":{"message":52,"msg_id":19,"type":"broadcast"}}
2024/02/15 21:10:34 Sent {"src":"n2","dest":"n2","body":{"message":52,"msg_id":19,"type":"broadcast"}}
2024/02/15 21:10:34 Received {n2 n2 {"message":52,"msg_id":19,"type":"broadcast"}}
2024/02/15 21:10:34 Received {n0 n2 {"message":52,"msg_id":19,"type":"broadcast"}}
2024/02/15 21:10:34 Received {n4 n2 {"message":52,"msg_id":19,"type":"broadcast"}}
2024/02/15 21:10:34 Received {n1 n2 {"message":52,"msg_id":19,"type":"broadcast"}}
2024/02/15 21:10:34 Received {n1 n2 {"message":53,"msg_id":20,"type":"broadcast"}}
2024/02/15 21:10:34 Received {n4 n2 {"message":53,"msg_id":20,"type":"broadcast"}}
2024/02/15 21:10:34 Sent {"src":"n2","dest":"n4","body":{"in_reply_to":20,"type":"broadcast_ok"}}
2024/02/15 21:10:34 Sent {"src":"n2","dest":"n3","body":{"message":53,"msg_id":20,"type":"broadcast"}}
2024/02/15 21:10:34 Sent {"src":"n2","dest":"n0","body":{"message":53,"msg_id":20,"type":"broadcast"}}
2024/02/15 21:10:34 Sent {"src":"n2","dest":"n1","body":{"message":53,"msg_id":20,"type":"broadcast"}}
2024/02/15 21:10:34 Sent {"src":"n2","dest":"n2","body":{"message":53,"msg_id":20,"type":"broadcast"}}
2024/02/15 21:10:34 Received {n2 n2 {"message":53,"msg_id":20,"type":"broadcast"}}
2024/02/15 21:10:34 Received {n0 n2 {"message":53,"msg_id":20,"type":"broadcast"}}
2024/02/15 21:10:34 Received {n3 n2 {"message":53,"msg_id":20,"type":"broadcast"}}
2024/02/15 21:10:34 Received {c12 n2 {"type":"broadcast","message":54,"msg_id":20}}
2024/02/15 21:10:34 Sent {"src":"n2","dest":"c12","body":{"in_reply_to":20,"type":"broadcast_ok"}}
2024/02/15 21:10:34 Sent {"src":"n2","dest":"n2","body":{"message":54,"msg_id":20,"type":"broadcast"}}
2024/02/15 21:10:34 Sent {"src":"n2","dest":"n1","body":{"message":54,"msg_id":20,"type":"broadcast"}}
2024/02/15 21:10:34 Sent {"src":"n2","dest":"n3","body":{"message":54,"msg_id":20,"type":"broadcast"}}
2024/02/15 21:10:34 Sent {"src":"n2","dest":"n0","body":{"message":54,"msg_id":20,"type":"broadcast"}}
2024/02/15 21:10:34 Sent {"src":"n2","dest":"n4","body":{"message":54,"msg_id":20,"type":"broadcast"}}
2024/02/15 21:10:34 Received {n2 n2 {"message":54,"msg_id":20,"type":"broadcast"}}
2024/02/15 21:10:34 Received {n1 n2 {"in_reply_to":20,"type":"broadcast_ok"}}
2024/02/15 21:10:34 Ignoring reply to 20 with no callback
2024/02/15 21:10:34 Received {n3 n2 {"in_reply_to":20,"type":"broadcast_ok"}}
2024/02/15 21:10:34 Ignoring reply to 20 with no callback
2024/02/15 21:10:34 Received {n0 n2 {"in_reply_to":20,"type":"broadcast_ok"}}
2024/02/15 21:10:34 Ignoring reply to 20 with no callback
2024/02/15 21:10:34 Received {n4 n2 {"in_reply_to":20,"type":"broadcast_ok"}}
2024/02/15 21:10:34 Ignoring reply to 20 with no callback
2024/02/15 21:10:35 Received {n3 n2 {"message":55,"msg_id":20,"type":"broadcast"}}
2024/02/15 21:10:35 Sent {"src":"n2","dest":"n3","body":{"in_reply_to":20,"type":"broadcast_ok"}}
2024/02/15 21:10:35 Sent {"src":"n2","dest":"n4","body":{"message":55,"msg_id":20,"type":"broadcast"}}
2024/02/15 21:10:35 Sent {"src":"n2","dest":"n0","body":{"message":55,"msg_id":20,"type":"broadcast"}}
2024/02/15 21:10:35 Sent {"src":"n2","dest":"n1","body":{"message":55,"msg_id":20,"type":"broadcast"}}
2024/02/15 21:10:35 Sent {"src":"n2","dest":"n2","body":{"message":55,"msg_id":20,"type":"broadcast"}}
2024/02/15 21:10:35 Received {n1 n2 {"message":55,"msg_id":20,"type":"broadcast"}}
2024/02/15 21:10:35 Received {n4 n2 {"message":55,"msg_id":20,"type":"broadcast"}}
2024/02/15 21:10:35 Received {n2 n2 {"message":55,"msg_id":20,"type":"broadcast"}}
2024/02/15 21:10:35 Received {n0 n2 {"message":55,"msg_id":20,"type":"broadcast"}}
2024/02/15 21:10:35 Received {n4 n2 {"message":56,"msg_id":20,"type":"broadcast"}}
2024/02/15 21:10:35 Sent {"src":"n2","dest":"n4","body":{"in_reply_to":20,"type":"broadcast_ok"}}
2024/02/15 21:10:35 Sent {"src":"n2","dest":"n3","body":{"message":56,"msg_id":20,"type":"broadcast"}}
2024/02/15 21:10:35 Sent {"src":"n2","dest":"n0","body":{"message":56,"msg_id":20,"type":"broadcast"}}
2024/02/15 21:10:35 Sent {"src":"n2","dest":"n1","body":{"message":56,"msg_id":20,"type":"broadcast"}}
2024/02/15 21:10:35 Sent {"src":"n2","dest":"n2","body":{"message":56,"msg_id":20,"type":"broadcast"}}
2024/02/15 21:10:35 Received {n1 n2 {"message":56,"msg_id":20,"type":"broadcast"}}
2024/02/15 21:10:35 Received {n0 n2 {"message":56,"msg_id":20,"type":"broadcast"}}
2024/02/15 21:10:35 Received {n2 n2 {"message":56,"msg_id":20,"type":"broadcast"}}
2024/02/15 21:10:35 Received {n3 n2 {"message":56,"msg_id":20,"type":"broadcast"}}
2024/02/15 21:10:35 Received {n0 n2 {"message":57,"msg_id":41,"type":"broadcast"}}
2024/02/15 21:10:35 Sent {"src":"n2","dest":"n0","body":{"in_reply_to":41,"type":"broadcast_ok"}}
2024/02/15 21:10:35 Sent {"src":"n2","dest":"n4","body":{"message":57,"msg_id":41,"type":"broadcast"}}
2024/02/15 21:10:35 Sent {"src":"n2","dest":"n1","body":{"message":57,"msg_id":41,"type":"broadcast"}}
2024/02/15 21:10:35 Sent {"src":"n2","dest":"n2","body":{"message":57,"msg_id":41,"type":"broadcast"}}
2024/02/15 21:10:35 Sent {"src":"n2","dest":"n3","body":{"message":57,"msg_id":41,"type":"broadcast"}}
2024/02/15 21:10:35 Received {n4 n2 {"message":57,"msg_id":41,"type":"broadcast"}}
2024/02/15 21:10:35 Received {n1 n2 {"message":57,"msg_id":41,"type":"broadcast"}}
2024/02/15 21:10:35 Received {n2 n2 {"message":57,"msg_id":41,"type":"broadcast"}}
2024/02/15 21:10:35 Received {n3 n2 {"message":57,"msg_id":41,"type":"broadcast"}}
2024/02/15 21:10:35 Received {c12 n2 {"type":"read","msg_id":21}}
2024/02/15 21:10:35 Sent {"src":"n2","dest":"c12","body":{"in_reply_to":21,"messages":[17,18,45,54,2,21,48,15,56,8,39,40,50,33,26,46,3,53,55,27,19,44,1,28,7,34,42,6,13,20,49,5,10,11,23,31,43,9,32,37,38,41,52,22,24,35,51,0,14,29,57,12,30,47,4,25,36,16],"type":"read_ok"}}
2024/02/15 21:10:35 Received {n3 n2 {"message":58,"msg_id":21,"type":"broadcast"}}
2024/02/15 21:10:35 Sent {"src":"n2","dest":"n3","body":{"in_reply_to":21,"type":"broadcast_ok"}}
2024/02/15 21:10:35 Sent {"src":"n2","dest":"n4","body":{"message":58,"msg_id":21,"type":"broadcast"}}
2024/02/15 21:10:35 Sent {"src":"n2","dest":"n0","body":{"message":58,"msg_id":21,"type":"broadcast"}}
2024/02/15 21:10:35 Sent {"src":"n2","dest":"n1","body":{"message":58,"msg_id":21,"type":"broadcast"}}
2024/02/15 21:10:35 Sent {"src":"n2","dest":"n2","body":{"message":58,"msg_id":21,"type":"broadcast"}}
2024/02/15 21:10:35 Received {n4 n2 {"message":58,"msg_id":21,"type":"broadcast"}}
2024/02/15 21:10:35 Received {n1 n2 {"message":58,"msg_id":21,"type":"broadcast"}}
2024/02/15 21:10:35 Received {n2 n2 {"message":58,"msg_id":21,"type":"broadcast"}}
2024/02/15 21:10:35 Received {n0 n2 {"message":58,"msg_id":21,"type":"broadcast"}}
2024/02/15 21:10:36 Received {n4 n2 {"message":59,"msg_id":21,"type":"broadcast"}}
2024/02/15 21:10:36 Sent {"src":"n2","dest":"n4","body":{"in_reply_to":21,"type":"broadcast_ok"}}
2024/02/15 21:10:36 Sent {"src":"n2","dest":"n3","body":{"message":59,"msg_id":21,"type":"broadcast"}}
2024/02/15 21:10:36 Sent {"src":"n2","dest":"n0","body":{"message":59,"msg_id":21,"type":"broadcast"}}
2024/02/15 21:10:36 Sent {"src":"n2","dest":"n1","body":{"message":59,"msg_id":21,"type":"broadcast"}}
2024/02/15 21:10:36 Sent {"src":"n2","dest":"n2","body":{"message":59,"msg_id":21,"type":"broadcast"}}
2024/02/15 21:10:36 Received {n1 n2 {"message":59,"msg_id":21,"type":"broadcast"}}
2024/02/15 21:10:36 Received {n0 n2 {"message":59,"msg_id":21,"type":"broadcast"}}
2024/02/15 21:10:36 Received {n2 n2 {"message":59,"msg_id":21,"type":"broadcast"}}
2024/02/15 21:10:36 Received {n3 n2 {"message":59,"msg_id":21,"type":"broadcast"}}
2024/02/15 21:10:36 Received {n1 n2 {"message":60,"msg_id":22,"type":"broadcast"}}
2024/02/15 21:10:36 Received {c12 n2 {"type":"broadcast","message":61,"msg_id":22}}
2024/02/15 21:10:36 Sent {"src":"n2","dest":"n1","body":{"in_reply_to":22,"type":"broadcast_ok"}}
2024/02/15 21:10:36 Sent {"src":"n2","dest":"n4","body":{"message":60,"msg_id":22,"type":"broadcast"}}
2024/02/15 21:10:36 Sent {"src":"n2","dest":"n0","body":{"message":60,"msg_id":22,"type":"broadcast"}}
2024/02/15 21:10:36 Sent {"src":"n2","dest":"n2","body":{"message":60,"msg_id":22,"type":"broadcast"}}
2024/02/15 21:10:36 Sent {"src":"n2","dest":"n3","body":{"message":60,"msg_id":22,"type":"broadcast"}}
2024/02/15 21:10:36 Sent {"src":"n2","dest":"c12","body":{"in_reply_to":22,"type":"broadcast_ok"}}
2024/02/15 21:10:36 Sent {"src":"n2","dest":"n4","body":{"message":61,"msg_id":22,"type":"broadcast"}}
2024/02/15 21:10:36 Sent {"src":"n2","dest":"n0","body":{"message":61,"msg_id":22,"type":"broadcast"}}
2024/02/15 21:10:36 Sent {"src":"n2","dest":"n1","body":{"message":61,"msg_id":22,"type":"broadcast"}}
2024/02/15 21:10:36 Sent {"src":"n2","dest":"n2","body":{"message":61,"msg_id":22,"type":"broadcast"}}
2024/02/15 21:10:36 Sent {"src":"n2","dest":"n3","body":{"message":61,"msg_id":22,"type":"broadcast"}}
2024/02/15 21:10:36 Received {n4 n2 {"message":60,"msg_id":22,"type":"broadcast"}}
2024/02/15 21:10:36 Received {n2 n2 {"message":60,"msg_id":22,"type":"broadcast"}}
2024/02/15 21:10:36 Received {n2 n2 {"message":61,"msg_id":22,"type":"broadcast"}}
2024/02/15 21:10:36 Received {n3 n2 {"message":60,"msg_id":22,"type":"broadcast"}}
2024/02/15 21:10:36 Received {n0 n2 {"message":60,"msg_id":22,"type":"broadcast"}}
2024/02/15 21:10:36 Received {n1 n2 {"in_reply_to":22,"type":"broadcast_ok"}}
2024/02/15 21:10:36 Ignoring reply to 22 with no callback
2024/02/15 21:10:36 Received {n4 n2 {"in_reply_to":22,"type":"broadcast_ok"}}
2024/02/15 21:10:36 Ignoring reply to 22 with no callback
2024/02/15 21:10:36 Received {n0 n2 {"in_reply_to":22,"type":"broadcast_ok"}}
2024/02/15 21:10:36 Ignoring reply to 22 with no callback
2024/02/15 21:10:36 Received {n3 n2 {"in_reply_to":22,"type":"broadcast_ok"}}
2024/02/15 21:10:36 Ignoring reply to 22 with no callback
2024/02/15 21:10:36 Received {n3 n2 {"message":62,"msg_id":22,"type":"broadcast"}}
2024/02/15 21:10:36 Sent {"src":"n2","dest":"n3","body":{"in_reply_to":22,"type":"broadcast_ok"}}
2024/02/15 21:10:36 Sent {"src":"n2","dest":"n4","body":{"message":62,"msg_id":22,"type":"broadcast"}}
2024/02/15 21:10:36 Sent {"src":"n2","dest":"n0","body":{"message":62,"msg_id":22,"type":"broadcast"}}
2024/02/15 21:10:36 Sent {"src":"n2","dest":"n1","body":{"message":62,"msg_id":22,"type":"broadcast"}}
2024/02/15 21:10:36 Sent {"src":"n2","dest":"n2","body":{"message":62,"msg_id":22,"type":"broadcast"}}
2024/02/15 21:10:36 Received {n1 n2 {"message":62,"msg_id":22,"type":"broadcast"}}
2024/02/15 21:10:36 Received {n0 n2 {"message":62,"msg_id":22,"type":"broadcast"}}
2024/02/15 21:10:36 Received {n2 n2 {"message":62,"msg_id":22,"type":"broadcast"}}
2024/02/15 21:10:36 Received {n4 n2 {"message":62,"msg_id":22,"type":"broadcast"}}
2024/02/15 21:10:36 Received {n4 n2 {"message":63,"msg_id":22,"type":"broadcast"}}
2024/02/15 21:10:36 Sent {"src":"n2","dest":"n4","body":{"in_reply_to":22,"type":"broadcast_ok"}}
2024/02/15 21:10:36 Sent {"src":"n2","dest":"n3","body":{"message":63,"msg_id":22,"type":"broadcast"}}
2024/02/15 21:10:36 Sent {"src":"n2","dest":"n1","body":{"message":63,"msg_id":22,"type":"broadcast"}}
2024/02/15 21:10:36 Sent {"src":"n2","dest":"n0","body":{"message":63,"msg_id":22,"type":"broadcast"}}
2024/02/15 21:10:36 Sent {"src":"n2","dest":"n2","body":{"message":63,"msg_id":22,"type":"broadcast"}}
2024/02/15 21:10:36 Received {n0 n2 {"message":63,"msg_id":22,"type":"broadcast"}}
2024/02/15 21:10:36 Received {n2 n2 {"message":63,"msg_id":22,"type":"broadcast"}}
2024/02/15 21:10:36 Received {n1 n2 {"message":63,"msg_id":22,"type":"broadcast"}}
2024/02/15 21:10:36 Received {n3 n2 {"message":63,"msg_id":22,"type":"broadcast"}}
2024/02/15 21:10:36 Received {n0 n2 {"message":64,"msg_id":44,"type":"broadcast"}}
2024/02/15 21:10:36 Sent {"src":"n2","dest":"n0","body":{"in_reply_to":44,"type":"broadcast_ok"}}
2024/02/15 21:10:36 Sent {"src":"n2","dest":"n4","body":{"message":64,"msg_id":44,"type":"broadcast"}}
2024/02/15 21:10:36 Sent {"src":"n2","dest":"n1","body":{"message":64,"msg_id":44,"type":"broadcast"}}
2024/02/15 21:10:36 Sent {"src":"n2","dest":"n2","body":{"message":64,"msg_id":44,"type":"broadcast"}}
2024/02/15 21:10:36 Sent {"src":"n2","dest":"n3","body":{"message":64,"msg_id":44,"type":"broadcast"}}
2024/02/15 21:10:36 Received {n1 n2 {"message":64,"msg_id":44,"type":"broadcast"}}
2024/02/15 21:10:36 Received {n3 n2 {"message":64,"msg_id":44,"type":"broadcast"}}
2024/02/15 21:10:36 Received {n2 n2 {"message":64,"msg_id":44,"type":"broadcast"}}
2024/02/15 21:10:36 Received {n4 n2 {"message":64,"msg_id":44,"type":"broadcast"}}
2024/02/15 21:10:36 Received {n0 n2 {"message":65,"msg_id":45,"type":"broadcast"}}
2024/02/15 21:10:36 Sent {"src":"n2","dest":"n0","body":{"in_reply_to":45,"type":"broadcast_ok"}}
2024/02/15 21:10:36 Sent {"src":"n2","dest":"n4","body":{"message":65,"msg_id":45,"type":"broadcast"}}
2024/02/15 21:10:36 Sent {"src":"n2","dest":"n1","body":{"message":65,"msg_id":45,"type":"broadcast"}}
2024/02/15 21:10:36 Sent {"src":"n2","dest":"n2","body":{"message":65,"msg_id":45,"type":"broadcast"}}
2024/02/15 21:10:36 Sent {"src":"n2","dest":"n3","body":{"message":65,"msg_id":45,"type":"broadcast"}}
2024/02/15 21:10:36 Received {n1 n2 {"message":65,"msg_id":45,"type":"broadcast"}}
2024/02/15 21:10:36 Received {n4 n2 {"message":65,"msg_id":45,"type":"broadcast"}}
2024/02/15 21:10:36 Received {n2 n2 {"message":65,"msg_id":45,"type":"broadcast"}}
2024/02/15 21:10:36 Received {n3 n2 {"message":65,"msg_id":45,"type":"broadcast"}}
2024/02/15 21:10:37 Received {c12 n2 {"type":"broadcast","message":66,"msg_id":23}}
2024/02/15 21:10:37 Sent {"src":"n2","dest":"c12","body":{"in_reply_to":23,"type":"broadcast_ok"}}
2024/02/15 21:10:37 Sent {"src":"n2","dest":"n0","body":{"message":66,"msg_id":23,"type":"broadcast"}}
2024/02/15 21:10:37 Sent {"src":"n2","dest":"n2","body":{"message":66,"msg_id":23,"type":"broadcast"}}
2024/02/15 21:10:37 Sent {"src":"n2","dest":"n3","body":{"message":66,"msg_id":23,"type":"broadcast"}}
2024/02/15 21:10:37 Sent {"src":"n2","dest":"n4","body":{"message":66,"msg_id":23,"type":"broadcast"}}
2024/02/15 21:10:37 Sent {"src":"n2","dest":"n1","body":{"message":66,"msg_id":23,"type":"broadcast"}}
2024/02/15 21:10:37 Received {n2 n2 {"message":66,"msg_id":23,"type":"broadcast"}}
2024/02/15 21:10:37 Received {n0 n2 {"in_reply_to":23,"type":"broadcast_ok"}}
2024/02/15 21:10:37 Ignoring reply to 23 with no callback
2024/02/15 21:10:37 Received {n3 n2 {"in_reply_to":23,"type":"broadcast_ok"}}
2024/02/15 21:10:37 Ignoring reply to 23 with no callback
2024/02/15 21:10:37 Received {n4 n2 {"in_reply_to":23,"type":"broadcast_ok"}}
2024/02/15 21:10:37 Ignoring reply to 23 with no callback
2024/02/15 21:10:37 Received {n1 n2 {"in_reply_to":23,"type":"broadcast_ok"}}
2024/02/15 21:10:37 Ignoring reply to 23 with no callback
2024/02/15 21:10:37 Received {n4 n2 {"message":67,"msg_id":23,"type":"broadcast"}}
2024/02/15 21:10:37 Sent {"src":"n2","dest":"n4","body":{"in_reply_to":23,"type":"broadcast_ok"}}
2024/02/15 21:10:37 Sent {"src":"n2","dest":"n1","body":{"message":67,"msg_id":23,"type":"broadcast"}}
2024/02/15 21:10:37 Sent {"src":"n2","dest":"n0","body":{"message":67,"msg_id":23,"type":"broadcast"}}
2024/02/15 21:10:37 Sent {"src":"n2","dest":"n2","body":{"message":67,"msg_id":23,"type":"broadcast"}}
2024/02/15 21:10:37 Sent {"src":"n2","dest":"n3","body":{"message":67,"msg_id":23,"type":"broadcast"}}
2024/02/15 21:10:37 Received {n0 n2 {"message":67,"msg_id":23,"type":"broadcast"}}
2024/02/15 21:10:37 Received {n1 n2 {"message":67,"msg_id":23,"type":"broadcast"}}
2024/02/15 21:10:37 Received {n3 n2 {"message":67,"msg_id":23,"type":"broadcast"}}
2024/02/15 21:10:37 Received {n2 n2 {"message":67,"msg_id":23,"type":"broadcast"}}
2024/02/15 21:10:37 Received {n0 n2 {"message":68,"msg_id":47,"type":"broadcast"}}
2024/02/15 21:10:37 Sent {"src":"n2","dest":"n0","body":{"in_reply_to":47,"type":"broadcast_ok"}}
2024/02/15 21:10:37 Sent {"src":"n2","dest":"n4","body":{"message":68,"msg_id":47,"type":"broadcast"}}
2024/02/15 21:10:37 Sent {"src":"n2","dest":"n1","body":{"message":68,"msg_id":47,"type":"broadcast"}}
2024/02/15 21:10:37 Sent {"src":"n2","dest":"n2","body":{"message":68,"msg_id":47,"type":"broadcast"}}
2024/02/15 21:10:37 Sent {"src":"n2","dest":"n3","body":{"message":68,"msg_id":47,"type":"broadcast"}}
2024/02/15 21:10:37 Received {n4 n2 {"message":68,"msg_id":47,"type":"broadcast"}}
2024/02/15 21:10:37 Received {n3 n2 {"message":68,"msg_id":47,"type":"broadcast"}}
2024/02/15 21:10:37 Received {n2 n2 {"message":68,"msg_id":47,"type":"broadcast"}}
2024/02/15 21:10:37 Received {n1 n2 {"message":68,"msg_id":47,"type":"broadcast"}}
2024/02/15 21:10:37 Received {n1 n2 {"message":69,"msg_id":24,"type":"broadcast"}}
2024/02/15 21:10:37 Sent {"src":"n2","dest":"n1","body":{"in_reply_to":24,"type":"broadcast_ok"}}
2024/02/15 21:10:37 Sent {"src":"n2","dest":"n4","body":{"message":69,"msg_id":24,"type":"broadcast"}}
2024/02/15 21:10:37 Sent {"src":"n2","dest":"n3","body":{"message":69,"msg_id":24,"type":"broadcast"}}
2024/02/15 21:10:37 Sent {"src":"n2","dest":"n2","body":{"message":69,"msg_id":24,"type":"broadcast"}}
2024/02/15 21:10:37 Sent {"src":"n2","dest":"n0","body":{"message":69,"msg_id":24,"type":"broadcast"}}
2024/02/15 21:10:37 Received {n4 n2 {"message":69,"msg_id":24,"type":"broadcast"}}
2024/02/15 21:10:37 Received {n3 n2 {"message":69,"msg_id":24,"type":"broadcast"}}
2024/02/15 21:10:37 Received {n0 n2 {"message":69,"msg_id":24,"type":"broadcast"}}
2024/02/15 21:10:37 Received {n2 n2 {"message":69,"msg_id":24,"type":"broadcast"}}
2024/02/15 21:10:37 Received {c12 n2 {"type":"broadcast","message":70,"msg_id":24}}
2024/02/15 21:10:37 Sent {"src":"n2","dest":"c12","body":{"in_reply_to":24,"type":"broadcast_ok"}}
2024/02/15 21:10:37 Sent {"src":"n2","dest":"n2","body":{"message":70,"msg_id":24,"type":"broadcast"}}
2024/02/15 21:10:37 Sent {"src":"n2","dest":"n4","body":{"message":70,"msg_id":24,"type":"broadcast"}}
2024/02/15 21:10:37 Sent {"src":"n2","dest":"n0","body":{"message":70,"msg_id":24,"type":"broadcast"}}
2024/02/15 21:10:37 Sent {"src":"n2","dest":"n1","body":{"message":70,"msg_id":24,"type":"broadcast"}}
2024/02/15 21:10:37 Sent {"src":"n2","dest":"n3","body":{"message":70,"msg_id":24,"type":"broadcast"}}
2024/02/15 21:10:37 Received {n2 n2 {"message":70,"msg_id":24,"type":"broadcast"}}
2024/02/15 21:10:37 Received {n0 n2 {"in_reply_to":24,"type":"broadcast_ok"}}
2024/02/15 21:10:37 Ignoring reply to 24 with no callback
2024/02/15 21:10:37 Received {n3 n2 {"in_reply_to":24,"type":"broadcast_ok"}}
2024/02/15 21:10:37 Ignoring reply to 24 with no callback
2024/02/15 21:10:37 Received {n4 n2 {"in_reply_to":24,"type":"broadcast_ok"}}
2024/02/15 21:10:37 Ignoring reply to 24 with no callback
2024/02/15 21:10:37 Received {n1 n2 {"in_reply_to":24,"type":"broadcast_ok"}}
2024/02/15 21:10:37 Ignoring reply to 24 with no callback
2024/02/15 21:10:37 Received {n3 n2 {"message":71,"msg_id":24,"type":"broadcast"}}
2024/02/15 21:10:37 Sent {"src":"n2","dest":"n3","body":{"in_reply_to":24,"type":"broadcast_ok"}}
2024/02/15 21:10:37 Sent {"src":"n2","dest":"n4","body":{"message":71,"msg_id":24,"type":"broadcast"}}
2024/02/15 21:10:37 Sent {"src":"n2","dest":"n0","body":{"message":71,"msg_id":24,"type":"broadcast"}}
2024/02/15 21:10:37 Sent {"src":"n2","dest":"n1","body":{"message":71,"msg_id":24,"type":"broadcast"}}
2024/02/15 21:10:37 Sent {"src":"n2","dest":"n2","body":{"message":71,"msg_id":24,"type":"broadcast"}}
2024/02/15 21:10:37 Received {n0 n2 {"message":71,"msg_id":24,"type":"broadcast"}}
2024/02/15 21:10:37 Received {n2 n2 {"message":71,"msg_id":24,"type":"broadcast"}}
2024/02/15 21:10:37 Received {n1 n2 {"message":71,"msg_id":24,"type":"broadcast"}}
2024/02/15 21:10:37 Received {n4 n2 {"message":71,"msg_id":24,"type":"broadcast"}}
2024/02/15 21:10:37 Received {n4 n2 {"message":72,"msg_id":24,"type":"broadcast"}}
2024/02/15 21:10:37 Sent {"src":"n2","dest":"n4","body":{"in_reply_to":24,"type":"broadcast_ok"}}
2024/02/15 21:10:37 Sent {"src":"n2","dest":"n3","body":{"message":72,"msg_id":24,"type":"broadcast"}}
2024/02/15 21:10:37 Sent {"src":"n2","dest":"n0","body":{"message":72,"msg_id":24,"type":"broadcast"}}
2024/02/15 21:10:37 Sent {"src":"n2","dest":"n1","body":{"message":72,"msg_id":24,"type":"broadcast"}}
2024/02/15 21:10:37 Sent {"src":"n2","dest":"n2","body":{"message":72,"msg_id":24,"type":"broadcast"}}
2024/02/15 21:10:37 Received {n2 n2 {"message":72,"msg_id":24,"type":"broadcast"}}
2024/02/15 21:10:37 Received {n3 n2 {"message":72,"msg_id":24,"type":"broadcast"}}
2024/02/15 21:10:37 Received {n1 n2 {"message":72,"msg_id":24,"type":"broadcast"}}
2024/02/15 21:10:37 Received {n0 n2 {"message":72,"msg_id":24,"type":"broadcast"}}
2024/02/15 21:10:38 Received {c12 n2 {"type":"read","msg_id":25}}
2024/02/15 21:10:38 Sent {"src":"n2","dest":"c12","body":{"in_reply_to":25,"messages":[10,11,23,31,43,9,32,37,38,41,52,22,24,35,51,0,14,29,57,60,12,30,47,71,4,25,36,16,17,18,45,54,2,21,48,68,15,56,64,8,39,40,50,61,69,33,26,46,58,3,53,55,65,27,19,44,59,63,70,1,28,62,66,7,34,42,67,72,6,13,20,49,5],"type":"read_ok"}}
2024/02/15 21:10:38 Received {n3 n2 {"message":73,"msg_id":25,"type":"broadcast"}}
2024/02/15 21:10:38 Sent {"src":"n2","dest":"n3","body":{"in_reply_to":25,"type":"broadcast_ok"}}
2024/02/15 21:10:38 Sent {"src":"n2","dest":"n4","body":{"message":73,"msg_id":25,"type":"broadcast"}}
2024/02/15 21:10:38 Sent {"src":"n2","dest":"n0","body":{"message":73,"msg_id":25,"type":"broadcast"}}
2024/02/15 21:10:38 Sent {"src":"n2","dest":"n1","body":{"message":73,"msg_id":25,"type":"broadcast"}}
2024/02/15 21:10:38 Sent {"src":"n2","dest":"n2","body":{"message":73,"msg_id":25,"type":"broadcast"}}
2024/02/15 21:10:38 Received {n1 n2 {"message":73,"msg_id":25,"type":"broadcast"}}
2024/02/15 21:10:38 Received {n4 n2 {"message":73,"msg_id":25,"type":"broadcast"}}
2024/02/15 21:10:38 Received {n2 n2 {"message":73,"msg_id":25,"type":"broadcast"}}
2024/02/15 21:10:38 Received {n0 n2 {"message":73,"msg_id":25,"type":"broadcast"}}
2024/02/15 21:10:38 Received {c12 n2 {"type":"broadcast","message":74,"msg_id":26}}
2024/02/15 21:10:38 Sent {"src":"n2","dest":"c12","body":{"in_reply_to":26,"type":"broadcast_ok"}}
2024/02/15 21:10:38 Sent {"src":"n2","dest":"n1","body":{"message":74,"msg_id":26,"type":"broadcast"}}
2024/02/15 21:10:38 Sent {"src":"n2","dest":"n0","body":{"message":74,"msg_id":26,"type":"broadcast"}}
2024/02/15 21:10:38 Sent {"src":"n2","dest":"n2","body":{"message":74,"msg_id":26,"type":"broadcast"}}
2024/02/15 21:10:38 Sent {"src":"n2","dest":"n4","body":{"message":74,"msg_id":26,"type":"broadcast"}}
2024/02/15 21:10:38 Sent {"src":"n2","dest":"n3","body":{"message":74,"msg_id":26,"type":"broadcast"}}
2024/02/15 21:10:38 Received {n2 n2 {"message":74,"msg_id":26,"type":"broadcast"}}
2024/02/15 21:10:38 Received {n1 n2 {"in_reply_to":26,"type":"broadcast_ok"}}
2024/02/15 21:10:38 Ignoring reply to 26 with no callback
2024/02/15 21:10:38 Received {n0 n2 {"in_reply_to":26,"type":"broadcast_ok"}}
2024/02/15 21:10:38 Ignoring reply to 26 with no callback
2024/02/15 21:10:38 Received {n4 n2 {"in_reply_to":26,"type":"broadcast_ok"}}
2024/02/15 21:10:38 Ignoring reply to 26 with no callback
2024/02/15 21:10:38 Received {n3 n2 {"in_reply_to":26,"type":"broadcast_ok"}}
2024/02/15 21:10:38 Ignoring reply to 26 with no callback
2024/02/15 21:10:39 Received {n0 n2 {"message":75,"msg_id":53,"type":"broadcast"}}
2024/02/15 21:10:39 Sent {"src":"n2","dest":"n0","body":{"in_reply_to":53,"type":"broadcast_ok"}}
2024/02/15 21:10:39 Sent {"src":"n2","dest":"n1","body":{"message":75,"msg_id":53,"type":"broadcast"}}
2024/02/15 21:10:39 Sent {"src":"n2","dest":"n2","body":{"message":75,"msg_id":53,"type":"broadcast"}}
2024/02/15 21:10:39 Sent {"src":"n2","dest":"n3","body":{"message":75,"msg_id":53,"type":"broadcast"}}
2024/02/15 21:10:39 Sent {"src":"n2","dest":"n4","body":{"message":75,"msg_id":53,"type":"broadcast"}}
2024/02/15 21:10:39 Received {n1 n2 {"message":75,"msg_id":53,"type":"broadcast"}}
2024/02/15 21:10:39 Received {n2 n2 {"message":75,"msg_id":53,"type":"broadcast"}}
2024/02/15 21:10:39 Received {n3 n2 {"message":75,"msg_id":53,"type":"broadcast"}}
2024/02/15 21:10:39 Received {n4 n2 {"message":75,"msg_id":53,"type":"broadcast"}}
2024/02/15 21:10:39 Received {n1 n2 {"message":76,"msg_id":27,"type":"broadcast"}}
2024/02/15 21:10:39 Sent {"src":"n2","dest":"n1","body":{"in_reply_to":27,"type":"broadcast_ok"}}
2024/02/15 21:10:39 Sent {"src":"n2","dest":"n4","body":{"message":76,"msg_id":27,"type":"broadcast"}}
2024/02/15 21:10:39 Sent {"src":"n2","dest":"n0","body":{"message":76,"msg_id":27,"type":"broadcast"}}
2024/02/15 21:10:39 Sent {"src":"n2","dest":"n2","body":{"message":76,"msg_id":27,"type":"broadcast"}}
2024/02/15 21:10:39 Sent {"src":"n2","dest":"n3","body":{"message":76,"msg_id":27,"type":"broadcast"}}
2024/02/15 21:10:39 Received {n2 n2 {"message":76,"msg_id":27,"type":"broadcast"}}
2024/02/15 21:10:39 Received {n4 n2 {"message":76,"msg_id":27,"type":"broadcast"}}
2024/02/15 21:10:39 Received {n0 n2 {"message":76,"msg_id":27,"type":"broadcast"}}
2024/02/15 21:10:39 Received {n3 n2 {"message":76,"msg_id":27,"type":"broadcast"}}
2024/02/15 21:10:39 Received {c12 n2 {"type":"broadcast","message":77,"msg_id":27}}
2024/02/15 21:10:39 Sent {"src":"n2","dest":"c12","body":{"in_reply_to":27,"type":"broadcast_ok"}}
2024/02/15 21:10:39 Sent {"src":"n2","dest":"n1","body":{"message":77,"msg_id":27,"type":"broadcast"}}
2024/02/15 21:10:39 Sent {"src":"n2","dest":"n2","body":{"message":77,"msg_id":27,"type":"broadcast"}}
2024/02/15 21:10:39 Sent {"src":"n2","dest":"n4","body":{"message":77,"msg_id":27,"type":"broadcast"}}
2024/02/15 21:10:39 Sent {"src":"n2","dest":"n3","body":{"message":77,"msg_id":27,"type":"broadcast"}}
2024/02/15 21:10:39 Sent {"src":"n2","dest":"n0","body":{"message":77,"msg_id":27,"type":"broadcast"}}
2024/02/15 21:10:39 Received {n2 n2 {"message":77,"msg_id":27,"type":"broadcast"}}
2024/02/15 21:10:39 Received {n1 n2 {"in_reply_to":27,"type":"broadcast_ok"}}
2024/02/15 21:10:39 Ignoring reply to 27 with no callback
2024/02/15 21:10:39 Received {n4 n2 {"in_reply_to":27,"type":"broadcast_ok"}}
2024/02/15 21:10:39 Ignoring reply to 27 with no callback
2024/02/15 21:10:39 Received {n3 n2 {"in_reply_to":27,"type":"broadcast_ok"}}
2024/02/15 21:10:39 Ignoring reply to 27 with no callback
2024/02/15 21:10:39 Received {n0 n2 {"in_reply_to":27,"type":"broadcast_ok"}}
2024/02/15 21:10:39 Ignoring reply to 27 with no callback
2024/02/15 21:10:39 Received {n3 n2 {"message":78,"msg_id":27,"type":"broadcast"}}
2024/02/15 21:10:39 Sent {"src":"n2","dest":"n3","body":{"in_reply_to":27,"type":"broadcast_ok"}}
2024/02/15 21:10:39 Sent {"src":"n2","dest":"n4","body":{"message":78,"msg_id":27,"type":"broadcast"}}
2024/02/15 21:10:39 Sent {"src":"n2","dest":"n0","body":{"message":78,"msg_id":27,"type":"broadcast"}}
2024/02/15 21:10:39 Sent {"src":"n2","dest":"n1","body":{"message":78,"msg_id":27,"type":"broadcast"}}
2024/02/15 21:10:39 Sent {"src":"n2","dest":"n2","body":{"message":78,"msg_id":27,"type":"broadcast"}}
2024/02/15 21:10:39 Received {n1 n2 {"message":78,"msg_id":27,"type":"broadcast"}}
2024/02/15 21:10:39 Received {n4 n2 {"message":78,"msg_id":27,"type":"broadcast"}}
2024/02/15 21:10:39 Received {n0 n2 {"message":78,"msg_id":27,"type":"broadcast"}}
2024/02/15 21:10:39 Received {n2 n2 {"message":78,"msg_id":27,"type":"broadcast"}}
2024/02/15 21:10:40 Received {n0 n2 {"message":79,"msg_id":55,"type":"broadcast"}}
2024/02/15 21:10:40 Sent {"src":"n2","dest":"n0","body":{"in_reply_to":55,"type":"broadcast_ok"}}
2024/02/15 21:10:40 Sent {"src":"n2","dest":"n4","body":{"message":79,"msg_id":55,"type":"broadcast"}}
2024/02/15 21:10:40 Sent {"src":"n2","dest":"n3","body":{"message":79,"msg_id":55,"type":"broadcast"}}
2024/02/15 21:10:40 Sent {"src":"n2","dest":"n2","body":{"message":79,"msg_id":55,"type":"broadcast"}}
2024/02/15 21:10:40 Sent {"src":"n2","dest":"n1","body":{"message":79,"msg_id":55,"type":"broadcast"}}
2024/02/15 21:10:40 Received {n1 n2 {"message":79,"msg_id":55,"type":"broadcast"}}
2024/02/15 21:10:40 Received {n2 n2 {"message":79,"msg_id":55,"type":"broadcast"}}
2024/02/15 21:10:40 Received {n3 n2 {"message":79,"msg_id":55,"type":"broadcast"}}
2024/02/15 21:10:40 Received {n4 n2 {"message":79,"msg_id":55,"type":"broadcast"}}
2024/02/15 21:10:40 Received {n1 n2 {"message":80,"msg_id":28,"type":"broadcast"}}
2024/02/15 21:10:40 Sent {"src":"n2","dest":"n1","body":{"in_reply_to":28,"type":"broadcast_ok"}}
2024/02/15 21:10:40 Sent {"src":"n2","dest":"n4","body":{"message":80,"msg_id":28,"type":"broadcast"}}
2024/02/15 21:10:40 Sent {"src":"n2","dest":"n0","body":{"message":80,"msg_id":28,"type":"broadcast"}}
2024/02/15 21:10:40 Sent {"src":"n2","dest":"n2","body":{"message":80,"msg_id":28,"type":"broadcast"}}
2024/02/15 21:10:40 Sent {"src":"n2","dest":"n3","body":{"message":80,"msg_id":28,"type":"broadcast"}}
2024/02/15 21:10:40 Received {n4 n2 {"message":80,"msg_id":28,"type":"broadcast"}}
2024/02/15 21:10:40 Received {n0 n2 {"message":80,"msg_id":28,"type":"broadcast"}}
2024/02/15 21:10:40 Received {n3 n2 {"message":80,"msg_id":28,"type":"broadcast"}}
2024/02/15 21:10:40 Received {n2 n2 {"message":80,"msg_id":28,"type":"broadcast"}}
2024/02/15 21:10:40 Received {c12 n2 {"type":"broadcast","message":81,"msg_id":28}}
2024/02/15 21:10:40 Sent {"src":"n2","dest":"c12","body":{"in_reply_to":28,"type":"broadcast_ok"}}
2024/02/15 21:10:40 Sent {"src":"n2","dest":"n1","body":{"message":81,"msg_id":28,"type":"broadcast"}}
2024/02/15 21:10:40 Sent {"src":"n2","dest":"n0","body":{"message":81,"msg_id":28,"type":"broadcast"}}
2024/02/15 21:10:40 Sent {"src":"n2","dest":"n3","body":{"message":81,"msg_id":28,"type":"broadcast"}}
2024/02/15 21:10:40 Sent {"src":"n2","dest":"n4","body":{"message":81,"msg_id":28,"type":"broadcast"}}
2024/02/15 21:10:40 Sent {"src":"n2","dest":"n2","body":{"message":81,"msg_id":28,"type":"broadcast"}}
2024/02/15 21:10:40 Received {n2 n2 {"message":81,"msg_id":28,"type":"broadcast"}}
2024/02/15 21:10:40 Received {n1 n2 {"in_reply_to":28,"type":"broadcast_ok"}}
2024/02/15 21:10:40 Ignoring reply to 28 with no callback
2024/02/15 21:10:40 Received {n0 n2 {"in_reply_to":28,"type":"broadcast_ok"}}
2024/02/15 21:10:40 Ignoring reply to 28 with no callback
2024/02/15 21:10:40 Received {n3 n2 {"in_reply_to":28,"type":"broadcast_ok"}}
2024/02/15 21:10:40 Ignoring reply to 28 with no callback
2024/02/15 21:10:40 Received {n4 n2 {"in_reply_to":28,"type":"broadcast_ok"}}
2024/02/15 21:10:40 Ignoring reply to 28 with no callback
2024/02/15 21:10:40 Received {n3 n2 {"message":82,"msg_id":28,"type":"broadcast"}}
2024/02/15 21:10:40 Sent {"src":"n2","dest":"n3","body":{"in_reply_to":28,"type":"broadcast_ok"}}
2024/02/15 21:10:40 Sent {"src":"n2","dest":"n4","body":{"message":82,"msg_id":28,"type":"broadcast"}}
2024/02/15 21:10:40 Sent {"src":"n2","dest":"n0","body":{"message":82,"msg_id":28,"type":"broadcast"}}
2024/02/15 21:10:40 Sent {"src":"n2","dest":"n1","body":{"message":82,"msg_id":28,"type":"broadcast"}}
2024/02/15 21:10:40 Sent {"src":"n2","dest":"n2","body":{"message":82,"msg_id":28,"type":"broadcast"}}
2024/02/15 21:10:40 Received {n1 n2 {"message":82,"msg_id":28,"type":"broadcast"}}
2024/02/15 21:10:40 Received {n2 n2 {"message":82,"msg_id":28,"type":"broadcast"}}
2024/02/15 21:10:40 Received {n0 n2 {"message":82,"msg_id":28,"type":"broadcast"}}
2024/02/15 21:10:40 Received {n4 n2 {"message":82,"msg_id":28,"type":"broadcast"}}
2024/02/15 21:10:40 Received {c12 n2 {"type":"broadcast","message":83,"msg_id":29}}
2024/02/15 21:10:40 Sent {"src":"n2","dest":"c12","body":{"in_reply_to":29,"type":"broadcast_ok"}}
2024/02/15 21:10:40 Sent {"src":"n2","dest":"n2","body":{"message":83,"msg_id":29,"type":"broadcast"}}
2024/02/15 21:10:40 Sent {"src":"n2","dest":"n1","body":{"message":83,"msg_id":29,"type":"broadcast"}}
2024/02/15 21:10:40 Sent {"src":"n2","dest":"n4","body":{"message":83,"msg_id":29,"type":"broadcast"}}
2024/02/15 21:10:40 Sent {"src":"n2","dest":"n3","body":{"message":83,"msg_id":29,"type":"broadcast"}}
2024/02/15 21:10:40 Sent {"src":"n2","dest":"n0","body":{"message":83,"msg_id":29,"type":"broadcast"}}
2024/02/15 21:10:40 Received {n2 n2 {"message":83,"msg_id":29,"type":"broadcast"}}
2024/02/15 21:10:40 Received {n1 n2 {"in_reply_to":29,"type":"broadcast_ok"}}
2024/02/15 21:10:40 Ignoring reply to 29 with no callback
2024/02/15 21:10:40 Received {n4 n2 {"in_reply_to":29,"type":"broadcast_ok"}}
2024/02/15 21:10:40 Ignoring reply to 29 with no callback
2024/02/15 21:10:40 Received {n3 n2 {"in_reply_to":29,"type":"broadcast_ok"}}
2024/02/15 21:10:40 Ignoring reply to 29 with no callback
2024/02/15 21:10:40 Received {n0 n2 {"in_reply_to":29,"type":"broadcast_ok"}}
2024/02/15 21:10:40 Ignoring reply to 29 with no callback
2024/02/15 21:10:41 Received {n3 n2 {"message":84,"msg_id":29,"type":"broadcast"}}
2024/02/15 21:10:41 Sent {"src":"n2","dest":"n3","body":{"in_reply_to":29,"type":"broadcast_ok"}}
2024/02/15 21:10:41 Sent {"src":"n2","dest":"n4","body":{"message":84,"msg_id":29,"type":"broadcast"}}
2024/02/15 21:10:41 Sent {"src":"n2","dest":"n1","body":{"message":84,"msg_id":29,"type":"broadcast"}}
2024/02/15 21:10:41 Sent {"src":"n2","dest":"n0","body":{"message":84,"msg_id":29,"type":"broadcast"}}
2024/02/15 21:10:41 Sent {"src":"n2","dest":"n2","body":{"message":84,"msg_id":29,"type":"broadcast"}}
2024/02/15 21:10:41 Received {n2 n2 {"message":84,"msg_id":29,"type":"broadcast"}}
2024/02/15 21:10:41 Received {n1 n2 {"message":84,"msg_id":29,"type":"broadcast"}}
2024/02/15 21:10:41 Received {n4 n2 {"message":84,"msg_id":29,"type":"broadcast"}}
2024/02/15 21:10:41 Received {n0 n2 {"message":84,"msg_id":29,"type":"broadcast"}}
2024/02/15 21:10:41 Received {n4 n2 {"message":85,"msg_id":29,"type":"broadcast"}}
2024/02/15 21:10:41 Sent {"src":"n2","dest":"n4","body":{"in_reply_to":29,"type":"broadcast_ok"}}
2024/02/15 21:10:41 Sent {"src":"n2","dest":"n3","body":{"message":85,"msg_id":29,"type":"broadcast"}}
2024/02/15 21:10:41 Sent {"src":"n2","dest":"n0","body":{"message":85,"msg_id":29,"type":"broadcast"}}
2024/02/15 21:10:41 Sent {"src":"n2","dest":"n1","body":{"message":85,"msg_id":29,"type":"broadcast"}}
2024/02/15 21:10:41 Sent {"src":"n2","dest":"n2","body":{"message":85,"msg_id":29,"type":"broadcast"}}
2024/02/15 21:10:41 Received {n1 n2 {"message":85,"msg_id":29,"type":"broadcast"}}
2024/02/15 21:10:41 Received {n3 n2 {"message":85,"msg_id":29,"type":"broadcast"}}
2024/02/15 21:10:41 Received {n2 n2 {"message":85,"msg_id":29,"type":"broadcast"}}
2024/02/15 21:10:41 Received {n0 n2 {"message":85,"msg_id":29,"type":"broadcast"}}
2024/02/15 21:10:41 Received {c12 n2 {"type":"read","msg_id":30}}
2024/02/15 21:10:41 Sent {"src":"n2","dest":"c12","body":{"in_reply_to":30,"messages":[27,53,55,65,83,1,19,44,59,63,70,79,84,7,28,62,66,78,6,34,42,67,72,5,13,20,49,81,9,10,11,23,31,43,75,22,32,37,38,41,52,76,0,24,35,51,12,14,29,57,60,4,30,47,71,16,25,36,77,2,17,18,45,54,73,15,21,48,68,80,8,56,64,85,33,39,40,50,61,69,74,82,3,26,46,58],"type":"read_ok"}}
2024/02/15 21:10:41 Received {n3 n2 {"message":86,"msg_id":30,"type":"broadcast"}}
2024/02/15 21:10:41 Sent {"src":"n2","dest":"n3","body":{"in_reply_to":30,"type":"broadcast_ok"}}
2024/02/15 21:10:41 Sent {"src":"n2","dest":"n4","body":{"message":86,"msg_id":30,"type":"broadcast"}}
2024/02/15 21:10:41 Sent {"src":"n2","dest":"n0","body":{"message":86,"msg_id":30,"type":"broadcast"}}
2024/02/15 21:10:41 Sent {"src":"n2","dest":"n1","body":{"message":86,"msg_id":30,"type":"broadcast"}}
2024/02/15 21:10:41 Sent {"src":"n2","dest":"n2","body":{"message":86,"msg_id":30,"type":"broadcast"}}
2024/02/15 21:10:41 Received {n1 n2 {"message":86,"msg_id":30,"type":"broadcast"}}
2024/02/15 21:10:41 Received {n0 n2 {"message":86,"msg_id":30,"type":"broadcast"}}
2024/02/15 21:10:41 Received {n2 n2 {"message":86,"msg_id":30,"type":"broadcast"}}
2024/02/15 21:10:41 Received {n4 n2 {"message":86,"msg_id":30,"type":"broadcast"}}
2024/02/15 21:10:41 Received {n4 n2 {"message":87,"msg_id":30,"type":"broadcast"}}
2024/02/15 21:10:41 Sent {"src":"n2","dest":"n4","body":{"in_reply_to":30,"type":"broadcast_ok"}}
2024/02/15 21:10:41 Sent {"src":"n2","dest":"n3","body":{"message":87,"msg_id":30,"type":"broadcast"}}
2024/02/15 21:10:41 Sent {"src":"n2","dest":"n1","body":{"message":87,"msg_id":30,"type":"broadcast"}}
2024/02/15 21:10:41 Sent {"src":"n2","dest":"n0","body":{"message":87,"msg_id":30,"type":"broadcast"}}
2024/02/15 21:10:41 Sent {"src":"n2","dest":"n2","body":{"message":87,"msg_id":30,"type":"broadcast"}}
2024/02/15 21:10:41 Received {n3 n2 {"message":87,"msg_id":30,"type":"broadcast"}}
2024/02/15 21:10:41 Received {n1 n2 {"message":87,"msg_id":30,"type":"broadcast"}}
2024/02/15 21:10:41 Received {n0 n2 {"message":87,"msg_id":30,"type":"broadcast"}}
2024/02/15 21:10:41 Received {n2 n2 {"message":87,"msg_id":30,"type":"broadcast"}}
2024/02/15 21:10:41 Received {n0 n2 {"message":88,"msg_id":60,"type":"broadcast"}}
2024/02/15 21:10:41 Sent {"src":"n2","dest":"n0","body":{"in_reply_to":60,"type":"broadcast_ok"}}
2024/02/15 21:10:41 Sent {"src":"n2","dest":"n4","body":{"message":88,"msg_id":60,"type":"broadcast"}}
2024/02/15 21:10:41 Sent {"src":"n2","dest":"n1","body":{"message":88,"msg_id":60,"type":"broadcast"}}
2024/02/15 21:10:41 Sent {"src":"n2","dest":"n2","body":{"message":88,"msg_id":60,"type":"broadcast"}}
2024/02/15 21:10:41 Sent {"src":"n2","dest":"n3","body":{"message":88,"msg_id":60,"type":"broadcast"}}
2024/02/15 21:10:41 Received {n4 n2 {"message":88,"msg_id":60,"type":"broadcast"}}
2024/02/15 21:10:41 Received {n2 n2 {"message":88,"msg_id":60,"type":"broadcast"}}
2024/02/15 21:10:41 Received {n3 n2 {"message":88,"msg_id":60,"type":"broadcast"}}
2024/02/15 21:10:41 Received {n1 n2 {"message":88,"msg_id":60,"type":"broadcast"}}
2024/02/15 21:10:41 Received {n0 n2 {"message":89,"msg_id":61,"type":"broadcast"}}
2024/02/15 21:10:41 Sent {"src":"n2","dest":"n0","body":{"in_reply_to":61,"type":"broadcast_ok"}}
2024/02/15 21:10:41 Sent {"src":"n2","dest":"n4","body":{"message":89,"msg_id":61,"type":"broadcast"}}
2024/02/15 21:10:41 Sent {"src":"n2","dest":"n1","body":{"message":89,"msg_id":61,"type":"broadcast"}}
2024/02/15 21:10:41 Sent {"src":"n2","dest":"n3","body":{"message":89,"msg_id":61,"type":"broadcast"}}
2024/02/15 21:10:41 Sent {"src":"n2","dest":"n2","body":{"message":89,"msg_id":61,"type":"broadcast"}}
2024/02/15 21:10:41 Received {n4 n2 {"message":89,"msg_id":61,"type":"broadcast"}}
2024/02/15 21:10:41 Received {n1 n2 {"message":89,"msg_id":61,"type":"broadcast"}}
2024/02/15 21:10:41 Received {n2 n2 {"message":89,"msg_id":61,"type":"broadcast"}}
2024/02/15 21:10:41 Received {n3 n2 {"message":89,"msg_id":61,"type":"broadcast"}}
2024/02/15 21:10:42 Received {c12 n2 {"type":"broadcast","message":90,"msg_id":31}}
2024/02/15 21:10:42 Sent {"src":"n2","dest":"c12","body":{"in_reply_to":31,"type":"broadcast_ok"}}
2024/02/15 21:10:42 Sent {"src":"n2","dest":"n4","body":{"message":90,"msg_id":31,"type":"broadcast"}}
2024/02/15 21:10:42 Sent {"src":"n2","dest":"n2","body":{"message":90,"msg_id":31,"type":"broadcast"}}
2024/02/15 21:10:42 Sent {"src":"n2","dest":"n1","body":{"message":90,"msg_id":31,"type":"broadcast"}}
2024/02/15 21:10:42 Sent {"src":"n2","dest":"n0","body":{"message":90,"msg_id":31,"type":"broadcast"}}
2024/02/15 21:10:42 Sent {"src":"n2","dest":"n3","body":{"message":90,"msg_id":31,"type":"broadcast"}}
2024/02/15 21:10:42 Received {n2 n2 {"message":90,"msg_id":31,"type":"broadcast"}}
2024/02/15 21:10:42 Received {n4 n2 {"in_reply_to":31,"type":"broadcast_ok"}}
2024/02/15 21:10:42 Ignoring reply to 31 with no callback
2024/02/15 21:10:42 Received {n1 n2 {"in_reply_to":31,"type":"broadcast_ok"}}
2024/02/15 21:10:42 Ignoring reply to 31 with no callback
2024/02/15 21:10:42 Received {n0 n2 {"in_reply_to":31,"type":"broadcast_ok"}}
2024/02/15 21:10:42 Ignoring reply to 31 with no callback
2024/02/15 21:10:42 Received {n3 n2 {"in_reply_to":31,"type":"broadcast_ok"}}
2024/02/15 21:10:42 Ignoring reply to 31 with no callback
2024/02/15 21:10:42 Received {n0 n2 {"message":91,"msg_id":62,"type":"broadcast"}}
2024/02/15 21:10:42 Sent {"src":"n2","dest":"n0","body":{"in_reply_to":62,"type":"broadcast_ok"}}
2024/02/15 21:10:42 Sent {"src":"n2","dest":"n4","body":{"message":91,"msg_id":62,"type":"broadcast"}}
2024/02/15 21:10:42 Sent {"src":"n2","dest":"n3","body":{"message":91,"msg_id":62,"type":"broadcast"}}
2024/02/15 21:10:42 Sent {"src":"n2","dest":"n2","body":{"message":91,"msg_id":62,"type":"broadcast"}}
2024/02/15 21:10:42 Sent {"src":"n2","dest":"n1","body":{"message":91,"msg_id":62,"type":"broadcast"}}
2024/02/15 21:10:42 Received {n4 n2 {"message":91,"msg_id":62,"type":"broadcast"}}
2024/02/15 21:10:42 Received {n1 n2 {"message":91,"msg_id":62,"type":"broadcast"}}
2024/02/15 21:10:42 Received {n3 n2 {"message":91,"msg_id":62,"type":"broadcast"}}
2024/02/15 21:10:42 Received {n2 n2 {"message":91,"msg_id":62,"type":"broadcast"}}
2024/02/15 21:10:42 Received {n1 n2 {"message":92,"msg_id":32,"type":"broadcast"}}
2024/02/15 21:10:42 Sent {"src":"n2","dest":"n1","body":{"in_reply_to":32,"type":"broadcast_ok"}}
2024/02/15 21:10:42 Sent {"src":"n2","dest":"n4","body":{"message":92,"msg_id":32,"type":"broadcast"}}
2024/02/15 21:10:42 Sent {"src":"n2","dest":"n0","body":{"message":92,"msg_id":32,"type":"broadcast"}}
2024/02/15 21:10:42 Sent {"src":"n2","dest":"n2","body":{"message":92,"msg_id":32,"type":"broadcast"}}
2024/02/15 21:10:42 Sent {"src":"n2","dest":"n3","body":{"message":92,"msg_id":32,"type":"broadcast"}}
2024/02/15 21:10:42 Received {n0 n2 {"message":92,"msg_id":32,"type":"broadcast"}}
2024/02/15 21:10:42 Received {n4 n2 {"message":92,"msg_id":32,"type":"broadcast"}}
2024/02/15 21:10:42 Received {n2 n2 {"message":92,"msg_id":32,"type":"broadcast"}}
2024/02/15 21:10:42 Received {n3 n2 {"message":92,"msg_id":32,"type":"broadcast"}}
2024/02/15 21:10:42 Received {c12 n2 {"type":"read","msg_id":32}}
2024/02/15 21:10:42 Sent {"src":"n2","dest":"c12","body":{"in_reply_to":32,"messages":[37,38,41,52,76,87,22,32,35,51,0,24,29,57,60,88,12,14,47,71,90,4,30,36,77,16,25,18,45,54,73,2,17,48,68,80,15,21,64,85,8,56,40,50,61,69,74,82,33,39,86,46,58,89,3,26,55,65,83,92,27,53,44,59,63,70,79,84,1,19,62,66,78,7,28,42,67,72,6,34,20,49,81,5,13,11,23,31,43,75,91,9,10],"type":"read_ok"}}
2024/02/15 21:10:53 Received {c12 n2 {"type":"read","msg_id":33}}
2024/02/15 21:10:53 Sent {"src":"n2","dest":"c12","body":{"in_reply_to":33,"messages":[6,34,42,67,72,5,13,20,49,81,9,10,11,23,31,43,75,91,22,32,37,38,41,52,76,87,0,24,35,51,12,14,29,57,60,88,4,30,47,71,90,16,25,36,77,2,17,18,45,54,73,15,21,48,68,80,8,56,64,85,33,39,40,50,61,69,74,82,86,3,26,46,58,89,27,53,55,65,83,92,1,19,44,59,63,70,79,84,7,28,62,66,78],"type":"read_ok"}}
