2024/02/15 21:10:23 Received {c1 n4 {"type":"init","node_id":"n4","node_ids":["n0","n1","n2","n3","n4"],"msg_id":1}}
2024/02/15 21:10:23 Node n4 initialized
2024/02/15 21:10:23 Sent {"src":"n4","dest":"c1","body":{"in_reply_to":1,"type":"init_ok"}}
2024/02/15 21:10:23 Received {c8 n4 {"type":"topology","topology":{"n0":["n3","n1"],"n1":["n4","n2","n0"],"n2":["n1"],"n3":["n0","n4"],"n4":["n1","n3"]},"msg_id":1}}
2024/02/15 21:10:23 Sent {"src":"n4","dest":"c8","body":{"in_reply_to":1,"type":"topology_ok"}}
2024/02/15 21:10:23 Received {n3 n4 {"message":0,"msg_id":1,"type":"broadcast"}}
2024/02/15 21:10:23 Sent {"src":"n4","dest":"n3","body":{"in_reply_to":1,"type":"broadcast_ok"}}
2024/02/15 21:10:23 Sent {"src":"n4","dest":"n4","body":{"message":0,"msg_id":1,"type":"broadcast"}}
2024/02/15 21:10:23 Sent {"src":"n4","dest":"n2","body":{"message":0,"msg_id":1,"type":"broadcast"}}
2024/02/15 21:10:23 Sent {"src":"n4","dest":"n0","body":{"message":0,"msg_id":1,"type":"broadcast"}}
2024/02/15 21:10:23 Sent {"src":"n4","dest":"n1","body":{"message":0,"msg_id":1,"type":"broadcast"}}
2024/02/15 21:10:23 Received {n4 n4 {"message":0,"msg_id":1,"type":"broadcast"}}
2024/02/15 21:10:23 Received {n1 n4 {"message":0,"msg_id":1,"type":"broadcast"}}
2024/02/15 21:10:23 Received {n0 n4 {"message":0,"msg_id":1,"type":"broadcast"}}
2024/02/15 21:10:23 Received {n2 n4 {"message":0,"msg_id":1,"type":"broadcast"}}
2024/02/15 21:10:23 Received {c14 n4 {"type":"read","msg_id":1}}
2024/02/15 21:10:23 Sent {"src":"n4","dest":"c14","body":{"in_reply_to":1,"messages":[0],"type":"read_ok"}}
2024/02/15 21:10:23 Received {n0 n4 {"message":1,"msg_id":2,"type":"broadcast"}}
2024/02/15 21:10:23 Sent {"src":"n4","dest":"n0","body":{"in_reply_to":2,"type":"broadcast_ok"}}
2024/02/15 21:10:23 Sent {"src":"n4","dest":"n4","body":{"message":1,"msg_id":2,"type":"broadcast"}}
2024/02/15 21:10:23 Sent {"src":"n4","dest":"n1","body":{"message":1,"msg_id":2,"type":"broadcast"}}
2024/02/15 21:10:23 Sent {"src":"n4","dest":"n3","body":{"message":1,"msg_id":2,"type":"broadcast"}}
2024/02/15 21:10:23 Sent {"src":"n4","dest":"n2","body":{"message":1,"msg_id":2,"type":"broadcast"}}
2024/02/15 21:10:23 Received {n2 n4 {"message":1,"msg_id":2,"type":"broadcast"}}
2024/02/15 21:10:23 Received {n3 n4 {"message":1,"msg_id":2,"type":"broadcast"}}
2024/02/15 21:10:23 Received {n1 n4 {"message":1,"msg_id":2,"type":"broadcast"}}
2024/02/15 21:10:23 Received {n4 n4 {"message":1,"msg_id":2,"type":"broadcast"}}
2024/02/15 21:10:23 Received {n0 n4 {"message":2,"msg_id":3,"type":"broadcast"}}
2024/02/15 21:10:23 Sent {"src":"n4","dest":"n0","body":{"in_reply_to":3,"type":"broadcast_ok"}}
2024/02/15 21:10:23 Sent {"src":"n4","dest":"n4","body":{"message":2,"msg_id":3,"type":"broadcast"}}
2024/02/15 21:10:23 Sent {"src":"n4","dest":"n1","body":{"message":2,"msg_id":3,"type":"broadcast"}}
2024/02/15 21:10:23 Sent {"src":"n4","dest":"n2","body":{"message":2,"msg_id":3,"type":"broadcast"}}
2024/02/15 21:10:23 Sent {"src":"n4","dest":"n3","body":{"message":2,"msg_id":3,"type":"broadcast"}}
2024/02/15 21:10:23 Received {n1 n4 {"message":2,"msg_id":3,"type":"broadcast"}}
2024/02/15 21:10:23 Received {n4 n4 {"message":2,"msg_id":3,"type":"broadcast"}}
2024/02/15 21:10:23 Received {n3 n4 {"message":2,"msg_id":3,"type":"broadcast"}}
2024/02/15 21:10:23 Received {n2 n4 {"message":2,"msg_id":3,"type":"broadcast"}}
2024/02/15 21:10:23 Received {n1 n4 {"message":3,"msg_id":2,"type":"broadcast"}}
2024/02/15 21:10:23 Sent {"src":"n4","dest":"n1","body":{"in_reply_to":2,"type":"broadcast_ok"}}
2024/02/15 21:10:23 Sent {"src":"n4","dest":"n4","body":{"message":3,"msg_id":2,"type":"broadcast"}}
2024/02/15 21:10:23 Sent {"src":"n4","dest":"n0","body":{"message":3,"msg_id":2,"type":"broadcast"}}
2024/02/15 21:10:23 Sent {"src":"n4","dest":"n2","body":{"message":3,"msg_id":2,"type":"broadcast"}}
2024/02/15 21:10:23 Sent {"src":"n4","dest":"n3","body":{"message":3,"msg_id":2,"type":"broadcast"}}
2024/02/15 21:10:23 Received {n4 n4 {"message":3,"msg_id":2,"type":"broadcast"}}
2024/02/15 21:10:23 Received {n2 n4 {"message":3,"msg_id":2,"type":"broadcast"}}
2024/02/15 21:10:23 Received {n3 n4 {"message":3,"msg_id":2,"type":"broadcast"}}
2024/02/15 21:10:23 Received {n0 n4 {"message":3,"msg_id":2,"type":"broadcast"}}
2024/02/15 21:10:24 Received {n3 n4 {"message":4,"msg_id":2,"type":"broadcast"}}
2024/02/15 21:10:24 Sent {"src":"n4","dest":"n3","body":{"in_reply_to":2,"type":"broadcast_ok"}}
2024/02/15 21:10:24 Sent {"src":"n4","dest":"n4","body":{"message":4,"msg_id":2,"type":"broadcast"}}
2024/02/15 21:10:24 Sent {"src":"n4","dest":"n0","body":{"message":4,"msg_id":2,"type":"broadcast"}}
2024/02/15 21:10:24 Sent {"src":"n4","dest":"n1","body":{"message":4,"msg_id":2,"type":"broadcast"}}
2024/02/15 21:10:24 Sent {"src":"n4","dest":"n2","body":{"message":4,"msg_id":2,"type":"broadcast"}}
2024/02/15 21:10:24 Received {n0 n4 {"message":4,"msg_id":2,"type":"broadcast"}}
2024/02/15 21:10:24 Received {n1 n4 {"message":4,"msg_id":2,"type":"broadcast"}}
2024/02/15 21:10:24 Received {n4 n4 {"message":4,"msg_id":2,"type":"broadcast"}}
2024/02/15 21:10:24 Received {n2 n4 {"message":4,"msg_id":2,"type":"broadcast"}}
2024/02/15 21:10:24 Received {c14 n4 {"type":"broadcast","message":5,"msg_id":2}}
2024/02/15 21:10:24 Sent {"src":"n4","dest":"n1","body":{"message":5,"msg_id":2,"type":"broadcast"}}
2024/02/15 21:10:24 Sent {"src":"n4","dest":"c14","body":{"in_reply_to":2,"type":"broadcast_ok"}}
2024/02/15 21:10:24 Sent {"src":"n4","dest":"n0","body":{"message":5,"msg_id":2,"type":"broadcast"}}
2024/02/15 21:10:24 Sent {"src":"n4","dest":"n4","body":{"message":5,"msg_id":2,"type":"broadcast"}}
2024/02/15 21:10:24 Sent {"src":"n4","dest":"n3","body":{"message":5,"msg_id":2,"type":"broadcast"}}
2024/02/15 21:10:24 Sent {"src":"n4","dest":"n2","body":{"message":5,"msg_id":2,"type":"broadcast"}}
2024/02/15 21:10:24 Received {n4 n4 {"message":5,"msg_id":2,"type":"broadcast"}}
2024/02/15 21:10:24 Received {n1 n4 {"in_reply_to":2,"type":"broadcast_ok"}}
2024/02/15 21:10:24 Ignoring reply to 2 with no callback
2024/02/15 21:10:24 Received {n2 n4 {"in_reply_to":2,"type":"broadcast_ok"}}
2024/02/15 21:10:24 Ignoring reply to 2 with no callback
2024/02/15 21:10:24 Received {n3 n4 {"in_reply_to":2,"type":"broadcast_ok"}}
2024/02/15 21:10:24 Ignoring reply to 2 with no callback
2024/02/15 21:10:24 Received {n0 n4 {"in_reply_to":2,"type":"broadcast_ok"}}
2024/02/15 21:10:24 Ignoring reply to 2 with no callback
2024/02/15 21:10:24 Received {n0 n4 {"message":6,"msg_id":5,"type":"broadcast"}}
2024/02/15 21:10:24 Sent {"src":"n4","dest":"n2","body":{"message":6,"msg_id":5,"type":"broadcast"}}
2024/02/15 21:10:24 Sent {"src":"n4","dest":"n1","body":{"message":6,"msg_id":5,"type":"broadcast"}}
2024/02/15 21:10:24 Sent {"src":"n4","dest":"n0","body":{"in_reply_to":5,"type":"broadcast_ok"}}
2024/02/15 21:10:24 Sent {"src":"n4","dest":"n3","body":{"message":6,"msg_id":5,"type":"broadcast"}}
2024/02/15 21:10:24 Sent {"src":"n4","dest":"n4","body":{"message":6,"msg_id":5,"type":"broadcast"}}
2024/02/15 21:10:24 Received {n1 n4 {"message":6,"msg_id":5,"type":"broadcast"}}
2024/02/15 21:10:24 Received {n2 n4 {"message":6,"msg_id":5,"type":"broadcast"}}
2024/02/15 21:10:24 Received {n3 n4 {"message":6,"msg_id":5,"type":"broadcast"}}
2024/02/15 21:10:24 Received {n4 n4 {"message":6,"msg_id":5,"type":"broadcast"}}
2024/02/15 21:10:24 Received {n2 n4 {"message":7,"msg_id":3,"type":"broadcast"}}
2024/02/15 21:10:24 Sent {"src":"n4","dest":"n2","body":{"in_reply_to":3,"type":"broadcast_ok"}}
2024/02/15 21:10:24 Sent {"src":"n4","dest":"n4","body":{"message":7,"msg_id":3,"type":"broadcast"}}
2024/02/15 21:10:24 Sent {"src":"n4","dest":"n0","body":{"message":7,"msg_id":3,"type":"broadcast"}}
2024/02/15 21:10:24 Sent {"src":"n4","dest":"n1","body":{"message":7,"msg_id":3,"type":"broadcast"}}
2024/02/15 21:10:24 Sent {"src":"n4","dest":"n3","body":{"message":7,"msg_id":3,"type":"broadcast"}}
2024/02/15 21:10:24 Received {n3 n4 {"message":7,"msg_id":3,"type":"broadcast"}}
2024/02/15 21:10:24 Received {n4 n4 {"message":7,"msg_id":3,"type":"broadcast"}}
2024/02/15 21:10:24 Received {n0 n4 {"message":7,"msg_id":3,"type":"broadcast"}}
2024/02/15 21:10:24 Received {n1 n4 {"message":7,"msg_id":3,"type":"broadcast"}}
2024/02/15 21:10:24 Received {n3 n4 {"message":8,"msg_id":3,"type":"broadcast"}}
2024/02/15 21:10:24 Sent {"src":"n4","dest":"n3","body":{"in_reply_to":3,"type":"broadcast_ok"}}
2024/02/15 21:10:24 Sent {"src":"n4","dest":"n4","body":{"message":8,"msg_id":3,"type":"broadcast"}}
2024/02/15 21:10:24 Sent {"src":"n4","dest":"n0","body":{"message":8,"msg_id":3,"type":"broadcast"}}
2024/02/15 21:10:24 Sent {"src":"n4","dest":"n1","body":{"message":8,"msg_id":3,"type":"broadcast"}}
2024/02/15 21:10:24 Sent {"src":"n4","dest":"n2","body":{"message":8,"msg_id":3,"type":"broadcast"}}
2024/02/15 21:10:24 Received {n0 n4 {"message":8,"msg_id":3,"type":"broadcast"}}
2024/02/15 21:10:24 Received {n1 n4 {"message":8,"msg_id":3,"type":"broadcast"}}
2024/02/15 21:10:24 Received {n4 n4 {"message":8,"msg_id":3,"type":"broadcast"}}
2024/02/15 21:10:24 Received {n2 n4 {"message":8,"msg_id":3,"type":"broadcast"}}
2024/02/15 21:10:24 Received {c14 n4 {"type":"broadcast","message":9,"msg_id":3}}
2024/02/15 21:10:24 Sent {"src":"n4","dest":"c14","body":{"in_reply_to":3,"type":"broadcast_ok"}}
2024/02/15 21:10:24 Sent {"src":"n4","dest":"n4","body":{"message":9,"msg_id":3,"type":"broadcast"}}
2024/02/15 21:10:24 Sent {"src":"n4","dest":"n1","body":{"message":9,"msg_id":3,"type":"broadcast"}}
2024/02/15 21:10:24 Sent {"src":"n4","dest":"n0","body":{"message":9,"msg_id":3,"type":"broadcast"}}
2024/02/15 21:10:24 Sent {"src":"n4","dest":"n2","body":{"message":9,"msg_id":3,"type":"broadcast"}}
2024/02/15 21:10:24 Sent {"src":"n4","dest":"n3","body":{"message":9,"msg_id":3,"type":"broadcast"}}
2024/02/15 21:10:24 Received {n4 n4 {"message":9,"msg_id":3,"type":"broadcast"}}
2024/02/15 21:10:24 Received {n1 n4 {"in_reply_to":3,"type":"broadcast_ok"}}
2024/02/15 21:10:24 Ignoring reply to 3 with no callback
2024/02/15 21:10:24 Received {n2 n4 {"in_reply_to":3,"type":"broadcast_ok"}}
2024/02/15 21:10:24 Ignoring reply to 3 with no callback
2024/02/15 21:10:24 Received {n0 n4 {"in_reply_to":3,"type":"broadcast_ok"}}
2024/02/15 21:10:24 Ignoring reply to 3 with no callback
2024/02/15 21:10:24 Received {n3 n4 {"in_reply_to":3,"type":"broadcast_ok"}}
2024/02/15 21:10:24 Ignoring reply to 3 with no callback
2024/02/15 21:10:24 Received {n0 n4 {"message":10,"msg_id":7,"type":"broadcast"}}
2024/02/15 21:10:24 Sent {"src":"n4","dest":"n0","body":{"in_reply_to":7,"type":"broadcast_ok"}}
2024/02/15 21:10:24 Sent {"src":"n4","dest":"n4","body":{"message":10,"msg_id":7,"type":"broadcast"}}
2024/02/15 21:10:24 Sent {"src":"n4","dest":"n1","body":{"message":10,"msg_id":7,"type":"broadcast"}}
2024/02/15 21:10:24 Sent {"src":"n4","dest":"n2","body":{"message":10,"msg_id":7,"type":"broadcast"}}
2024/02/15 21:10:24 Sent {"src":"n4","dest":"n3","body":{"message":10,"msg_id":7,"type":"broadcast"}}
2024/02/15 21:10:24 Received {n1 n4 {"message":10,"msg_id":7,"type":"broadcast"}}
2024/02/15 21:10:24 Received {n2 n4 {"message":10,"msg_id":7,"type":"broadcast"}}
2024/02/15 21:10:24 Received {n3 n4 {"message":10,"msg_id":7,"type":"broadcast"}}
2024/02/15 21:10:24 Received {n4 n4 {"message":10,"msg_id":7,"type":"broadcast"}}
2024/02/15 21:10:25 Received {n2 n4 {"message":11,"msg_id":4,"type":"broadcast"}}
2024/02/15 21:10:25 Sent {"src":"n4","dest":"n2","body":{"in_reply_to":4,"type":"broadcast_ok"}}
2024/02/15 21:10:25 Sent {"src":"n4","dest":"n1","body":{"message":11,"msg_id":4,"type":"broadcast"}}
2024/02/15 21:10:25 Sent {"src":"n4","dest":"n0","body":{"message":11,"msg_id":4,"type":"broadcast"}}
2024/02/15 21:10:25 Sent {"src":"n4","dest":"n3","body":{"message":11,"msg_id":4,"type":"broadcast"}}
2024/02/15 21:10:25 Sent {"src":"n4","dest":"n4","body":{"message":11,"msg_id":4,"type":"broadcast"}}
2024/02/15 21:10:25 Received {n1 n4 {"message":11,"msg_id":4,"type":"broadcast"}}
2024/02/15 21:10:25 Received {n3 n4 {"message":11,"msg_id":4,"type":"broadcast"}}
2024/02/15 21:10:25 Received {n0 n4 {"message":11,"msg_id":4,"type":"broadcast"}}
2024/02/15 21:10:25 Received {n4 n4 {"message":11,"msg_id":4,"type":"broadcast"}}
2024/02/15 21:10:25 Received {c14 n4 {"type":"broadcast","message":12,"msg_id":4}}
2024/02/15 21:10:25 Sent {"src":"n4","dest":"c14","body":{"in_reply_to":4,"type":"broadcast_ok"}}
2024/02/15 21:10:25 Sent {"src":"n4","dest":"n1","body":{"message":12,"msg_id":4,"type":"broadcast"}}
2024/02/15 21:10:25 Sent {"src":"n4","dest":"n4","body":{"message":12,"msg_id":4,"type":"broadcast"}}
2024/02/15 21:10:25 Sent {"src":"n4","dest":"n2","body":{"message":12,"msg_id":4,"type":"broadcast"}}
2024/02/15 21:10:25 Sent {"src":"n4","dest":"n0","body":{"message":12,"msg_id":4,"type":"broadcast"}}
2024/02/15 21:10:25 Sent {"src":"n4","dest":"n3","body":{"message":12,"msg_id":4,"type":"broadcast"}}
2024/02/15 21:10:25 Received {n4 n4 {"message":12,"msg_id":4,"type":"broadcast"}}
2024/02/15 21:10:25 Received {n1 n4 {"in_reply_to":4,"type":"broadcast_ok"}}
2024/02/15 21:10:25 Ignoring reply to 4 with no callback
2024/02/15 21:10:25 Received {n2 n4 {"in_reply_to":4,"type":"broadcast_ok"}}
2024/02/15 21:10:25 Ignoring reply to 4 with no callback
2024/02/15 21:10:25 Received {n0 n4 {"in_reply_to":4,"type":"broadcast_ok"}}
2024/02/15 21:10:25 Ignoring reply to 4 with no callback
2024/02/15 21:10:25 Received {n3 n4 {"in_reply_to":4,"type":"broadcast_ok"}}
2024/02/15 21:10:25 Ignoring reply to 4 with no callback
2024/02/15 21:10:25 Received {n0 n4 {"message":13,"msg_id":8,"type":"broadcast"}}
2024/02/15 21:10:25 Sent {"src":"n4","dest":"n0","body":{"in_reply_to":8,"type":"broadcast_ok"}}
2024/02/15 21:10:25 Sent {"src":"n4","dest":"n4","body":{"message":13,"msg_id":8,"type":"broadcast"}}
2024/02/15 21:10:25 Sent {"src":"n4","dest":"n2","body":{"message":13,"msg_id":8,"type":"broadcast"}}
2024/02/15 21:10:25 Sent {"src":"n4","dest":"n1","body":{"message":13,"msg_id":8,"type":"broadcast"}}
2024/02/15 21:10:25 Sent {"src":"n4","dest":"n3","body":{"message":13,"msg_id":8,"type":"broadcast"}}
2024/02/15 21:10:25 Received {n4 n4 {"message":13,"msg_id":8,"type":"broadcast"}}
2024/02/15 21:10:25 Received {n1 n4 {"message":13,"msg_id":8,"type":"broadcast"}}
2024/02/15 21:10:25 Received {n3 n4 {"message":13,"msg_id":8,"type":"broadcast"}}
2024/02/15 21:10:25 Received {n2 n4 {"message":13,"msg_id":8,"type":"broadcast"}}
2024/02/15 21:10:25 Received {n0 n4 {"message":14,"msg_id":9,"type":"broadcast"}}
2024/02/15 21:10:25 Sent {"src":"n4","dest":"n0","body":{"in_reply_to":9,"type":"broadcast_ok"}}
2024/02/15 21:10:25 Sent {"src":"n4","dest":"n4","body":{"message":14,"msg_id":9,"type":"broadcast"}}
2024/02/15 21:10:25 Sent {"src":"n4","dest":"n1","body":{"message":14,"msg_id":9,"type":"broadcast"}}
2024/02/15 21:10:25 Sent {"src":"n4","dest":"n2","body":{"message":14,"msg_id":9,"type":"broadcast"}}
2024/02/15 21:10:25 Sent {"src":"n4","dest":"n3","body":{"message":14,"msg_id":9,"type":"broadcast"}}
2024/02/15 21:10:25 Received {n3 n4 {"message":14,"msg_id":9,"type":"broadcast"}}
2024/02/15 21:10:25 Received {n4 n4 {"message":14,"msg_id":9,"type":"broadcast"}}
2024/02/15 21:10:25 Received {n1 n4 {"message":14,"msg_id":9,"type":"broadcast"}}
2024/02/15 21:10:25 Received {n2 n4 {"message":14,"msg_id":9,"type":"broadcast"}}
2024/02/15 21:10:25 Received {n2 n4 {"message":15,"msg_id":5,"type":"broadcast"}}
2024/02/15 21:10:25 Sent {"src":"n4","dest":"n2","body":{"in_reply_to":5,"type":"broadcast_ok"}}
2024/02/15 21:10:25 Sent {"src":"n4","dest":"n1","body":{"message":15,"msg_id":5,"type":"broadcast"}}
2024/02/15 21:10:25 Sent {"src":"n4","dest":"n4","body":{"message":15,"msg_id":5,"type":"broadcast"}}
2024/02/15 21:10:25 Sent {"src":"n4","dest":"n0","body":{"message":15,"msg_id":5,"type":"broadcast"}}
2024/02/15 21:10:25 Sent {"src":"n4","dest":"n3","body":{"message":15,"msg_id":5,"type":"broadcast"}}
2024/02/15 21:10:25 Received {n4 n4 {"message":15,"msg_id":5,"type":"broadcast"}}
2024/02/15 21:10:25 Received {n0 n4 {"message":15,"msg_id":5,"type":"broadcast"}}
2024/02/15 21:10:25 Received {n1 n4 {"message":15,"msg_id":5,"type":"broadcast"}}
2024/02/15 21:10:25 Received {n3 n4 {"message":15,"msg_id":5,"type":"broadcast"}}
2024/02/15 21:10:25 Received {n3 n4 {"message":16,"msg_id":5,"type":"broadcast"}}
2024/02/15 21:10:25 Sent {"src":"n4","dest":"n3","body":{"in_reply_to":5,"type":"broadcast_ok"}}
2024/02/15 21:10:25 Sent {"src":"n4","dest":"n4","body":{"message":16,"msg_id":5,"type":"broadcast"}}
2024/02/15 21:10:25 Sent {"src":"n4","dest":"n0","body":{"message":16,"msg_id":5,"type":"broadcast"}}
2024/02/15 21:10:25 Sent {"src":"n4","dest":"n1","body":{"message":16,"msg_id":5,"type":"broadcast"}}
2024/02/15 21:10:25 Sent {"src":"n4","dest":"n2","body":{"message":16,"msg_id":5,"type":"broadcast"}}
2024/02/15 21:10:25 Received {n4 n4 {"message":16,"msg_id":5,"type":"broadcast"}}
2024/02/15 21:10:25 Received {n1 n4 {"message":16,"msg_id":5,"type":"broadcast"}}
2024/02/15 21:10:25 Received {n0 n4 {"message":16,"msg_id":5,"type":"broadcast"}}
2024/02/15 21:10:25 Received {n2 n4 {"message":16,"msg_id":5,"type":"broadcast"}}
2024/02/15 21:10:25 Received {c14 n4 {"type":"broadcast","message":17,"msg_id":5}}
2024/02/15 21:10:25 Sent {"src":"n4","dest":"c14","body":{"in_reply_to":5,"type":"broadcast_ok"}}
2024/02/15 21:10:25 Sent {"src":"n4","dest":"n4","body":{"message":17,"msg_id":5,"type":"broadcast"}}
2024/02/15 21:10:25 Sent {"src":"n4","dest":"n1","body":{"message":17,"msg_id":5,"type":"broadcast"}}
2024/02/15 21:10:25 Sent {"src":"n4","dest":"n2","body":{"message":17,"msg_id":5,"type":"broadcast"}}
2024/02/15 21:10:25 Sent {"src":"n4","dest":"n0","body":{"message":17,"msg_id":5,"type":"broadcast"}}
2024/02/15 21:10:25 Sent {"src":"n4","dest":"n3","body":{"message":17,"msg_id":5,"type":"broadcast"}}
2024/02/15 21:10:25 Received {n4 n4 {"message":17,"msg_id":5,"type":"broadcast"}}
2024/02/15 21:10:25 Received {n2 n4 {"in_reply_to":5,"type":"broadcast_ok"}}
2024/02/15 21:10:25 Ignoring reply to 5 with no callback
2024/02/15 21:10:25 Received {n3 n4 {"in_reply_to":5,"type":"broadcast_ok"}}
2024/02/15 21:10:25 Ignoring reply to 5 with no callback
2024/02/15 21:10:25 Received {n1 n4 {"in_reply_to":5,"type":"broadcast_ok"}}
2024/02/15 21:10:25 Ignoring reply to 5 with no callback
2024/02/15 21:10:25 Received {n0 n4 {"in_reply_to":5,"type":"broadcast_ok"}}
2024/02/15 21:10:25 Ignoring reply to 5 with no callback
2024/02/15 21:10:26 Received {n0 n4 {"message":18,"msg_id":10,"type":"broadcast"}}
2024/02/15 21:10:26 Sent {"src":"n4","dest":"n0","body":{"in_reply_to":10,"type":"broadcast_ok"}}
2024/02/15 21:10:26 Sent {"src":"n4","dest":"n2","body":{"message":18,"msg_id":10,"type":"broadcast"}}
2024/02/15 21:10:26 Sent {"src":"n4","dest":"n3","body":{"message":18,"msg_id":10,"type":"broadcast"}}
2024/02/15 21:10:26 Sent {"src":"n4","dest":"n1","body":{"message":18,"msg_id":10,"type":"broadcast"}}
2024/02/15 21:10:26 Sent {"src":"n4","dest":"n4","body":{"message":18,"msg_id":10,"type":"broadcast"}}
2024/02/15 21:10:26 Received {n2 n4 {"message":18,"msg_id":10,"type":"broadcast"}}
2024/02/15 21:10:26 Received {n3 n4 {"message":18,"msg_id":10,"type":"broadcast"}}
2024/02/15 21:10:26 Received {n1 n4 {"message":18,"msg_id":10,"type":"broadcast"}}
2024/02/15 21:10:26 Received {n4 n4 {"message":18,"msg_id":10,"type":"broadcast"}}
2024/02/15 21:10:26 Received {n1 n4 {"message":19,"msg_id":6,"type":"broadcast"}}
2024/02/15 21:10:26 Sent {"src":"n4","dest":"n1","body":{"in_reply_to":6,"type":"broadcast_ok"}}
2024/02/15 21:10:26 Sent {"src":"n4","dest":"n4","body":{"message":19,"msg_id":6,"type":"broadcast"}}
2024/02/15 21:10:26 Sent {"src":"n4","dest":"n0","body":{"message":19,"msg_id":6,"type":"broadcast"}}
2024/02/15 21:10:26 Sent {"src":"n4","dest":"n2","body":{"message":19,"msg_id":6,"type":"broadcast"}}
2024/02/15 21:10:26 Sent {"src":"n4","dest":"n3","body":{"message":19,"msg_id":6,"type":"broadcast"}}
2024/02/15 21:10:26 Received {n2 n4 {"message":19,"msg_id":6,"type":"broadcast"}}
2024/02/15 21:10:26 Received {n3 n4 {"message":19,"msg_id":6,"type":"broadcast"}}
2024/02/15 21:10:26 Received {n4 n4 {"message":19,"msg_id":6,"type":"broadcast"}}
2024/02/15 21:10:26 Received {n0 n4 {"message":19,"msg_id":6,"type":"broadcast"}}
2024/02/15 21:10:26 Received {n2 n4 {"message":20,"msg_id":6,"type":"broadcast"}}
2024/02/15 21:10:26 Sent {"src":"n4","dest":"n0","body":{"message":20,"msg_id":6,"type":"broadcast"}}
2024/02/15 21:10:26 Sent {"src":"n4","dest":"n1","body":{"message":20,"msg_id":6,"type":"broadcast"}}
2024/02/15 21:10:26 Sent {"src":"n4","dest":"n3","body":{"message":20,"msg_id":6,"type":"broadcast"}}
2024/02/15 21:10:26 Sent {"src":"n4","dest":"n2","body":{"in_reply_to":6,"type":"broadcast_ok"}}
2024/02/15 21:10:26 Sent {"src":"n4","dest":"n4","body":{"message":20,"msg_id":6,"type":"broadcast"}}
2024/02/15 21:10:26 Received {n3 n4 {"message":20,"msg_id":6,"type":"broadcast"}}
2024/02/15 21:10:26 Received {n0 n4 {"message":20,"msg_id":6,"type":"broadcast"}}
2024/02/15 21:10:26 Received {n1 n4 {"message":20,"msg_id":6,"type":"broadcast"}}
2024/02/15 21:10:26 Received {n4 n4 {"message":20,"msg_id":6,"type":"broadcast"}}
2024/02/15 21:10:26 Received {c14 n4 {"type":"read","msg_id":6}}
2024/02/15 21:10:26 Sent {"src":"n4","dest":"c14","body":{"in_reply_to":6,"messages":[1,7,10,11,15,16,0,9,12,18,17,19,13,14,2,3,4,5,6,8,20],"type":"read_ok"}}
2024/02/15 21:10:26 Received {n0 n4 {"message":21,"msg_id":13,"type":"broadcast"}}
2024/02/15 21:10:26 Sent {"src":"n4","dest":"n0","body":{"in_reply_to":13,"type":"broadcast_ok"}}
2024/02/15 21:10:26 Sent {"src":"n4","dest":"n4","body":{"message":21,"msg_id":13,"type":"broadcast"}}
2024/02/15 21:10:26 Sent {"src":"n4","dest":"n1","body":{"message":21,"msg_id":13,"type":"broadcast"}}
2024/02/15 21:10:26 Sent {"src":"n4","dest":"n2","body":{"message":21,"msg_id":13,"type":"broadcast"}}
2024/02/15 21:10:26 Sent {"src":"n4","dest":"n3","body":{"message":21,"msg_id":13,"type":"broadcast"}}
2024/02/15 21:10:26 Received {n1 n4 {"message":21,"msg_id":13,"type":"broadcast"}}
2024/02/15 21:10:26 Received {n4 n4 {"message":21,"msg_id":13,"type":"broadcast"}}
2024/02/15 21:10:26 Received {n3 n4 {"message":21,"msg_id":13,"type":"broadcast"}}
2024/02/15 21:10:26 Received {n2 n4 {"message":21,"msg_id":13,"type":"broadcast"}}
2024/02/15 21:10:27 Received {n2 n4 {"message":22,"msg_id":7,"type":"broadcast"}}
2024/02/15 21:10:27 Sent {"src":"n4","dest":"n2","body":{"in_reply_to":7,"type":"broadcast_ok"}}
2024/02/15 21:10:27 Sent {"src":"n4","dest":"n1","body":{"message":22,"msg_id":7,"type":"broadcast"}}
2024/02/15 21:10:27 Sent {"src":"n4","dest":"n0","body":{"message":22,"msg_id":7,"type":"broadcast"}}
2024/02/15 21:10:27 Sent {"src":"n4","dest":"n4","body":{"message":22,"msg_id":7,"type":"broadcast"}}
2024/02/15 21:10:27 Sent {"src":"n4","dest":"n3","body":{"message":22,"msg_id":7,"type":"broadcast"}}
2024/02/15 21:10:27 Received {n1 n4 {"message":22,"msg_id":7,"type":"broadcast"}}
2024/02/15 21:10:27 Received {n4 n4 {"message":22,"msg_id":7,"type":"broadcast"}}
2024/02/15 21:10:27 Received {n3 n4 {"message":22,"msg_id":7,"type":"broadcast"}}
2024/02/15 21:10:27 Received {n0 n4 {"message":22,"msg_id":7,"type":"broadcast"}}
2024/02/15 21:10:27 Received {n3 n4 {"message":23,"msg_id":7,"type":"broadcast"}}
2024/02/15 21:10:27 Sent {"src":"n4","dest":"n3","body":{"in_reply_to":7,"type":"broadcast_ok"}}
2024/02/15 21:10:27 Sent {"src":"n4","dest":"n4","body":{"message":23,"msg_id":7,"type":"broadcast"}}
2024/02/15 21:10:27 Sent {"src":"n4","dest":"n0","body":{"message":23,"msg_id":7,"type":"broadcast"}}
2024/02/15 21:10:27 Sent {"src":"n4","dest":"n1","body":{"message":23,"msg_id":7,"type":"broadcast"}}
2024/02/15 21:10:27 Sent {"src":"n4","dest":"n2","body":{"message":23,"msg_id":7,"type":"broadcast"}}
2024/02/15 21:10:27 Received {n4 n4 {"message":23,"msg_id":7,"type":"broadcast"}}
2024/02/15 21:10:27 Received {n0 n4 {"message":23,"msg_id":7,"type":"broadcast"}}
2024/02/15 21:10:27 Received {n1 n4 {"message":23,"msg_id":7,"type":"broadcast"}}
2024/02/15 21:10:27 Received {n2 n4 {"message":23,"msg_id":7,"type":"broadcast"}}
2024/02/15 21:10:27 Received {c14 n4 {"type":"read","msg_id":7}}
2024/02/15 21:10:27 Sent {"src":"n4","dest":"c14","body":{"in_reply_to":7,"messages":[16,1,7,10,11,15,0,9,12,18,23,17,19,8,13,14,2,3,4,5,6,20,21,22],"type":"read_ok"}}
2024/02/15 21:10:28 Received {n2 n4 {"message":24,"msg_id":8,"type":"broadcast"}}
2024/02/15 21:10:28 Sent {"src":"n4","dest":"n2","body":{"in_reply_to":8,"type":"broadcast_ok"}}
2024/02/15 21:10:28 Sent {"src":"n4","dest":"n4","body":{"message":24,"msg_id":8,"type":"broadcast"}}
2024/02/15 21:10:28 Sent {"src":"n4","dest":"n0","body":{"message":24,"msg_id":8,"type":"broadcast"}}
2024/02/15 21:10:28 Sent {"src":"n4","dest":"n1","body":{"message":24,"msg_id":8,"type":"broadcast"}}
2024/02/15 21:10:28 Sent {"src":"n4","dest":"n3","body":{"message":24,"msg_id":8,"type":"broadcast"}}
2024/02/15 21:10:28 Received {n4 n4 {"message":24,"msg_id":8,"type":"broadcast"}}
2024/02/15 21:10:28 Received {n0 n4 {"message":24,"msg_id":8,"type":"broadcast"}}
2024/02/15 21:10:28 Received {n3 n4 {"message":24,"msg_id":8,"type":"broadcast"}}
2024/02/15 21:10:28 Received {n1 n4 {"message":24,"msg_id":8,"type":"broadcast"}}
2024/02/15 21:10:28 Received {n3 n4 {"message":25,"msg_id":8,"type":"broadcast"}}
2024/02/15 21:10:28 Sent {"src":"n4","dest":"n3","body":{"in_reply_to":8,"type":"broadcast_ok"}}
2024/02/15 21:10:28 Sent {"src":"n4","dest":"n4","body":{"message":25,"msg_id":8,"type":"broadcast"}}
2024/02/15 21:10:28 Sent {"src":"n4","dest":"n0","body":{"message":25,"msg_id":8,"type":"broadcast"}}
2024/02/15 21:10:28 Sent {"src":"n4","dest":"n1","body":{"message":25,"msg_id":8,"type":"broadcast"}}
2024/02/15 21:10:28 Sent {"src":"n4","dest":"n2","body":{"message":25,"msg_id":8,"type":"broadcast"}}
2024/02/15 21:10:28 Received {n4 n4 {"message":25,"msg_id":8,"type":"broadcast"}}
2024/02/15 21:10:28 Received {n1 n4 {"message":25,"msg_id":8,"type":"broadcast"}}
2024/02/15 21:10:28 Received {n2 n4 {"message":25,"msg_id":8,"type":"broadcast"}}
2024/02/15 21:10:28 Received {n0 n4 {"message":25,"msg_id":8,"type":"broadcast"}}
2024/02/15 21:10:28 Received {c14 n4 {"type":"read","msg_id":8}}
2024/02/15 21:10:28 Sent {"src":"n4","dest":"c14","body":{"in_reply_to":8,"messages":[9,12,18,23,24,25,2,4,6,20,21,0,17,19,3,5,8,13,14,22,1,7,10,11,15,16],"type":"read_ok"}}
2024/02/15 21:10:28 Received {n0 n4 {"message":26,"msg_id":16,"type":"broadcast"}}
2024/02/15 21:10:28 Sent {"src":"n4","dest":"n0","body":{"in_reply_to":16,"type":"broadcast_ok"}}
2024/02/15 21:10:28 Sent {"src":"n4","dest":"n4","body":{"message":26,"msg_id":16,"type":"broadcast"}}
2024/02/15 21:10:28 Sent {"src":"n4","dest":"n1","body":{"message":26,"msg_id":16,"type":"broadcast"}}
2024/02/15 21:10:28 Sent {"src":"n4","dest":"n2","body":{"message":26,"msg_id":16,"type":"broadcast"}}
2024/02/15 21:10:28 Sent {"src":"n4","dest":"n3","body":{"message":26,"msg_id":16,"type":"broadcast"}}
2024/02/15 21:10:28 Received {n1 n4 {"message":26,"msg_id":16,"type":"broadcast"}}
2024/02/15 21:10:28 Received {n2 n4 {"message":26,"msg_id":16,"type":"broadcast"}}
2024/02/15 21:10:28 Received {n3 n4 {"message":26,"msg_id":16,"type":"broadcast"}}
2024/02/15 21:10:28 Received {n4 n4 {"message":26,"msg_id":16,"type":"broadcast"}}
2024/02/15 21:10:28 Received {n0 n4 {"message":27,"msg_id":17,"type":"broadcast"}}
2024/02/15 21:10:28 Sent {"src":"n4","dest":"n0","body":{"in_reply_to":17,"type":"broadcast_ok"}}
2024/02/15 21:10:28 Sent {"src":"n4","dest":"n4","body":{"message":27,"msg_id":17,"type":"broadcast"}}
2024/02/15 21:10:28 Sent {"src":"n4","dest":"n1","body":{"message":27,"msg_id":17,"type":"broadcast"}}
2024/02/15 21:10:28 Sent {"src":"n4","dest":"n2","body":{"message":27,"msg_id":17,"type":"broadcast"}}
2024/02/15 21:10:28 Sent {"src":"n4","dest":"n3","body":{"message":27,"msg_id":17,"type":"broadcast"}}
2024/02/15 21:10:28 Received {n1 n4 {"message":27,"msg_id":17,"type":"broadcast"}}
2024/02/15 21:10:28 Received {n2 n4 {"message":27,"msg_id":17,"type":"broadcast"}}
2024/02/15 21:10:28 Received {n3 n4 {"message":27,"msg_id":17,"type":"broadcast"}}
2024/02/15 21:10:28 Received {n4 n4 {"message":27,"msg_id":17,"type":"broadcast"}}
2024/02/15 21:10:28 Received {n1 n4 {"message":28,"msg_id":9,"type":"broadcast"}}
2024/02/15 21:10:28 Sent {"src":"n4","dest":"n2","body":{"message":28,"msg_id":9,"type":"broadcast"}}
2024/02/15 21:10:28 Sent {"src":"n4","dest":"n0","body":{"message":28,"msg_id":9,"type":"broadcast"}}
2024/02/15 21:10:28 Sent {"src":"n4","dest":"n1","body":{"in_reply_to":9,"type":"broadcast_ok"}}
2024/02/15 21:10:28 Sent {"src":"n4","dest":"n3","body":{"message":28,"msg_id":9,"type":"broadcast"}}
2024/02/15 21:10:28 Sent {"src":"n4","dest":"n4","body":{"message":28,"msg_id":9,"type":"broadcast"}}
2024/02/15 21:10:28 Received {n3 n4 {"message":28,"msg_id":9,"type":"broadcast"}}
2024/02/15 21:10:28 Received {n0 n4 {"message":28,"msg_id":9,"type":"broadcast"}}
2024/02/15 21:10:28 Received {n4 n4 {"message":28,"msg_id":9,"type":"broadcast"}}
2024/02/15 21:10:28 Received {n2 n4 {"message":28,"msg_id":9,"type":"broadcast"}}
2024/02/15 21:10:28 Received {c14 n4 {"type":"read","msg_id":9}}
2024/02/15 21:10:28 Sent {"src":"n4","dest":"c14","body":{"in_reply_to":9,"messages":[0,17,19,3,5,8,13,14,22,26,1,7,10,11,15,16,9,12,18,23,24,25,2,4,6,20,21,27,28],"type":"read_ok"}}
2024/02/15 21:10:29 Received {n2 n4 {"message":29,"msg_id":10,"type":"broadcast"}}
2024/02/15 21:10:29 Sent {"src":"n4","dest":"n2","body":{"in_reply_to":10,"type":"broadcast_ok"}}
2024/02/15 21:10:29 Sent {"src":"n4","dest":"n4","body":{"message":29,"msg_id":10,"type":"broadcast"}}
2024/02/15 21:10:29 Sent {"src":"n4","dest":"n0","body":{"message":29,"msg_id":10,"type":"broadcast"}}
2024/02/15 21:10:29 Sent {"src":"n4","dest":"n1","body":{"message":29,"msg_id":10,"type":"broadcast"}}
2024/02/15 21:10:29 Sent {"src":"n4","dest":"n3","body":{"message":29,"msg_id":10,"type":"broadcast"}}
2024/02/15 21:10:29 Received {n4 n4 {"message":29,"msg_id":10,"type":"broadcast"}}
2024/02/15 21:10:29 Received {n1 n4 {"message":29,"msg_id":10,"type":"broadcast"}}
2024/02/15 21:10:29 Received {n0 n4 {"message":29,"msg_id":10,"type":"broadcast"}}
2024/02/15 21:10:29 Received {n3 n4 {"message":29,"msg_id":10,"type":"broadcast"}}
2024/02/15 21:10:29 Received {c14 n4 {"type":"read","msg_id":10}}
2024/02/15 21:10:29 Sent {"src":"n4","dest":"c14","body":{"in_reply_to":10,"messages":[27,2,4,6,20,21,28,0,29,17,19,22,3,5,8,13,14,16,26,1,7,10,11,15,25,9,12,18,23,24],"type":"read_ok"}}
2024/02/15 21:10:29 Received {n0 n4 {"message":30,"msg_id":20,"type":"broadcast"}}
2024/02/15 21:10:29 Sent {"src":"n4","dest":"n0","body":{"in_reply_to":20,"type":"broadcast_ok"}}
2024/02/15 21:10:29 Sent {"src":"n4","dest":"n4","body":{"message":30,"msg_id":20,"type":"broadcast"}}
2024/02/15 21:10:29 Sent {"src":"n4","dest":"n1","body":{"message":30,"msg_id":20,"type":"broadcast"}}
2024/02/15 21:10:29 Sent {"src":"n4","dest":"n2","body":{"message":30,"msg_id":20,"type":"broadcast"}}
2024/02/15 21:10:29 Sent {"src":"n4","dest":"n3","body":{"message":30,"msg_id":20,"type":"broadcast"}}
2024/02/15 21:10:29 Received {n4 n4 {"message":30,"msg_id":20,"type":"broadcast"}}
2024/02/15 21:10:29 Received {n1 n4 {"message":30,"msg_id":20,"type":"broadcast"}}
2024/02/15 21:10:29 Received {n2 n4 {"message":30,"msg_id":20,"type":"broadcast"}}
2024/02/15 21:10:29 Received {n3 n4 {"message":30,"msg_id":20,"type":"broadcast"}}
2024/02/15 21:10:29 Received {n0 n4 {"message":31,"msg_id":21,"type":"broadcast"}}
2024/02/15 21:10:29 Sent {"src":"n4","dest":"n0","body":{"in_reply_to":21,"type":"broadcast_ok"}}
2024/02/15 21:10:29 Sent {"src":"n4","dest":"n4","body":{"message":31,"msg_id":21,"type":"broadcast"}}
2024/02/15 21:10:29 Sent {"src":"n4","dest":"n1","body":{"message":31,"msg_id":21,"type":"broadcast"}}
2024/02/15 21:10:29 Sent {"src":"n4","dest":"n2","body":{"message":31,"msg_id":21,"type":"broadcast"}}
2024/02/15 21:10:29 Sent {"src":"n4","dest":"n3","body":{"message":31,"msg_id":21,"type":"broadcast"}}
2024/02/15 21:10:29 Received {n4 n4 {"message":31,"msg_id":21,"type":"broadcast"}}
2024/02/15 21:10:29 Received {n1 n4 {"message":31,"msg_id":21,"type":"broadcast"}}
2024/02/15 21:10:29 Received {n3 n4 {"message":31,"msg_id":21,"type":"broadcast"}}
2024/02/15 21:10:29 Received {n2 n4 {"message":31,"msg_id":21,"type":"broadcast"}}
2024/02/15 21:10:29 Received {n3 n4 {"message":32,"msg_id":11,"type":"broadcast"}}
2024/02/15 21:10:29 Sent {"src":"n4","dest":"n3","body":{"in_reply_to":11,"type":"broadcast_ok"}}
2024/02/15 21:10:29 Sent {"src":"n4","dest":"n4","body":{"message":32,"msg_id":11,"type":"broadcast"}}
2024/02/15 21:10:29 Sent {"src":"n4","dest":"n0","body":{"message":32,"msg_id":11,"type":"broadcast"}}
2024/02/15 21:10:29 Sent {"src":"n4","dest":"n1","body":{"message":32,"msg_id":11,"type":"broadcast"}}
2024/02/15 21:10:29 Sent {"src":"n4","dest":"n2","body":{"message":32,"msg_id":11,"type":"broadcast"}}
2024/02/15 21:10:29 Received {n1 n4 {"message":32,"msg_id":11,"type":"broadcast"}}
2024/02/15 21:10:29 Received {n2 n4 {"message":32,"msg_id":11,"type":"broadcast"}}
2024/02/15 21:10:29 Received {n4 n4 {"message":32,"msg_id":11,"type":"broadcast"}}
2024/02/15 21:10:29 Received {n0 n4 {"message":32,"msg_id":11,"type":"broadcast"}}
2024/02/15 21:10:29 Received {c14 n4 {"type":"read","msg_id":11}}
2024/02/15 21:10:29 Sent {"src":"n4","dest":"c14","body":{"in_reply_to":11,"messages":[27,2,4,6,20,21,28,30,31,0,29,17,19,22,3,5,8,13,14,16,26,1,7,10,11,15,25,32,9,12,18,23,24],"type":"read_ok"}}
2024/02/15 21:10:30 Received {n1 n4 {"message":33,"msg_id":12,"type":"broadcast"}}
2024/02/15 21:10:30 Sent {"src":"n4","dest":"n1","body":{"in_reply_to":12,"type":"broadcast_ok"}}
2024/02/15 21:10:30 Sent {"src":"n4","dest":"n4","body":{"message":33,"msg_id":12,"type":"broadcast"}}
2024/02/15 21:10:30 Sent {"src":"n4","dest":"n0","body":{"message":33,"msg_id":12,"type":"broadcast"}}
2024/02/15 21:10:30 Sent {"src":"n4","dest":"n2","body":{"message":33,"msg_id":12,"type":"broadcast"}}
2024/02/15 21:10:30 Sent {"src":"n4","dest":"n3","body":{"message":33,"msg_id":12,"type":"broadcast"}}
2024/02/15 21:10:30 Received {n2 n4 {"message":33,"msg_id":12,"type":"broadcast"}}
2024/02/15 21:10:30 Received {n0 n4 {"message":33,"msg_id":12,"type":"broadcast"}}
2024/02/15 21:10:30 Received {n3 n4 {"message":33,"msg_id":12,"type":"broadcast"}}
2024/02/15 21:10:30 Received {n4 n4 {"message":33,"msg_id":12,"type":"broadcast"}}
2024/02/15 21:10:30 Received {n3 n4 {"message":34,"msg_id":12,"type":"broadcast"}}
2024/02/15 21:10:30 Sent {"src":"n4","dest":"n3","body":{"in_reply_to":12,"type":"broadcast_ok"}}
2024/02/15 21:10:30 Sent {"src":"n4","dest":"n4","body":{"message":34,"msg_id":12,"type":"broadcast"}}
2024/02/15 21:10:30 Sent {"src":"n4","dest":"n0","body":{"message":34,"msg_id":12,"type":"broadcast"}}
2024/02/15 21:10:30 Sent {"src":"n4","dest":"n1","body":{"message":34,"msg_id":12,"type":"broadcast"}}
2024/02/15 21:10:30 Sent {"src":"n4","dest":"n2","body":{"message":34,"msg_id":12,"type":"broadcast"}}
2024/02/15 21:10:30 Received {n4 n4 {"message":34,"msg_id":12,"type":"broadcast"}}
2024/02/15 21:10:30 Received {n2 n4 {"message":34,"msg_id":12,"type":"broadcast"}}
2024/02/15 21:10:30 Received {n1 n4 {"message":34,"msg_id":12,"type":"broadcast"}}
2024/02/15 21:10:30 Received {n0 n4 {"message":34,"msg_id":12,"type":"broadcast"}}
2024/02/15 21:10:30 Received {c14 n4 {"type":"read","msg_id":12}}
2024/02/15 21:10:30 Sent {"src":"n4","dest":"c14","body":{"in_reply_to":12,"messages":[8,13,14,22,3,5,10,11,15,16,26,1,7,18,23,24,25,32,9,12,6,20,21,27,2,4,31,33,34,28,30,0,29,17,19],"type":"read_ok"}}
2024/02/15 21:10:30 Received {n0 n4 {"message":35,"msg_id":25,"type":"broadcast"}}
2024/02/15 21:10:30 Sent {"src":"n4","dest":"n0","body":{"in_reply_to":25,"type":"broadcast_ok"}}
2024/02/15 21:10:30 Sent {"src":"n4","dest":"n4","body":{"message":35,"msg_id":25,"type":"broadcast"}}
2024/02/15 21:10:30 Sent {"src":"n4","dest":"n1","body":{"message":35,"msg_id":25,"type":"broadcast"}}
2024/02/15 21:10:30 Sent {"src":"n4","dest":"n2","body":{"message":35,"msg_id":25,"type":"broadcast"}}
2024/02/15 21:10:30 Sent {"src":"n4","dest":"n3","body":{"message":35,"msg_id":25,"type":"broadcast"}}
2024/02/15 21:10:30 Received {n4 n4 {"message":35,"msg_id":25,"type":"broadcast"}}
2024/02/15 21:10:30 Received {n1 n4 {"message":35,"msg_id":25,"type":"broadcast"}}
2024/02/15 21:10:30 Received {n2 n4 {"message":35,"msg_id":25,"type":"broadcast"}}
2024/02/15 21:10:30 Received {n3 n4 {"message":35,"msg_id":25,"type":"broadcast"}}
2024/02/15 21:10:30 Received {n3 n4 {"message":36,"msg_id":13,"type":"broadcast"}}
2024/02/15 21:10:30 Sent {"src":"n4","dest":"n3","body":{"in_reply_to":13,"type":"broadcast_ok"}}
2024/02/15 21:10:30 Sent {"src":"n4","dest":"n4","body":{"message":36,"msg_id":13,"type":"broadcast"}}
2024/02/15 21:10:30 Sent {"src":"n4","dest":"n2","body":{"message":36,"msg_id":13,"type":"broadcast"}}
2024/02/15 21:10:30 Sent {"src":"n4","dest":"n1","body":{"message":36,"msg_id":13,"type":"broadcast"}}
2024/02/15 21:10:30 Sent {"src":"n4","dest":"n0","body":{"message":36,"msg_id":13,"type":"broadcast"}}
2024/02/15 21:10:30 Received {n4 n4 {"message":36,"msg_id":13,"type":"broadcast"}}
2024/02/15 21:10:30 Received {n1 n4 {"message":36,"msg_id":13,"type":"broadcast"}}
2024/02/15 21:10:30 Received {n2 n4 {"message":36,"msg_id":13,"type":"broadcast"}}
2024/02/15 21:10:30 Received {n0 n4 {"message":36,"msg_id":13,"type":"broadcast"}}
2024/02/15 21:10:30 Received {c14 n4 {"type":"read","msg_id":13}}
2024/02/15 21:10:30 Sent {"src":"n4","dest":"c14","body":{"in_reply_to":13,"messages":[28,30,31,33,34,35,0,29,17,19,3,5,8,13,14,22,1,7,10,11,15,16,26,9,12,18,23,24,25,32,2,4,6,20,21,27,36],"type":"read_ok"}}
2024/02/15 21:10:31 Received {n0 n4 {"message":37,"msg_id":27,"type":"broadcast"}}
2024/02/15 21:10:31 Sent {"src":"n4","dest":"n0","body":{"in_reply_to":27,"type":"broadcast_ok"}}
2024/02/15 21:10:31 Sent {"src":"n4","dest":"n4","body":{"message":37,"msg_id":27,"type":"broadcast"}}
2024/02/15 21:10:31 Sent {"src":"n4","dest":"n1","body":{"message":37,"msg_id":27,"type":"broadcast"}}
2024/02/15 21:10:31 Sent {"src":"n4","dest":"n2","body":{"message":37,"msg_id":27,"type":"broadcast"}}
2024/02/15 21:10:31 Sent {"src":"n4","dest":"n3","body":{"message":37,"msg_id":27,"type":"broadcast"}}
2024/02/15 21:10:31 Received {n1 n4 {"message":37,"msg_id":27,"type":"broadcast"}}
2024/02/15 21:10:31 Received {n4 n4 {"message":37,"msg_id":27,"type":"broadcast"}}
2024/02/15 21:10:31 Received {n2 n4 {"message":37,"msg_id":27,"type":"broadcast"}}
2024/02/15 21:10:31 Received {n3 n4 {"message":37,"msg_id":27,"type":"broadcast"}}
2024/02/15 21:10:31 Received {n2 n4 {"message":38,"msg_id":14,"type":"broadcast"}}
2024/02/15 21:10:31 Sent {"src":"n4","dest":"n2","body":{"in_reply_to":14,"type":"broadcast_ok"}}
2024/02/15 21:10:31 Sent {"src":"n4","dest":"n4","body":{"message":38,"msg_id":14,"type":"broadcast"}}
2024/02/15 21:10:31 Sent {"src":"n4","dest":"n0","body":{"message":38,"msg_id":14,"type":"broadcast"}}
2024/02/15 21:10:31 Sent {"src":"n4","dest":"n1","body":{"message":38,"msg_id":14,"type":"broadcast"}}
2024/02/15 21:10:31 Sent {"src":"n4","dest":"n3","body":{"message":38,"msg_id":14,"type":"broadcast"}}
2024/02/15 21:10:31 Received {n4 n4 {"message":38,"msg_id":14,"type":"broadcast"}}
2024/02/15 21:10:31 Received {n1 n4 {"message":38,"msg_id":14,"type":"broadcast"}}
2024/02/15 21:10:31 Received {n0 n4 {"message":38,"msg_id":14,"type":"broadcast"}}
2024/02/15 21:10:31 Received {n3 n4 {"message":38,"msg_id":14,"type":"broadcast"}}
2024/02/15 21:10:31 Received {c14 n4 {"type":"read","msg_id":14}}
2024/02/15 21:10:31 Sent {"src":"n4","dest":"c14","body":{"in_reply_to":14,"messages":[21,27,36,2,4,6,20,34,35,28,30,31,33,0,29,37,17,19,14,22,3,5,8,13,15,16,26,38,1,7,10,11,24,25,32,9,12,18,23],"type":"read_ok"}}
2024/02/15 21:10:32 Received {n2 n4 {"message":39,"msg_id":15,"type":"broadcast"}}
2024/02/15 21:10:32 Sent {"src":"n4","dest":"n1","body":{"message":39,"msg_id":15,"type":"broadcast"}}
2024/02/15 21:10:32 Sent {"src":"n4","dest":"n4","body":{"message":39,"msg_id":15,"type":"broadcast"}}
2024/02/15 21:10:32 Sent {"src":"n4","dest":"n0","body":{"message":39,"msg_id":15,"type":"broadcast"}}
2024/02/15 21:10:32 Sent {"src":"n4","dest":"n3","body":{"message":39,"msg_id":15,"type":"broadcast"}}
2024/02/15 21:10:32 Sent {"src":"n4","dest":"n2","body":{"in_reply_to":15,"type":"broadcast_ok"}}
2024/02/15 21:10:32 Received {n4 n4 {"message":39,"msg_id":15,"type":"broadcast"}}
2024/02/15 21:10:32 Received {n0 n4 {"message":39,"msg_id":15,"type":"broadcast"}}
2024/02/15 21:10:32 Received {n1 n4 {"message":39,"msg_id":15,"type":"broadcast"}}
2024/02/15 21:10:32 Received {n3 n4 {"message":39,"msg_id":15,"type":"broadcast"}}
2024/02/15 21:10:32 Received {c14 n4 {"type":"broadcast","message":40,"msg_id":15}}
2024/02/15 21:10:32 Sent {"src":"n4","dest":"c14","body":{"in_reply_to":15,"type":"broadcast_ok"}}
2024/02/15 21:10:32 Sent {"src":"n4","dest":"n0","body":{"message":40,"msg_id":15,"type":"broadcast"}}
2024/02/15 21:10:32 Sent {"src":"n4","dest":"n1","body":{"message":40,"msg_id":15,"type":"broadcast"}}
2024/02/15 21:10:32 Sent {"src":"n4","dest":"n3","body":{"message":40,"msg_id":15,"type":"broadcast"}}
2024/02/15 21:10:32 Sent {"src":"n4","dest":"n4","body":{"message":40,"msg_id":15,"type":"broadcast"}}
2024/02/15 21:10:32 Sent {"src":"n4","dest":"n2","body":{"message":40,"msg_id":15,"type":"broadcast"}}
2024/02/15 21:10:32 Received {n4 n4 {"message":40,"msg_id":15,"type":"broadcast"}}
2024/02/15 21:10:32 Received {n3 n4 {"in_reply_to":15,"type":"broadcast_ok"}}
2024/02/15 21:10:32 Ignoring reply to 15 with no callback
2024/02/15 21:10:32 Received {n2 n4 {"in_reply_to":15,"type":"broadcast_ok"}}
2024/02/15 21:10:32 Ignoring reply to 15 with no callback
2024/02/15 21:10:32 Received {n0 n4 {"in_reply_to":15,"type":"broadcast_ok"}}
2024/02/15 21:10:32 Ignoring reply to 15 with no callback
2024/02/15 21:10:32 Received {n1 n4 {"in_reply_to":15,"type":"broadcast_ok"}}
2024/02/15 21:10:32 Ignoring reply to 15 with no callback
2024/02/15 21:10:32 Received {n0 n4 {"message":41,"msg_id":30,"type":"broadcast"}}
2024/02/15 21:10:32 Sent {"src":"n4","dest":"n0","body":{"in_reply_to":30,"type":"broadcast_ok"}}
2024/02/15 21:10:32 Sent {"src":"n4","dest":"n4","body":{"message":41,"msg_id":30,"type":"broadcast"}}
2024/02/15 21:10:32 Sent {"src":"n4","dest":"n2","body":{"message":41,"msg_id":30,"type":"broadcast"}}
2024/02/15 21:10:32 Sent {"src":"n4","dest":"n1","body":{"message":41,"msg_id":30,"type":"broadcast"}}
2024/02/15 21:10:32 Sent {"src":"n4","dest":"n3","body":{"message":41,"msg_id":30,"type":"broadcast"}}
2024/02/15 21:10:32 Received {n4 n4 {"message":41,"msg_id":30,"type":"broadcast"}}
2024/02/15 21:10:32 Received {n2 n4 {"message":41,"msg_id":30,"type":"broadcast"}}
2024/02/15 21:10:32 Received {n1 n4 {"message":41,"msg_id":30,"type":"broadcast"}}
2024/02/15 21:10:32 Received {n3 n4 {"message":41,"msg_id":30,"type":"broadcast"}}
2024/02/15 21:10:32 Received {n0 n4 {"message":42,"msg_id":31,"type":"broadcast"}}
2024/02/15 21:10:32 Sent {"src":"n4","dest":"n0","body":{"in_reply_to":31,"type":"broadcast_ok"}}
2024/02/15 21:10:32 Sent {"src":"n4","dest":"n4","body":{"message":42,"msg_id":31,"type":"broadcast"}}
2024/02/15 21:10:32 Sent {"src":"n4","dest":"n3","body":{"message":42,"msg_id":31,"type":"broadcast"}}
2024/02/15 21:10:32 Sent {"src":"n4","dest":"n2","body":{"message":42,"msg_id":31,"type":"broadcast"}}
2024/02/15 21:10:32 Sent {"src":"n4","dest":"n1","body":{"message":42,"msg_id":31,"type":"broadcast"}}
2024/02/15 21:10:32 Received {n1 n4 {"message":42,"msg_id":31,"type":"broadcast"}}
2024/02/15 21:10:32 Received {n2 n4 {"message":42,"msg_id":31,"type":"broadcast"}}
2024/02/15 21:10:32 Received {n4 n4 {"message":42,"msg_id":31,"type":"broadcast"}}
2024/02/15 21:10:32 Received {n3 n4 {"message":42,"msg_id":31,"type":"broadcast"}}
2024/02/15 21:10:32 Received {n1 n4 {"message":43,"msg_id":16,"type":"broadcast"}}
2024/02/15 21:10:32 Sent {"src":"n4","dest":"n1","body":{"in_reply_to":16,"type":"broadcast_ok"}}
2024/02/15 21:10:32 Sent {"src":"n4","dest":"n4","body":{"message":43,"msg_id":16,"type":"broadcast"}}
2024/02/15 21:10:32 Sent {"src":"n4","dest":"n3","body":{"message":43,"msg_id":16,"type":"broadcast"}}
2024/02/15 21:10:32 Sent {"src":"n4","dest":"n2","body":{"message":43,"msg_id":16,"type":"broadcast"}}
2024/02/15 21:10:32 Sent {"src":"n4","dest":"n0","body":{"message":43,"msg_id":16,"type":"broadcast"}}
2024/02/15 21:10:32 Received {n0 n4 {"message":43,"msg_id":16,"type":"broadcast"}}
2024/02/15 21:10:32 Received {n2 n4 {"message":43,"msg_id":16,"type":"broadcast"}}
2024/02/15 21:10:32 Received {n4 n4 {"message":43,"msg_id":16,"type":"broadcast"}}
2024/02/15 21:10:32 Received {n3 n4 {"message":43,"msg_id":16,"type":"broadcast"}}
2024/02/15 21:10:32 Received {n2 n4 {"message":44,"msg_id":16,"type":"broadcast"}}
2024/02/15 21:10:32 Sent {"src":"n4","dest":"n2","body":{"in_reply_to":16,"type":"broadcast_ok"}}
2024/02/15 21:10:32 Sent {"src":"n4","dest":"n4","body":{"message":44,"msg_id":16,"type":"broadcast"}}
2024/02/15 21:10:32 Sent {"src":"n4","dest":"n0","body":{"message":44,"msg_id":16,"type":"broadcast"}}
2024/02/15 21:10:32 Sent {"src":"n4","dest":"n1","body":{"message":44,"msg_id":16,"type":"broadcast"}}
2024/02/15 21:10:32 Sent {"src":"n4","dest":"n3","body":{"message":44,"msg_id":16,"type":"broadcast"}}
2024/02/15 21:10:32 Received {n4 n4 {"message":44,"msg_id":16,"type":"broadcast"}}
2024/02/15 21:10:32 Received {n0 n4 {"message":44,"msg_id":16,"type":"broadcast"}}
2024/02/15 21:10:32 Received {n1 n4 {"message":44,"msg_id":16,"type":"broadcast"}}
2024/02/15 21:10:32 Received {n3 n4 {"message":44,"msg_id":16,"type":"broadcast"}}
2024/02/15 21:10:32 Received {c14 n4 {"type":"read","msg_id":16}}
2024/02/15 21:10:32 Sent {"src":"n4","dest":"c14","body":{"in_reply_to":16,"messages":[0,29,37,17,19,42,43,44,39,40,3,5,8,13,14,22,41,26,38,1,7,10,11,15,16,32,9,12,18,23,24,25,36,2,4,6,20,21,27,28,30,31,33,34,35],"type":"read_ok"}}
2024/02/15 21:10:32 Received {n0 n4 {"message":45,"msg_id":32,"type":"broadcast"}}
2024/02/15 21:10:32 Sent {"src":"n4","dest":"n0","body":{"in_reply_to":32,"type":"broadcast_ok"}}
2024/02/15 21:10:32 Sent {"src":"n4","dest":"n2","body":{"message":45,"msg_id":32,"type":"broadcast"}}
2024/02/15 21:10:32 Sent {"src":"n4","dest":"n3","body":{"message":45,"msg_id":32,"type":"broadcast"}}
2024/02/15 21:10:32 Sent {"src":"n4","dest":"n4","body":{"message":45,"msg_id":32,"type":"broadcast"}}
2024/02/15 21:10:32 Sent {"src":"n4","dest":"n1","body":{"message":45,"msg_id":32,"type":"broadcast"}}
2024/02/15 21:10:32 Received {n2 n4 {"message":45,"msg_id":32,"type":"broadcast"}}
2024/02/15 21:10:32 Received {n1 n4 {"message":45,"msg_id":32,"type":"broadcast"}}
2024/02/15 21:10:32 Received {n3 n4 {"message":45,"msg_id":32,"type":"broadcast"}}
2024/02/15 21:10:32 Received {n4 n4 {"message":45,"msg_id":32,"type":"broadcast"}}
2024/02/15 21:10:33 Received {n2 n4 {"message":46,"msg_id":17,"type":"broadcast"}}
2024/02/15 21:10:33 Sent {"src":"n4","dest":"n2","body":{"in_reply_to":17,"type":"broadcast_ok"}}
2024/02/15 21:10:33 Sent {"src":"n4","dest":"n1","body":{"message":46,"msg_id":17,"type":"broadcast"}}
2024/02/15 21:10:33 Sent {"src":"n4","dest":"n4","body":{"message":46,"msg_id":17,"type":"broadcast"}}
2024/02/15 21:10:33 Sent {"src":"n4","dest":"n3","body":{"message":46,"msg_id":17,"type":"broadcast"}}
2024/02/15 21:10:33 Sent {"src":"n4","dest":"n0","body":{"message":46,"msg_id":17,"type":"broadcast"}}
2024/02/15 21:10:33 Received {n1 n4 {"message":46,"msg_id":17,"type":"broadcast"}}
2024/02/15 21:10:33 Received {n0 n4 {"message":46,"msg_id":17,"type":"broadcast"}}
2024/02/15 21:10:33 Received {n4 n4 {"message":46,"msg_id":17,"type":"broadcast"}}
2024/02/15 21:10:33 Received {n3 n4 {"message":46,"msg_id":17,"type":"broadcast"}}
2024/02/15 21:10:33 Received {c14 n4 {"type":"read","msg_id":17}}
2024/02/15 21:10:33 Sent {"src":"n4","dest":"c14","body":{"in_reply_to":17,"messages":[34,35,46,28,30,31,33,0,29,37,44,45,17,19,42,43,14,22,39,40,3,5,8,13,41,15,16,26,38,1,7,10,11,24,25,32,9,12,18,23,21,27,36,2,4,6,20],"type":"read_ok"}}
2024/02/15 21:10:33 Received {n0 n4 {"message":47,"msg_id":35,"type":"broadcast"}}
2024/02/15 21:10:33 Sent {"src":"n4","dest":"n0","body":{"in_reply_to":35,"type":"broadcast_ok"}}
2024/02/15 21:10:33 Sent {"src":"n4","dest":"n4","body":{"message":47,"msg_id":35,"type":"broadcast"}}
2024/02/15 21:10:33 Sent {"src":"n4","dest":"n1","body":{"message":47,"msg_id":35,"type":"broadcast"}}
2024/02/15 21:10:33 Sent {"src":"n4","dest":"n3","body":{"message":47,"msg_id":35,"type":"broadcast"}}
2024/02/15 21:10:33 Sent {"src":"n4","dest":"n2","body":{"message":47,"msg_id":35,"type":"broadcast"}}
2024/02/15 21:10:33 Received {n3 n4 {"message":47,"msg_id":35,"type":"broadcast"}}
2024/02/15 21:10:33 Received {n4 n4 {"message":47,"msg_id":35,"type":"broadcast"}}
2024/02/15 21:10:33 Received {n1 n4 {"message":47,"msg_id":35,"type":"broadcast"}}
2024/02/15 21:10:33 Received {n2 n4 {"message":47,"msg_id":35,"type":"broadcast"}}
2024/02/15 21:10:33 Received {n2 n4 {"message":48,"msg_id":18,"type":"broadcast"}}
2024/02/15 21:10:33 Sent {"src":"n4","dest":"n2","body":{"in_reply_to":18,"type":"broadcast_ok"}}
2024/02/15 21:10:33 Sent {"src":"n4","dest":"n4","body":{"message":48,"msg_id":18,"type":"broadcast"}}
2024/02/15 21:10:33 Sent {"src":"n4","dest":"n0","body":{"message":48,"msg_id":18,"type":"broadcast"}}
2024/02/15 21:10:33 Sent {"src":"n4","dest":"n1","body":{"message":48,"msg_id":18,"type":"broadcast"}}
2024/02/15 21:10:33 Sent {"src":"n4","dest":"n3","body":{"message":48,"msg_id":18,"type":"broadcast"}}
2024/02/15 21:10:33 Received {n1 n4 {"message":48,"msg_id":18,"type":"broadcast"}}
2024/02/15 21:10:33 Received {n4 n4 {"message":48,"msg_id":18,"type":"broadcast"}}
2024/02/15 21:10:33 Received {n0 n4 {"message":48,"msg_id":18,"type":"broadcast"}}
2024/02/15 21:10:33 Received {n3 n4 {"message":48,"msg_id":18,"type":"broadcast"}}
2024/02/15 21:10:34 Received {c14 n4 {"type":"broadcast","message":49,"msg_id":18}}
2024/02/15 21:10:34 Sent {"src":"n4","dest":"c14","body":{"in_reply_to":18,"type":"broadcast_ok"}}
2024/02/15 21:10:34 Sent {"src":"n4","dest":"n1","body":{"message":49,"msg_id":18,"type":"broadcast"}}
2024/02/15 21:10:34 Sent {"src":"n4","dest":"n2","body":{"message":49,"msg_id":18,"type":"broadcast"}}
2024/02/15 21:10:34 Sent {"src":"n4","dest":"n4","body":{"message":49,"msg_id":18,"type":"broadcast"}}
2024/02/15 21:10:34 Sent {"src":"n4","dest":"n3","body":{"message":49,"msg_id":18,"type":"broadcast"}}
2024/02/15 21:10:34 Sent {"src":"n4","dest":"n0","body":{"message":49,"msg_id":18,"type":"broadcast"}}
2024/02/15 21:10:34 Received {n4 n4 {"message":49,"msg_id":18,"type":"broadcast"}}
2024/02/15 21:10:34 Received {n1 n4 {"in_reply_to":18,"type":"broadcast_ok"}}
2024/02/15 21:10:34 Ignoring reply to 18 with no callback
2024/02/15 21:10:34 Received {n2 n4 {"in_reply_to":18,"type":"broadcast_ok"}}
2024/02/15 21:10:34 Ignoring reply to 18 with no callback
2024/02/15 21:10:34 Received {n3 n4 {"in_reply_to":18,"type":"broadcast_ok"}}
2024/02/15 21:10:34 Ignoring reply to 18 with no callback
2024/02/15 21:10:34 Received {n0 n4 {"in_reply_to":18,"type":"broadcast_ok"}}
2024/02/15 21:10:34 Ignoring reply to 18 with no callback
2024/02/15 21:10:34 Received {n0 n4 {"message":50,"msg_id":36,"type":"broadcast"}}
2024/02/15 21:10:34 Sent {"src":"n4","dest":"n0","body":{"in_reply_to":36,"type":"broadcast_ok"}}
2024/02/15 21:10:34 Sent {"src":"n4","dest":"n4","body":{"message":50,"msg_id":36,"type":"broadcast"}}
2024/02/15 21:10:34 Sent {"src":"n4","dest":"n1","body":{"message":50,"msg_id":36,"type":"broadcast"}}
2024/02/15 21:10:34 Sent {"src":"n4","dest":"n2","body":{"message":50,"msg_id":36,"type":"broadcast"}}
2024/02/15 21:10:34 Sent {"src":"n4","dest":"n3","body":{"message":50,"msg_id":36,"type":"broadcast"}}
2024/02/15 21:10:34 Received {n4 n4 {"message":50,"msg_id":36,"type":"broadcast"}}
2024/02/15 21:10:34 Received {n3 n4 {"message":50,"msg_id":36,"type":"broadcast"}}
2024/02/15 21:10:34 Received {n2 n4 {"message":50,"msg_id":36,"type":"broadcast"}}
2024/02/15 21:10:34 Received {n1 n4 {"message":50,"msg_id":36,"type":"broadcast"}}
2024/02/15 21:10:34 Received {n0 n4 {"message":51,"msg_id":37,"type":"broadcast"}}
2024/02/15 21:10:34 Sent {"src":"n4","dest":"n0","body":{"in_reply_to":37,"type":"broadcast_ok"}}
2024/02/15 21:10:34 Sent {"src":"n4","dest":"n4","body":{"message":51,"msg_id":37,"type":"broadcast"}}
2024/02/15 21:10:34 Sent {"src":"n4","dest":"n1","body":{"message":51,"msg_id":37,"type":"broadcast"}}
2024/02/15 21:10:34 Sent {"src":"n4","dest":"n2","body":{"message":51,"msg_id":37,"type":"broadcast"}}
2024/02/15 21:10:34 Sent {"src":"n4","dest":"n3","body":{"message":51,"msg_id":37,"type":"broadcast"}}
2024/02/15 21:10:34 Received {n1 n4 {"message":51,"msg_id":37,"type":"broadcast"}}
2024/02/15 21:10:34 Received {n2 n4 {"message":51,"msg_id":37,"type":"broadcast"}}
2024/02/15 21:10:34 Received {n4 n4 {"message":51,"msg_id":37,"type":"broadcast"}}
2024/02/15 21:10:34 Received {n3 n4 {"message":51,"msg_id":37,"type":"broadcast"}}
2024/02/15 21:10:34 Received {n3 n4 {"message":52,"msg_id":19,"type":"broadcast"}}
2024/02/15 21:10:34 Sent {"src":"n4","dest":"n3","body":{"in_reply_to":19,"type":"broadcast_ok"}}
2024/02/15 21:10:34 Sent {"src":"n4","dest":"n4","body":{"message":52,"msg_id":19,"type":"broadcast"}}
2024/02/15 21:10:34 Sent {"src":"n4","dest":"n1","body":{"message":52,"msg_id":19,"type":"broadcast"}}
2024/02/15 21:10:34 Sent {"src":"n4","dest":"n0","body":{"message":52,"msg_id":19,"type":"broadcast"}}
2024/02/15 21:10:34 Sent {"src":"n4","dest":"n2","body":{"message":52,"msg_id":19,"type":"broadcast"}}
2024/02/15 21:10:34 Received {n4 n4 {"message":52,"msg_id":19,"type":"broadcast"}}
2024/02/15 21:10:34 Received {n2 n4 {"message":52,"msg_id":19,"type":"broadcast"}}
2024/02/15 21:10:34 Received {n0 n4 {"message":52,"msg_id":19,"type":"broadcast"}}
2024/02/15 21:10:34 Received {n1 n4 {"message":52,"msg_id":19,"type":"broadcast"}}
2024/02/15 21:10:34 Received {c14 n4 {"type":"read","msg_id":19}}
2024/02/15 21:10:34 Sent {"src":"n4","dest":"c14","body":{"in_reply_to":19,"messages":[29,37,47,17,19,44,40,41,3,5,13,22,7,11,26,32,12,18,23,25,48,49,52,27,2,6,20,46,50,28,31,33,35,0,42,43,45,8,14,39,38,1,10,15,16,9,24,51,21,36,4,30,34],"type":"read_ok"}}
2024/02/15 21:10:34 Received {n1 n4 {"message":53,"msg_id":20,"type":"broadcast"}}
2024/02/15 21:10:34 Sent {"src":"n4","dest":"n1","body":{"in_reply_to":20,"type":"broadcast_ok"}}
2024/02/15 21:10:34 Sent {"src":"n4","dest":"n4","body":{"message":53,"msg_id":20,"type":"broadcast"}}
2024/02/15 21:10:34 Sent {"src":"n4","dest":"n2","body":{"message":53,"msg_id":20,"type":"broadcast"}}
2024/02/15 21:10:34 Sent {"src":"n4","dest":"n3","body":{"message":53,"msg_id":20,"type":"broadcast"}}
2024/02/15 21:10:34 Sent {"src":"n4","dest":"n0","body":{"message":53,"msg_id":20,"type":"broadcast"}}
2024/02/15 21:10:34 Received {n4 n4 {"message":53,"msg_id":20,"type":"broadcast"}}
2024/02/15 21:10:34 Received {n2 n4 {"in_reply_to":20,"type":"broadcast_ok"}}
2024/02/15 21:10:34 Ignoring reply to 20 with no callback
2024/02/15 21:10:34 Received {n0 n4 {"message":53,"msg_id":20,"type":"broadcast"}}
2024/02/15 21:10:34 Received {n3 n4 {"message":53,"msg_id":20,"type":"broadcast"}}
2024/02/15 21:10:34 Received {n2 n4 {"message":54,"msg_id":20,"type":"broadcast"}}
2024/02/15 21:10:34 Sent {"src":"n4","dest":"n2","body":{"in_reply_to":20,"type":"broadcast_ok"}}
2024/02/15 21:10:34 Sent {"src":"n4","dest":"n4","body":{"message":54,"msg_id":20,"type":"broadcast"}}
2024/02/15 21:10:34 Sent {"src":"n4","dest":"n0","body":{"message":54,"msg_id":20,"type":"broadcast"}}
2024/02/15 21:10:34 Sent {"src":"n4","dest":"n1","body":{"message":54,"msg_id":20,"type":"broadcast"}}
2024/02/15 21:10:34 Sent {"src":"n4","dest":"n3","body":{"message":54,"msg_id":20,"type":"broadcast"}}
2024/02/15 21:10:34 Received {n1 n4 {"message":54,"msg_id":20,"type":"broadcast"}}
2024/02/15 21:10:34 Received {n3 n4 {"message":54,"msg_id":20,"type":"broadcast"}}
2024/02/15 21:10:34 Received {n0 n4 {"message":54,"msg_id":20,"type":"broadcast"}}
2024/02/15 21:10:34 Received {n4 n4 {"message":54,"msg_id":20,"type":"broadcast"}}
2024/02/15 21:10:35 Received {n3 n4 {"message":55,"msg_id":20,"type":"broadcast"}}
2024/02/15 21:10:35 Sent {"src":"n4","dest":"n3","body":{"in_reply_to":20,"type":"broadcast_ok"}}
2024/02/15 21:10:35 Sent {"src":"n4","dest":"n4","body":{"message":55,"msg_id":20,"type":"broadcast"}}
2024/02/15 21:10:35 Sent {"src":"n4","dest":"n0","body":{"message":55,"msg_id":20,"type":"broadcast"}}
2024/02/15 21:10:35 Sent {"src":"n4","dest":"n1","body":{"message":55,"msg_id":20,"type":"broadcast"}}
2024/02/15 21:10:35 Sent {"src":"n4","dest":"n2","body":{"message":55,"msg_id":20,"type":"broadcast"}}
2024/02/15 21:10:35 Received {n1 n4 {"message":55,"msg_id":20,"type":"broadcast"}}
2024/02/15 21:10:35 Received {n4 n4 {"message":55,"msg_id":20,"type":"broadcast"}}
2024/02/15 21:10:35 Received {n2 n4 {"message":55,"msg_id":20,"type":"broadcast"}}
2024/02/15 21:10:35 Received {n0 n4 {"message":55,"msg_id":20,"type":"broadcast"}}
2024/02/15 21:10:35 Received {c14 n4 {"type":"broadcast","message":56,"msg_id":20}}
2024/02/15 21:10:35 Sent {"src":"n4","dest":"c14","body":{"in_reply_to":20,"type":"broadcast_ok"}}
2024/02/15 21:10:35 Sent {"src":"n4","dest":"n4","body":{"message":56,"msg_id":20,"type":"broadcast"}}
2024/02/15 21:10:35 Sent {"src":"n4","dest":"n1","body":{"message":56,"msg_id":20,"type":"broadcast"}}
2024/02/15 21:10:35 Sent {"src":"n4","dest":"n0","body":{"message":56,"msg_id":20,"type":"broadcast"}}
2024/02/15 21:10:35 Sent {"src":"n4","dest":"n2","body":{"message":56,"msg_id":20,"type":"broadcast"}}
2024/02/15 21:10:35 Sent {"src":"n4","dest":"n3","body":{"message":56,"msg_id":20,"type":"broadcast"}}
2024/02/15 21:10:35 Received {n4 n4 {"message":56,"msg_id":20,"type":"broadcast"}}
2024/02/15 21:10:35 Received {n1 n4 {"in_reply_to":20,"type":"broadcast_ok"}}
2024/02/15 21:10:35 Ignoring reply to 20 with no callback
2024/02/15 21:10:35 Received {n0 n4 {"in_reply_to":20,"type":"broadcast_ok"}}
2024/02/15 21:10:35 Ignoring reply to 20 with no callback
2024/02/15 21:10:35 Received {n2 n4 {"in_reply_to":20,"type":"broadcast_ok"}}
2024/02/15 21:10:35 Ignoring reply to 20 with no callback
2024/02/15 21:10:35 Received {n3 n4 {"in_reply_to":20,"type":"broadcast_ok"}}
2024/02/15 21:10:35 Ignoring reply to 20 with no callback
2024/02/15 21:10:35 Received {n0 n4 {"message":57,"msg_id":41,"type":"broadcast"}}
2024/02/15 21:10:35 Sent {"src":"n4","dest":"n0","body":{"in_reply_to":41,"type":"broadcast_ok"}}
2024/02/15 21:10:35 Sent {"src":"n4","dest":"n4","body":{"message":57,"msg_id":41,"type":"broadcast"}}
2024/02/15 21:10:35 Sent {"src":"n4","dest":"n3","body":{"message":57,"msg_id":41,"type":"broadcast"}}
2024/02/15 21:10:35 Sent {"src":"n4","dest":"n2","body":{"message":57,"msg_id":41,"type":"broadcast"}}
2024/02/15 21:10:35 Sent {"src":"n4","dest":"n1","body":{"message":57,"msg_id":41,"type":"broadcast"}}
2024/02/15 21:10:35 Received {n4 n4 {"message":57,"msg_id":41,"type":"broadcast"}}
2024/02/15 21:10:35 Received {n1 n4 {"message":57,"msg_id":41,"type":"broadcast"}}
2024/02/15 21:10:35 Received {n2 n4 {"message":57,"msg_id":41,"type":"broadcast"}}
2024/02/15 21:10:35 Received {n3 n4 {"message":57,"msg_id":41,"type":"broadcast"}}
2024/02/15 21:10:35 Received {n3 n4 {"message":58,"msg_id":21,"type":"broadcast"}}
2024/02/15 21:10:35 Sent {"src":"n4","dest":"n3","body":{"in_reply_to":21,"type":"broadcast_ok"}}
2024/02/15 21:10:35 Sent {"src":"n4","dest":"n4","body":{"message":58,"msg_id":21,"type":"broadcast"}}
2024/02/15 21:10:35 Sent {"src":"n4","dest":"n0","body":{"message":58,"msg_id":21,"type":"broadcast"}}
2024/02/15 21:10:35 Sent {"src":"n4","dest":"n1","body":{"message":58,"msg_id":21,"type":"broadcast"}}
2024/02/15 21:10:35 Sent {"src":"n4","dest":"n2","body":{"message":58,"msg_id":21,"type":"broadcast"}}
2024/02/15 21:10:35 Received {n4 n4 {"message":58,"msg_id":21,"type":"broadcast"}}
2024/02/15 21:10:35 Received {n1 n4 {"message":58,"msg_id":21,"type":"broadcast"}}
2024/02/15 21:10:35 Received {n2 n4 {"message":58,"msg_id":21,"type":"broadcast"}}
2024/02/15 21:10:35 Received {n0 n4 {"message":58,"msg_id":21,"type":"broadcast"}}
2024/02/15 21:10:36 Received {c14 n4 {"type":"broadcast","message":59,"msg_id":21}}
2024/02/15 21:10:36 Sent {"src":"n4","dest":"c14","body":{"in_reply_to":21,"type":"broadcast_ok"}}
2024/02/15 21:10:36 Sent {"src":"n4","dest":"n1","body":{"message":59,"msg_id":21,"type":"broadcast"}}
2024/02/15 21:10:36 Sent {"src":"n4","dest":"n4","body":{"message":59,"msg_id":21,"type":"broadcast"}}
2024/02/15 21:10:36 Sent {"src":"n4","dest":"n0","body":{"message":59,"msg_id":21,"type":"broadcast"}}
2024/02/15 21:10:36 Sent {"src":"n4","dest":"n2","body":{"message":59,"msg_id":21,"type":"broadcast"}}
2024/02/15 21:10:36 Sent {"src":"n4","dest":"n3","body":{"message":59,"msg_id":21,"type":"broadcast"}}
2024/02/15 21:10:36 Received {n4 n4 {"message":59,"msg_id":21,"type":"broadcast"}}
2024/02/15 21:10:36 Received {n1 n4 {"in_reply_to":21,"type":"broadcast_ok"}}
2024/02/15 21:10:36 Ignoring reply to 21 with no callback
2024/02/15 21:10:36 Received {n0 n4 {"in_reply_to":21,"type":"broadcast_ok"}}
2024/02/15 21:10:36 Ignoring reply to 21 with no callback
2024/02/15 21:10:36 Received {n2 n4 {"in_reply_to":21,"type":"broadcast_ok"}}
2024/02/15 21:10:36 Ignoring reply to 21 with no callback
2024/02/15 21:10:36 Received {n3 n4 {"in_reply_to":21,"type":"broadcast_ok"}}
2024/02/15 21:10:36 Ignoring reply to 21 with no callback
2024/02/15 21:10:36 Received {n1 n4 {"message":60,"msg_id":22,"type":"broadcast"}}
2024/02/15 21:10:36 Sent {"src":"n4","dest":"n1","body":{"in_reply_to":22,"type":"broadcast_ok"}}
2024/02/15 21:10:36 Sent {"src":"n4","dest":"n4","body":{"message":60,"msg_id":22,"type":"broadcast"}}
2024/02/15 21:10:36 Sent {"src":"n4","dest":"n0","body":{"message":60,"msg_id":22,"type":"broadcast"}}
2024/02/15 21:10:36 Sent {"src":"n4","dest":"n2","body":{"message":60,"msg_id":22,"type":"broadcast"}}
2024/02/15 21:10:36 Sent {"src":"n4","dest":"n3","body":{"message":60,"msg_id":22,"type":"broadcast"}}
2024/02/15 21:10:36 Received {n4 n4 {"message":60,"msg_id":22,"type":"broadcast"}}
2024/02/15 21:10:36 Received {n2 n4 {"message":60,"msg_id":22,"type":"broadcast"}}
2024/02/15 21:10:36 Received {n2 n4 {"message":61,"msg_id":22,"type":"broadcast"}}
2024/02/15 21:10:36 Received {n3 n4 {"message":60,"msg_id":22,"type":"broadcast"}}
2024/02/15 21:10:36 Received {n0 n4 {"message":60,"msg_id":22,"type":"broadcast"}}
2024/02/15 21:10:36 Sent {"src":"n4","dest":"n2","body":{"in_reply_to":22,"type":"broadcast_ok"}}
2024/02/15 21:10:36 Sent {"src":"n4","dest":"n4","body":{"message":61,"msg_id":22,"type":"broadcast"}}
2024/02/15 21:10:36 Sent {"src":"n4","dest":"n0","body":{"message":61,"msg_id":22,"type":"broadcast"}}
2024/02/15 21:10:36 Sent {"src":"n4","dest":"n1","body":{"message":61,"msg_id":22,"type":"broadcast"}}
2024/02/15 21:10:36 Sent {"src":"n4","dest":"n3","body":{"message":61,"msg_id":22,"type":"broadcast"}}
2024/02/15 21:10:36 Received {n1 n4 {"message":61,"msg_id":22,"type":"broadcast"}}
2024/02/15 21:10:36 Received {n4 n4 {"message":61,"msg_id":22,"type":"broadcast"}}
2024/02/15 21:10:36 Received {n0 n4 {"message":61,"msg_id":22,"type":"broadcast"}}
2024/02/15 21:10:36 Received {n3 n4 {"message":61,"msg_id":22,"type":"broadcast"}}
2024/02/15 21:10:36 Received {n3 n4 {"message":62,"msg_id":22,"type":"broadcast"}}
2024/02/15 21:10:36 Sent {"src":"n4","dest":"n3","body":{"in_reply_to":22,"type":"broadcast_ok"}}
2024/02/15 21:10:36 Sent {"src":"n4","dest":"n4","body":{"message":62,"msg_id":22,"type":"broadcast"}}
2024/02/15 21:10:36 Sent {"src":"n4","dest":"n2","body":{"message":62,"msg_id":22,"type":"broadcast"}}
2024/02/15 21:10:36 Sent {"src":"n4","dest":"n1","body":{"message":62,"msg_id":22,"type":"broadcast"}}
2024/02/15 21:10:36 Sent {"src":"n4","dest":"n0","body":{"message":62,"msg_id":22,"type":"broadcast"}}
2024/02/15 21:10:36 Received {n1 n4 {"message":62,"msg_id":22,"type":"broadcast"}}
2024/02/15 21:10:36 Received {n0 n4 {"message":62,"msg_id":22,"type":"broadcast"}}
2024/02/15 21:10:36 Received {n2 n4 {"message":62,"msg_id":22,"type":"broadcast"}}
2024/02/15 21:10:36 Received {n4 n4 {"message":62,"msg_id":22,"type":"broadcast"}}
2024/02/15 21:10:36 Received {c14 n4 {"type":"broadcast","message":63,"msg_id":22}}
2024/02/15 21:10:36 Sent {"src":"n4","dest":"c14","body":{"in_reply_to":22,"type":"broadcast_ok"}}
2024/02/15 21:10:36 Sent {"src":"n4","dest":"n2","body":{"message":63,"msg_id":22,"type":"broadcast"}}
2024/02/15 21:10:36 Sent {"src":"n4","dest":"n4","body":{"message":63,"msg_id":22,"type":"broadcast"}}
2024/02/15 21:10:36 Sent {"src":"n4","dest":"n1","body":{"message":63,"msg_id":22,"type":"broadcast"}}
2024/02/15 21:10:36 Sent {"src":"n4","dest":"n3","body":{"message":63,"msg_id":22,"type":"broadcast"}}
2024/02/15 21:10:36 Sent {"src":"n4","dest":"n0","body":{"message":63,"msg_id":22,"type":"broadcast"}}
2024/02/15 21:10:36 Received {n4 n4 {"message":63,"msg_id":22,"type":"broadcast"}}
2024/02/15 21:10:36 Received {n2 n4 {"in_reply_to":22,"type":"broadcast_ok"}}
2024/02/15 21:10:36 Ignoring reply to 22 with no callback
2024/02/15 21:10:36 Received {n0 n4 {"in_reply_to":22,"type":"broadcast_ok"}}
2024/02/15 21:10:36 Ignoring reply to 22 with no callback
2024/02/15 21:10:36 Received {n1 n4 {"in_reply_to":22,"type":"broadcast_ok"}}
2024/02/15 21:10:36 Ignoring reply to 22 with no callback
2024/02/15 21:10:36 Received {n3 n4 {"in_reply_to":22,"type":"broadcast_ok"}}
2024/02/15 21:10:36 Ignoring reply to 22 with no callback
2024/02/15 21:10:36 Received {n0 n4 {"message":64,"msg_id":44,"type":"broadcast"}}
2024/02/15 21:10:36 Sent {"src":"n4","dest":"n0","body":{"in_reply_to":44,"type":"broadcast_ok"}}
2024/02/15 21:10:36 Sent {"src":"n4","dest":"n4","body":{"message":64,"msg_id":44,"type":"broadcast"}}
2024/02/15 21:10:36 Sent {"src":"n4","dest":"n1","body":{"message":64,"msg_id":44,"type":"broadcast"}}
2024/02/15 21:10:36 Sent {"src":"n4","dest":"n3","body":{"message":64,"msg_id":44,"type":"broadcast"}}
2024/02/15 21:10:36 Sent {"src":"n4","dest":"n2","body":{"message":64,"msg_id":44,"type":"broadcast"}}
2024/02/15 21:10:36 Received {n1 n4 {"message":64,"msg_id":44,"type":"broadcast"}}
2024/02/15 21:10:36 Received {n3 n4 {"message":64,"msg_id":44,"type":"broadcast"}}
2024/02/15 21:10:36 Received {n2 n4 {"message":64,"msg_id":44,"type":"broadcast"}}
2024/02/15 21:10:36 Received {n4 n4 {"message":64,"msg_id":44,"type":"broadcast"}}
2024/02/15 21:10:36 Received {n0 n4 {"message":65,"msg_id":45,"type":"broadcast"}}
2024/02/15 21:10:36 Sent {"src":"n4","dest":"n0","body":{"in_reply_to":45,"type":"broadcast_ok"}}
2024/02/15 21:10:36 Sent {"src":"n4","dest":"n1","body":{"message":65,"msg_id":45,"type":"broadcast"}}
2024/02/15 21:10:36 Sent {"src":"n4","dest":"n3","body":{"message":65,"msg_id":45,"type":"broadcast"}}
2024/02/15 21:10:36 Sent {"src":"n4","dest":"n2","body":{"message":65,"msg_id":45,"type":"broadcast"}}
2024/02/15 21:10:36 Sent {"src":"n4","dest":"n4","body":{"message":65,"msg_id":45,"type":"broadcast"}}
2024/02/15 21:10:36 Received {n1 n4 {"message":65,"msg_id":45,"type":"broadcast"}}
2024/02/15 21:10:36 Received {n4 n4 {"message":65,"msg_id":45,"type":"broadcast"}}
2024/02/15 21:10:36 Received {n2 n4 {"message":65,"msg_id":45,"type":"broadcast"}}
2024/02/15 21:10:36 Received {n3 n4 {"message":65,"msg_id":45,"type":"broadcast"}}
2024/02/15 21:10:37 Received {n2 n4 {"message":66,"msg_id":23,"type":"broadcast"}}
2024/02/15 21:10:37 Sent {"src":"n4","dest":"n2","body":{"in_reply_to":23,"type":"broadcast_ok"}}
2024/02/15 21:10:37 Sent {"src":"n4","dest":"n4","body":{"message":66,"msg_id":23,"type":"broadcast"}}
2024/02/15 21:10:37 Sent {"src":"n4","dest":"n0","body":{"message":66,"msg_id":23,"type":"broadcast"}}
2024/02/15 21:10:37 Sent {"src":"n4","dest":"n1","body":{"message":66,"msg_id":23,"type":"broadcast"}}
2024/02/15 21:10:37 Sent {"src":"n4","dest":"n3","body":{"message":66,"msg_id":23,"type":"broadcast"}}
2024/02/15 21:10:37 Received {n0 n4 {"message":66,"msg_id":23,"type":"broadcast"}}
2024/02/15 21:10:37 Received {n3 n4 {"message":66,"msg_id":23,"type":"broadcast"}}
2024/02/15 21:10:37 Received {n4 n4 {"message":66,"msg_id":23,"type":"broadcast"}}
2024/02/15 21:10:37 Received {n1 n4 {"message":66,"msg_id":23,"type":"broadcast"}}
2024/02/15 21:10:37 Received {c14 n4 {"type":"broadcast","message":67,"msg_id":23}}
2024/02/15 21:10:37 Sent {"src":"n4","dest":"c14","body":{"in_reply_to":23,"type":"broadcast_ok"}}
2024/02/15 21:10:37 Sent {"src":"n4","dest":"n0","body":{"message":67,"msg_id":23,"type":"broadcast"}}
2024/02/15 21:10:37 Sent {"src":"n4","dest":"n2","body":{"message":67,"msg_id":23,"type":"broadcast"}}
2024/02/15 21:10:37 Sent {"src":"n4","dest":"n4","body":{"message":67,"msg_id":23,"type":"broadcast"}}
2024/02/15 21:10:37 Sent {"src":"n4","dest":"n1","body":{"message":67,"msg_id":23,"type":"broadcast"}}
2024/02/15 21:10:37 Sent {"src":"n4","dest":"n3","body":{"message":67,"msg_id":23,"type":"broadcast"}}
2024/02/15 21:10:37 Received {n4 n4 {"message":67,"msg_id":23,"type":"broadcast"}}
2024/02/15 21:10:37 Received {n1 n4 {"in_reply_to":23,"type":"broadcast_ok"}}
2024/02/15 21:10:37 Ignoring reply to 23 with no callback
2024/02/15 21:10:37 Received {n0 n4 {"in_reply_to":23,"type":"broadcast_ok"}}
2024/02/15 21:10:37 Ignoring reply to 23 with no callback
2024/02/15 21:10:37 Received {n2 n4 {"in_reply_to":23,"type":"broadcast_ok"}}
2024/02/15 21:10:37 Ignoring reply to 23 with no callback
2024/02/15 21:10:37 Received {n3 n4 {"in_reply_to":23,"type":"broadcast_ok"}}
2024/02/15 21:10:37 Ignoring reply to 23 with no callback
2024/02/15 21:10:37 Received {n0 n4 {"message":68,"msg_id":47,"type":"broadcast"}}
2024/02/15 21:10:37 Sent {"src":"n4","dest":"n0","body":{"in_reply_to":47,"type":"broadcast_ok"}}
2024/02/15 21:10:37 Sent {"src":"n4","dest":"n4","body":{"message":68,"msg_id":47,"type":"broadcast"}}
2024/02/15 21:10:37 Sent {"src":"n4","dest":"n1","body":{"message":68,"msg_id":47,"type":"broadcast"}}
2024/02/15 21:10:37 Sent {"src":"n4","dest":"n2","body":{"message":68,"msg_id":47,"type":"broadcast"}}
2024/02/15 21:10:37 Sent {"src":"n4","dest":"n3","body":{"message":68,"msg_id":47,"type":"broadcast"}}
2024/02/15 21:10:37 Received {n4 n4 {"message":68,"msg_id":47,"type":"broadcast"}}
2024/02/15 21:10:37 Received {n3 n4 {"message":68,"msg_id":47,"type":"broadcast"}}
2024/02/15 21:10:37 Received {n2 n4 {"message":68,"msg_id":47,"type":"broadcast"}}
2024/02/15 21:10:37 Received {n1 n4 {"message":68,"msg_id":47,"type":"broadcast"}}
2024/02/15 21:10:37 Received {n1 n4 {"message":69,"msg_id":24,"type":"broadcast"}}
2024/02/15 21:10:37 Sent {"src":"n4","dest":"n1","body":{"in_reply_to":24,"type":"broadcast_ok"}}
2024/02/15 21:10:37 Sent {"src":"n4","dest":"n4","body":{"message":69,"msg_id":24,"type":"broadcast"}}
2024/02/15 21:10:37 Sent {"src":"n4","dest":"n2","body":{"message":69,"msg_id":24,"type":"broadcast"}}
2024/02/15 21:10:37 Sent {"src":"n4","dest":"n0","body":{"message":69,"msg_id":24,"type":"broadcast"}}
2024/02/15 21:10:37 Sent {"src":"n4","dest":"n3","body":{"message":69,"msg_id":24,"type":"broadcast"}}
2024/02/15 21:10:37 Received {n4 n4 {"message":69,"msg_id":24,"type":"broadcast"}}
2024/02/15 21:10:37 Received {n3 n4 {"message":69,"msg_id":24,"type":"broadcast"}}
2024/02/15 21:10:37 Received {n0 n4 {"message":69,"msg_id":24,"type":"broadcast"}}
2024/02/15 21:10:37 Received {n2 n4 {"message":69,"msg_id":24,"type":"broadcast"}}
2024/02/15 21:10:37 Received {n2 n4 {"message":70,"msg_id":24,"type":"broadcast"}}
2024/02/15 21:10:37 Sent {"src":"n4","dest":"n2","body":{"in_reply_to":24,"type":"broadcast_ok"}}
2024/02/15 21:10:37 Sent {"src":"n4","dest":"n1","body":{"message":70,"msg_id":24,"type":"broadcast"}}
2024/02/15 21:10:37 Sent {"src":"n4","dest":"n0","body":{"message":70,"msg_id":24,"type":"broadcast"}}
2024/02/15 21:10:37 Sent {"src":"n4","dest":"n3","body":{"message":70,"msg_id":24,"type":"broadcast"}}
2024/02/15 21:10:37 Sent {"src":"n4","dest":"n4","body":{"message":70,"msg_id":24,"type":"broadcast"}}
2024/02/15 21:10:37 Received {n3 n4 {"message":70,"msg_id":24,"type":"broadcast"}}
2024/02/15 21:10:37 Received {n0 n4 {"message":70,"msg_id":24,"type":"broadcast"}}
2024/02/15 21:10:37 Received {n4 n4 {"message":70,"msg_id":24,"type":"broadcast"}}
2024/02/15 21:10:37 Received {n1 n4 {"message":70,"msg_id":24,"type":"broadcast"}}
2024/02/15 21:10:37 Received {n3 n4 {"message":71,"msg_id":24,"type":"broadcast"}}
2024/02/15 21:10:37 Sent {"src":"n4","dest":"n3","body":{"in_reply_to":24,"type":"broadcast_ok"}}
2024/02/15 21:10:37 Sent {"src":"n4","dest":"n1","body":{"message":71,"msg_id":24,"type":"broadcast"}}
2024/02/15 21:10:37 Sent {"src":"n4","dest":"n4","body":{"message":71,"msg_id":24,"type":"broadcast"}}
2024/02/15 21:10:37 Sent {"src":"n4","dest":"n2","body":{"message":71,"msg_id":24,"type":"broadcast"}}
2024/02/15 21:10:37 Sent {"src":"n4","dest":"n0","body":{"message":71,"msg_id":24,"type":"broadcast"}}
2024/02/15 21:10:37 Received {n0 n4 {"message":71,"msg_id":24,"type":"broadcast"}}
2024/02/15 21:10:37 Received {n2 n4 {"message":71,"msg_id":24,"type":"broadcast"}}
2024/02/15 21:10:37 Received {n1 n4 {"message":71,"msg_id":24,"type":"broadcast"}}
2024/02/15 21:10:37 Received {n4 n4 {"message":71,"msg_id":24,"type":"broadcast"}}
2024/02/15 21:10:37 Received {c14 n4 {"type":"broadcast","message":72,"msg_id":24}}
2024/02/15 21:10:37 Sent {"src":"n4","dest":"c14","body":{"in_reply_to":24,"type":"broadcast_ok"}}
2024/02/15 21:10:37 Sent {"src":"n4","dest":"n2","body":{"message":72,"msg_id":24,"type":"broadcast"}}
2024/02/15 21:10:37 Sent {"src":"n4","dest":"n4","body":{"message":72,"msg_id":24,"type":"broadcast"}}
2024/02/15 21:10:37 Sent {"src":"n4","dest":"n3","body":{"message":72,"msg_id":24,"type":"broadcast"}}
2024/02/15 21:10:37 Sent {"src":"n4","dest":"n1","body":{"message":72,"msg_id":24,"type":"broadcast"}}
2024/02/15 21:10:37 Sent {"src":"n4","dest":"n0","body":{"message":72,"msg_id":24,"type":"broadcast"}}
2024/02/15 21:10:37 Received {n4 n4 {"message":72,"msg_id":24,"type":"broadcast"}}
2024/02/15 21:10:37 Received {n2 n4 {"in_reply_to":24,"type":"broadcast_ok"}}
2024/02/15 21:10:37 Ignoring reply to 24 with no callback
2024/02/15 21:10:37 Received {n3 n4 {"in_reply_to":24,"type":"broadcast_ok"}}
2024/02/15 21:10:37 Ignoring reply to 24 with no callback
2024/02/15 21:10:37 Received {n1 n4 {"in_reply_to":24,"type":"broadcast_ok"}}
2024/02/15 21:10:37 Ignoring reply to 24 with no callback
2024/02/15 21:10:37 Received {n0 n4 {"in_reply_to":24,"type":"broadcast_ok"}}
2024/02/15 21:10:37 Ignoring reply to 24 with no callback
2024/02/15 21:10:38 Received {n3 n4 {"message":73,"msg_id":25,"type":"broadcast"}}
2024/02/15 21:10:38 Sent {"src":"n4","dest":"n3","body":{"in_reply_to":25,"type":"broadcast_ok"}}
2024/02/15 21:10:38 Sent {"src":"n4","dest":"n4","body":{"message":73,"msg_id":25,"type":"broadcast"}}
2024/02/15 21:10:38 Sent {"src":"n4","dest":"n2","body":{"message":73,"msg_id":25,"type":"broadcast"}}
2024/02/15 21:10:38 Sent {"src":"n4","dest":"n1","body":{"message":73,"msg_id":25,"type":"broadcast"}}
2024/02/15 21:10:38 Sent {"src":"n4","dest":"n0","body":{"message":73,"msg_id":25,"type":"broadcast"}}
2024/02/15 21:10:38 Received {n1 n4 {"message":73,"msg_id":25,"type":"broadcast"}}
2024/02/15 21:10:38 Received {n4 n4 {"message":73,"msg_id":25,"type":"broadcast"}}
2024/02/15 21:10:38 Received {n2 n4 {"message":73,"msg_id":25,"type":"broadcast"}}
2024/02/15 21:10:38 Received {n0 n4 {"message":73,"msg_id":25,"type":"broadcast"}}
2024/02/15 21:10:38 Received {c14 n4 {"type":"read","msg_id":25}}
2024/02/15 21:10:38 Sent {"src":"n4","dest":"c14","body":{"in_reply_to":25,"messages":[51,66,4,21,36,67,30,34,29,37,47,55,17,19,44,63,62,3,5,13,22,40,41,7,11,26,61,71,69,12,18,23,25,32,56,48,49,52,53,73,2,6,20,27,54,70,60,68,28,31,33,35,46,50,0,57,59,72,42,43,45,8,14,39,65,1,10,15,16,38,9,24,58,64],"type":"read_ok"}}
2024/02/15 21:10:38 Received {n2 n4 {"message":74,"msg_id":26,"type":"broadcast"}}
2024/02/15 21:10:38 Sent {"src":"n4","dest":"n2","body":{"in_reply_to":26,"type":"broadcast_ok"}}
2024/02/15 21:10:38 Sent {"src":"n4","dest":"n4","body":{"message":74,"msg_id":26,"type":"broadcast"}}
2024/02/15 21:10:38 Sent {"src":"n4","dest":"n1","body":{"message":74,"msg_id":26,"type":"broadcast"}}
2024/02/15 21:10:38 Sent {"src":"n4","dest":"n3","body":{"message":74,"msg_id":26,"type":"broadcast"}}
2024/02/15 21:10:38 Sent {"src":"n4","dest":"n0","body":{"message":74,"msg_id":26,"type":"broadcast"}}
2024/02/15 21:10:38 Received {n1 n4 {"message":74,"msg_id":26,"type":"broadcast"}}
2024/02/15 21:10:38 Received {n0 n4 {"message":74,"msg_id":26,"type":"broadcast"}}
2024/02/15 21:10:38 Received {n4 n4 {"message":74,"msg_id":26,"type":"broadcast"}}
2024/02/15 21:10:38 Received {n3 n4 {"message":74,"msg_id":26,"type":"broadcast"}}
2024/02/15 21:10:39 Received {c14 n4 {"type":"read","msg_id":26}}
2024/02/15 21:10:39 Sent {"src":"n4","dest":"c14","body":{"in_reply_to":26,"messages":[63,17,19,44,22,40,41,62,3,5,13,61,71,7,11,26,25,32,56,69,12,18,23,53,73,48,49,52,27,54,70,2,6,20,35,46,50,60,68,28,31,33,72,0,57,59,42,43,45,65,8,14,39,16,38,1,10,15,64,9,24,58,51,66,67,74,4,21,36,30,34,55,29,37,47],"type":"read_ok"}}
2024/02/15 21:10:39 Received {n0 n4 {"message":75,"msg_id":53,"type":"broadcast"}}
2024/02/15 21:10:39 Sent {"src":"n4","dest":"n0","body":{"in_reply_to":53,"type":"broadcast_ok"}}
2024/02/15 21:10:39 Sent {"src":"n4","dest":"n4","body":{"message":75,"msg_id":53,"type":"broadcast"}}
2024/02/15 21:10:39 Sent {"src":"n4","dest":"n3","body":{"message":75,"msg_id":53,"type":"broadcast"}}
2024/02/15 21:10:39 Sent {"src":"n4","dest":"n2","body":{"message":75,"msg_id":53,"type":"broadcast"}}
2024/02/15 21:10:39 Sent {"src":"n4","dest":"n1","body":{"message":75,"msg_id":53,"type":"broadcast"}}
2024/02/15 21:10:39 Received {n1 n4 {"message":75,"msg_id":53,"type":"broadcast"}}
2024/02/15 21:10:39 Received {n3 n4 {"message":75,"msg_id":53,"type":"broadcast"}}
2024/02/15 21:10:39 Received {n2 n4 {"message":75,"msg_id":53,"type":"broadcast"}}
2024/02/15 21:10:39 Received {n4 n4 {"message":75,"msg_id":53,"type":"broadcast"}}
2024/02/15 21:10:39 Received {n1 n4 {"message":76,"msg_id":27,"type":"broadcast"}}
2024/02/15 21:10:39 Sent {"src":"n4","dest":"n1","body":{"in_reply_to":27,"type":"broadcast_ok"}}
2024/02/15 21:10:39 Sent {"src":"n4","dest":"n4","body":{"message":76,"msg_id":27,"type":"broadcast"}}
2024/02/15 21:10:39 Sent {"src":"n4","dest":"n0","body":{"message":76,"msg_id":27,"type":"broadcast"}}
2024/02/15 21:10:39 Sent {"src":"n4","dest":"n2","body":{"message":76,"msg_id":27,"type":"broadcast"}}
2024/02/15 21:10:39 Sent {"src":"n4","dest":"n3","body":{"message":76,"msg_id":27,"type":"broadcast"}}
2024/02/15 21:10:39 Received {n4 n4 {"message":76,"msg_id":27,"type":"broadcast"}}
2024/02/15 21:10:39 Received {n2 n4 {"message":76,"msg_id":27,"type":"broadcast"}}
2024/02/15 21:10:39 Received {n0 n4 {"message":76,"msg_id":27,"type":"broadcast"}}
2024/02/15 21:10:39 Received {n3 n4 {"message":76,"msg_id":27,"type":"broadcast"}}
2024/02/15 21:10:39 Received {n2 n4 {"message":77,"msg_id":27,"type":"broadcast"}}
2024/02/15 21:10:39 Sent {"src":"n4","dest":"n2","body":{"in_reply_to":27,"type":"broadcast_ok"}}
2024/02/15 21:10:39 Sent {"src":"n4","dest":"n4","body":{"message":77,"msg_id":27,"type":"broadcast"}}
2024/02/15 21:10:39 Sent {"src":"n4","dest":"n0","body":{"message":77,"msg_id":27,"type":"broadcast"}}
2024/02/15 21:10:39 Sent {"src":"n4","dest":"n1","body":{"message":77,"msg_id":27,"type":"broadcast"}}
2024/02/15 21:10:39 Sent {"src":"n4","dest":"n3","body":{"message":77,"msg_id":27,"type":"broadcast"}}
2024/02/15 21:10:39 Received {n1 n4 {"message":77,"msg_id":27,"type":"broadcast"}}
2024/02/15 21:10:39 Received {n4 n4 {"message":77,"msg_id":27,"type":"broadcast"}}
2024/02/15 21:10:39 Received {n3 n4 {"message":77,"msg_id":27,"type":"broadcast"}}
2024/02/15 21:10:39 Received {n0 n4 {"message":77,"msg_id":27,"type":"broadcast"}}
2024/02/15 21:10:39 Received {n3 n4 {"message":78,"msg_id":27,"type":"broadcast"}}
2024/02/15 21:10:39 Sent {"src":"n4","dest":"n3","body":{"in_reply_to":27,"type":"broadcast_ok"}}
2024/02/15 21:10:39 Sent {"src":"n4","dest":"n1","body":{"message":78,"msg_id":27,"type":"broadcast"}}
2024/02/15 21:10:39 Sent {"src":"n4","dest":"n0","body":{"message":78,"msg_id":27,"type":"broadcast"}}
2024/02/15 21:10:39 Sent {"src":"n4","dest":"n2","body":{"message":78,"msg_id":27,"type":"broadcast"}}
2024/02/15 21:10:39 Sent {"src":"n4","dest":"n4","body":{"message":78,"msg_id":27,"type":"broadcast"}}
2024/02/15 21:10:39 Received {n1 n4 {"message":78,"msg_id":27,"type":"broadcast"}}
2024/02/15 21:10:39 Received {n4 n4 {"message":78,"msg_id":27,"type":"broadcast"}}
2024/02/15 21:10:39 Received {n2 n4 {"message":78,"msg_id":27,"type":"broadcast"}}
2024/02/15 21:10:39 Received {n0 n4 {"message":78,"msg_id":27,"type":"broadcast"}}
2024/02/15 21:10:39 Received {c14 n4 {"type":"read","msg_id":27}}
2024/02/15 21:10:39 Sent {"src":"n4","dest":"c14","body":{"in_reply_to":27,"messages":[9,24,58,64,51,66,74,76,4,21,36,67,30,34,29,37,47,55,17,19,44,63,40,41,62,3,5,13,22,71,77,78,7,11,26,61,32,56,69,12,18,23,25,73,48,49,52,53,54,70,75,2,6,20,27,46,50,60,68,28,31,33,35,0,57,59,72,42,43,45,8,14,39,65,38,1,10,15,16],"type":"read_ok"}}
2024/02/15 21:10:40 Received {n0 n4 {"message":79,"msg_id":55,"type":"broadcast"}}
2024/02/15 21:10:40 Sent {"src":"n4","dest":"n0","body":{"in_reply_to":55,"type":"broadcast_ok"}}
2024/02/15 21:10:40 Sent {"src":"n4","dest":"n4","body":{"message":79,"msg_id":55,"type":"broadcast"}}
2024/02/15 21:10:40 Sent {"src":"n4","dest":"n3","body":{"message":79,"msg_id":55,"type":"broadcast"}}
2024/02/15 21:10:40 Sent {"src":"n4","dest":"n1","body":{"message":79,"msg_id":55,"type":"broadcast"}}
2024/02/15 21:10:40 Sent {"src":"n4","dest":"n2","body":{"message":79,"msg_id":55,"type":"broadcast"}}
2024/02/15 21:10:40 Received {n1 n4 {"message":79,"msg_id":55,"type":"broadcast"}}
2024/02/15 21:10:40 Received {n2 n4 {"message":79,"msg_id":55,"type":"broadcast"}}
2024/02/15 21:10:40 Received {n4 n4 {"message":79,"msg_id":55,"type":"broadcast"}}
2024/02/15 21:10:40 Received {n3 n4 {"message":79,"msg_id":55,"type":"broadcast"}}
2024/02/15 21:10:40 Received {n1 n4 {"message":80,"msg_id":28,"type":"broadcast"}}
2024/02/15 21:10:40 Sent {"src":"n4","dest":"n1","body":{"in_reply_to":28,"type":"broadcast_ok"}}
2024/02/15 21:10:40 Sent {"src":"n4","dest":"n2","body":{"message":80,"msg_id":28,"type":"broadcast"}}
2024/02/15 21:10:40 Sent {"src":"n4","dest":"n4","body":{"message":80,"msg_id":28,"type":"broadcast"}}
2024/02/15 21:10:40 Sent {"src":"n4","dest":"n0","body":{"message":80,"msg_id":28,"type":"broadcast"}}
2024/02/15 21:10:40 Sent {"src":"n4","dest":"n3","body":{"message":80,"msg_id":28,"type":"broadcast"}}
2024/02/15 21:10:40 Received {n4 n4 {"message":80,"msg_id":28,"type":"broadcast"}}
2024/02/15 21:10:40 Received {n0 n4 {"message":80,"msg_id":28,"type":"broadcast"}}
2024/02/15 21:10:40 Received {n2 n4 {"message":80,"msg_id":28,"type":"broadcast"}}
2024/02/15 21:10:40 Received {n3 n4 {"message":80,"msg_id":28,"type":"broadcast"}}
2024/02/15 21:10:40 Received {n2 n4 {"message":81,"msg_id":28,"type":"broadcast"}}
2024/02/15 21:10:40 Sent {"src":"n4","dest":"n2","body":{"in_reply_to":28,"type":"broadcast_ok"}}
2024/02/15 21:10:40 Sent {"src":"n4","dest":"n1","body":{"message":81,"msg_id":28,"type":"broadcast"}}
2024/02/15 21:10:40 Sent {"src":"n4","dest":"n3","body":{"message":81,"msg_id":28,"type":"broadcast"}}
2024/02/15 21:10:40 Sent {"src":"n4","dest":"n4","body":{"message":81,"msg_id":28,"type":"broadcast"}}
2024/02/15 21:10:40 Sent {"src":"n4","dest":"n0","body":{"message":81,"msg_id":28,"type":"broadcast"}}
2024/02/15 21:10:40 Received {n0 n4 {"message":81,"msg_id":28,"type":"broadcast"}}
2024/02/15 21:10:40 Received {n1 n4 {"message":81,"msg_id":28,"type":"broadcast"}}
2024/02/15 21:10:40 Received {n3 n4 {"message":81,"msg_id":28,"type":"broadcast"}}
2024/02/15 21:10:40 Received {n4 n4 {"message":81,"msg_id":28,"type":"broadcast"}}
2024/02/15 21:10:40 Received {n3 n4 {"message":82,"msg_id":28,"type":"broadcast"}}
2024/02/15 21:10:40 Sent {"src":"n4","dest":"n3","body":{"in_reply_to":28,"type":"broadcast_ok"}}
2024/02/15 21:10:40 Sent {"src":"n4","dest":"n4","body":{"message":82,"msg_id":28,"type":"broadcast"}}
2024/02/15 21:10:40 Sent {"src":"n4","dest":"n0","body":{"message":82,"msg_id":28,"type":"broadcast"}}
2024/02/15 21:10:40 Sent {"src":"n4","dest":"n1","body":{"message":82,"msg_id":28,"type":"broadcast"}}
2024/02/15 21:10:40 Sent {"src":"n4","dest":"n2","body":{"message":82,"msg_id":28,"type":"broadcast"}}
2024/02/15 21:10:40 Received {n1 n4 {"message":82,"msg_id":28,"type":"broadcast"}}
2024/02/15 21:10:40 Received {n2 n4 {"message":82,"msg_id":28,"type":"broadcast"}}
2024/02/15 21:10:40 Received {n0 n4 {"message":82,"msg_id":28,"type":"broadcast"}}
2024/02/15 21:10:40 Received {n4 n4 {"message":82,"msg_id":28,"type":"broadcast"}}
2024/02/15 21:10:40 Received {c14 n4 {"type":"read","msg_id":28}}
2024/02/15 21:10:40 Sent {"src":"n4","dest":"c14","body":{"in_reply_to":28,"messages":[29,37,47,55,79,17,19,44,63,81,3,5,13,22,40,41,62,7,11,26,61,71,77,78,12,18,23,25,32,56,69,48,49,52,53,73,2,6,20,27,54,70,75,68,28,31,33,35,46,50,60,0,57,59,72,82,42,43,45,8,14,39,65,1,10,15,16,38,9,24,58,64,51,66,4,21,36,67,74,76,80,30,34],"type":"read_ok"}}
2024/02/15 21:10:40 Received {n2 n4 {"message":83,"msg_id":29,"type":"broadcast"}}
2024/02/15 21:10:40 Sent {"src":"n4","dest":"n2","body":{"in_reply_to":29,"type":"broadcast_ok"}}
2024/02/15 21:10:40 Sent {"src":"n4","dest":"n4","body":{"message":83,"msg_id":29,"type":"broadcast"}}
2024/02/15 21:10:40 Sent {"src":"n4","dest":"n0","body":{"message":83,"msg_id":29,"type":"broadcast"}}
2024/02/15 21:10:40 Sent {"src":"n4","dest":"n1","body":{"message":83,"msg_id":29,"type":"broadcast"}}
2024/02/15 21:10:40 Sent {"src":"n4","dest":"n3","body":{"message":83,"msg_id":29,"type":"broadcast"}}
2024/02/15 21:10:40 Received {n1 n4 {"message":83,"msg_id":29,"type":"broadcast"}}
2024/02/15 21:10:40 Received {n4 n4 {"message":83,"msg_id":29,"type":"broadcast"}}
2024/02/15 21:10:40 Received {n3 n4 {"message":83,"msg_id":29,"type":"broadcast"}}
2024/02/15 21:10:40 Received {n0 n4 {"message":83,"msg_id":29,"type":"broadcast"}}
2024/02/15 21:10:41 Received {n3 n4 {"message":84,"msg_id":29,"type":"broadcast"}}
2024/02/15 21:10:41 Sent {"src":"n4","dest":"n3","body":{"in_reply_to":29,"type":"broadcast_ok"}}
2024/02/15 21:10:41 Sent {"src":"n4","dest":"n4","body":{"message":84,"msg_id":29,"type":"broadcast"}}
2024/02/15 21:10:41 Sent {"src":"n4","dest":"n0","body":{"message":84,"msg_id":29,"type":"broadcast"}}
2024/02/15 21:10:41 Sent {"src":"n4","dest":"n1","body":{"message":84,"msg_id":29,"type":"broadcast"}}
2024/02/15 21:10:41 Sent {"src":"n4","dest":"n2","body":{"message":84,"msg_id":29,"type":"broadcast"}}
2024/02/15 21:10:41 Received {n2 n4 {"message":84,"msg_id":29,"type":"broadcast"}}
2024/02/15 21:10:41 Received {n1 n4 {"message":84,"msg_id":29,"type":"broadcast"}}
2024/02/15 21:10:41 Received {n4 n4 {"message":84,"msg_id":29,"type":"broadcast"}}
2024/02/15 21:10:41 Received {n0 n4 {"message":84,"msg_id":29,"type":"broadcast"}}
2024/02/15 21:10:41 Received {c14 n4 {"type":"broadcast","message":85,"msg_id":29}}
2024/02/15 21:10:41 Sent {"src":"n4","dest":"c14","body":{"in_reply_to":29,"type":"broadcast_ok"}}
2024/02/15 21:10:41 Sent {"src":"n4","dest":"n1","body":{"message":85,"msg_id":29,"type":"broadcast"}}
2024/02/15 21:10:41 Sent {"src":"n4","dest":"n4","body":{"message":85,"msg_id":29,"type":"broadcast"}}
2024/02/15 21:10:41 Sent {"src":"n4","dest":"n0","body":{"message":85,"msg_id":29,"type":"broadcast"}}
2024/02/15 21:10:41 Sent {"src":"n4","dest":"n2","body":{"message":85,"msg_id":29,"type":"broadcast"}}
2024/02/15 21:10:41 Sent {"src":"n4","dest":"n3","body":{"message":85,"msg_id":29,"type":"broadcast"}}
2024/02/15 21:10:41 Received {n4 n4 {"message":85,"msg_id":29,"type":"broadcast"}}
2024/02/15 21:10:41 Received {n1 n4 {"in_reply_to":29,"type":"broadcast_ok"}}
2024/02/15 21:10:41 Ignoring reply to 29 with no callback
2024/02/15 21:10:41 Received {n2 n4 {"in_reply_to":29,"type":"broadcast_ok"}}
2024/02/15 21:10:41 Ignoring reply to 29 with no callback
2024/02/15 21:10:41 Received {n0 n4 {"in_reply_to":29,"type":"broadcast_ok"}}
2024/02/15 21:10:41 Ignoring reply to 29 with no callback
2024/02/15 21:10:41 Received {n3 n4 {"in_reply_to":29,"type":"broadcast_ok"}}
2024/02/15 21:10:41 Ignoring reply to 29 with no callback
2024/02/15 21:10:41 Received {n3 n4 {"message":86,"msg_id":30,"type":"broadcast"}}
2024/02/15 21:10:41 Sent {"src":"n4","dest":"n3","body":{"in_reply_to":30,"type":"broadcast_ok"}}
2024/02/15 21:10:41 Sent {"src":"n4","dest":"n4","body":{"message":86,"msg_id":30,"type":"broadcast"}}
2024/02/15 21:10:41 Sent {"src":"n4","dest":"n0","body":{"message":86,"msg_id":30,"type":"broadcast"}}
2024/02/15 21:10:41 Sent {"src":"n4","dest":"n1","body":{"message":86,"msg_id":30,"type":"broadcast"}}
2024/02/15 21:10:41 Sent {"src":"n4","dest":"n2","body":{"message":86,"msg_id":30,"type":"broadcast"}}
2024/02/15 21:10:41 Received {n1 n4 {"message":86,"msg_id":30,"type":"broadcast"}}
2024/02/15 21:10:41 Received {n0 n4 {"message":86,"msg_id":30,"type":"broadcast"}}
2024/02/15 21:10:41 Received {n4 n4 {"message":86,"msg_id":30,"type":"broadcast"}}
2024/02/15 21:10:41 Received {n2 n4 {"message":86,"msg_id":30,"type":"broadcast"}}
2024/02/15 21:10:41 Received {c14 n4 {"type":"broadcast","message":87,"msg_id":30}}
2024/02/15 21:10:41 Sent {"src":"n4","dest":"c14","body":{"in_reply_to":30,"type":"broadcast_ok"}}
2024/02/15 21:10:41 Sent {"src":"n4","dest":"n1","body":{"message":87,"msg_id":30,"type":"broadcast"}}
2024/02/15 21:10:41 Sent {"src":"n4","dest":"n4","body":{"message":87,"msg_id":30,"type":"broadcast"}}
2024/02/15 21:10:41 Sent {"src":"n4","dest":"n2","body":{"message":87,"msg_id":30,"type":"broadcast"}}
2024/02/15 21:10:41 Sent {"src":"n4","dest":"n3","body":{"message":87,"msg_id":30,"type":"broadcast"}}
2024/02/15 21:10:41 Sent {"src":"n4","dest":"n0","body":{"message":87,"msg_id":30,"type":"broadcast"}}
2024/02/15 21:10:41 Received {n4 n4 {"message":87,"msg_id":30,"type":"broadcast"}}
2024/02/15 21:10:41 Received {n0 n4 {"in_reply_to":30,"type":"broadcast_ok"}}
2024/02/15 21:10:41 Ignoring reply to 30 with no callback
2024/02/15 21:10:41 Received {n1 n4 {"in_reply_to":30,"type":"broadcast_ok"}}
2024/02/15 21:10:41 Ignoring reply to 30 with no callback
2024/02/15 21:10:41 Received {n3 n4 {"in_reply_to":30,"type":"broadcast_ok"}}
2024/02/15 21:10:41 Ignoring reply to 30 with no callback
2024/02/15 21:10:41 Received {n2 n4 {"in_reply_to":30,"type":"broadcast_ok"}}
2024/02/15 21:10:41 Ignoring reply to 30 with no callback
2024/02/15 21:10:41 Received {n0 n4 {"message":88,"msg_id":60,"type":"broadcast"}}
2024/02/15 21:10:41 Sent {"src":"n4","dest":"n0","body":{"in_reply_to":60,"type":"broadcast_ok"}}
2024/02/15 21:10:41 Sent {"src":"n4","dest":"n4","body":{"message":88,"msg_id":60,"type":"broadcast"}}
2024/02/15 21:10:41 Sent {"src":"n4","dest":"n1","body":{"message":88,"msg_id":60,"type":"broadcast"}}
2024/02/15 21:10:41 Sent {"src":"n4","dest":"n2","body":{"message":88,"msg_id":60,"type":"broadcast"}}
2024/02/15 21:10:41 Sent {"src":"n4","dest":"n3","body":{"message":88,"msg_id":60,"type":"broadcast"}}
2024/02/15 21:10:41 Received {n4 n4 {"message":88,"msg_id":60,"type":"broadcast"}}
2024/02/15 21:10:41 Received {n2 n4 {"message":88,"msg_id":60,"type":"broadcast"}}
2024/02/15 21:10:41 Received {n3 n4 {"message":88,"msg_id":60,"type":"broadcast"}}
2024/02/15 21:10:41 Received {n1 n4 {"message":88,"msg_id":60,"type":"broadcast"}}
2024/02/15 21:10:41 Received {n0 n4 {"message":89,"msg_id":61,"type":"broadcast"}}
2024/02/15 21:10:41 Sent {"src":"n4","dest":"n0","body":{"in_reply_to":61,"type":"broadcast_ok"}}
2024/02/15 21:10:41 Sent {"src":"n4","dest":"n2","body":{"message":89,"msg_id":61,"type":"broadcast"}}
2024/02/15 21:10:41 Sent {"src":"n4","dest":"n4","body":{"message":89,"msg_id":61,"type":"broadcast"}}
2024/02/15 21:10:41 Sent {"src":"n4","dest":"n1","body":{"message":89,"msg_id":61,"type":"broadcast"}}
2024/02/15 21:10:41 Sent {"src":"n4","dest":"n3","body":{"message":89,"msg_id":61,"type":"broadcast"}}
2024/02/15 21:10:41 Received {n4 n4 {"message":89,"msg_id":61,"type":"broadcast"}}
2024/02/15 21:10:41 Received {n2 n4 {"message":89,"msg_id":61,"type":"broadcast"}}
2024/02/15 21:10:41 Received {n1 n4 {"message":89,"msg_id":61,"type":"broadcast"}}
2024/02/15 21:10:41 Received {n3 n4 {"message":89,"msg_id":61,"type":"broadcast"}}
2024/02/15 21:10:42 Received {n2 n4 {"message":90,"msg_id":31,"type":"broadcast"}}
2024/02/15 21:10:42 Sent {"src":"n4","dest":"n2","body":{"in_reply_to":31,"type":"broadcast_ok"}}
2024/02/15 21:10:42 Sent {"src":"n4","dest":"n4","body":{"message":90,"msg_id":31,"type":"broadcast"}}
2024/02/15 21:10:42 Sent {"src":"n4","dest":"n0","body":{"message":90,"msg_id":31,"type":"broadcast"}}
2024/02/15 21:10:42 Sent {"src":"n4","dest":"n1","body":{"message":90,"msg_id":31,"type":"broadcast"}}
2024/02/15 21:10:42 Sent {"src":"n4","dest":"n3","body":{"message":90,"msg_id":31,"type":"broadcast"}}
2024/02/15 21:10:42 Received {n4 n4 {"message":90,"msg_id":31,"type":"broadcast"}}
2024/02/15 21:10:42 Received {n1 n4 {"message":90,"msg_id":31,"type":"broadcast"}}
2024/02/15 21:10:42 Received {n0 n4 {"message":90,"msg_id":31,"type":"broadcast"}}
2024/02/15 21:10:42 Received {n3 n4 {"message":90,"msg_id":31,"type":"broadcast"}}
2024/02/15 21:10:42 Received {c14 n4 {"type":"read","msg_id":31}}
2024/02/15 21:10:42 Sent {"src":"n4","dest":"c14","body":{"in_reply_to":31,"messages":[22,40,41,62,85,3,5,13,90,61,71,77,78,7,11,26,25,32,56,69,87,12,18,23,53,73,48,49,52,27,54,70,75,2,6,20,35,46,50,60,68,28,31,33,72,82,88,0,57,59,89,42,43,45,65,86,8,14,39,16,38,1,10,15,64,9,24,58,51,66,67,74,76,80,4,21,36,30,34,55,79,84,29,37,47,63,81,83,17,19,44],"type":"read_ok"}}
2024/02/15 21:10:42 Received {n0 n4 {"message":91,"msg_id":62,"type":"broadcast"}}
2024/02/15 21:10:42 Sent {"src":"n4","dest":"n0","body":{"in_reply_to":62,"type":"broadcast_ok"}}
2024/02/15 21:10:42 Sent {"src":"n4","dest":"n2","body":{"message":91,"msg_id":62,"type":"broadcast"}}
2024/02/15 21:10:42 Sent {"src":"n4","dest":"n1","body":{"message":91,"msg_id":62,"type":"broadcast"}}
2024/02/15 21:10:42 Sent {"src":"n4","dest":"n4","body":{"message":91,"msg_id":62,"type":"broadcast"}}
2024/02/15 21:10:42 Sent {"src":"n4","dest":"n3","body":{"message":91,"msg_id":62,"type":"broadcast"}}
2024/02/15 21:10:42 Received {n2 n4 {"message":91,"msg_id":62,"type":"broadcast"}}
2024/02/15 21:10:42 Received {n1 n4 {"message":91,"msg_id":62,"type":"broadcast"}}
2024/02/15 21:10:42 Received {n3 n4 {"message":91,"msg_id":62,"type":"broadcast"}}
2024/02/15 21:10:42 Received {n4 n4 {"message":91,"msg_id":62,"type":"broadcast"}}
2024/02/15 21:10:42 Received {n1 n4 {"message":92,"msg_id":32,"type":"broadcast"}}
2024/02/15 21:10:42 Sent {"src":"n4","dest":"n1","body":{"in_reply_to":32,"type":"broadcast_ok"}}
2024/02/15 21:10:42 Sent {"src":"n4","dest":"n2","body":{"message":92,"msg_id":32,"type":"broadcast"}}
2024/02/15 21:10:42 Sent {"src":"n4","dest":"n0","body":{"message":92,"msg_id":32,"type":"broadcast"}}
2024/02/15 21:10:42 Sent {"src":"n4","dest":"n3","body":{"message":92,"msg_id":32,"type":"broadcast"}}
2024/02/15 21:10:42 Sent {"src":"n4","dest":"n4","body":{"message":92,"msg_id":32,"type":"broadcast"}}
2024/02/15 21:10:42 Received {n2 n4 {"message":92,"msg_id":32,"type":"broadcast"}}
2024/02/15 21:10:42 Received {n4 n4 {"message":92,"msg_id":32,"type":"broadcast"}}
2024/02/15 21:10:42 Received {n0 n4 {"message":92,"msg_id":32,"type":"broadcast"}}
2024/02/15 21:10:42 Received {n3 n4 {"message":92,"msg_id":32,"type":"broadcast"}}
2024/02/15 21:10:43 Received {c14 n4 {"type":"read","msg_id":32}}
2024/02/15 21:10:43 Sent {"src":"n4","dest":"c14","body":{"in_reply_to":32,"messages":[48,49,52,53,73,70,75,2,6,20,27,54,50,60,68,28,31,33,35,46,88,0,57,59,72,82,42,43,45,89,8,14,39,65,86,1,10,15,16,38,9,24,58,64,92,51,66,76,80,4,21,36,67,74,30,34,84,91,29,37,47,55,79,83,17,19,44,63,81,41,62,85,3,5,13,22,40,90,77,78,7,11,26,61,71,56,69,87,12,18,23,25,32],"type":"read_ok"}}
2024/02/15 21:10:53 Received {c14 n4 {"type":"read","msg_id":33}}
2024/02/15 21:10:53 Sent {"src":"n4","dest":"c14","body":{"in_reply_to":33,"messages":[71,77,78,7,11,26,61,32,56,69,87,12,18,23,25,73,48,49,52,53,54,70,75,2,6,20,27,46,50,60,68,28,31,33,35,82,88,0,57,59,72,42,43,45,89,86,8,14,39,65,38,1,10,15,16,92,9,24,58,64,51,66,74,76,80,4,21,36,67,30,34,79,84,91,29,37,47,55,81,83,17,19,44,63,40,41,62,85,3,5,13,22,90],"type":"read_ok"}}
