2024-02-15 19:47:32,102{GMT}	INFO	[jepsen test runner] jepsen.core: Test version 0a8ed9eaadb7996cb4eee24182cc4adb7bdb69bb (plus uncommitted changes)
2024-02-15 19:47:32,102{GMT}	INFO	[jepsen test runner] jepsen.core: Command line:
lein run test -w broadcast --bin /Users/manthangupta/go/bin/broadcast --node-count 5 --time-limit 20 --rate 10
2024-02-15 19:47:32,166{GMT}	INFO	[jepsen test runner] jepsen.core: Running test:
{:args []
 :remote
 #jepsen.control.retry.Remote{:remote #jepsen.control.scp.Remote{:cmd-remote #jepsen.control.sshj.SSHJRemote{:concurrency-limit 6,
                                                                                                             :conn-spec nil,
                                                                                                             :client nil,
                                                                                                             :semaphore nil},
                                                                 :conn-spec nil},
                              :conn nil}
 :log-net-send false
 :node-count 5
 :availability nil
 :max-txn-length 4
 :concurrency 5
 :db
 #object[maelstrom.db$db$reify__16142
         "0x3fe8d57a"
         "maelstrom.db$db$reify__16142@3fe8d57a"]
 :max-writes-per-key 16
 :leave-db-running? false
 :name "broadcast"
 :logging-json? false
 :start-time
 #object[org.joda.time.DateTime "0x674cd2da" "2024-02-15T19:47:32.069+05:30"]
 :nemesis-interval 10
 :net
 #object[maelstrom.net$jepsen_net$reify__15251
         "0x686279e0"
         "maelstrom.net$jepsen_net$reify__15251@686279e0"]
 :client
 #object[maelstrom.workload.broadcast$client$reify__16644
         "0x6b28d4e4"
         "maelstrom.workload.broadcast$client$reify__16644@6b28d4e4"]
 :barrier
 #object[java.util.concurrent.CyclicBarrier
         "0x41cfcbb5"
         "java.util.concurrent.CyclicBarrier@41cfcbb5"]
 :log-stderr false
 :pure-generators true
 :ssh {:dummy? true}
 :rate 10.0
 :checker
 #object[jepsen.checker$compose$reify__11881
         "0x40941b54"
         "jepsen.checker$compose$reify__11881@40941b54"]
 :argv
 ("test"
  "-w"
  "broadcast"
  "--bin"
  "/Users/manthangupta/go/bin/broadcast"
  "--node-count"
  "5"
  "--time-limit"
  "20"
  "--rate"
  "10")
 :nemesis
 (jepsen.nemesis.ReflCompose
  {:fm {:start-partition 0,
        :stop-partition 0,
        :kill 1,
        :start 1,
        :pause 1,
        :resume 1},
   :nemeses [#unprintable "jepsen.nemesis.combined$partition_nemesis$reify__16416@3b42d7df"
             #unprintable "jepsen.nemesis.combined$db_nemesis$reify__16397@1660bba7"]})
 :nodes ["n0" "n1" "n2" "n3" "n4"]
 :test-count 1
 :latency {:mean 0, :dist :constant}
 :bin "/Users/manthangupta/go/bin/broadcast"
 :generator
 ((jepsen.generator.Synchronize
   {:gen (jepsen.generator.TimeLimit
          {:limit 20000000000,
           :cutoff nil,
           :gen (jepsen.generator.Any
                 {:gens [(jepsen.generator.OnThreads
                          {:f #{:nemesis},
                           :context-filter #object[jepsen.generator.context$make_thread_filter$lazy_filter__9167
                                                   "0x7d3a9061"
                                                   "jepsen.generator.context$make_thread_filter$lazy_filter__9167@7d3a9061"],
                           :gen nil})
                         (jepsen.generator.OnThreads
                          {:f #jepsen.generator.context.AllBut{:element :nemesis},
                           :context-filter #object[jepsen.generator.context$make_thread_filter$lazy_filter__9167
                                                   "0x2a2f7a61"
                                                   "jepsen.generator.context$make_thread_filter$lazy_filter__9167@2a2f7a61"],
                           :gen (jepsen.generator.Stagger
                                 {:dt 200000000,
                                  :next-time nil,
                                  :gen (jepsen.generator.Mix
                                        {:i 1,
                                         :gens [({:f :broadcast, :value 0}
                                                 {:f :broadcast, :value 1}
                                                 {:f :broadcast, :value 2}
                                                 {:f :broadcast, :value 3}
                                                 {:f :broadcast, :value 4}
                                                 {:f :broadcast, :value 5}
                                                 {:f :broadcast, :value 6}
                                                 {:f :broadcast, :value 7}
                                                 ...)
                                                ({:f :read}
                                                 {:f :read}
                                                 {:f :read}
                                                 {:f :read}
                                                 {:f :read}
                                                 {:f :read}
                                                 {:f :read}
                                                 {:f :read}
                                                 ...)]})})})]})})})
  (jepsen.generator.Synchronize
   {:gen (jepsen.generator.OnThreads
          {:f #{:nemesis},
           :context-filter #object[jepsen.generator.context$make_thread_filter$lazy_filter__9167
                                   "0x196c8b93"
                                   "jepsen.generator.context$make_thread_filter$lazy_filter__9167@196c8b93"],
           :gen ()})})
  (jepsen.generator.Synchronize
   {:gen {:type :log, :value "Waiting for recovery..."}})
  (jepsen.generator.Synchronize {:gen {:type :sleep, :value 10}})
  (jepsen.generator.Synchronize
   {:gen (jepsen.generator.OnThreads
          {:f #jepsen.generator.context.AllBut{:element :nemesis},
           :context-filter #object[jepsen.generator.context$make_thread_filter$lazy_filter__9167
                                   "0x307ca947"
                                   "jepsen.generator.context$make_thread_filter$lazy_filter__9167@307ca947"],
           :gen (jepsen.generator.EachThread
                 {:fresh-gen {:f :read, :final? true},
                  :context-filters #object[clojure.core$promise$reify__8591
                                           "0x61d1315b"
                                           {:status :pending, :val nil}],
                  :gens {}})})}))
 :log-net-recv false
 :os
 #object[maelstrom.net$jepsen_os$reify__15254
         "0x49d5b651"
         "maelstrom.net$jepsen_os$reify__15254@49d5b651"]
 :time-limit 20
 :workload :broadcast
 :consistency-models [:strict-serializable]
 :topology :grid}

2024-02-15 19:47:33,080{GMT}	INFO	[jepsen node n0] maelstrom.net: Starting Maelstrom network
2024-02-15 19:47:33,081{GMT}	INFO	[jepsen test runner] jepsen.db: Tearing down DB
2024-02-15 19:47:33,082{GMT}	INFO	[jepsen test runner] jepsen.db: Setting up DB
2024-02-15 19:47:33,082{GMT}	INFO	[jepsen node n1] maelstrom.db: Setting up n1
2024-02-15 19:47:33,082{GMT}	INFO	[jepsen node n2] maelstrom.db: Setting up n2
2024-02-15 19:47:33,082{GMT}	INFO	[jepsen node n2] maelstrom.process: launching /Users/manthangupta/go/bin/broadcast []
2024-02-15 19:47:33,082{GMT}	INFO	[jepsen node n1] maelstrom.process: launching /Users/manthangupta/go/bin/broadcast []
2024-02-15 19:47:33,082{GMT}	INFO	[jepsen node n3] maelstrom.db: Setting up n3
2024-02-15 19:47:33,083{GMT}	INFO	[jepsen node n3] maelstrom.process: launching /Users/manthangupta/go/bin/broadcast []
2024-02-15 19:47:33,083{GMT}	INFO	[jepsen node n4] maelstrom.db: Setting up n4
2024-02-15 19:47:33,083{GMT}	INFO	[jepsen node n4] maelstrom.process: launching /Users/manthangupta/go/bin/broadcast []
2024-02-15 19:47:33,083{GMT}	INFO	[jepsen node n0] maelstrom.service: Starting services: (lin-kv lin-tso lww-kv seq-kv)
2024-02-15 19:47:33,084{GMT}	INFO	[jepsen node n0] maelstrom.db: Setting up n0
2024-02-15 19:47:33,085{GMT}	INFO	[jepsen node n0] maelstrom.process: launching /Users/manthangupta/go/bin/broadcast []
2024-02-15 19:47:33,580{GMT}	INFO	[jepsen test runner] jepsen.core: Relative time begins now
2024-02-15 19:47:33,611{GMT}	INFO	[jepsen worker 0] jepsen.util: 0	:invoke	:read	nil
2024-02-15 19:47:33,614{GMT}	INFO	[jepsen worker 0] jepsen.util: 0	:ok	:read	[]
2024-02-15 19:47:33,793{GMT}	INFO	[jepsen worker 1] jepsen.util: 1	:invoke	:broadcast	0
2024-02-15 19:47:33,796{GMT}	INFO	[jepsen worker 1] jepsen.util: 1	:ok	:broadcast	0
2024-02-15 19:47:33,820{GMT}	INFO	[jepsen worker 2] jepsen.util: 2	:invoke	:read	nil
2024-02-15 19:47:33,837{GMT}	INFO	[jepsen worker 2] jepsen.util: 2	:ok	:read	[0]
2024-02-15 19:47:33,853{GMT}	INFO	[jepsen worker 3] jepsen.util: 3	:invoke	:read	nil
2024-02-15 19:47:34,020{GMT}	INFO	[jepsen worker 4] jepsen.util: 4	:invoke	:read	nil
2024-02-15 19:47:34,275{GMT}	INFO	[jepsen worker 0] jepsen.util: 0	:invoke	:read	nil
2024-02-15 19:47:34,297{GMT}	INFO	[jepsen worker 1] jepsen.util: 1	:invoke	:broadcast	1
2024-02-15 19:47:34,435{GMT}	INFO	[jepsen worker 2] jepsen.util: 2	:invoke	:read	nil
2024-02-15 19:47:34,467{GMT}	INFO	[jepsen worker 2] jepsen.util: 2	:ok	:read	[0]
2024-02-15 19:47:34,497{GMT}	INFO	[jepsen worker 2] jepsen.util: 2	:invoke	:broadcast	2
2024-02-15 19:47:34,516{GMT}	INFO	[jepsen worker 2] jepsen.util: 2	:ok	:broadcast	2
2024-02-15 19:47:34,642{GMT}	INFO	[jepsen worker 2] jepsen.util: 2	:invoke	:broadcast	3
2024-02-15 19:47:34,645{GMT}	INFO	[jepsen worker 2] jepsen.util: 2	:ok	:broadcast	3
2024-02-15 19:47:34,741{GMT}	INFO	[jepsen worker 2] jepsen.util: 2	:invoke	:read	nil
2024-02-15 19:47:34,744{GMT}	INFO	[jepsen worker 2] jepsen.util: 2	:ok	:read	[0 2 3]
2024-02-15 19:47:34,904{GMT}	INFO	[jepsen worker 2] jepsen.util: 2	:invoke	:broadcast	4
2024-02-15 19:47:34,934{GMT}	INFO	[jepsen worker 2] jepsen.util: 2	:ok	:broadcast	4
2024-02-15 19:47:35,047{GMT}	INFO	[jepsen worker 2] jepsen.util: 2	:invoke	:broadcast	5
2024-02-15 19:47:35,049{GMT}	INFO	[jepsen worker 2] jepsen.util: 2	:ok	:broadcast	5
2024-02-15 19:47:35,169{GMT}	INFO	[jepsen worker 2] jepsen.util: 2	:invoke	:read	nil
2024-02-15 19:47:35,172{GMT}	INFO	[jepsen worker 2] jepsen.util: 2	:ok	:read	[0 2 3 4 5]
2024-02-15 19:47:35,374{GMT}	INFO	[jepsen worker 2] jepsen.util: 2	:invoke	:broadcast	6
2024-02-15 19:47:35,384{GMT}	INFO	[jepsen worker 2] jepsen.util: 2	:ok	:broadcast	6
2024-02-15 19:47:35,447{GMT}	INFO	[jepsen worker 2] jepsen.util: 2	:invoke	:broadcast	7
2024-02-15 19:47:35,450{GMT}	INFO	[jepsen worker 2] jepsen.util: 2	:ok	:broadcast	7
2024-02-15 19:47:35,586{GMT}	INFO	[jepsen worker 2] jepsen.util: 2	:invoke	:read	nil
2024-02-15 19:47:35,588{GMT}	INFO	[jepsen worker 2] jepsen.util: 2	:ok	:read	[0 2 3 4 5 6 7]
2024-02-15 19:47:35,709{GMT}	INFO	[jepsen worker 2] jepsen.util: 2	:invoke	:broadcast	8
2024-02-15 19:47:35,711{GMT}	INFO	[jepsen worker 2] jepsen.util: 2	:ok	:broadcast	8
2024-02-15 19:47:35,821{GMT}	INFO	[jepsen worker 2] jepsen.util: 2	:invoke	:broadcast	9
2024-02-15 19:47:35,827{GMT}	INFO	[jepsen worker 2] jepsen.util: 2	:ok	:broadcast	9
2024-02-15 19:47:35,914{GMT}	INFO	[jepsen worker 2] jepsen.util: 2	:invoke	:read	nil
2024-02-15 19:47:35,934{GMT}	INFO	[jepsen worker 2] jepsen.util: 2	:ok	:read	[0 2 3 4 5 6 7 8 9]
2024-02-15 19:47:35,986{GMT}	INFO	[jepsen worker 2] jepsen.util: 2	:invoke	:broadcast	10
2024-02-15 19:47:36,021{GMT}	INFO	[jepsen worker 2] jepsen.util: 2	:ok	:broadcast	10
2024-02-15 19:47:36,023{GMT}	INFO	[jepsen worker 2] jepsen.util: 2	:invoke	:read	nil
2024-02-15 19:47:36,025{GMT}	INFO	[jepsen worker 2] jepsen.util: 2	:ok	:read	[0 2 3 4 5 6 7 8 9 10]
2024-02-15 19:47:36,169{GMT}	INFO	[jepsen worker 2] jepsen.util: 2	:invoke	:broadcast	11
2024-02-15 19:47:36,171{GMT}	INFO	[jepsen worker 2] jepsen.util: 2	:ok	:broadcast	11
2024-02-15 19:47:36,353{GMT}	INFO	[jepsen worker 2] jepsen.util: 2	:invoke	:read	nil
2024-02-15 19:47:36,356{GMT}	INFO	[jepsen worker 2] jepsen.util: 2	:ok	:read	[0 2 3 4 5 6 7 8 9 10 11]
2024-02-15 19:47:36,448{GMT}	INFO	[jepsen worker 2] jepsen.util: 2	:invoke	:broadcast	12
2024-02-15 19:47:36,450{GMT}	INFO	[jepsen worker 2] jepsen.util: 2	:ok	:broadcast	12
2024-02-15 19:47:36,518{GMT}	INFO	[jepsen worker 2] jepsen.util: 2	:invoke	:read	nil
2024-02-15 19:47:36,520{GMT}	INFO	[jepsen worker 2] jepsen.util: 2	:ok	:read	[0 2 3 4 5 6 7 8 9 10 11 12]
2024-02-15 19:47:36,695{GMT}	INFO	[jepsen worker 2] jepsen.util: 2	:invoke	:read	nil
2024-02-15 19:47:36,718{GMT}	INFO	[jepsen worker 2] jepsen.util: 2	:ok	:read	[0 2 3 4 5 6 7 8 9 10 11 12]
2024-02-15 19:47:36,847{GMT}	INFO	[jepsen worker 2] jepsen.util: 2	:invoke	:broadcast	13
2024-02-15 19:47:36,849{GMT}	INFO	[jepsen worker 2] jepsen.util: 2	:ok	:broadcast	13
2024-02-15 19:47:37,038{GMT}	INFO	[jepsen worker 2] jepsen.util: 2	:invoke	:read	nil
2024-02-15 19:47:37,051{GMT}	INFO	[jepsen worker 2] jepsen.util: 2	:ok	:read	[0 2 3 4 5 6 7 8 9 10 11 12 13]
2024-02-15 19:47:37,204{GMT}	INFO	[jepsen worker 2] jepsen.util: 2	:invoke	:read	nil
2024-02-15 19:47:37,206{GMT}	INFO	[jepsen worker 2] jepsen.util: 2	:ok	:read	[0 2 3 4 5 6 7 8 9 10 11 12 13]
2024-02-15 19:47:37,221{GMT}	INFO	[jepsen worker 2] jepsen.util: 2	:invoke	:read	nil
2024-02-15 19:47:37,223{GMT}	INFO	[jepsen worker 2] jepsen.util: 2	:ok	:read	[0 2 3 4 5 6 7 8 9 10 11 12 13]
2024-02-15 19:47:37,304{GMT}	INFO	[jepsen worker 2] jepsen.util: 2	:invoke	:read	nil
2024-02-15 19:47:37,307{GMT}	INFO	[jepsen worker 2] jepsen.util: 2	:ok	:read	[0 2 3 4 5 6 7 8 9 10 11 12 13]
2024-02-15 19:47:37,474{GMT}	INFO	[jepsen worker 2] jepsen.util: 2	:invoke	:read	nil
2024-02-15 19:47:37,493{GMT}	INFO	[jepsen worker 2] jepsen.util: 2	:ok	:read	[0 2 3 4 5 6 7 8 9 10 11 12 13]
2024-02-15 19:47:37,505{GMT}	INFO	[jepsen worker 2] jepsen.util: 2	:invoke	:read	nil
2024-02-15 19:47:37,528{GMT}	INFO	[jepsen worker 2] jepsen.util: 2	:ok	:read	[0 2 3 4 5 6 7 8 9 10 11 12 13]
2024-02-15 19:47:37,529{GMT}	INFO	[jepsen worker 2] jepsen.util: 2	:invoke	:broadcast	14
2024-02-15 19:47:37,533{GMT}	INFO	[jepsen worker 2] jepsen.util: 2	:ok	:broadcast	14
2024-02-15 19:47:37,643{GMT}	INFO	[jepsen worker 2] jepsen.util: 2	:invoke	:broadcast	15
2024-02-15 19:47:37,644{GMT}	INFO	[jepsen worker 2] jepsen.util: 2	:ok	:broadcast	15
2024-02-15 19:47:37,658{GMT}	INFO	[jepsen worker 2] jepsen.util: 2	:invoke	:broadcast	16
2024-02-15 19:47:37,677{GMT}	INFO	[jepsen worker 2] jepsen.util: 2	:ok	:broadcast	16
2024-02-15 19:47:37,764{GMT}	INFO	[jepsen worker 2] jepsen.util: 2	:invoke	:broadcast	17
2024-02-15 19:47:37,779{GMT}	INFO	[jepsen worker 2] jepsen.util: 2	:ok	:broadcast	17
2024-02-15 19:47:37,928{GMT}	INFO	[jepsen worker 2] jepsen.util: 2	:invoke	:read	nil
2024-02-15 19:47:37,948{GMT}	INFO	[jepsen worker 2] jepsen.util: 2	:ok	:read	[0 2 3 4 5 6 7 8 9 10 11 12 13 14 15 16 17]
2024-02-15 19:47:37,961{GMT}	INFO	[jepsen worker 2] jepsen.util: 2	:invoke	:read	nil
2024-02-15 19:47:38,001{GMT}	INFO	[jepsen worker 2] jepsen.util: 2	:ok	:read	[0 2 3 4 5 6 7 8 9 10 11 12 13 14 15 16 17]
2024-02-15 19:47:38,139{GMT}	INFO	[jepsen worker 2] jepsen.util: 2	:invoke	:broadcast	18
2024-02-15 19:47:38,141{GMT}	INFO	[jepsen worker 2] jepsen.util: 2	:ok	:broadcast	18
2024-02-15 19:47:38,336{GMT}	INFO	[jepsen worker 2] jepsen.util: 2	:invoke	:broadcast	19
2024-02-15 19:47:38,365{GMT}	INFO	[jepsen worker 2] jepsen.util: 2	:ok	:broadcast	19
2024-02-15 19:47:38,490{GMT}	INFO	[jepsen worker 2] jepsen.util: 2	:invoke	:broadcast	20
2024-02-15 19:47:38,492{GMT}	INFO	[jepsen worker 2] jepsen.util: 2	:ok	:broadcast	20
2024-02-15 19:47:38,616{GMT}	INFO	[jepsen worker 2] jepsen.util: 2	:invoke	:read	nil
2024-02-15 19:47:38,619{GMT}	INFO	[jepsen worker 2] jepsen.util: 2	:ok	:read	[0 2 3 4 5 6 7 8 9 10 11 12 13 14 15 16 17 18 19 20]
2024-02-15 19:47:38,753{GMT}	INFO	[jepsen worker 2] jepsen.util: 2	:invoke	:read	nil
2024-02-15 19:47:38,755{GMT}	INFO	[jepsen worker 2] jepsen.util: 2	:ok	:read	[0 2 3 4 5 6 7 8 9 10 11 12 13 14 15 16 17 18 19 20]
2024-02-15 19:47:38,780{GMT}	INFO	[jepsen worker 2] jepsen.util: 2	:invoke	:broadcast	21
2024-02-15 19:47:38,782{GMT}	INFO	[jepsen worker 2] jepsen.util: 2	:ok	:broadcast	21
2024-02-15 19:47:38,862{GMT}	INFO	[jepsen worker 3] jepsen.util: 3	:fail	:read	nil	:net-timeout
2024-02-15 19:47:38,981{GMT}	INFO	[jepsen worker 2] jepsen.util: 2	:invoke	:broadcast	22
2024-02-15 19:47:39,004{GMT}	INFO	[jepsen worker 2] jepsen.util: 2	:ok	:broadcast	22
2024-02-15 19:47:39,027{GMT}	INFO	[jepsen worker 4] jepsen.util: 4	:fail	:read	nil	:net-timeout
2024-02-15 19:47:39,109{GMT}	INFO	[jepsen worker 2] jepsen.util: 2	:invoke	:read	nil
2024-02-15 19:47:39,111{GMT}	INFO	[jepsen worker 2] jepsen.util: 2	:ok	:read	[0 2 3 4 5 6 7 8 9 10 11 12 13 14 15 16 17 18 19 20 21 22]
2024-02-15 19:47:39,198{GMT}	INFO	[jepsen worker 2] jepsen.util: 2	:invoke	:read	nil
2024-02-15 19:47:39,203{GMT}	INFO	[jepsen worker 2] jepsen.util: 2	:ok	:read	[0 2 3 4 5 6 7 8 9 10 11 12 13 14 15 16 17 18 19 20 21 22]
2024-02-15 19:47:39,287{GMT}	INFO	[jepsen worker 0] jepsen.util: 0	:fail	:read	nil	:net-timeout
2024-02-15 19:47:39,303{GMT}	INFO	[jepsen worker 1] jepsen.util: 1	:info	:broadcast	1	:net-timeout
2024-02-15 19:47:39,328{GMT}	INFO	[jepsen worker 1] jepsen.util: 6	:invoke	:read	nil
2024-02-15 19:47:39,452{GMT}	INFO	[jepsen worker 2] jepsen.util: 2	:invoke	:read	nil
2024-02-15 19:47:39,454{GMT}	INFO	[jepsen worker 2] jepsen.util: 2	:ok	:read	[0 2 3 4 5 6 7 8 9 10 11 12 13 14 15 16 17 18 19 20 21 22]
2024-02-15 19:47:39,651{GMT}	INFO	[jepsen worker 3] jepsen.util: 3	:invoke	:read	nil
2024-02-15 19:47:39,715{GMT}	INFO	[jepsen worker 4] jepsen.util: 4	:invoke	:broadcast	23
2024-02-15 19:47:39,889{GMT}	INFO	[jepsen worker 0] jepsen.util: 0	:invoke	:read	nil
2024-02-15 19:47:40,095{GMT}	INFO	[jepsen worker 2] jepsen.util: 2	:invoke	:broadcast	24
2024-02-15 19:47:40,110{GMT}	INFO	[jepsen worker 2] jepsen.util: 2	:ok	:broadcast	24
2024-02-15 19:47:40,231{GMT}	INFO	[jepsen worker 2] jepsen.util: 2	:invoke	:read	nil
2024-02-15 19:47:40,233{GMT}	INFO	[jepsen worker 2] jepsen.util: 2	:ok	:read	[0 2 3 4 5 6 7 8 9 10 11 12 13 14 15 16 17 18 19 20 21 22 24]
2024-02-15 19:47:40,427{GMT}	INFO	[jepsen worker 2] jepsen.util: 2	:invoke	:read	nil
2024-02-15 19:47:40,428{GMT}	INFO	[jepsen worker 2] jepsen.util: 2	:ok	:read	[0 2 3 4 5 6 7 8 9 10 11 12 13 14 15 16 17 18 19 20 21 22 24]
2024-02-15 19:47:40,609{GMT}	INFO	[jepsen worker 2] jepsen.util: 2	:invoke	:read	nil
2024-02-15 19:47:40,619{GMT}	INFO	[jepsen worker 2] jepsen.util: 2	:ok	:read	[0 2 3 4 5 6 7 8 9 10 11 12 13 14 15 16 17 18 19 20 21 22 24]
2024-02-15 19:47:40,663{GMT}	INFO	[jepsen worker 2] jepsen.util: 2	:invoke	:read	nil
2024-02-15 19:47:40,666{GMT}	INFO	[jepsen worker 2] jepsen.util: 2	:ok	:read	[0 2 3 4 5 6 7 8 9 10 11 12 13 14 15 16 17 18 19 20 21 22 24]
2024-02-15 19:47:40,666{GMT}	INFO	[jepsen worker 2] jepsen.util: 2	:invoke	:broadcast	25
2024-02-15 19:47:40,668{GMT}	INFO	[jepsen worker 2] jepsen.util: 2	:ok	:broadcast	25
2024-02-15 19:47:40,744{GMT}	INFO	[jepsen worker 2] jepsen.util: 2	:invoke	:broadcast	26
2024-02-15 19:47:40,746{GMT}	INFO	[jepsen worker 2] jepsen.util: 2	:ok	:broadcast	26
2024-02-15 19:47:40,893{GMT}	INFO	[jepsen worker 2] jepsen.util: 2	:invoke	:broadcast	27
2024-02-15 19:47:40,895{GMT}	INFO	[jepsen worker 2] jepsen.util: 2	:ok	:broadcast	27
2024-02-15 19:47:41,013{GMT}	INFO	[jepsen worker 2] jepsen.util: 2	:invoke	:read	nil
2024-02-15 19:47:41,015{GMT}	INFO	[jepsen worker 2] jepsen.util: 2	:ok	:read	[0 2 3 4 5 6 7 8 9 10 11 12 13 14 15 16 17 18 19 20 21 22 24 25 26 27]
2024-02-15 19:47:41,082{GMT}	INFO	[jepsen worker 2] jepsen.util: 2	:invoke	:read	nil
2024-02-15 19:47:41,084{GMT}	INFO	[jepsen worker 2] jepsen.util: 2	:ok	:read	[0 2 3 4 5 6 7 8 9 10 11 12 13 14 15 16 17 18 19 20 21 22 24 25 26 27]
2024-02-15 19:47:41,242{GMT}	INFO	[jepsen worker 2] jepsen.util: 2	:invoke	:read	nil
2024-02-15 19:47:41,244{GMT}	INFO	[jepsen worker 2] jepsen.util: 2	:ok	:read	[0 2 3 4 5 6 7 8 9 10 11 12 13 14 15 16 17 18 19 20 21 22 24 25 26 27]
2024-02-15 19:47:41,441{GMT}	INFO	[jepsen worker 2] jepsen.util: 2	:invoke	:read	nil
2024-02-15 19:47:41,455{GMT}	INFO	[jepsen worker 2] jepsen.util: 2	:ok	:read	[0 2 3 4 5 6 7 8 9 10 11 12 13 14 15 16 17 18 19 20 21 22 24 25 26 27]
2024-02-15 19:47:41,460{GMT}	INFO	[jepsen worker 2] jepsen.util: 2	:invoke	:read	nil
2024-02-15 19:47:41,480{GMT}	INFO	[jepsen worker 2] jepsen.util: 2	:ok	:read	[0 2 3 4 5 6 7 8 9 10 11 12 13 14 15 16 17 18 19 20 21 22 24 25 26 27]
2024-02-15 19:47:41,579{GMT}	INFO	[jepsen worker 2] jepsen.util: 2	:invoke	:read	nil
2024-02-15 19:47:41,581{GMT}	INFO	[jepsen worker 2] jepsen.util: 2	:ok	:read	[0 2 3 4 5 6 7 8 9 10 11 12 13 14 15 16 17 18 19 20 21 22 24 25 26 27]
2024-02-15 19:47:41,730{GMT}	INFO	[jepsen worker 2] jepsen.util: 2	:invoke	:read	nil
2024-02-15 19:47:41,751{GMT}	INFO	[jepsen worker 2] jepsen.util: 2	:ok	:read	[0 2 3 4 5 6 7 8 9 10 11 12 13 14 15 16 17 18 19 20 21 22 24 25 26 27]
2024-02-15 19:47:41,923{GMT}	INFO	[jepsen worker 2] jepsen.util: 2	:invoke	:read	nil
2024-02-15 19:47:41,945{GMT}	INFO	[jepsen worker 2] jepsen.util: 2	:ok	:read	[0 2 3 4 5 6 7 8 9 10 11 12 13 14 15 16 17 18 19 20 21 22 24 25 26 27]
2024-02-15 19:47:42,079{GMT}	INFO	[jepsen worker 2] jepsen.util: 2	:invoke	:broadcast	28
2024-02-15 19:47:42,081{GMT}	INFO	[jepsen worker 2] jepsen.util: 2	:ok	:broadcast	28
2024-02-15 19:47:42,273{GMT}	INFO	[jepsen worker 2] jepsen.util: 2	:invoke	:read	nil
2024-02-15 19:47:42,289{GMT}	INFO	[jepsen worker 2] jepsen.util: 2	:ok	:read	[0 2 3 4 5 6 7 8 9 10 11 12 13 14 15 16 17 18 19 20 21 22 24 25 26 27 28]
2024-02-15 19:47:42,289{GMT}	INFO	[jepsen worker 2] jepsen.util: 2	:invoke	:read	nil
2024-02-15 19:47:42,290{GMT}	INFO	[jepsen worker 2] jepsen.util: 2	:ok	:read	[0 2 3 4 5 6 7 8 9 10 11 12 13 14 15 16 17 18 19 20 21 22 24 25 26 27 28]
2024-02-15 19:47:42,375{GMT}	INFO	[jepsen worker 2] jepsen.util: 2	:invoke	:read	nil
2024-02-15 19:47:42,377{GMT}	INFO	[jepsen worker 2] jepsen.util: 2	:ok	:read	[0 2 3 4 5 6 7 8 9 10 11 12 13 14 15 16 17 18 19 20 21 22 24 25 26 27 28]
2024-02-15 19:47:42,472{GMT}	INFO	[jepsen worker 2] jepsen.util: 2	:invoke	:broadcast	29
2024-02-15 19:47:42,474{GMT}	INFO	[jepsen worker 2] jepsen.util: 2	:ok	:broadcast	29
2024-02-15 19:47:42,564{GMT}	INFO	[jepsen worker 2] jepsen.util: 2	:invoke	:broadcast	30
2024-02-15 19:47:42,566{GMT}	INFO	[jepsen worker 2] jepsen.util: 2	:ok	:broadcast	30
2024-02-15 19:47:42,730{GMT}	INFO	[jepsen worker 2] jepsen.util: 2	:invoke	:read	nil
2024-02-15 19:47:42,749{GMT}	INFO	[jepsen worker 2] jepsen.util: 2	:ok	:read	[0 2 3 4 5 6 7 8 9 10 11 12 13 14 15 16 17 18 19 20 21 22 24 25 26 27 28 29 30]
2024-02-15 19:47:42,834{GMT}	INFO	[jepsen worker 2] jepsen.util: 2	:invoke	:broadcast	31
2024-02-15 19:47:42,836{GMT}	INFO	[jepsen worker 2] jepsen.util: 2	:ok	:broadcast	31
2024-02-15 19:47:42,972{GMT}	INFO	[jepsen worker 2] jepsen.util: 2	:invoke	:broadcast	32
2024-02-15 19:47:42,994{GMT}	INFO	[jepsen worker 2] jepsen.util: 2	:ok	:broadcast	32
2024-02-15 19:47:43,073{GMT}	INFO	[jepsen worker 2] jepsen.util: 2	:invoke	:read	nil
2024-02-15 19:47:43,076{GMT}	INFO	[jepsen worker 2] jepsen.util: 2	:ok	:read	[0 2 3 4 5 6 7 8 9 10 11 12 13 14 15 16 17 18 19 20 21 22 24 25 26 27 28 29 30 31 32]
2024-02-15 19:47:43,144{GMT}	INFO	[jepsen worker 2] jepsen.util: 2	:invoke	:read	nil
2024-02-15 19:47:43,146{GMT}	INFO	[jepsen worker 2] jepsen.util: 2	:ok	:read	[0 2 3 4 5 6 7 8 9 10 11 12 13 14 15 16 17 18 19 20 21 22 24 25 26 27 28 29 30 31 32]
2024-02-15 19:47:43,192{GMT}	INFO	[jepsen worker 2] jepsen.util: 2	:invoke	:broadcast	33
2024-02-15 19:47:43,196{GMT}	INFO	[jepsen worker 2] jepsen.util: 2	:ok	:broadcast	33
2024-02-15 19:47:43,350{GMT}	INFO	[jepsen worker 2] jepsen.util: 2	:invoke	:broadcast	34
2024-02-15 19:47:43,352{GMT}	INFO	[jepsen worker 2] jepsen.util: 2	:ok	:broadcast	34
2024-02-15 19:47:43,394{GMT}	INFO	[jepsen worker 2] jepsen.util: 2	:invoke	:broadcast	35
2024-02-15 19:47:43,411{GMT}	INFO	[jepsen worker 2] jepsen.util: 2	:ok	:broadcast	35
2024-02-15 19:47:43,484{GMT}	INFO	[jepsen worker 2] jepsen.util: 2	:invoke	:broadcast	36
2024-02-15 19:47:43,485{GMT}	INFO	[jepsen worker 2] jepsen.util: 2	:ok	:broadcast	36
2024-02-15 19:47:43,579{GMT}	INFO	[jepsen worker 2] jepsen.util: 2	:invoke	:read	nil
2024-02-15 19:47:43,581{GMT}	INFO	[jepsen worker 2] jepsen.util: 2	:ok	:read	[0 2 3 4 5 6 7 8 9 10 11 12 13 14 15 16 17 18 19 20 21 22 24 25 26 27 28 29 30 31 32 33 34 35 36]
2024-02-15 19:47:43,694{GMT}	INFO	[jepsen worker 2] jepsen.util: 2	:invoke	:broadcast	37
2024-02-15 19:47:43,709{GMT}	INFO	[jepsen worker 2] jepsen.util: 2	:ok	:broadcast	37
2024-02-15 19:47:43,771{GMT}	INFO	[jepsen worker 2] jepsen.util: 2	:invoke	:broadcast	38
2024-02-15 19:47:43,792{GMT}	INFO	[jepsen worker 2] jepsen.util: 2	:ok	:broadcast	38
2024-02-15 19:47:43,903{GMT}	INFO	[jepsen worker 2] jepsen.util: 2	:invoke	:broadcast	39
2024-02-15 19:47:43,904{GMT}	INFO	[jepsen worker 2] jepsen.util: 2	:ok	:broadcast	39
2024-02-15 19:47:43,997{GMT}	INFO	[jepsen worker 2] jepsen.util: 2	:invoke	:broadcast	40
2024-02-15 19:47:43,999{GMT}	INFO	[jepsen worker 2] jepsen.util: 2	:ok	:broadcast	40
2024-02-15 19:47:44,145{GMT}	INFO	[jepsen worker 2] jepsen.util: 2	:invoke	:broadcast	41
2024-02-15 19:47:44,147{GMT}	INFO	[jepsen worker 2] jepsen.util: 2	:ok	:broadcast	41
2024-02-15 19:47:44,284{GMT}	INFO	[jepsen worker 2] jepsen.util: 2	:invoke	:read	nil
2024-02-15 19:47:44,286{GMT}	INFO	[jepsen worker 2] jepsen.util: 2	:ok	:read	[0 2 3 4 5 6 7 8 9 10 11 12 13 14 15 16 17 18 19 20 21 22 24 25 26 27 28 29 30 31 32 33 34 35 36 37 38 39 40 41]
2024-02-15 19:47:44,329{GMT}	INFO	[jepsen worker 1] jepsen.util: 6	:fail	:read	nil	:net-timeout
2024-02-15 19:47:44,374{GMT}	INFO	[jepsen worker 2] jepsen.util: 2	:invoke	:read	nil
2024-02-15 19:47:44,376{GMT}	INFO	[jepsen worker 2] jepsen.util: 2	:ok	:read	[0 2 3 4 5 6 7 8 9 10 11 12 13 14 15 16 17 18 19 20 21 22 24 25 26 27 28 29 30 31 32 33 34 35 36 37 38 39 40 41]
2024-02-15 19:47:44,555{GMT}	INFO	[jepsen worker 1] jepsen.util: 6	:invoke	:broadcast	42
2024-02-15 19:47:44,654{GMT}	INFO	[jepsen worker 3] jepsen.util: 3	:fail	:read	nil	:net-timeout
2024-02-15 19:47:44,717{GMT}	INFO	[jepsen worker 4] jepsen.util: 4	:info	:broadcast	23	:net-timeout
2024-02-15 19:47:44,735{GMT}	INFO	[jepsen worker 4] jepsen.util: 9	:invoke	:broadcast	43
2024-02-15 19:47:44,814{GMT}	INFO	[jepsen worker 2] jepsen.util: 2	:invoke	:broadcast	44
2024-02-15 19:47:44,819{GMT}	INFO	[jepsen worker 2] jepsen.util: 2	:ok	:broadcast	44
2024-02-15 19:47:44,852{GMT}	INFO	[jepsen worker 2] jepsen.util: 2	:invoke	:broadcast	45
2024-02-15 19:47:44,862{GMT}	INFO	[jepsen worker 2] jepsen.util: 2	:ok	:broadcast	45
2024-02-15 19:47:44,891{GMT}	INFO	[jepsen worker 0] jepsen.util: 0	:fail	:read	nil	:net-timeout
2024-02-15 19:47:45,024{GMT}	INFO	[jepsen worker 2] jepsen.util: 2	:invoke	:read	nil
2024-02-15 19:47:45,025{GMT}	INFO	[jepsen worker 3] jepsen.util: 3	:invoke	:read	nil
2024-02-15 19:47:45,027{GMT}	INFO	[jepsen worker 2] jepsen.util: 2	:ok	:read	[0 2 3 4 5 6 7 8 9 10 11 12 13 14 15 16 17 18 19 20 21 22 24 25 26 27 28 29 30 31 32 33 34 35 36 37 38 39 40 41 44 45]
2024-02-15 19:47:45,203{GMT}	INFO	[jepsen worker 0] jepsen.util: 0	:invoke	:broadcast	46
2024-02-15 19:47:45,375{GMT}	INFO	[jepsen worker 2] jepsen.util: 2	:invoke	:broadcast	47
2024-02-15 19:47:45,376{GMT}	INFO	[jepsen worker 2] jepsen.util: 2	:ok	:broadcast	47
2024-02-15 19:47:45,448{GMT}	INFO	[jepsen worker 2] jepsen.util: 2	:invoke	:broadcast	48
2024-02-15 19:47:45,463{GMT}	INFO	[jepsen worker 2] jepsen.util: 2	:ok	:broadcast	48
2024-02-15 19:47:45,592{GMT}	INFO	[jepsen worker 2] jepsen.util: 2	:invoke	:broadcast	49
2024-02-15 19:47:45,594{GMT}	INFO	[jepsen worker 2] jepsen.util: 2	:ok	:broadcast	49
2024-02-15 19:47:45,704{GMT}	INFO	[jepsen worker 2] jepsen.util: 2	:invoke	:read	nil
2024-02-15 19:47:45,716{GMT}	INFO	[jepsen worker 2] jepsen.util: 2	:ok	:read	[0 2 3 4 5 6 7 8 9 10 11 12 13 14 15 16 17 18 19 20 21 22 24 25 26 27 28 29 30 31 32 33 34 35 36 37 38 39 40 41 44 45 47 48 49]
2024-02-15 19:47:45,718{GMT}	INFO	[jepsen worker 2] jepsen.util: 2	:invoke	:broadcast	50
2024-02-15 19:47:45,740{GMT}	INFO	[jepsen worker 2] jepsen.util: 2	:ok	:broadcast	50
2024-02-15 19:47:45,847{GMT}	INFO	[jepsen worker 2] jepsen.util: 2	:invoke	:broadcast	51
2024-02-15 19:47:45,849{GMT}	INFO	[jepsen worker 2] jepsen.util: 2	:ok	:broadcast	51
2024-02-15 19:47:45,890{GMT}	INFO	[jepsen worker 2] jepsen.util: 2	:invoke	:broadcast	52
2024-02-15 19:47:45,894{GMT}	INFO	[jepsen worker 2] jepsen.util: 2	:ok	:broadcast	52
2024-02-15 19:47:45,975{GMT}	INFO	[jepsen worker 2] jepsen.util: 2	:invoke	:read	nil
2024-02-15 19:47:45,977{GMT}	INFO	[jepsen worker 2] jepsen.util: 2	:ok	:read	[0 2 3 4 5 6 7 8 9 10 11 12 13 14 15 16 17 18 19 20 21 22 24 25 26 27 28 29 30 31 32 33 34 35 36 37 38 39 40 41 44 45 47 48 49 50 51 52]
2024-02-15 19:47:46,146{GMT}	INFO	[jepsen worker 2] jepsen.util: 2	:invoke	:read	nil
2024-02-15 19:47:46,170{GMT}	INFO	[jepsen worker 2] jepsen.util: 2	:ok	:read	[0 2 3 4 5 6 7 8 9 10 11 12 13 14 15 16 17 18 19 20 21 22 24 25 26 27 28 29 30 31 32 33 34 35 36 37 38 39 40 41 44 45 47 48 49 50 51 52]
2024-02-15 19:47:46,314{GMT}	INFO	[jepsen worker 2] jepsen.util: 2	:invoke	:read	nil
2024-02-15 19:47:46,329{GMT}	INFO	[jepsen worker 2] jepsen.util: 2	:ok	:read	[0 2 3 4 5 6 7 8 9 10 11 12 13 14 15 16 17 18 19 20 21 22 24 25 26 27 28 29 30 31 32 33 34 35 36 37 38 39 40 41 44 45 47 48 49 50 51 52]
2024-02-15 19:47:46,454{GMT}	INFO	[jepsen worker 2] jepsen.util: 2	:invoke	:broadcast	53
2024-02-15 19:47:46,455{GMT}	INFO	[jepsen worker 2] jepsen.util: 2	:ok	:broadcast	53
2024-02-15 19:47:46,651{GMT}	INFO	[jepsen worker 2] jepsen.util: 2	:invoke	:broadcast	54
2024-02-15 19:47:46,675{GMT}	INFO	[jepsen worker 2] jepsen.util: 2	:ok	:broadcast	54
2024-02-15 19:47:46,732{GMT}	INFO	[jepsen worker 2] jepsen.util: 2	:invoke	:read	nil
2024-02-15 19:47:46,734{GMT}	INFO	[jepsen worker 2] jepsen.util: 2	:ok	:read	[0 2 3 4 5 6 7 8 9 10 11 12 13 14 15 16 17 18 19 20 21 22 24 25 26 27 28 29 30 31 32 33 34 35 36 37 38 39 40 41 44 45 47 48 49 50 51 52 53 54]
2024-02-15 19:47:46,821{GMT}	INFO	[jepsen worker 2] jepsen.util: 2	:invoke	:broadcast	55
2024-02-15 19:47:46,823{GMT}	INFO	[jepsen worker 2] jepsen.util: 2	:ok	:broadcast	55
2024-02-15 19:47:46,985{GMT}	INFO	[jepsen worker 2] jepsen.util: 2	:invoke	:read	nil
2024-02-15 19:47:47,010{GMT}	INFO	[jepsen worker 2] jepsen.util: 2	:ok	:read	[0 2 3 4 5 6 7 8 9 10 11 12 13 14 15 16 17 18 19 20 21 22 24 25 26 27 28 29 30 31 32 33 34 35 36 37 38 39 40 41 44 45 47 48 49 50 51 52 53 54 55]
2024-02-15 19:47:47,025{GMT}	INFO	[jepsen worker 2] jepsen.util: 2	:invoke	:broadcast	56
2024-02-15 19:47:47,045{GMT}	INFO	[jepsen worker 2] jepsen.util: 2	:ok	:broadcast	56
2024-02-15 19:47:47,097{GMT}	INFO	[jepsen worker 2] jepsen.util: 2	:invoke	:read	nil
2024-02-15 19:47:47,100{GMT}	INFO	[jepsen worker 2] jepsen.util: 2	:ok	:read	[0 2 3 4 5 6 7 8 9 10 11 12 13 14 15 16 17 18 19 20 21 22 24 25 26 27 28 29 30 31 32 33 34 35 36 37 38 39 40 41 44 45 47 48 49 50 51 52 53 54 55 56]
2024-02-15 19:47:47,150{GMT}	INFO	[jepsen worker 2] jepsen.util: 2	:invoke	:read	nil
2024-02-15 19:47:47,152{GMT}	INFO	[jepsen worker 2] jepsen.util: 2	:ok	:read	[0 2 3 4 5 6 7 8 9 10 11 12 13 14 15 16 17 18 19 20 21 22 24 25 26 27 28 29 30 31 32 33 34 35 36 37 38 39 40 41 44 45 47 48 49 50 51 52 53 54 55 56]
2024-02-15 19:47:47,257{GMT}	INFO	[jepsen worker 2] jepsen.util: 2	:invoke	:broadcast	57
2024-02-15 19:47:47,259{GMT}	INFO	[jepsen worker 2] jepsen.util: 2	:ok	:broadcast	57
2024-02-15 19:47:47,466{GMT}	INFO	[jepsen worker 2] jepsen.util: 2	:invoke	:read	nil
2024-02-15 19:47:47,473{GMT}	INFO	[jepsen worker 2] jepsen.util: 2	:ok	:read	[0 2 3 4 5 6 7 8 9 10 11 12 13 14 15 16 17 18 19 20 21 22 24 25 26 27 28 29 30 31 32 33 34 35 36 37 38 39 40 41 44 45 47 48 49 50 51 52 53 54 55 56 57]
2024-02-15 19:47:47,578{GMT}	INFO	[jepsen worker 2] jepsen.util: 2	:invoke	:read	nil
2024-02-15 19:47:47,580{GMT}	INFO	[jepsen worker 2] jepsen.util: 2	:ok	:read	[0 2 3 4 5 6 7 8 9 10 11 12 13 14 15 16 17 18 19 20 21 22 24 25 26 27 28 29 30 31 32 33 34 35 36 37 38 39 40 41 44 45 47 48 49 50 51 52 53 54 55 56 57]
2024-02-15 19:47:47,714{GMT}	INFO	[jepsen worker 2] jepsen.util: 2	:invoke	:read	nil
2024-02-15 19:47:47,728{GMT}	INFO	[jepsen worker 2] jepsen.util: 2	:ok	:read	[0 2 3 4 5 6 7 8 9 10 11 12 13 14 15 16 17 18 19 20 21 22 24 25 26 27 28 29 30 31 32 33 34 35 36 37 38 39 40 41 44 45 47 48 49 50 51 52 53 54 55 56 57]
2024-02-15 19:47:47,803{GMT}	INFO	[jepsen worker 2] jepsen.util: 2	:invoke	:read	nil
2024-02-15 19:47:47,805{GMT}	INFO	[jepsen worker 2] jepsen.util: 2	:ok	:read	[0 2 3 4 5 6 7 8 9 10 11 12 13 14 15 16 17 18 19 20 21 22 24 25 26 27 28 29 30 31 32 33 34 35 36 37 38 39 40 41 44 45 47 48 49 50 51 52 53 54 55 56 57]
2024-02-15 19:47:47,840{GMT}	INFO	[jepsen worker 2] jepsen.util: 2	:invoke	:read	nil
2024-02-15 19:47:47,842{GMT}	INFO	[jepsen worker 2] jepsen.util: 2	:ok	:read	[0 2 3 4 5 6 7 8 9 10 11 12 13 14 15 16 17 18 19 20 21 22 24 25 26 27 28 29 30 31 32 33 34 35 36 37 38 39 40 41 44 45 47 48 49 50 51 52 53 54 55 56 57]
2024-02-15 19:47:47,902{GMT}	INFO	[jepsen worker 2] jepsen.util: 2	:invoke	:read	nil
2024-02-15 19:47:47,904{GMT}	INFO	[jepsen worker 2] jepsen.util: 2	:ok	:read	[0 2 3 4 5 6 7 8 9 10 11 12 13 14 15 16 17 18 19 20 21 22 24 25 26 27 28 29 30 31 32 33 34 35 36 37 38 39 40 41 44 45 47 48 49 50 51 52 53 54 55 56 57]
2024-02-15 19:47:48,018{GMT}	INFO	[jepsen worker 2] jepsen.util: 2	:invoke	:read	nil
2024-02-15 19:47:48,020{GMT}	INFO	[jepsen worker 2] jepsen.util: 2	:ok	:read	[0 2 3 4 5 6 7 8 9 10 11 12 13 14 15 16 17 18 19 20 21 22 24 25 26 27 28 29 30 31 32 33 34 35 36 37 38 39 40 41 44 45 47 48 49 50 51 52 53 54 55 56 57]
2024-02-15 19:47:48,154{GMT}	INFO	[jepsen worker 2] jepsen.util: 2	:invoke	:broadcast	58
2024-02-15 19:47:48,156{GMT}	INFO	[jepsen worker 2] jepsen.util: 2	:ok	:broadcast	58
2024-02-15 19:47:48,252{GMT}	INFO	[jepsen worker 2] jepsen.util: 2	:invoke	:broadcast	59
2024-02-15 19:47:48,253{GMT}	INFO	[jepsen worker 2] jepsen.util: 2	:ok	:broadcast	59
2024-02-15 19:47:48,324{GMT}	INFO	[jepsen worker 2] jepsen.util: 2	:invoke	:read	nil
2024-02-15 19:47:48,350{GMT}	INFO	[jepsen worker 2] jepsen.util: 2	:ok	:read	[0 2 3 4 5 6 7 8 9 10 11 12 13 14 15 16 17 18 19 20 21 22 24 25 26 27 28 29 30 31 32 33 34 35 36 37 38 39 40 41 44 45 47 48 49 50 51 52 53 54 55 56 57 58 59]
2024-02-15 19:47:48,459{GMT}	INFO	[jepsen worker 2] jepsen.util: 2	:invoke	:broadcast	60
2024-02-15 19:47:48,460{GMT}	INFO	[jepsen worker 2] jepsen.util: 2	:ok	:broadcast	60
2024-02-15 19:47:48,482{GMT}	INFO	[jepsen worker 2] jepsen.util: 2	:invoke	:read	nil
2024-02-15 19:47:48,484{GMT}	INFO	[jepsen worker 2] jepsen.util: 2	:ok	:read	[0 2 3 4 5 6 7 8 9 10 11 12 13 14 15 16 17 18 19 20 21 22 24 25 26 27 28 29 30 31 32 33 34 35 36 37 38 39 40 41 44 45 47 48 49 50 51 52 53 54 55 56 57 58 59 60]
2024-02-15 19:47:48,630{GMT}	INFO	[jepsen worker 2] jepsen.util: 2	:invoke	:broadcast	61
2024-02-15 19:47:48,633{GMT}	INFO	[jepsen worker 2] jepsen.util: 2	:ok	:broadcast	61
2024-02-15 19:47:48,780{GMT}	INFO	[jepsen worker 2] jepsen.util: 2	:invoke	:broadcast	62
2024-02-15 19:47:48,783{GMT}	INFO	[jepsen worker 2] jepsen.util: 2	:ok	:broadcast	62
2024-02-15 19:47:48,970{GMT}	INFO	[jepsen worker 2] jepsen.util: 2	:invoke	:read	nil
2024-02-15 19:47:48,984{GMT}	INFO	[jepsen worker 2] jepsen.util: 2	:ok	:read	[0 2 3 4 5 6 7 8 9 10 11 12 13 14 15 16 17 18 19 20 21 22 24 25 26 27 28 29 30 31 32 33 34 35 36 37 38 39 40 41 44 45 47 48 49 50 51 52 53 54 55 56 57 58 59 60 61 62]
2024-02-15 19:47:49,066{GMT}	INFO	[jepsen worker 2] jepsen.util: 2	:invoke	:broadcast	63
2024-02-15 19:47:49,067{GMT}	INFO	[jepsen worker 2] jepsen.util: 2	:ok	:broadcast	63
2024-02-15 19:47:49,108{GMT}	INFO	[jepsen worker 2] jepsen.util: 2	:invoke	:broadcast	64
2024-02-15 19:47:49,113{GMT}	INFO	[jepsen worker 2] jepsen.util: 2	:ok	:broadcast	64
2024-02-15 19:47:49,172{GMT}	INFO	[jepsen worker 2] jepsen.util: 2	:invoke	:read	nil
2024-02-15 19:47:49,174{GMT}	INFO	[jepsen worker 2] jepsen.util: 2	:ok	:read	[0 2 3 4 5 6 7 8 9 10 11 12 13 14 15 16 17 18 19 20 21 22 24 25 26 27 28 29 30 31 32 33 34 35 36 37 38 39 40 41 44 45 47 48 49 50 51 52 53 54 55 56 57 58 59 60 61 62 63 64]
2024-02-15 19:47:49,334{GMT}	INFO	[jepsen worker 2] jepsen.util: 2	:invoke	:read	nil
2024-02-15 19:47:49,341{GMT}	INFO	[jepsen worker 2] jepsen.util: 2	:ok	:read	[0 2 3 4 5 6 7 8 9 10 11 12 13 14 15 16 17 18 19 20 21 22 24 25 26 27 28 29 30 31 32 33 34 35 36 37 38 39 40 41 44 45 47 48 49 50 51 52 53 54 55 56 57 58 59 60 61 62 63 64]
2024-02-15 19:47:49,500{GMT}	INFO	[jepsen worker 2] jepsen.util: 2	:invoke	:read	nil
2024-02-15 19:47:49,502{GMT}	INFO	[jepsen worker 2] jepsen.util: 2	:ok	:read	[0 2 3 4 5 6 7 8 9 10 11 12 13 14 15 16 17 18 19 20 21 22 24 25 26 27 28 29 30 31 32 33 34 35 36 37 38 39 40 41 44 45 47 48 49 50 51 52 53 54 55 56 57 58 59 60 61 62 63 64]
2024-02-15 19:47:49,530{GMT}	INFO	[jepsen worker 2] jepsen.util: 2	:invoke	:broadcast	65
2024-02-15 19:47:49,531{GMT}	INFO	[jepsen worker 2] jepsen.util: 2	:ok	:broadcast	65
2024-02-15 19:47:49,560{GMT}	INFO	[jepsen worker 1] jepsen.util: 6	:info	:broadcast	42	:net-timeout
2024-02-15 19:47:49,717{GMT}	INFO	[jepsen worker 2] jepsen.util: 2	:invoke	:broadcast	66
2024-02-15 19:47:49,718{GMT}	INFO	[jepsen worker 2] jepsen.util: 2	:ok	:broadcast	66
2024-02-15 19:47:49,737{GMT}	INFO	[jepsen worker 4] jepsen.util: 9	:info	:broadcast	43	:net-timeout
2024-02-15 19:47:49,908{GMT}	INFO	[jepsen worker 4] jepsen.util: 14	:invoke	:broadcast	67
2024-02-15 19:47:49,938{GMT}	INFO	[jepsen worker 1] jepsen.util: 11	:invoke	:read	nil
2024-02-15 19:47:50,027{GMT}	INFO	[jepsen worker 3] jepsen.util: 3	:fail	:read	nil	:net-timeout
2024-02-15 19:47:50,129{GMT}	INFO	[jepsen worker 2] jepsen.util: 2	:invoke	:read	nil
2024-02-15 19:47:50,131{GMT}	INFO	[jepsen worker 2] jepsen.util: 2	:ok	:read	[0 2 3 4 5 6 7 8 9 10 11 12 13 14 15 16 17 18 19 20 21 22 24 25 26 27 28 29 30 31 32 33 34 35 36 37 38 39 40 41 44 45 47 48 49 50 51 52 53 54 55 56 57 58 59 60 61 62 63 64 65 66]
2024-02-15 19:47:50,208{GMT}	INFO	[jepsen worker 0] jepsen.util: 0	:info	:broadcast	46	:net-timeout
2024-02-15 19:47:50,247{GMT}	INFO	[jepsen worker 0] jepsen.util: 5	:invoke	:read	nil
2024-02-15 19:47:50,325{GMT}	INFO	[jepsen worker 2] jepsen.util: 2	:invoke	:broadcast	68
2024-02-15 19:47:50,328{GMT}	INFO	[jepsen worker 3] jepsen.util: 3	:invoke	:broadcast	69
2024-02-15 19:47:50,329{GMT}	INFO	[jepsen worker 2] jepsen.util: 2	:ok	:broadcast	68
2024-02-15 19:47:50,504{GMT}	INFO	[jepsen worker 2] jepsen.util: 2	:invoke	:broadcast	70
2024-02-15 19:47:50,529{GMT}	INFO	[jepsen worker 2] jepsen.util: 2	:ok	:broadcast	70
2024-02-15 19:47:50,607{GMT}	INFO	[jepsen worker 2] jepsen.util: 2	:invoke	:broadcast	71
2024-02-15 19:47:50,609{GMT}	INFO	[jepsen worker 2] jepsen.util: 2	:ok	:broadcast	71
2024-02-15 19:47:50,723{GMT}	INFO	[jepsen worker 2] jepsen.util: 2	:invoke	:read	nil
2024-02-15 19:47:50,735{GMT}	INFO	[jepsen worker 2] jepsen.util: 2	:ok	:read	[0 2 3 4 5 6 7 8 9 10 11 12 13 14 15 16 17 18 19 20 21 22 24 25 26 27 28 29 30 31 32 33 34 35 36 37 38 39 40 41 44 45 47 48 49 50 51 52 53 54 55 56 57 58 59 60 61 62 63 64 65 66 68 70 71]
2024-02-15 19:47:50,825{GMT}	INFO	[jepsen worker 2] jepsen.util: 2	:invoke	:broadcast	72
2024-02-15 19:47:50,827{GMT}	INFO	[jepsen worker 2] jepsen.util: 2	:ok	:broadcast	72
2024-02-15 19:47:50,901{GMT}	INFO	[jepsen worker 2] jepsen.util: 2	:invoke	:read	nil
2024-02-15 19:47:50,902{GMT}	INFO	[jepsen worker 2] jepsen.util: 2	:ok	:read	[0 2 3 4 5 6 7 8 9 10 11 12 13 14 15 16 17 18 19 20 21 22 24 25 26 27 28 29 30 31 32 33 34 35 36 37 38 39 40 41 44 45 47 48 49 50 51 52 53 54 55 56 57 58 59 60 61 62 63 64 65 66 68 70 71 72]
2024-02-15 19:47:51,085{GMT}	INFO	[jepsen worker 2] jepsen.util: 2	:invoke	:broadcast	73
2024-02-15 19:47:51,087{GMT}	INFO	[jepsen worker 2] jepsen.util: 2	:ok	:broadcast	73
2024-02-15 19:47:51,094{GMT}	INFO	[jepsen worker 2] jepsen.util: 2	:invoke	:broadcast	74
2024-02-15 19:47:51,096{GMT}	INFO	[jepsen worker 2] jepsen.util: 2	:ok	:broadcast	74
2024-02-15 19:47:51,206{GMT}	INFO	[jepsen worker 2] jepsen.util: 2	:invoke	:read	nil
2024-02-15 19:47:51,221{GMT}	INFO	[jepsen worker 2] jepsen.util: 2	:ok	:read	[0 2 3 4 5 6 7 8 9 10 11 12 13 14 15 16 17 18 19 20 21 22 24 25 26 27 28 29 30 31 32 33 34 35 36 37 38 39 40 41 44 45 47 48 49 50 51 52 53 54 55 56 57 58 59 60 61 62 63 64 65 66 68 70 71 72 73 74]
2024-02-15 19:47:51,410{GMT}	INFO	[jepsen worker 2] jepsen.util: 2	:invoke	:read	nil
2024-02-15 19:47:51,412{GMT}	INFO	[jepsen worker 2] jepsen.util: 2	:ok	:read	[0 2 3 4 5 6 7 8 9 10 11 12 13 14 15 16 17 18 19 20 21 22 24 25 26 27 28 29 30 31 32 33 34 35 36 37 38 39 40 41 44 45 47 48 49 50 51 52 53 54 55 56 57 58 59 60 61 62 63 64 65 66 68 70 71 72 73 74]
2024-02-15 19:47:51,416{GMT}	INFO	[jepsen worker 2] jepsen.util: 2	:invoke	:read	nil
2024-02-15 19:47:51,419{GMT}	INFO	[jepsen worker 2] jepsen.util: 2	:ok	:read	[0 2 3 4 5 6 7 8 9 10 11 12 13 14 15 16 17 18 19 20 21 22 24 25 26 27 28 29 30 31 32 33 34 35 36 37 38 39 40 41 44 45 47 48 49 50 51 52 53 54 55 56 57 58 59 60 61 62 63 64 65 66 68 70 71 72 73 74]
2024-02-15 19:47:51,610{GMT}	INFO	[jepsen worker 2] jepsen.util: 2	:invoke	:broadcast	75
2024-02-15 19:47:51,625{GMT}	INFO	[jepsen worker 2] jepsen.util: 2	:ok	:broadcast	75
2024-02-15 19:47:51,735{GMT}	INFO	[jepsen worker 2] jepsen.util: 2	:invoke	:read	nil
2024-02-15 19:47:51,737{GMT}	INFO	[jepsen worker 2] jepsen.util: 2	:ok	:read	[0 2 3 4 5 6 7 8 9 10 11 12 13 14 15 16 17 18 19 20 21 22 24 25 26 27 28 29 30 31 32 33 34 35 36 37 38 39 40 41 44 45 47 48 49 50 51 52 53 54 55 56 57 58 59 60 61 62 63 64 65 66 68 70 71 72 73 74 75]
2024-02-15 19:47:51,890{GMT}	INFO	[jepsen worker 2] jepsen.util: 2	:invoke	:read	nil
2024-02-15 19:47:51,895{GMT}	INFO	[jepsen worker 2] jepsen.util: 2	:ok	:read	[0 2 3 4 5 6 7 8 9 10 11 12 13 14 15 16 17 18 19 20 21 22 24 25 26 27 28 29 30 31 32 33 34 35 36 37 38 39 40 41 44 45 47 48 49 50 51 52 53 54 55 56 57 58 59 60 61 62 63 64 65 66 68 70 71 72 73 74 75]
2024-02-15 19:47:52,047{GMT}	INFO	[jepsen worker 2] jepsen.util: 2	:invoke	:read	nil
2024-02-15 19:47:52,049{GMT}	INFO	[jepsen worker 2] jepsen.util: 2	:ok	:read	[0 2 3 4 5 6 7 8 9 10 11 12 13 14 15 16 17 18 19 20 21 22 24 25 26 27 28 29 30 31 32 33 34 35 36 37 38 39 40 41 44 45 47 48 49 50 51 52 53 54 55 56 57 58 59 60 61 62 63 64 65 66 68 70 71 72 73 74 75]
2024-02-15 19:47:52,052{GMT}	INFO	[jepsen worker 2] jepsen.util: 2	:invoke	:broadcast	76
2024-02-15 19:47:52,053{GMT}	INFO	[jepsen worker 2] jepsen.util: 2	:ok	:broadcast	76
2024-02-15 19:47:52,098{GMT}	INFO	[jepsen worker 2] jepsen.util: 2	:invoke	:broadcast	77
2024-02-15 19:47:52,099{GMT}	INFO	[jepsen worker 2] jepsen.util: 2	:ok	:broadcast	77
2024-02-15 19:47:52,123{GMT}	INFO	[jepsen worker 2] jepsen.util: 2	:invoke	:broadcast	78
2024-02-15 19:47:52,125{GMT}	INFO	[jepsen worker 2] jepsen.util: 2	:ok	:broadcast	78
2024-02-15 19:47:52,241{GMT}	INFO	[jepsen worker 2] jepsen.util: 2	:invoke	:broadcast	79
2024-02-15 19:47:52,244{GMT}	INFO	[jepsen worker 2] jepsen.util: 2	:ok	:broadcast	79
2024-02-15 19:47:52,425{GMT}	INFO	[jepsen worker 2] jepsen.util: 2	:invoke	:broadcast	80
2024-02-15 19:47:52,427{GMT}	INFO	[jepsen worker 2] jepsen.util: 2	:ok	:broadcast	80
2024-02-15 19:47:52,544{GMT}	INFO	[jepsen worker 2] jepsen.util: 2	:invoke	:read	nil
2024-02-15 19:47:52,545{GMT}	INFO	[jepsen worker 2] jepsen.util: 2	:ok	:read	[0 2 3 4 5 6 7 8 9 10 11 12 13 14 15 16 17 18 19 20 21 22 24 25 26 27 28 29 30 31 32 33 34 35 36 37 38 39 40 41 44 45 47 48 49 50 51 52 53 54 55 56 57 58 59 60 61 62 63 64 65 66 68 70 71 72 73 74 75 76 77 78 79 80]
2024-02-15 19:47:52,579{GMT}	INFO	[jepsen worker 2] jepsen.util: 2	:invoke	:read	nil
2024-02-15 19:47:52,581{GMT}	INFO	[jepsen worker 2] jepsen.util: 2	:ok	:read	[0 2 3 4 5 6 7 8 9 10 11 12 13 14 15 16 17 18 19 20 21 22 24 25 26 27 28 29 30 31 32 33 34 35 36 37 38 39 40 41 44 45 47 48 49 50 51 52 53 54 55 56 57 58 59 60 61 62 63 64 65 66 68 70 71 72 73 74 75 76 77 78 79 80]
2024-02-15 19:47:52,603{GMT}	INFO	[jepsen worker 2] jepsen.util: 2	:invoke	:broadcast	81
2024-02-15 19:47:52,605{GMT}	INFO	[jepsen worker 2] jepsen.util: 2	:ok	:broadcast	81
2024-02-15 19:47:52,617{GMT}	INFO	[jepsen worker 2] jepsen.util: 2	:invoke	:read	nil
2024-02-15 19:47:52,619{GMT}	INFO	[jepsen worker 2] jepsen.util: 2	:ok	:read	[0 2 3 4 5 6 7 8 9 10 11 12 13 14 15 16 17 18 19 20 21 22 24 25 26 27 28 29 30 31 32 33 34 35 36 37 38 39 40 41 44 45 47 48 49 50 51 52 53 54 55 56 57 58 59 60 61 62 63 64 65 66 68 70 71 72 73 74 75 76 77 78 79 80 81]
2024-02-15 19:47:52,763{GMT}	INFO	[jepsen worker 2] jepsen.util: 2	:invoke	:broadcast	82
2024-02-15 19:47:52,779{GMT}	INFO	[jepsen worker 2] jepsen.util: 2	:ok	:broadcast	82
2024-02-15 19:47:52,788{GMT}	INFO	[jepsen worker 2] jepsen.util: 2	:invoke	:read	nil
2024-02-15 19:47:52,806{GMT}	INFO	[jepsen worker 2] jepsen.util: 2	:ok	:read	[0 2 3 4 5 6 7 8 9 10 11 12 13 14 15 16 17 18 19 20 21 22 24 25 26 27 28 29 30 31 32 33 34 35 36 37 38 39 40 41 44 45 47 48 49 50 51 52 53 54 55 56 57 58 59 60 61 62 63 64 65 66 68 70 71 72 73 74 75 76 77 78 79 80 81 82]
2024-02-15 19:47:52,877{GMT}	INFO	[jepsen worker 2] jepsen.util: 2	:invoke	:broadcast	83
2024-02-15 19:47:52,878{GMT}	INFO	[jepsen worker 2] jepsen.util: 2	:ok	:broadcast	83
2024-02-15 19:47:53,001{GMT}	INFO	[jepsen worker 2] jepsen.util: 2	:invoke	:broadcast	84
2024-02-15 19:47:53,015{GMT}	INFO	[jepsen worker 2] jepsen.util: 2	:ok	:broadcast	84
2024-02-15 19:47:53,147{GMT}	INFO	[jepsen worker 2] jepsen.util: 2	:invoke	:broadcast	85
2024-02-15 19:47:53,148{GMT}	INFO	[jepsen worker 2] jepsen.util: 2	:ok	:broadcast	85
2024-02-15 19:47:53,180{GMT}	INFO	[jepsen worker 2] jepsen.util: 2	:invoke	:broadcast	86
2024-02-15 19:47:53,181{GMT}	INFO	[jepsen worker 2] jepsen.util: 2	:ok	:broadcast	86
2024-02-15 19:47:53,295{GMT}	INFO	[jepsen worker 2] jepsen.util: 2	:invoke	:read	nil
2024-02-15 19:47:53,297{GMT}	INFO	[jepsen worker 2] jepsen.util: 2	:ok	:read	[0 2 3 4 5 6 7 8 9 10 11 12 13 14 15 16 17 18 19 20 21 22 24 25 26 27 28 29 30 31 32 33 34 35 36 37 38 39 40 41 44 45 47 48 49 50 51 52 53 54 55 56 57 58 59 60 61 62 63 64 65 66 68 70 71 72 73 74 75 76 77 78 79 80 81 82 83 84 85 86]
2024-02-15 19:47:53,384{GMT}	INFO	[jepsen worker 2] jepsen.util: 2	:invoke	:read	nil
2024-02-15 19:47:53,386{GMT}	INFO	[jepsen worker 2] jepsen.util: 2	:ok	:read	[0 2 3 4 5 6 7 8 9 10 11 12 13 14 15 16 17 18 19 20 21 22 24 25 26 27 28 29 30 31 32 33 34 35 36 37 38 39 40 41 44 45 47 48 49 50 51 52 53 54 55 56 57 58 59 60 61 62 63 64 65 66 68 70 71 72 73 74 75 76 77 78 79 80 81 82 83 84 85 86]
2024-02-15 19:47:53,568{GMT}	INFO	[jepsen worker 2] jepsen.util: 2	:invoke	:read	nil
2024-02-15 19:47:53,572{GMT}	INFO	[jepsen worker 2] jepsen.util: 2	:ok	:read	[0 2 3 4 5 6 7 8 9 10 11 12 13 14 15 16 17 18 19 20 21 22 24 25 26 27 28 29 30 31 32 33 34 35 36 37 38 39 40 41 44 45 47 48 49 50 51 52 53 54 55 56 57 58 59 60 61 62 63 64 65 66 68 70 71 72 73 74 75 76 77 78 79 80 81 82 83 84 85 86]
2024-02-15 19:47:53,594{GMT}	INFO	[jepsen worker 2] jepsen.util: 2	:invoke	:broadcast	87
2024-02-15 19:47:53,620{GMT}	INFO	[jepsen worker 2] jepsen.util: 2	:ok	:broadcast	87
2024-02-15 19:47:54,914{GMT}	INFO	[jepsen worker 4] jepsen.util: 14	:info	:broadcast	67	:net-timeout
2024-02-15 19:47:54,940{GMT}	INFO	[jepsen worker 1] jepsen.util: 11	:fail	:read	nil	:net-timeout
2024-02-15 19:47:55,250{GMT}	INFO	[jepsen worker 0] jepsen.util: 5	:fail	:read	nil	:net-timeout
2024-02-15 19:47:55,330{GMT}	INFO	[jepsen worker 3] jepsen.util: 3	:info	:broadcast	69	:net-timeout
2024-02-15 19:47:55,331{GMT}	INFO	[jepsen worker 0] jepsen.generator.interpreter: Waiting for recovery...
2024-02-15 19:48:05,339{GMT}	INFO	[jepsen worker 0] jepsen.util: 5	:invoke	:read	nil
2024-02-15 19:48:05,339{GMT}	INFO	[jepsen worker 4] jepsen.util: 19	:invoke	:read	nil
2024-02-15 19:48:05,339{GMT}	INFO	[jepsen worker 3] jepsen.util: 8	:invoke	:read	nil
2024-02-15 19:48:05,339{GMT}	INFO	[jepsen worker 2] jepsen.util: 2	:invoke	:read	nil
2024-02-15 19:48:05,339{GMT}	INFO	[jepsen worker 1] jepsen.util: 11	:invoke	:read	nil
2024-02-15 19:48:05,341{GMT}	INFO	[jepsen worker 2] jepsen.util: 2	:ok	:read	[0 2 3 4 5 6 7 8 9 10 11 12 13 14 15 16 17 18 19 20 21 22 24 25 26 27 28 29 30 31 32 33 34 35 36 37 38 39 40 41 44 45 47 48 49 50 51 52 53 54 55 56 57 58 59 60 61 62 63 64 65 66 68 70 71 72 73 74 75 76 77 78 79 80 81 82 83 84 85 86 87]
2024-02-15 19:48:10,340{GMT}	INFO	[jepsen worker 1] jepsen.util: 11	:fail	:read	nil	:net-timeout
2024-02-15 19:48:10,341{GMT}	INFO	[jepsen worker 0] jepsen.util: 5	:fail	:read	nil	:net-timeout
2024-02-15 19:48:10,342{GMT}	INFO	[jepsen worker 4] jepsen.util: 19	:fail	:read	nil	:net-timeout
2024-02-15 19:48:10,344{GMT}	INFO	[jepsen worker 3] jepsen.util: 8	:fail	:read	nil	:net-timeout
2024-02-15 19:48:10,362{GMT}	INFO	[jepsen test runner] jepsen.core: Run complete, writing
2024-02-15 19:48:10,462{GMT}	INFO	[jepsen node n2] maelstrom.db: Tearing down n2
2024-02-15 19:48:10,462{GMT}	INFO	[jepsen node n4] maelstrom.db: Tearing down n4
2024-02-15 19:48:10,462{GMT}	INFO	[jepsen node n3] maelstrom.db: Tearing down n3
2024-02-15 19:48:10,462{GMT}	INFO	[jepsen node n1] maelstrom.db: Tearing down n1
2024-02-15 19:48:10,462{GMT}	INFO	[jepsen node n0] maelstrom.db: Tearing down n0
2024-02-15 19:48:11,364{GMT}	INFO	[jepsen node n0] maelstrom.net: Shutting down Maelstrom network
2024-02-15 19:48:11,369{GMT}	WARN	[jepsen test runner] jepsen.core: Test crashed!
clojure.lang.ExceptionInfo: Node n4 crashed with exit status 1. Before crashing, it wrote to STDOUT:

{"src":"n4","dest":"c3","body":{"in_reply_to":1,"type":"init_ok"}}
{"src":"n4","dest":"c9","body":{"in_reply_to":1,"type":"topology_ok"}}
{"src":"n4","dest":"n1","body":{"type":"broadcast","message":0}}
{"src":"n4","dest":"n3","body":{"type":"broadcast","message":0}}
{"src":"n4","dest":"n1","body":{"in_reply_to":0,"type":"broadcast_ok"}}
{"src":"n4","dest":"n1","body":{"type":"broadcast","message":0}}
{"src":"n4","dest":"n3","body":{"type":"broadcast","message":0}}
{"src":"n4","dest":"n1","body":{"in_reply_to":0,"type":"broadcast_ok"}}

And to STDERR:

2024/02/15 19:47:33 Received {c3 n4 {"type":"init","node_id":"n4","node_ids":["n0","n1","n2","n3","n4"],"msg_id":1}}
2024/02/15 19:47:33 Node n4 initialized
2024/02/15 19:47:33 Sent {"src":"n4","dest":"c3","body":{"in_reply_to":1,"type":"init_ok"}}
2024/02/15 19:47:33 Received {c9 n4 {"type":"topology","topology":{"n0":["n3","n1"],"n1":["n4","n2","n0"],"n2":["n1"],"n3":["n0","n4"],"n4":["n1","n3"]},"msg_id":1}}
2024/02/15 19:47:33 Sent {"src":"n4","dest":"c9","body":{"in_reply_to":1,"type":"topology_ok"}}
2024/02/15 19:47:33 Received {n1 n4 {"type":"broadcast","message":0}}
2024/02/15 19:47:33 Sent {"src":"n4","dest":"n1","body":{"type":"broadcast","message":0}}
2024/02/15 19:47:33 Sent {"src":"n4","dest":"n3","body":{"type":"broadcast","message":0}}
2024/02/15 19:47:33 Sent {"src":"n4","dest":"n1","body":{"in_reply_to":0,"type":"broadcast_ok"}}
2024/02/15 19:47:33 Received {n1 n4 {"type":"broadcast","message":0}}
2024/02/15 19:47:33 Sent {"src":"n4","dest":"n1","body":{"type":"broadcast","message":0}}
2024/02/15 19:47:33 Sent {"src":"n4","dest":"n3","body":{"type":"broadcast","message":0}}
2024/02/15 19:47:33 Sent {"src":"n4","dest":"n1","body":{"in_reply_to":0,"type":"broadcast_ok"}}
2024/02/15 19:47:33 Received {n1 n4 {"in_reply_to":0,"type":"broadcast_ok"}}
2024/02/15 19:47:33 No handler for {"id":42,"src":"n1","dest":"n4","body":{"in_reply_to":0,"type":"broadcast_ok"}}

Full STDERR logs are available in /Users/manthangupta/Desktop/Fly.io Challenges/broadcast/store/broadcast/20240215T194732.069+0530/node-logs/n4.log
	at slingshot.support$stack_trace.invoke(support.clj:201)
	at maelstrom.process$stop_node_BANG_.invokeStatic(process.clj:239)
	at maelstrom.process$stop_node_BANG_.invoke(process.clj:217)
	at maelstrom.db$db$reify__16142.teardown_BANG_(db.clj:75)
	at jepsen.db$fn__8744$G__8725__8748.invoke(db.clj:12)
	at jepsen.db$fn__8744$G__8724__8753.invoke(db.clj:12)
	at clojure.core$partial$fn__5908.invoke(core.clj:2642)
	at jepsen.control$on_nodes$fn__8599.invoke(control.clj:314)
	at clojure.lang.AFn.applyToHelper(AFn.java:154)
	at clojure.lang.AFn.applyTo(AFn.java:144)
	at clojure.core$apply.invokeStatic(core.clj:667)
	at clojure.core$with_bindings_STAR_.invokeStatic(core.clj:1990)
	at clojure.core$with_bindings_STAR_.doInvoke(core.clj:1990)
	at clojure.lang.RestFn.applyTo(RestFn.java:142)
	at clojure.core$apply.invokeStatic(core.clj:671)
	at clojure.core$bound_fn_STAR_$fn__5818.doInvoke(core.clj:2020)
	at clojure.lang.RestFn.invoke(RestFn.java:408)
	at dom_top.core$real_pmap_helper$build_thread__211$fn__212.invoke(core.clj:163)
	at clojure.lang.AFn.applyToHelper(AFn.java:152)
	at clojure.lang.AFn.applyTo(AFn.java:144)
	at clojure.core$apply.invokeStatic(core.clj:667)
	at clojure.core$with_bindings_STAR_.invokeStatic(core.clj:1990)
	at clojure.core$with_bindings_STAR_.doInvoke(core.clj:1990)
	at clojure.lang.RestFn.invoke(RestFn.java:425)
	at clojure.lang.AFn.applyToHelper(AFn.java:156)
	at clojure.lang.RestFn.applyTo(RestFn.java:132)
	at clojure.core$apply.invokeStatic(core.clj:671)
	at clojure.core$bound_fn_STAR_$fn__5818.doInvoke(core.clj:2020)
	at clojure.lang.RestFn.invoke(RestFn.java:397)
	at clojure.lang.AFn.run(AFn.java:22)
	at java.base/java.lang.Thread.run(Thread.java:1583)
