2024/02/15 20:57:48 Received {c0 n1 {"type":"init","node_id":"n1","node_ids":["n0","n1","n2","n3","n4"],"msg_id":1}}
2024/02/15 20:57:48 Node n1 initialized
2024/02/15 20:57:48 Sent {"src":"n1","dest":"c0","body":{"in_reply_to":1,"type":"init_ok"}}
2024/02/15 20:57:48 Received {c6 n1 {"type":"topology","topology":{"n0":["n3","n1"],"n1":["n4","n2","n0"],"n2":["n1"],"n3":["n0","n4"],"n4":["n1","n3"]},"msg_id":1}}
2024/02/15 20:57:48 Sent {"src":"n1","dest":"c6","body":{"in_reply_to":1,"type":"topology_ok"}}
2024/02/15 20:57:48 Received {c11 n1 {"type":"read","msg_id":1}}
2024/02/15 20:57:48 Sent {"src":"n1","dest":"c11","body":{"in_reply_to":1,"messages":[],"type":"read_ok"}}
2024/02/15 20:57:48 Received {n0 n1 {"type":"broadcast","message":0}}
2024/02/15 20:57:48 Sent {"src":"n1","dest":"n0","body":{"in_reply_to":0,"type":"broadcast_ok"}}
2024/02/15 20:57:48 Sent {"src":"n1","dest":"n4","body":{"type":"broadcast","message":0}}
2024/02/15 20:57:48 Sent {"src":"n1","dest":"n2","body":{"type":"broadcast","message":0}}
2024/02/15 20:57:48 Sent {"src":"n1","dest":"n3","body":{"type":"broadcast","message":0}}
2024/02/15 20:57:48 Received {n4 n1 {"type":"broadcast","message":0}}
2024/02/15 20:57:48 Received {n2 n1 {"type":"broadcast","message":0}}
2024/02/15 20:57:48 Received {n3 n1 {"type":"broadcast","message":0}}
2024/02/15 20:57:48 Received {c11 n1 {"type":"read","msg_id":2}}
2024/02/15 20:57:48 Sent {"src":"n1","dest":"c11","body":{"in_reply_to":2,"messages":[0],"type":"read_ok"}}
2024/02/15 20:57:49 Received {n2 n1 {"type":"broadcast","message":2}}
2024/02/15 20:57:49 Sent {"src":"n1","dest":"n2","body":{"in_reply_to":0,"type":"broadcast_ok"}}
2024/02/15 20:57:49 Sent {"src":"n1","dest":"n4","body":{"type":"broadcast","message":2}}
2024/02/15 20:57:49 Sent {"src":"n1","dest":"n0","body":{"type":"broadcast","message":2}}
2024/02/15 20:57:49 Sent {"src":"n1","dest":"n3","body":{"type":"broadcast","message":2}}
2024/02/15 20:57:49 Received {n3 n1 {"type":"broadcast","message":2}}
2024/02/15 20:57:49 Received {n4 n1 {"type":"broadcast","message":2}}
2024/02/15 20:57:49 Received {n3 n1 {"type":"broadcast","message":3}}
2024/02/15 20:57:49 Sent {"src":"n1","dest":"n3","body":{"in_reply_to":0,"type":"broadcast_ok"}}
2024/02/15 20:57:49 Sent {"src":"n1","dest":"n4","body":{"type":"broadcast","message":3}}
2024/02/15 20:57:49 Sent {"src":"n1","dest":"n0","body":{"type":"broadcast","message":3}}
2024/02/15 20:57:49 Sent {"src":"n1","dest":"n2","body":{"type":"broadcast","message":3}}
2024/02/15 20:57:49 Received {n4 n1 {"type":"broadcast","message":3}}
2024/02/15 20:57:49 Received {c11 n1 {"type":"read","msg_id":3}}
2024/02/15 20:57:49 Sent {"src":"n1","dest":"c11","body":{"in_reply_to":3,"messages":[0,2,3],"type":"read_ok"}}
2024/02/15 20:57:49 Received {c11 n1 {"type":"read","msg_id":4}}
2024/02/15 20:57:49 Sent {"src":"n1","dest":"c11","body":{"in_reply_to":4,"messages":[3,0,2],"type":"read_ok"}}
2024/02/15 20:57:49 Received {c11 n1 {"type":"broadcast","message":4,"msg_id":5}}
2024/02/15 20:57:49 Sent {"src":"n1","dest":"c11","body":{"in_reply_to":5,"type":"broadcast_ok"}}
2024/02/15 20:57:49 Sent {"src":"n1","dest":"n4","body":{"type":"broadcast","message":4}}
2024/02/15 20:57:49 Sent {"src":"n1","dest":"n0","body":{"type":"broadcast","message":4}}
2024/02/15 20:57:49 Sent {"src":"n1","dest":"n2","body":{"type":"broadcast","message":4}}
2024/02/15 20:57:49 Sent {"src":"n1","dest":"n3","body":{"type":"broadcast","message":4}}
2024/02/15 20:57:49 Received {n4 n1 {"in_reply_to":0,"type":"broadcast_ok"}}
2024/02/15 20:57:49 No handler for {"id":99,"src":"n4","dest":"n1","body":{"in_reply_to":0,"type":"broadcast_ok"}}
