2024-02-14 22:59:10,513{GMT}	INFO	[jepsen test runner] jepsen.core: Command line:
lein run test -w unique-ids --bin /Users/manthangupta/go/bin/echo --node-count 1 --time-limit 10
2024-02-14 22:59:10,562{GMT}	INFO	[jepsen test runner] jepsen.core: Running test:
{:args []
 :remote
 #jepsen.control.retry.Remote{:remote #jepsen.control.scp.Remote{:cmd-remote #jepsen.control.sshj.SSHJRemote{:concurrency-limit 6,
                                                                                                             :conn-spec nil,
                                                                                                             :client nil,
                                                                                                             :semaphore nil},
                                                                 :conn-spec nil},
                              :conn nil}
 :log-net-send false
 :node-count 1
 :availability nil
 :max-txn-length 4
 :concurrency 1
 :db
 #object[maelstrom.db$db$reify__16142
         "0x527e6bd3"
         "maelstrom.db$db$reify__16142@527e6bd3"]
 :max-writes-per-key 16
 :leave-db-running? false
 :name "unique-ids"
 :logging-json? false
 :start-time
 #object[org.joda.time.DateTime "0x3c634a04" "2024-02-14T22:59:10.475+05:30"]
 :nemesis-interval 10
 :net
 #object[maelstrom.net$jepsen_net$reify__15251
         "0x4b48be5c"
         "maelstrom.net$jepsen_net$reify__15251@4b48be5c"]
 :client
 #object[maelstrom.workload.unique_ids$client$reify__20074
         "0x3fe8d57a"
         "maelstrom.workload.unique_ids$client$reify__20074@3fe8d57a"]
 :barrier
 #object[java.util.concurrent.CyclicBarrier
         "0x36573ec5"
         "java.util.concurrent.CyclicBarrier@36573ec5"]
 :log-stderr false
 :pure-generators true
 :ssh {:dummy? true}
 :rate 5
 :checker
 #object[jepsen.checker$compose$reify__11881
         "0x10c26161"
         "jepsen.checker$compose$reify__11881@10c26161"]
 :argv
 ("test"
  "-w"
  "unique-ids"
  "--bin"
  "/Users/manthangupta/go/bin/echo"
  "--node-count"
  "1"
  "--time-limit"
  "10")
 :nemesis
 (jepsen.nemesis.ReflCompose
  {:fm {:start-partition 0,
        :stop-partition 0,
        :kill 1,
        :start 1,
        :pause 1,
        :resume 1},
   :nemeses [#unprintable "jepsen.nemesis.combined$partition_nemesis$reify__16416@1ef6977b"
             #unprintable "jepsen.nemesis.combined$db_nemesis$reify__16397@674cd2da"]})
 :nodes ["n0"]
 :test-count 1
 :latency {:mean 0, :dist :constant}
 :bin "/Users/manthangupta/go/bin/echo"
 :generator
 (jepsen.generator.TimeLimit
  {:limit 10000000000,
   :cutoff nil,
   :gen (jepsen.generator.Any
         {:gens [(jepsen.generator.OnThreads
                  {:f #{:nemesis},
                   :context-filter #object[jepsen.generator.context$make_thread_filter$lazy_filter__9167
                                           "0x34d776eb"
                                           "jepsen.generator.context$make_thread_filter$lazy_filter__9167@34d776eb"],
                   :gen nil})
                 (jepsen.generator.OnThreads
                  {:f #jepsen.generator.context.AllBut{:element :nemesis},
                   :context-filter #object[jepsen.generator.context$make_thread_filter$lazy_filter__9167
                                           "0x60a3a0fa"
                                           "jepsen.generator.context$make_thread_filter$lazy_filter__9167@60a3a0fa"],
                   :gen (jepsen.generator.Stagger
                         {:dt 400000000,
                          :next-time nil,
                          :gen (jepsen.generator.Repeat
                                {:remaining -1, :gen {:f :generate}})})})]})})
 :log-net-recv false
 :os
 #object[maelstrom.net$jepsen_os$reify__15254
         "0x17734113"
         "maelstrom.net$jepsen_os$reify__15254@17734113"]
 :time-limit 10
 :workload :unique-ids
 :consistency-models [:strict-serializable]
 :topology :grid}

2024-02-14 22:59:11,470{GMT}	INFO	[jepsen node n0] maelstrom.net: Starting Maelstrom network
2024-02-14 22:59:11,470{GMT}	INFO	[jepsen test runner] jepsen.db: Tearing down DB
2024-02-14 22:59:11,471{GMT}	INFO	[jepsen test runner] jepsen.db: Setting up DB
2024-02-14 22:59:11,473{GMT}	INFO	[jepsen node n0] maelstrom.service: Starting services: (lin-kv lin-tso lww-kv seq-kv)
2024-02-14 22:59:11,474{GMT}	INFO	[jepsen node n0] maelstrom.db: Setting up n0
2024-02-14 22:59:11,475{GMT}	INFO	[jepsen node n0] maelstrom.process: launching /Users/manthangupta/go/bin/echo []
2024-02-14 22:59:11,495{GMT}	INFO	[jepsen test runner] jepsen.core: Relative time begins now
2024-02-14 22:59:11,503{GMT}	INFO	[jepsen worker 0] jepsen.util: 0	:invoke	:generate	nil
2024-02-14 22:59:16,504{GMT}	INFO	[jepsen worker 0] jepsen.util: 0	:info	:generate	nil	:net-timeout
2024-02-14 22:59:16,506{GMT}	INFO	[jepsen worker 0] jepsen.util: 1	:invoke	:generate	nil
2024-02-14 22:59:21,509{GMT}	INFO	[jepsen worker 0] jepsen.util: 1	:info	:generate	nil	:net-timeout
2024-02-14 22:59:21,568{GMT}	INFO	[jepsen test runner] jepsen.core: Run complete, writing
2024-02-14 22:59:21,597{GMT}	INFO	[jepsen node n0] maelstrom.db: Tearing down n0
2024-02-14 22:59:22,549{GMT}	INFO	[jepsen node n0] maelstrom.net: Shutting down Maelstrom network
2024-02-14 22:59:22,552{GMT}	WARN	[jepsen test runner] jepsen.core: Test crashed!
clojure.lang.ExceptionInfo: Node n0 crashed with exit status 1. Before crashing, it wrote to STDOUT:

{"src":"n0","dest":"c0","body":{"in_reply_to":1,"type":"init_ok"}}

And to STDERR:

2024/02/14 22:59:11 Received {c0 n0 {"type":"init","node_id":"n0","node_ids":["n0"],"msg_id":1}}
2024/02/14 22:59:11 Node n0 initialized
2024/02/14 22:59:11 Sent {"src":"n0","dest":"c0","body":{"in_reply_to":1,"type":"init_ok"}}
2024/02/14 22:59:11 Received {c2 n0 {"type":"generate","msg_id":1}}
2024/02/14 22:59:11 No handler for {"id":2,"src":"c2","dest":"n0","body":{"type":"generate","msg_id":1}}

Full STDERR logs are available in /Users/manthangupta/Desktop/Fly.io Challenges/unique-id-generator/store/unique-ids/20240214T225910.475+0530/node-logs/n0.log
	at slingshot.support$stack_trace.invoke(support.clj:201)
	at maelstrom.process$stop_node_BANG_.invokeStatic(process.clj:239)
	at maelstrom.process$stop_node_BANG_.invoke(process.clj:217)
	at maelstrom.db$db$reify__16142.teardown_BANG_(db.clj:75)
	at jepsen.db$fn__8744$G__8725__8748.invoke(db.clj:12)
	at jepsen.db$fn__8744$G__8724__8753.invoke(db.clj:12)
	at clojure.core$partial$fn__5908.invoke(core.clj:2642)
	at jepsen.control$on_nodes$fn__8599.invoke(control.clj:314)
	at clojure.lang.AFn.applyToHelper(AFn.java:154)
	at clojure.lang.AFn.applyTo(AFn.java:144)
	at clojure.core$apply.invokeStatic(core.clj:667)
	at clojure.core$with_bindings_STAR_.invokeStatic(core.clj:1990)
	at clojure.core$with_bindings_STAR_.doInvoke(core.clj:1990)
	at clojure.lang.RestFn.applyTo(RestFn.java:142)
	at clojure.core$apply.invokeStatic(core.clj:671)
	at clojure.core$bound_fn_STAR_$fn__5818.doInvoke(core.clj:2020)
	at clojure.lang.RestFn.invoke(RestFn.java:408)
	at dom_top.core$real_pmap_helper$build_thread__211$fn__212.invoke(core.clj:163)
	at clojure.lang.AFn.applyToHelper(AFn.java:152)
	at clojure.lang.AFn.applyTo(AFn.java:144)
	at clojure.core$apply.invokeStatic(core.clj:667)
	at clojure.core$with_bindings_STAR_.invokeStatic(core.clj:1990)
	at clojure.core$with_bindings_STAR_.doInvoke(core.clj:1990)
	at clojure.lang.RestFn.invoke(RestFn.java:425)
	at clojure.lang.AFn.applyToHelper(AFn.java:156)
	at clojure.lang.RestFn.applyTo(RestFn.java:132)
	at clojure.core$apply.invokeStatic(core.clj:671)
	at clojure.core$bound_fn_STAR_$fn__5818.doInvoke(core.clj:2020)
	at clojure.lang.RestFn.invoke(RestFn.java:397)
	at clojure.lang.AFn.run(AFn.java:22)
	at java.base/java.lang.Thread.run(Thread.java:1583)
