2024-02-15 21:10:21,784{GMT}	INFO	[jepsen test runner] jepsen.core: Test version 0a8ed9eaadb7996cb4eee24182cc4adb7bdb69bb (plus uncommitted changes)
2024-02-15 21:10:21,784{GMT}	INFO	[jepsen test runner] jepsen.core: Command line:
lein run test -w broadcast --bin /Users/manthangupta/go/bin/broadcast --node-count 5 --time-limit 20 --rate 10
2024-02-15 21:10:21,856{GMT}	INFO	[jepsen test runner] jepsen.core: Running test:
{:args []
 :remote
 #jepsen.control.retry.Remote{:remote #jepsen.control.scp.Remote{:cmd-remote #jepsen.control.sshj.SSHJRemote{:concurrency-limit 6,
                                                                                                             :conn-spec nil,
                                                                                                             :client nil,
                                                                                                             :semaphore nil},
                                                                 :conn-spec nil},
                              :conn nil}
 :log-net-send false
 :node-count 5
 :availability nil
 :max-txn-length 4
 :concurrency 5
 :db
 #object[maelstrom.db$db$reify__16142
         "0x3fe8d57a"
         "maelstrom.db$db$reify__16142@3fe8d57a"]
 :max-writes-per-key 16
 :leave-db-running? false
 :name "broadcast"
 :logging-json? false
 :start-time
 #object[org.joda.time.DateTime "0x674cd2da" "2024-02-15T21:10:21.750+05:30"]
 :nemesis-interval 10
 :net
 #object[maelstrom.net$jepsen_net$reify__15251
         "0x686279e0"
         "maelstrom.net$jepsen_net$reify__15251@686279e0"]
 :client
 #object[maelstrom.workload.broadcast$client$reify__16644
         "0x6b28d4e4"
         "maelstrom.workload.broadcast$client$reify__16644@6b28d4e4"]
 :barrier
 #object[java.util.concurrent.CyclicBarrier
         "0x41cfcbb5"
         "java.util.concurrent.CyclicBarrier@41cfcbb5"]
 :log-stderr false
 :pure-generators true
 :ssh {:dummy? true}
 :rate 10.0
 :checker
 #object[jepsen.checker$compose$reify__11881
         "0x40941b54"
         "jepsen.checker$compose$reify__11881@40941b54"]
 :argv
 ("test"
  "-w"
  "broadcast"
  "--bin"
  "/Users/manthangupta/go/bin/broadcast"
  "--node-count"
  "5"
  "--time-limit"
  "20"
  "--rate"
  "10")
 :nemesis
 (jepsen.nemesis.ReflCompose
  {:fm {:start-partition 0,
        :stop-partition 0,
        :kill 1,
        :start 1,
        :pause 1,
        :resume 1},
   :nemeses [#unprintable "jepsen.nemesis.combined$partition_nemesis$reify__16416@3b42d7df"
             #unprintable "jepsen.nemesis.combined$db_nemesis$reify__16397@1660bba7"]})
 :nodes ["n0" "n1" "n2" "n3" "n4"]
 :test-count 1
 :latency {:mean 0, :dist :constant}
 :bin "/Users/manthangupta/go/bin/broadcast"
 :generator
 ((jepsen.generator.Synchronize
   {:gen (jepsen.generator.TimeLimit
          {:limit 20000000000,
           :cutoff nil,
           :gen (jepsen.generator.Any
                 {:gens [(jepsen.generator.OnThreads
                          {:f #{:nemesis},
                           :context-filter #object[jepsen.generator.context$make_thread_filter$lazy_filter__9167
                                                   "0x7d3a9061"
                                                   "jepsen.generator.context$make_thread_filter$lazy_filter__9167@7d3a9061"],
                           :gen nil})
                         (jepsen.generator.OnThreads
                          {:f #jepsen.generator.context.AllBut{:element :nemesis},
                           :context-filter #object[jepsen.generator.context$make_thread_filter$lazy_filter__9167
                                                   "0x2a2f7a61"
                                                   "jepsen.generator.context$make_thread_filter$lazy_filter__9167@2a2f7a61"],
                           :gen (jepsen.generator.Stagger
                                 {:dt 200000000,
                                  :next-time nil,
                                  :gen (jepsen.generator.Mix
                                        {:i 1,
                                         :gens [({:f :broadcast, :value 0}
                                                 {:f :broadcast, :value 1}
                                                 {:f :broadcast, :value 2}
                                                 {:f :broadcast, :value 3}
                                                 {:f :broadcast, :value 4}
                                                 {:f :broadcast, :value 5}
                                                 {:f :broadcast, :value 6}
                                                 {:f :broadcast, :value 7}
                                                 ...)
                                                ({:f :read}
                                                 {:f :read}
                                                 {:f :read}
                                                 {:f :read}
                                                 {:f :read}
                                                 {:f :read}
                                                 {:f :read}
                                                 {:f :read}
                                                 ...)]})})})]})})})
  (jepsen.generator.Synchronize
   {:gen (jepsen.generator.OnThreads
          {:f #{:nemesis},
           :context-filter #object[jepsen.generator.context$make_thread_filter$lazy_filter__9167
                                   "0x196c8b93"
                                   "jepsen.generator.context$make_thread_filter$lazy_filter__9167@196c8b93"],
           :gen ()})})
  (jepsen.generator.Synchronize
   {:gen {:type :log, :value "Waiting for recovery..."}})
  (jepsen.generator.Synchronize {:gen {:type :sleep, :value 10}})
  (jepsen.generator.Synchronize
   {:gen (jepsen.generator.OnThreads
          {:f #jepsen.generator.context.AllBut{:element :nemesis},
           :context-filter #object[jepsen.generator.context$make_thread_filter$lazy_filter__9167
                                   "0x307ca947"
                                   "jepsen.generator.context$make_thread_filter$lazy_filter__9167@307ca947"],
           :gen (jepsen.generator.EachThread
                 {:fresh-gen {:f :read, :final? true},
                  :context-filters #object[clojure.core$promise$reify__8591
                                           "0x61d1315b"
                                           {:status :pending, :val nil}],
                  :gens {}})})}))
 :log-net-recv false
 :os
 #object[maelstrom.net$jepsen_os$reify__15254
         "0x49d5b651"
         "maelstrom.net$jepsen_os$reify__15254@49d5b651"]
 :time-limit 20
 :workload :broadcast
 :consistency-models [:strict-serializable]
 :topology :grid}

2024-02-15 21:10:22,711{GMT}	INFO	[jepsen node n0] maelstrom.net: Starting Maelstrom network
2024-02-15 21:10:22,711{GMT}	INFO	[jepsen test runner] jepsen.db: Tearing down DB
2024-02-15 21:10:22,712{GMT}	INFO	[jepsen test runner] jepsen.db: Setting up DB
2024-02-15 21:10:22,713{GMT}	INFO	[jepsen node n1] maelstrom.db: Setting up n1
2024-02-15 21:10:22,713{GMT}	INFO	[jepsen node n3] maelstrom.db: Setting up n3
2024-02-15 21:10:22,713{GMT}	INFO	[jepsen node n2] maelstrom.db: Setting up n2
2024-02-15 21:10:22,713{GMT}	INFO	[jepsen node n4] maelstrom.db: Setting up n4
2024-02-15 21:10:22,713{GMT}	INFO	[jepsen node n3] maelstrom.process: launching /Users/manthangupta/go/bin/broadcast []
2024-02-15 21:10:22,713{GMT}	INFO	[jepsen node n1] maelstrom.process: launching /Users/manthangupta/go/bin/broadcast []
2024-02-15 21:10:22,713{GMT}	INFO	[jepsen node n2] maelstrom.process: launching /Users/manthangupta/go/bin/broadcast []
2024-02-15 21:10:22,713{GMT}	INFO	[jepsen node n4] maelstrom.process: launching /Users/manthangupta/go/bin/broadcast []
2024-02-15 21:10:22,714{GMT}	INFO	[jepsen node n0] maelstrom.service: Starting services: (lin-kv lin-tso lww-kv seq-kv)
2024-02-15 21:10:22,717{GMT}	INFO	[jepsen node n0] maelstrom.db: Setting up n0
2024-02-15 21:10:22,717{GMT}	INFO	[jepsen node n0] maelstrom.process: launching /Users/manthangupta/go/bin/broadcast []
2024-02-15 21:10:23,106{GMT}	INFO	[jepsen test runner] jepsen.core: Relative time begins now
2024-02-15 21:10:23,130{GMT}	INFO	[jepsen worker 0] jepsen.util: 0	:invoke	:read	nil
2024-02-15 21:10:23,133{GMT}	INFO	[jepsen worker 0] jepsen.util: 0	:ok	:read	[]
2024-02-15 21:10:23,318{GMT}	INFO	[jepsen worker 1] jepsen.util: 1	:invoke	:read	nil
2024-02-15 21:10:23,320{GMT}	INFO	[jepsen worker 1] jepsen.util: 1	:ok	:read	[]
2024-02-15 21:10:23,517{GMT}	INFO	[jepsen worker 2] jepsen.util: 2	:invoke	:read	nil
2024-02-15 21:10:23,519{GMT}	INFO	[jepsen worker 2] jepsen.util: 2	:ok	:read	[]
2024-02-15 21:10:23,519{GMT}	INFO	[jepsen worker 3] jepsen.util: 3	:invoke	:broadcast	0
2024-02-15 21:10:23,523{GMT}	INFO	[jepsen worker 3] jepsen.util: 3	:ok	:broadcast	0
2024-02-15 21:10:23,561{GMT}	INFO	[jepsen worker 4] jepsen.util: 4	:invoke	:read	nil
2024-02-15 21:10:23,562{GMT}	INFO	[jepsen worker 4] jepsen.util: 4	:ok	:read	[0]
2024-02-15 21:10:23,621{GMT}	INFO	[jepsen worker 0] jepsen.util: 0	:invoke	:broadcast	1
2024-02-15 21:10:23,623{GMT}	INFO	[jepsen worker 0] jepsen.util: 0	:ok	:broadcast	1
2024-02-15 21:10:23,723{GMT}	INFO	[jepsen worker 0] jepsen.util: 0	:invoke	:broadcast	2
2024-02-15 21:10:23,725{GMT}	INFO	[jepsen worker 0] jepsen.util: 0	:ok	:broadcast	2
2024-02-15 21:10:23,880{GMT}	INFO	[jepsen worker 1] jepsen.util: 1	:invoke	:broadcast	3
2024-02-15 21:10:23,885{GMT}	INFO	[jepsen worker 1] jepsen.util: 1	:ok	:broadcast	3
2024-02-15 21:10:24,085{GMT}	INFO	[jepsen worker 2] jepsen.util: 2	:invoke	:read	nil
2024-02-15 21:10:24,089{GMT}	INFO	[jepsen worker 2] jepsen.util: 2	:ok	:read	[3 0 1 2]
2024-02-15 21:10:24,242{GMT}	INFO	[jepsen worker 3] jepsen.util: 3	:invoke	:broadcast	4
2024-02-15 21:10:24,246{GMT}	INFO	[jepsen worker 3] jepsen.util: 3	:ok	:broadcast	4
2024-02-15 21:10:24,379{GMT}	INFO	[jepsen worker 4] jepsen.util: 4	:invoke	:broadcast	5
2024-02-15 21:10:24,380{GMT}	INFO	[jepsen worker 4] jepsen.util: 4	:ok	:broadcast	5
2024-02-15 21:10:24,484{GMT}	INFO	[jepsen worker 0] jepsen.util: 0	:invoke	:read	nil
2024-02-15 21:10:24,485{GMT}	INFO	[jepsen worker 0] jepsen.util: 0	:ok	:read	[3 4 5 0 1 2]
2024-02-15 21:10:24,549{GMT}	INFO	[jepsen worker 0] jepsen.util: 0	:invoke	:broadcast	6
2024-02-15 21:10:24,549{GMT}	INFO	[jepsen worker 0] jepsen.util: 0	:ok	:broadcast	6
2024-02-15 21:10:24,576{GMT}	INFO	[jepsen worker 1] jepsen.util: 1	:invoke	:read	nil
2024-02-15 21:10:24,577{GMT}	INFO	[jepsen worker 1] jepsen.util: 1	:ok	:read	[2 3 4 5 6 0 1]
2024-02-15 21:10:24,743{GMT}	INFO	[jepsen worker 2] jepsen.util: 2	:invoke	:broadcast	7
2024-02-15 21:10:24,744{GMT}	INFO	[jepsen worker 2] jepsen.util: 2	:ok	:broadcast	7
2024-02-15 21:10:24,748{GMT}	INFO	[jepsen worker 3] jepsen.util: 3	:invoke	:broadcast	8
2024-02-15 21:10:24,749{GMT}	INFO	[jepsen worker 3] jepsen.util: 3	:ok	:broadcast	8
2024-02-15 21:10:24,760{GMT}	INFO	[jepsen worker 4] jepsen.util: 4	:invoke	:broadcast	9
2024-02-15 21:10:24,761{GMT}	INFO	[jepsen worker 4] jepsen.util: 4	:ok	:broadcast	9
2024-02-15 21:10:24,887{GMT}	INFO	[jepsen worker 0] jepsen.util: 0	:invoke	:read	nil
2024-02-15 21:10:24,888{GMT}	INFO	[jepsen worker 0] jepsen.util: 0	:ok	:read	[2 4 5 6 9 0 1 3 7 8]
2024-02-15 21:10:24,913{GMT}	INFO	[jepsen worker 0] jepsen.util: 0	:invoke	:broadcast	10
2024-02-15 21:10:24,913{GMT}	INFO	[jepsen worker 0] jepsen.util: 0	:ok	:broadcast	10
2024-02-15 21:10:25,074{GMT}	INFO	[jepsen worker 1] jepsen.util: 1	:invoke	:read	nil
2024-02-15 21:10:25,075{GMT}	INFO	[jepsen worker 1] jepsen.util: 1	:ok	:read	[3 4 5 8 0 2 7 9 10 1 6]
2024-02-15 21:10:25,248{GMT}	INFO	[jepsen worker 2] jepsen.util: 2	:invoke	:broadcast	11
2024-02-15 21:10:25,249{GMT}	INFO	[jepsen worker 2] jepsen.util: 2	:ok	:broadcast	11
2024-02-15 21:10:25,328{GMT}	INFO	[jepsen worker 3] jepsen.util: 3	:invoke	:read	nil
2024-02-15 21:10:25,330{GMT}	INFO	[jepsen worker 3] jepsen.util: 3	:ok	:read	[2 3 5 6 7 8 0 1 10 11 4 9]
2024-02-15 21:10:25,452{GMT}	INFO	[jepsen worker 4] jepsen.util: 4	:invoke	:broadcast	12
2024-02-15 21:10:25,454{GMT}	INFO	[jepsen worker 4] jepsen.util: 4	:ok	:broadcast	12
2024-02-15 21:10:25,472{GMT}	INFO	[jepsen worker 0] jepsen.util: 0	:invoke	:broadcast	13
2024-02-15 21:10:25,473{GMT}	INFO	[jepsen worker 0] jepsen.util: 0	:ok	:broadcast	13
2024-02-15 21:10:25,531{GMT}	INFO	[jepsen worker 0] jepsen.util: 0	:invoke	:broadcast	14
2024-02-15 21:10:25,533{GMT}	INFO	[jepsen worker 0] jepsen.util: 0	:ok	:broadcast	14
2024-02-15 21:10:25,621{GMT}	INFO	[jepsen worker 1] jepsen.util: 1	:invoke	:read	nil
2024-02-15 21:10:25,622{GMT}	INFO	[jepsen worker 1] jepsen.util: 1	:ok	:read	[1 9 11 13 8 0 2 3 4 5 6 7 10 14 12]
2024-02-15 21:10:25,708{GMT}	INFO	[jepsen worker 2] jepsen.util: 2	:invoke	:broadcast	15
2024-02-15 21:10:25,709{GMT}	INFO	[jepsen worker 2] jepsen.util: 2	:ok	:broadcast	15
2024-02-15 21:10:25,907{GMT}	INFO	[jepsen worker 3] jepsen.util: 3	:invoke	:broadcast	16
2024-02-15 21:10:25,912{GMT}	INFO	[jepsen worker 3] jepsen.util: 3	:ok	:broadcast	16
2024-02-15 21:10:25,997{GMT}	INFO	[jepsen worker 4] jepsen.util: 4	:invoke	:broadcast	17
2024-02-15 21:10:25,998{GMT}	INFO	[jepsen worker 4] jepsen.util: 4	:ok	:broadcast	17
2024-02-15 21:10:26,066{GMT}	INFO	[jepsen worker 0] jepsen.util: 0	:invoke	:broadcast	18
2024-02-15 21:10:26,067{GMT}	INFO	[jepsen worker 0] jepsen.util: 0	:ok	:broadcast	18
2024-02-15 21:10:26,253{GMT}	INFO	[jepsen worker 0] jepsen.util: 0	:invoke	:read	nil
2024-02-15 21:10:26,255{GMT}	INFO	[jepsen worker 0] jepsen.util: 0	:ok	:read	[16 0 3 7 8 9 10 12 17 2 4 5 6 13 14 1 18 11 15]
2024-02-15 21:10:26,392{GMT}	INFO	[jepsen worker 1] jepsen.util: 1	:invoke	:broadcast	19
2024-02-15 21:10:26,394{GMT}	INFO	[jepsen worker 1] jepsen.util: 1	:ok	:broadcast	19
2024-02-15 21:10:26,411{GMT}	INFO	[jepsen worker 2] jepsen.util: 2	:invoke	:broadcast	20
2024-02-15 21:10:26,412{GMT}	INFO	[jepsen worker 2] jepsen.util: 2	:ok	:broadcast	20
2024-02-15 21:10:26,429{GMT}	INFO	[jepsen worker 3] jepsen.util: 3	:invoke	:read	nil
2024-02-15 21:10:26,429{GMT}	INFO	[jepsen worker 3] jepsen.util: 3	:ok	:read	[3 8 10 12 14 15 16 18 13 20 0 1 2 5 6 7 4 9 11 17 19]
2024-02-15 21:10:26,603{GMT}	INFO	[jepsen worker 4] jepsen.util: 4	:invoke	:read	nil
2024-02-15 21:10:26,605{GMT}	INFO	[jepsen worker 4] jepsen.util: 4	:ok	:read	[1 7 10 11 15 16 0 9 12 18 17 19 13 14 2 3 4 5 6 8 20]
2024-02-15 21:10:26,807{GMT}	INFO	[jepsen worker 0] jepsen.util: 0	:invoke	:read	nil
2024-02-15 21:10:26,809{GMT}	INFO	[jepsen worker 0] jepsen.util: 0	:ok	:read	[11 15 20 8 9 10 12 16 0 3 7 17 6 13 14 2 4 5 1 18 19]
2024-02-15 21:10:26,891{GMT}	INFO	[jepsen worker 0] jepsen.util: 0	:invoke	:broadcast	21
2024-02-15 21:10:26,892{GMT}	INFO	[jepsen worker 0] jepsen.util: 0	:ok	:broadcast	21
2024-02-15 21:10:27,086{GMT}	INFO	[jepsen worker 1] jepsen.util: 1	:invoke	:read	nil
2024-02-15 21:10:27,089{GMT}	INFO	[jepsen worker 1] jepsen.util: 1	:ok	:read	[12 16 19 1 9 11 13 15 18 0 2 3 4 5 8 17 20 6 7 10 14 21]
2024-02-15 21:10:27,214{GMT}	INFO	[jepsen worker 2] jepsen.util: 2	:invoke	:broadcast	22
2024-02-15 21:10:27,216{GMT}	INFO	[jepsen worker 2] jepsen.util: 2	:ok	:broadcast	22
2024-02-15 21:10:27,363{GMT}	INFO	[jepsen worker 3] jepsen.util: 3	:invoke	:broadcast	23
2024-02-15 21:10:27,365{GMT}	INFO	[jepsen worker 3] jepsen.util: 3	:ok	:broadcast	23
2024-02-15 21:10:27,517{GMT}	INFO	[jepsen worker 4] jepsen.util: 4	:invoke	:read	nil
2024-02-15 21:10:27,520{GMT}	INFO	[jepsen worker 4] jepsen.util: 4	:ok	:read	[16 1 7 10 11 15 0 9 12 18 23 17 19 8 13 14 2 3 4 5 6 20 21 22]
2024-02-15 21:10:27,679{GMT}	INFO	[jepsen worker 0] jepsen.util: 0	:invoke	:read	nil
2024-02-15 21:10:27,682{GMT}	INFO	[jepsen worker 0] jepsen.util: 0	:ok	:read	[21 23 1 18 19 22 11 15 20 8 9 10 12 16 0 3 7 17 6 13 14 2 4 5]
2024-02-15 21:10:27,715{GMT}	INFO	[jepsen worker 0] jepsen.util: 0	:invoke	:read	nil
2024-02-15 21:10:27,716{GMT}	INFO	[jepsen worker 0] jepsen.util: 0	:ok	:read	[11 15 20 22 10 12 16 0 3 7 8 9 17 14 2 4 5 6 13 1 18 19 21 23]
2024-02-15 21:10:27,856{GMT}	INFO	[jepsen worker 1] jepsen.util: 1	:invoke	:read	nil
2024-02-15 21:10:27,858{GMT}	INFO	[jepsen worker 1] jepsen.util: 1	:ok	:read	[9 11 13 15 1 2 3 4 5 8 17 18 0 22 20 7 10 14 21 23 6 16 19 12]
2024-02-15 21:10:28,050{GMT}	INFO	[jepsen worker 2] jepsen.util: 2	:invoke	:broadcast	24
2024-02-15 21:10:28,052{GMT}	INFO	[jepsen worker 2] jepsen.util: 2	:ok	:broadcast	24
2024-02-15 21:10:28,233{GMT}	INFO	[jepsen worker 3] jepsen.util: 3	:invoke	:broadcast	25
2024-02-15 21:10:28,235{GMT}	INFO	[jepsen worker 3] jepsen.util: 3	:ok	:broadcast	25
2024-02-15 21:10:28,342{GMT}	INFO	[jepsen worker 4] jepsen.util: 4	:invoke	:read	nil
2024-02-15 21:10:28,343{GMT}	INFO	[jepsen worker 4] jepsen.util: 4	:ok	:read	[9 12 18 23 24 25 2 4 6 20 21 0 17 19 3 5 8 13 14 22 1 7 10 11 15 16]
2024-02-15 21:10:28,424{GMT}	INFO	[jepsen worker 0] jepsen.util: 0	:invoke	:broadcast	26
2024-02-15 21:10:28,426{GMT}	INFO	[jepsen worker 0] jepsen.util: 0	:ok	:broadcast	26
2024-02-15 21:10:28,587{GMT}	INFO	[jepsen worker 0] jepsen.util: 0	:invoke	:broadcast	27
2024-02-15 21:10:28,589{GMT}	INFO	[jepsen worker 0] jepsen.util: 0	:ok	:broadcast	27
2024-02-15 21:10:28,634{GMT}	INFO	[jepsen worker 1] jepsen.util: 1	:invoke	:broadcast	28
2024-02-15 21:10:28,635{GMT}	INFO	[jepsen worker 1] jepsen.util: 1	:ok	:broadcast	28
2024-02-15 21:10:28,709{GMT}	INFO	[jepsen worker 2] jepsen.util: 2	:invoke	:read	nil
2024-02-15 21:10:28,711{GMT}	INFO	[jepsen worker 2] jepsen.util: 2	:ok	:read	[0 3 24 26 12 14 27 1 4 19 7 16 25 28 2 6 17 18 5 13 15 20 21 8 9 10 11 23 22]
2024-02-15 21:10:28,824{GMT}	INFO	[jepsen worker 3] jepsen.util: 3	:invoke	:read	nil
2024-02-15 21:10:28,824{GMT}	INFO	[jepsen worker 3] jepsen.util: 3	:ok	:read	[28 9 11 19 10 27 18 22 12 14 15 6 13 25 0 1 5 4 17 24 3 8 16 21 23 26 2 7 20]
2024-02-15 21:10:28,838{GMT}	INFO	[jepsen worker 4] jepsen.util: 4	:invoke	:read	nil
2024-02-15 21:10:28,839{GMT}	INFO	[jepsen worker 4] jepsen.util: 4	:ok	:read	[0 17 19 3 5 8 13 14 22 26 1 7 10 11 15 16 9 12 18 23 24 25 2 4 6 20 21 27 28]
2024-02-15 21:10:28,891{GMT}	INFO	[jepsen worker 0] jepsen.util: 0	:invoke	:read	nil
2024-02-15 21:10:28,892{GMT}	INFO	[jepsen worker 0] jepsen.util: 0	:ok	:read	[24 3 8 9 27 2 6 13 25 1 18 19 11 15 20 22 26 0 7 10 12 16 17 4 5 14 28 21 23]
2024-02-15 21:10:28,913{GMT}	INFO	[jepsen worker 0] jepsen.util: 0	:invoke	:read	nil
2024-02-15 21:10:28,913{GMT}	INFO	[jepsen worker 0] jepsen.util: 0	:ok	:read	[2 6 13 25 1 18 19 11 15 20 22 26 0 7 10 12 16 17 4 5 14 28 21 23 24 3 8 9 27]
2024-02-15 21:10:28,920{GMT}	INFO	[jepsen worker 1] jepsen.util: 1	:invoke	:read	nil
2024-02-15 21:10:28,920{GMT}	INFO	[jepsen worker 1] jepsen.util: 1	:ok	:read	[14 6 10 19 12 16 13 24 1 9 5 18 22 25 0 2 23 7 21 27 28 11 15 8 17 20 26 3 4]
2024-02-15 21:10:29,075{GMT}	INFO	[jepsen worker 2] jepsen.util: 2	:invoke	:broadcast	29
2024-02-15 21:10:29,076{GMT}	INFO	[jepsen worker 2] jepsen.util: 2	:ok	:broadcast	29
2024-02-15 21:10:29,246{GMT}	INFO	[jepsen worker 3] jepsen.util: 3	:invoke	:read	nil
2024-02-15 21:10:29,247{GMT}	INFO	[jepsen worker 3] jepsen.util: 3	:ok	:read	[5 6 13 25 0 1 24 4 17 29 3 8 23 16 21 20 26 2 7 19 28 9 11 10 27 15 18 22 12 14]
2024-02-15 21:10:29,323{GMT}	INFO	[jepsen worker 4] jepsen.util: 4	:invoke	:read	nil
2024-02-15 21:10:29,324{GMT}	INFO	[jepsen worker 4] jepsen.util: 4	:ok	:read	[27 2 4 6 20 21 28 0 29 17 19 22 3 5 8 13 14 16 26 1 7 10 11 15 25 9 12 18 23 24]
2024-02-15 21:10:29,478{GMT}	INFO	[jepsen worker 0] jepsen.util: 0	:invoke	:broadcast	30
2024-02-15 21:10:29,479{GMT}	INFO	[jepsen worker 0] jepsen.util: 0	:ok	:broadcast	30
2024-02-15 21:10:29,647{GMT}	INFO	[jepsen worker 0] jepsen.util: 0	:invoke	:broadcast	31
2024-02-15 21:10:29,648{GMT}	INFO	[jepsen worker 0] jepsen.util: 0	:ok	:broadcast	31
2024-02-15 21:10:29,670{GMT}	INFO	[jepsen worker 1] jepsen.util: 1	:invoke	:read	nil
2024-02-15 21:10:29,671{GMT}	INFO	[jepsen worker 1] jepsen.util: 1	:ok	:read	[11 15 8 17 20 26 3 4 14 31 6 10 19 30 12 16 13 24 29 1 9 5 18 22 25 0 2 23 7 21 27 28]
2024-02-15 21:10:29,704{GMT}	INFO	[jepsen worker 2] jepsen.util: 2	:invoke	:read	nil
2024-02-15 21:10:29,705{GMT}	INFO	[jepsen worker 2] jepsen.util: 2	:ok	:read	[8 9 10 11 23 31 22 0 3 24 26 12 14 27 29 1 4 19 30 7 16 25 28 2 6 17 18 5 13 15 20 21]
2024-02-15 21:10:29,774{GMT}	INFO	[jepsen worker 3] jepsen.util: 3	:invoke	:broadcast	32
2024-02-15 21:10:29,776{GMT}	INFO	[jepsen worker 3] jepsen.util: 3	:ok	:broadcast	32
2024-02-15 21:10:29,875{GMT}	INFO	[jepsen worker 4] jepsen.util: 4	:invoke	:read	nil
2024-02-15 21:10:29,876{GMT}	INFO	[jepsen worker 4] jepsen.util: 4	:ok	:read	[27 2 4 6 20 21 28 30 31 0 29 17 19 22 3 5 8 13 14 16 26 1 7 10 11 15 25 32 9 12 18 23 24]
2024-02-15 21:10:29,943{GMT}	INFO	[jepsen worker 0] jepsen.util: 0	:invoke	:read	nil
2024-02-15 21:10:29,943{GMT}	INFO	[jepsen worker 0] jepsen.util: 0	:ok	:read	[22 26 30 11 15 20 12 16 17 0 7 10 28 4 5 14 21 23 31 24 29 27 3 8 9 25 2 6 13 32 1 18 19]
2024-02-15 21:10:30,110{GMT}	INFO	[jepsen worker 0] jepsen.util: 0	:invoke	:read	nil
2024-02-15 21:10:30,111{GMT}	INFO	[jepsen worker 0] jepsen.util: 0	:ok	:read	[3 8 9 27 2 6 13 25 1 18 19 32 11 15 20 22 26 30 0 7 10 12 16 17 4 5 14 28 21 23 31 24 29]
2024-02-15 21:10:30,177{GMT}	INFO	[jepsen worker 1] jepsen.util: 1	:invoke	:broadcast	33
2024-02-15 21:10:30,178{GMT}	INFO	[jepsen worker 1] jepsen.util: 1	:ok	:broadcast	33
2024-02-15 21:10:30,272{GMT}	INFO	[jepsen worker 2] jepsen.util: 2	:invoke	:read	nil
2024-02-15 21:10:30,273{GMT}	INFO	[jepsen worker 2] jepsen.util: 2	:ok	:read	[1 4 19 30 7 16 25 28 2 6 17 18 5 13 15 20 21 8 9 10 11 23 31 22 32 33 0 3 24 26 12 14 27 29]
2024-02-15 21:10:30,299{GMT}	INFO	[jepsen worker 3] jepsen.util: 3	:invoke	:broadcast	34
2024-02-15 21:10:30,299{GMT}	INFO	[jepsen worker 3] jepsen.util: 3	:ok	:broadcast	34
2024-02-15 21:10:30,392{GMT}	INFO	[jepsen worker 4] jepsen.util: 4	:invoke	:read	nil
2024-02-15 21:10:30,393{GMT}	INFO	[jepsen worker 4] jepsen.util: 4	:ok	:read	[8 13 14 22 3 5 10 11 15 16 26 1 7 18 23 24 25 32 9 12 6 20 21 27 2 4 31 33 34 28 30 0 29 17 19]
2024-02-15 21:10:30,544{GMT}	INFO	[jepsen worker 0] jepsen.util: 0	:invoke	:read	nil
2024-02-15 21:10:30,546{GMT}	INFO	[jepsen worker 0] jepsen.util: 0	:ok	:read	[0 7 10 12 16 17 4 5 14 28 21 23 31 33 24 29 3 8 9 27 2 6 13 25 1 18 19 32 34 11 15 20 22 26 30]
2024-02-15 21:10:30,551{GMT}	INFO	[jepsen worker 0] jepsen.util: 0	:invoke	:broadcast	35
2024-02-15 21:10:30,553{GMT}	INFO	[jepsen worker 0] jepsen.util: 0	:ok	:broadcast	35
2024-02-15 21:10:30,705{GMT}	INFO	[jepsen worker 1] jepsen.util: 1	:invoke	:read	nil
2024-02-15 21:10:30,707{GMT}	INFO	[jepsen worker 1] jepsen.util: 1	:ok	:read	[6 10 14 31 12 16 19 30 1 9 13 24 29 0 2 5 18 22 25 32 7 21 23 34 35 27 28 33 11 15 3 4 8 17 20 26]
2024-02-15 21:10:30,850{GMT}	INFO	[jepsen worker 2] jepsen.util: 2	:invoke	:read	nil
2024-02-15 21:10:30,852{GMT}	INFO	[jepsen worker 2] jepsen.util: 2	:ok	:read	[12 14 27 29 1 4 19 30 7 16 25 28 34 2 6 17 18 21 5 13 15 20 23 31 8 9 10 11 22 32 33 35 0 3 24 26]
2024-02-15 21:10:30,905{GMT}	INFO	[jepsen worker 3] jepsen.util: 3	:invoke	:broadcast	36
2024-02-15 21:10:30,906{GMT}	INFO	[jepsen worker 3] jepsen.util: 3	:ok	:broadcast	36
2024-02-15 21:10:30,973{GMT}	INFO	[jepsen worker 4] jepsen.util: 4	:invoke	:read	nil
2024-02-15 21:10:30,974{GMT}	INFO	[jepsen worker 4] jepsen.util: 4	:ok	:read	[28 30 31 33 34 35 0 29 17 19 3 5 8 13 14 22 1 7 10 11 15 16 26 9 12 18 23 24 25 32 2 4 6 20 21 27 36]
2024-02-15 21:10:31,066{GMT}	INFO	[jepsen worker 0] jepsen.util: 0	:invoke	:read	nil
2024-02-15 21:10:31,067{GMT}	INFO	[jepsen worker 0] jepsen.util: 0	:ok	:read	[4 5 14 28 36 21 23 31 33 24 29 3 8 9 27 2 6 13 25 35 1 18 19 32 30 34 11 15 20 22 26 17 0 7 10 12 16]
2024-02-15 21:10:31,269{GMT}	INFO	[jepsen worker 0] jepsen.util: 0	:invoke	:broadcast	37
2024-02-15 21:10:31,271{GMT}	INFO	[jepsen worker 0] jepsen.util: 0	:ok	:broadcast	37
2024-02-15 21:10:31,296{GMT}	INFO	[jepsen worker 1] jepsen.util: 1	:invoke	:read	nil
2024-02-15 21:10:31,297{GMT}	INFO	[jepsen worker 1] jepsen.util: 1	:ok	:read	[14 31 6 10 19 30 36 12 16 13 24 29 1 9 5 18 22 25 32 0 2 23 34 35 7 21 33 27 28 11 15 8 17 20 26 37 3 4]
2024-02-15 21:10:31,487{GMT}	INFO	[jepsen worker 2] jepsen.util: 2	:invoke	:broadcast	38
2024-02-15 21:10:31,489{GMT}	INFO	[jepsen worker 2] jepsen.util: 2	:ok	:broadcast	38
2024-02-15 21:10:31,622{GMT}	INFO	[jepsen worker 3] jepsen.util: 3	:invoke	:read	nil
2024-02-15 21:10:31,624{GMT}	INFO	[jepsen worker 3] jepsen.util: 3	:ok	:read	[7 20 26 2 11 19 28 30 9 27 36 10 14 15 18 22 33 35 12 1 5 6 13 25 34 0 17 24 31 38 4 8 29 3 21 23 32 37 16]
2024-02-15 21:10:31,776{GMT}	INFO	[jepsen worker 4] jepsen.util: 4	:invoke	:read	nil
2024-02-15 21:10:31,778{GMT}	INFO	[jepsen worker 4] jepsen.util: 4	:ok	:read	[21 27 36 2 4 6 20 34 35 28 30 31 33 0 29 37 17 19 14 22 3 5 8 13 15 16 26 38 1 7 10 11 24 25 32 9 12 18 23]
2024-02-15 21:10:31,897{GMT}	INFO	[jepsen worker 0] jepsen.util: 0	:invoke	:read	nil
2024-02-15 21:10:31,899{GMT}	INFO	[jepsen worker 0] jepsen.util: 0	:ok	:read	[24 29 38 3 8 9 27 2 6 13 25 35 1 18 19 32 37 11 15 20 22 26 30 34 0 7 10 12 16 17 4 5 14 28 36 21 23 31 33]
2024-02-15 21:10:31,967{GMT}	INFO	[jepsen worker 0] jepsen.util: 0	:invoke	:read	nil
2024-02-15 21:10:31,968{GMT}	INFO	[jepsen worker 0] jepsen.util: 0	:ok	:read	[3 8 9 27 35 2 6 13 25 37 1 18 19 32 26 30 34 11 15 20 22 16 17 0 7 10 12 36 4 5 14 28 21 23 31 33 24 29 38]
2024-02-15 21:10:32,088{GMT}	INFO	[jepsen worker 1] jepsen.util: 1	:invoke	:read	nil
2024-02-15 21:10:32,089{GMT}	INFO	[jepsen worker 1] jepsen.util: 1	:ok	:read	[11 15 38 37 3 4 8 17 20 26 6 10 14 31 12 16 19 30 36 1 9 13 24 29 32 0 2 5 18 22 25 7 21 23 34 35 27 28 33]
2024-02-15 21:10:32,157{GMT}	INFO	[jepsen worker 2] jepsen.util: 2	:invoke	:broadcast	39
2024-02-15 21:10:32,158{GMT}	INFO	[jepsen worker 2] jepsen.util: 2	:ok	:broadcast	39
2024-02-15 21:10:32,181{GMT}	INFO	[jepsen worker 3] jepsen.util: 3	:invoke	:read	nil
2024-02-15 21:10:32,183{GMT}	INFO	[jepsen worker 3] jepsen.util: 3	:ok	:read	[27 36 10 14 15 18 22 33 35 12 1 5 6 13 25 34 0 17 24 31 38 4 8 29 3 21 23 32 37 39 16 7 20 26 2 11 19 28 30 9]
2024-02-15 21:10:32,257{GMT}	INFO	[jepsen worker 4] jepsen.util: 4	:invoke	:broadcast	40
2024-02-15 21:10:32,257{GMT}	INFO	[jepsen worker 4] jepsen.util: 4	:ok	:broadcast	40
2024-02-15 21:10:32,459{GMT}	INFO	[jepsen worker 0] jepsen.util: 0	:invoke	:broadcast	41
2024-02-15 21:10:32,461{GMT}	INFO	[jepsen worker 0] jepsen.util: 0	:ok	:broadcast	41
2024-02-15 21:10:32,564{GMT}	INFO	[jepsen worker 0] jepsen.util: 0	:invoke	:broadcast	42
2024-02-15 21:10:32,566{GMT}	INFO	[jepsen worker 0] jepsen.util: 0	:ok	:broadcast	42
2024-02-15 21:10:32,640{GMT}	INFO	[jepsen worker 1] jepsen.util: 1	:invoke	:broadcast	43
2024-02-15 21:10:32,641{GMT}	INFO	[jepsen worker 1] jepsen.util: 1	:ok	:broadcast	43
2024-02-15 21:10:32,666{GMT}	INFO	[jepsen worker 2] jepsen.util: 2	:invoke	:broadcast	44
2024-02-15 21:10:32,667{GMT}	INFO	[jepsen worker 2] jepsen.util: 2	:ok	:broadcast	44
2024-02-15 21:10:32,745{GMT}	INFO	[jepsen worker 3] jepsen.util: 3	:invoke	:read	nil
2024-02-15 21:10:32,746{GMT}	INFO	[jepsen worker 3] jepsen.util: 3	:ok	:read	[4 17 24 31 38 3 8 29 40 42 16 21 23 32 37 39 44 2 7 20 26 43 9 11 19 28 30 10 27 36 12 14 15 18 22 33 35 41 0 1 5 6 13 25 34]
2024-02-15 21:10:32,796{GMT}	INFO	[jepsen worker 4] jepsen.util: 4	:invoke	:read	nil
2024-02-15 21:10:32,797{GMT}	INFO	[jepsen worker 4] jepsen.util: 4	:ok	:read	[0 29 37 17 19 42 43 44 39 40 3 5 8 13 14 22 41 26 38 1 7 10 11 15 16 32 9 12 18 23 24 25 36 2 4 6 20 21 27 28 30 31 33 34 35]
2024-02-15 21:10:32,876{GMT}	INFO	[jepsen worker 0] jepsen.util: 0	:invoke	:broadcast	45
2024-02-15 21:10:32,877{GMT}	INFO	[jepsen worker 0] jepsen.util: 0	:ok	:broadcast	45
2024-02-15 21:10:32,969{GMT}	INFO	[jepsen worker 0] jepsen.util: 0	:invoke	:read	nil
2024-02-15 21:10:32,970{GMT}	INFO	[jepsen worker 0] jepsen.util: 0	:ok	:read	[0 7 10 12 16 17 41 4 5 14 28 36 40 21 23 31 33 24 29 38 43 3 8 9 27 44 2 6 13 25 35 39 45 1 18 19 32 37 42 11 15 20 22 26 30 34]
2024-02-15 21:10:33,032{GMT}	INFO	[jepsen worker 1] jepsen.util: 1	:invoke	:read	nil
2024-02-15 21:10:33,033{GMT}	INFO	[jepsen worker 1] jepsen.util: 1	:ok	:read	[5 18 22 25 32 0 2 23 34 35 7 21 33 43 45 27 28 38 11 15 8 17 20 26 37 3 4 14 31 40 42 6 10 19 30 36 44 12 16 13 24 29 39 41 1 9]
2024-02-15 21:10:33,089{GMT}	INFO	[jepsen worker 2] jepsen.util: 2	:invoke	:broadcast	46
2024-02-15 21:10:33,089{GMT}	INFO	[jepsen worker 2] jepsen.util: 2	:ok	:broadcast	46
2024-02-15 21:10:33,130{GMT}	INFO	[jepsen worker 3] jepsen.util: 3	:invoke	:read	nil
2024-02-15 21:10:33,130{GMT}	INFO	[jepsen worker 3] jepsen.util: 3	:ok	:read	[27 36 46 10 14 15 18 22 33 35 45 12 1 5 6 13 25 34 41 0 17 24 31 38 4 8 29 40 42 3 21 23 32 37 39 44 16 7 20 26 43 2 11 19 28 30 9]
2024-02-15 21:10:33,316{GMT}	INFO	[jepsen worker 4] jepsen.util: 4	:invoke	:read	nil
2024-02-15 21:10:33,317{GMT}	INFO	[jepsen worker 4] jepsen.util: 4	:ok	:read	[34 35 46 28 30 31 33 0 29 37 44 45 17 19 42 43 14 22 39 40 3 5 8 13 41 15 16 26 38 1 7 10 11 24 25 32 9 12 18 23 21 27 36 2 4 6 20]
2024-02-15 21:10:33,382{GMT}	INFO	[jepsen worker 0] jepsen.util: 0	:invoke	:read	nil
2024-02-15 21:10:33,383{GMT}	INFO	[jepsen worker 0] jepsen.util: 0	:ok	:read	[23 31 33 46 21 29 38 43 24 8 9 27 44 3 6 13 25 35 39 45 2 18 19 32 37 42 1 15 20 22 26 30 34 11 7 10 12 16 17 41 0 5 14 28 36 40 4]
2024-02-15 21:10:33,440{GMT}	INFO	[jepsen worker 0] jepsen.util: 0	:invoke	:broadcast	47
2024-02-15 21:10:33,440{GMT}	INFO	[jepsen worker 0] jepsen.util: 0	:ok	:broadcast	47
2024-02-15 21:10:33,531{GMT}	INFO	[jepsen worker 1] jepsen.util: 1	:invoke	:read	nil
2024-02-15 21:10:33,532{GMT}	INFO	[jepsen worker 1] jepsen.util: 1	:ok	:read	[7 21 23 34 35 27 28 33 43 45 11 15 38 46 3 4 8 17 20 26 37 47 6 10 14 31 40 42 12 16 19 30 36 44 1 9 13 24 29 39 41 0 2 5 18 22 25 32]
2024-02-15 21:10:33,628{GMT}	INFO	[jepsen worker 2] jepsen.util: 2	:invoke	:broadcast	48
2024-02-15 21:10:33,629{GMT}	INFO	[jepsen worker 2] jepsen.util: 2	:ok	:broadcast	48
2024-02-15 21:10:33,812{GMT}	INFO	[jepsen worker 3] jepsen.util: 3	:invoke	:read	nil
2024-02-15 21:10:33,814{GMT}	INFO	[jepsen worker 3] jepsen.util: 3	:ok	:read	[27 46 33 45 12 15 18 22 25 0 6 38 47 17 24 31 42 3 8 40 16 21 37 43 26 11 19 28 10 36 14 35 48 13 34 41 1 5 4 29 23 32 39 44 2 7 20 30 9]
2024-02-15 21:10:34,003{GMT}	INFO	[jepsen worker 4] jepsen.util: 4	:invoke	:broadcast	49
2024-02-15 21:10:34,004{GMT}	INFO	[jepsen worker 4] jepsen.util: 4	:ok	:broadcast	49
2024-02-15 21:10:34,199{GMT}	INFO	[jepsen worker 0] jepsen.util: 0	:invoke	:broadcast	50
2024-02-15 21:10:34,200{GMT}	INFO	[jepsen worker 0] jepsen.util: 0	:ok	:broadcast	50
2024-02-15 21:10:34,340{GMT}	INFO	[jepsen worker 0] jepsen.util: 0	:invoke	:broadcast	51
2024-02-15 21:10:34,342{GMT}	INFO	[jepsen worker 0] jepsen.util: 0	:ok	:broadcast	51
2024-02-15 21:10:34,370{GMT}	INFO	[jepsen worker 1] jepsen.util: 1	:invoke	:read	nil
2024-02-15 21:10:34,371{GMT}	INFO	[jepsen worker 1] jepsen.util: 1	:ok	:read	[19 12 16 29 41 18 25 35 7 23 33 43 45 27 28 15 51 8 37 46 3 4 31 40 49 6 10 44 30 36 13 24 39 50 1 9 5 22 32 0 2 21 34 48 11 38 17 20 26 47 14 42]
2024-02-15 21:10:34,430{GMT}	INFO	[jepsen worker 2] jepsen.util: 2	:invoke	:read	nil
2024-02-15 21:10:34,430{GMT}	INFO	[jepsen worker 2] jepsen.util: 2	:ok	:read	[31 43 9 10 11 23 41 22 32 37 38 0 24 35 51 12 14 29 47 4 30 36 16 25 2 17 18 45 15 21 48 8 33 39 40 50 3 26 46 27 44 1 19 7 28 6 34 42 5 13 20 49]
2024-02-15 21:10:34,477{GMT}	INFO	[jepsen worker 3] jepsen.util: 3	:invoke	:broadcast	52
2024-02-15 21:10:34,478{GMT}	INFO	[jepsen worker 3] jepsen.util: 3	:ok	:broadcast	52
2024-02-15 21:10:34,652{GMT}	INFO	[jepsen worker 4] jepsen.util: 4	:invoke	:read	nil
2024-02-15 21:10:34,653{GMT}	INFO	[jepsen worker 4] jepsen.util: 4	:ok	:read	[29 37 47 17 19 44 40 41 3 5 13 22 7 11 26 32 12 18 23 25 48 49 52 27 2 6 20 46 50 28 31 33 35 0 42 43 45 8 14 39 38 1 10 15 16 9 24 51 21 36 4 30 34]
2024-02-15 21:10:34,690{GMT}	INFO	[jepsen worker 0] jepsen.util: 0	:invoke	:read	nil
2024-02-15 21:10:34,691{GMT}	INFO	[jepsen worker 0] jepsen.util: 0	:ok	:read	[8 44 47 6 25 35 39 49 32 42 11 20 22 26 30 7 10 12 16 41 4 5 36 40 31 33 48 51 29 38 3 9 27 50 2 13 45 1 18 19 37 15 34 0 17 14 28 21 23 46 24 43 52]
2024-02-15 21:10:34,846{GMT}	INFO	[jepsen worker 0] jepsen.util: 0	:invoke	:read	nil
2024-02-15 21:10:34,847{GMT}	INFO	[jepsen worker 0] jepsen.util: 0	:ok	:read	[14 28 21 23 46 24 43 52 8 44 47 6 25 35 39 49 32 42 11 20 22 26 30 7 10 12 16 41 4 5 36 40 31 33 48 51 29 38 3 9 27 50 2 13 45 1 18 19 37 15 34 0 17]
2024-02-15 21:10:34,857{GMT}	INFO	[jepsen worker 1] jepsen.util: 1	:invoke	:broadcast	53
2024-02-15 21:10:34,858{GMT}	INFO	[jepsen worker 1] jepsen.util: 1	:ok	:broadcast	53
2024-02-15 21:10:34,974{GMT}	INFO	[jepsen worker 2] jepsen.util: 2	:invoke	:broadcast	54
2024-02-15 21:10:34,976{GMT}	INFO	[jepsen worker 2] jepsen.util: 2	:ok	:broadcast	54
2024-02-15 21:10:35,179{GMT}	INFO	[jepsen worker 3] jepsen.util: 3	:invoke	:broadcast	55
2024-02-15 21:10:35,181{GMT}	INFO	[jepsen worker 3] jepsen.util: 3	:ok	:broadcast	55
2024-02-15 21:10:35,280{GMT}	INFO	[jepsen worker 4] jepsen.util: 4	:invoke	:broadcast	56
2024-02-15 21:10:35,281{GMT}	INFO	[jepsen worker 4] jepsen.util: 4	:ok	:broadcast	56
2024-02-15 21:10:35,427{GMT}	INFO	[jepsen worker 0] jepsen.util: 0	:invoke	:read	nil
2024-02-15 21:10:35,429{GMT}	INFO	[jepsen worker 0] jepsen.util: 0	:ok	:read	[14 28 21 23 46 24 43 52 8 44 47 49 6 25 35 39 32 42 54 30 55 56 11 20 22 26 41 7 10 12 16 53 4 5 36 40 31 33 48 51 29 38 3 9 27 50 2 13 45 1 18 19 37 15 34 0 17]
2024-02-15 21:10:35,502{GMT}	INFO	[jepsen worker 0] jepsen.util: 0	:invoke	:broadcast	57
2024-02-15 21:10:35,503{GMT}	INFO	[jepsen worker 0] jepsen.util: 0	:ok	:broadcast	57
2024-02-15 21:10:35,581{GMT}	INFO	[jepsen worker 1] jepsen.util: 1	:invoke	:read	nil
2024-02-15 21:10:35,582{GMT}	INFO	[jepsen worker 1] jepsen.util: 1	:ok	:read	[29 41 57 18 25 54 7 23 35 27 28 33 43 45 15 51 3 4 8 37 46 6 10 31 40 49 53 30 36 44 1 9 13 24 39 50 0 2 5 22 32 55 21 34 56 11 38 48 17 20 26 47 14 42 12 16 19 52]
2024-02-15 21:10:35,648{GMT}	INFO	[jepsen worker 2] jepsen.util: 2	:invoke	:read	nil
2024-02-15 21:10:35,649{GMT}	INFO	[jepsen worker 2] jepsen.util: 2	:ok	:read	[17 18 45 54 2 21 48 15 56 8 39 40 50 33 26 46 3 53 55 27 19 44 1 28 7 34 42 6 13 20 49 5 10 11 23 31 43 9 32 37 38 41 52 22 24 35 51 0 14 29 57 12 30 47 4 25 36 16]
2024-02-15 21:10:35,842{GMT}	INFO	[jepsen worker 3] jepsen.util: 3	:invoke	:broadcast	58
2024-02-15 21:10:35,845{GMT}	INFO	[jepsen worker 3] jepsen.util: 3	:ok	:broadcast	58
2024-02-15 21:10:36,022{GMT}	INFO	[jepsen worker 4] jepsen.util: 4	:invoke	:broadcast	59
2024-02-15 21:10:36,024{GMT}	INFO	[jepsen worker 4] jepsen.util: 4	:ok	:broadcast	59
2024-02-15 21:10:36,124{GMT}	INFO	[jepsen worker 0] jepsen.util: 0	:invoke	:read	nil
2024-02-15 21:10:36,125{GMT}	INFO	[jepsen worker 0] jepsen.util: 0	:ok	:read	[7 10 12 16 41 58 4 5 36 40 53 31 33 48 51 57 59 29 38 3 9 27 50 2 13 45 1 18 19 37 15 34 0 17 14 28 21 23 46 24 43 52 8 44 47 6 25 35 39 49 32 42 54 11 20 22 26 30 55 56]
2024-02-15 21:10:36,231{GMT}	INFO	[jepsen worker 0] jepsen.util: 0	:invoke	:read	nil
2024-02-15 21:10:36,232{GMT}	INFO	[jepsen worker 0] jepsen.util: 0	:ok	:read	[7 10 12 16 41 58 4 5 36 40 53 31 33 48 51 57 59 29 38 3 9 27 50 2 13 45 1 18 19 37 15 34 0 17 14 28 21 23 46 24 43 52 8 44 47 6 25 35 39 49 32 42 54 11 20 22 26 30 55 56]
2024-02-15 21:10:36,417{GMT}	INFO	[jepsen worker 1] jepsen.util: 1	:invoke	:broadcast	60
2024-02-15 21:10:36,419{GMT}	INFO	[jepsen worker 1] jepsen.util: 1	:ok	:broadcast	60
2024-02-15 21:10:36,419{GMT}	INFO	[jepsen worker 2] jepsen.util: 2	:invoke	:broadcast	61
2024-02-15 21:10:36,423{GMT}	INFO	[jepsen worker 2] jepsen.util: 2	:ok	:broadcast	61
2024-02-15 21:10:36,476{GMT}	INFO	[jepsen worker 3] jepsen.util: 3	:invoke	:broadcast	62
2024-02-15 21:10:36,477{GMT}	INFO	[jepsen worker 3] jepsen.util: 3	:ok	:broadcast	62
2024-02-15 21:10:36,632{GMT}	INFO	[jepsen worker 4] jepsen.util: 4	:invoke	:broadcast	63
2024-02-15 21:10:36,634{GMT}	INFO	[jepsen worker 4] jepsen.util: 4	:ok	:broadcast	63
2024-02-15 21:10:36,808{GMT}	INFO	[jepsen worker 0] jepsen.util: 0	:invoke	:broadcast	64
2024-02-15 21:10:36,811{GMT}	INFO	[jepsen worker 0] jepsen.util: 0	:ok	:broadcast	64
2024-02-15 21:10:36,848{GMT}	INFO	[jepsen worker 0] jepsen.util: 0	:invoke	:broadcast	65
2024-02-15 21:10:36,849{GMT}	INFO	[jepsen worker 0] jepsen.util: 0	:ok	:broadcast	65
2024-02-15 21:10:36,959{GMT}	INFO	[jepsen worker 1] jepsen.util: 1	:invoke	:read	nil
2024-02-15 21:10:36,960{GMT}	INFO	[jepsen worker 1] jepsen.util: 1	:ok	:read	[58 62 11 38 48 17 20 26 47 14 42 12 16 19 52 59 29 41 57 18 25 54 65 7 23 35 27 28 33 43 45 15 51 60 64 3 4 8 37 46 61 6 10 31 40 49 53 30 36 44 1 9 13 24 39 50 63 0 2 5 22 32 55 21 34 56]
2024-02-15 21:10:37,137{GMT}	INFO	[jepsen worker 2] jepsen.util: 2	:invoke	:broadcast	66
2024-02-15 21:10:37,139{GMT}	INFO	[jepsen worker 2] jepsen.util: 2	:ok	:broadcast	66
2024-02-15 21:10:37,188{GMT}	INFO	[jepsen worker 3] jepsen.util: 3	:invoke	:read	nil
2024-02-15 21:10:37,189{GMT}	INFO	[jepsen worker 3] jepsen.util: 3	:ok	:read	[7 20 65 2 30 63 9 46 57 59 66 27 15 18 22 33 45 12 6 25 64 0 24 31 38 47 49 17 8 40 42 50 3 21 37 62 16 43 55 61 26 19 28 58 11 36 52 53 54 10 35 48 14 5 13 34 41 51 56 60 1 4 29 32 39 44 23]
2024-02-15 21:10:37,254{GMT}	INFO	[jepsen worker 4] jepsen.util: 4	:invoke	:broadcast	67
2024-02-15 21:10:37,255{GMT}	INFO	[jepsen worker 4] jepsen.util: 4	:ok	:broadcast	67
2024-02-15 21:10:37,404{GMT}	INFO	[jepsen worker 0] jepsen.util: 0	:invoke	:read	nil
2024-02-15 21:10:37,405{GMT}	INFO	[jepsen worker 0] jepsen.util: 0	:ok	:read	[42 54 32 20 22 26 30 55 56 11 10 12 16 41 58 7 5 36 40 53 62 4 33 48 51 57 59 31 38 29 9 27 50 3 13 45 2 18 19 37 1 34 65 15 17 63 64 0 28 60 14 23 46 21 43 52 61 24 44 47 66 67 8 25 35 39 49 6]
2024-02-15 21:10:37,500{GMT}	INFO	[jepsen worker 0] jepsen.util: 0	:invoke	:broadcast	68
2024-02-15 21:10:37,502{GMT}	INFO	[jepsen worker 0] jepsen.util: 0	:ok	:broadcast	68
2024-02-15 21:10:37,512{GMT}	INFO	[jepsen worker 1] jepsen.util: 1	:invoke	:broadcast	69
2024-02-15 21:10:37,514{GMT}	INFO	[jepsen worker 1] jepsen.util: 1	:ok	:broadcast	69
2024-02-15 21:10:37,634{GMT}	INFO	[jepsen worker 2] jepsen.util: 2	:invoke	:broadcast	70
2024-02-15 21:10:37,635{GMT}	INFO	[jepsen worker 2] jepsen.util: 2	:ok	:broadcast	70
2024-02-15 21:10:37,814{GMT}	INFO	[jepsen worker 3] jepsen.util: 3	:invoke	:broadcast	71
2024-02-15 21:10:37,815{GMT}	INFO	[jepsen worker 3] jepsen.util: 3	:ok	:broadcast	71
2024-02-15 21:10:37,932{GMT}	INFO	[jepsen worker 4] jepsen.util: 4	:invoke	:broadcast	72
2024-02-15 21:10:37,934{GMT}	INFO	[jepsen worker 4] jepsen.util: 4	:ok	:broadcast	72
2024-02-15 21:10:38,036{GMT}	INFO	[jepsen worker 0] jepsen.util: 0	:invoke	:read	nil
2024-02-15 21:10:38,038{GMT}	INFO	[jepsen worker 0] jepsen.util: 0	:ok	:read	[46 21 23 52 61 24 43 47 66 67 70 8 44 35 39 49 68 6 25 54 69 71 32 42 22 26 30 55 56 11 20 12 16 41 58 7 10 36 40 53 62 72 4 5 48 51 57 59 31 33 29 38 27 50 3 9 45 2 13 19 37 1 18 65 15 34 63 64 0 17 60 14 28]
2024-02-15 21:10:38,186{GMT}	INFO	[jepsen worker 0] jepsen.util: 0	:invoke	:read	nil
2024-02-15 21:10:38,189{GMT}	INFO	[jepsen worker 0] jepsen.util: 0	:ok	:read	[1 18 19 37 15 34 65 0 17 63 64 14 28 60 21 23 46 24 43 52 61 70 8 44 47 66 67 68 6 25 35 39 49 32 42 54 69 71 55 56 11 20 22 26 30 58 7 10 12 16 41 62 72 4 5 36 40 53 59 31 33 48 51 57 29 38 3 9 27 50 2 13 45]
2024-02-15 21:10:38,345{GMT}	INFO	[jepsen worker 1] jepsen.util: 1	:invoke	:read	nil
2024-02-15 21:10:38,346{GMT}	INFO	[jepsen worker 1] jepsen.util: 1	:ok	:read	[58 62 11 38 48 17 20 26 47 14 42 66 69 70 12 16 19 52 59 29 41 57 71 18 25 54 65 7 23 35 27 28 33 43 45 15 51 60 3 4 8 37 46 61 64 6 10 31 40 49 53 30 36 44 68 1 9 13 24 39 50 72 0 2 5 22 32 55 63 21 34 56 67]
2024-02-15 21:10:38,386{GMT}	INFO	[jepsen worker 2] jepsen.util: 2	:invoke	:read	nil
2024-02-15 21:10:38,387{GMT}	INFO	[jepsen worker 2] jepsen.util: 2	:ok	:read	[10 11 23 31 43 9 32 37 38 41 52 22 24 35 51 0 14 29 57 60 12 30 47 71 4 25 36 16 17 18 45 54 2 21 48 68 15 56 64 8 39 40 50 61 69 33 26 46 58 3 53 55 65 27 19 44 59 63 70 1 28 62 66 7 34 42 67 72 6 13 20 49 5]
2024-02-15 21:10:38,416{GMT}	INFO	[jepsen worker 3] jepsen.util: 3	:invoke	:broadcast	73
2024-02-15 21:10:38,417{GMT}	INFO	[jepsen worker 3] jepsen.util: 3	:ok	:broadcast	73
2024-02-15 21:10:38,489{GMT}	INFO	[jepsen worker 4] jepsen.util: 4	:invoke	:read	nil
2024-02-15 21:10:38,489{GMT}	INFO	[jepsen worker 4] jepsen.util: 4	:ok	:read	[51 66 4 21 36 67 30 34 29 37 47 55 17 19 44 63 62 3 5 13 22 40 41 7 11 26 61 71 69 12 18 23 25 32 56 48 49 52 53 73 2 6 20 27 54 70 60 68 28 31 33 35 46 50 0 57 59 72 42 43 45 8 14 39 65 1 10 15 16 38 9 24 58 64]
2024-02-15 21:10:38,554{GMT}	INFO	[jepsen worker 0] jepsen.util: 0	:invoke	:read	nil
2024-02-15 21:10:38,555{GMT}	INFO	[jepsen worker 0] jepsen.util: 0	:ok	:read	[7 10 12 16 41 58 4 5 36 40 53 62 72 31 33 48 51 57 59 29 38 3 9 27 50 2 13 45 1 18 19 37 73 15 34 65 0 17 63 64 14 28 60 21 23 46 24 43 52 61 8 44 47 66 67 70 6 25 35 39 49 68 32 42 54 69 71 11 20 22 26 30 55 56]
2024-02-15 21:10:38,717{GMT}	INFO	[jepsen worker 0] jepsen.util: 0	:invoke	:read	nil
2024-02-15 21:10:38,718{GMT}	INFO	[jepsen worker 0] jepsen.util: 0	:ok	:read	[4 5 36 40 53 62 72 31 33 48 51 57 59 29 38 3 9 27 50 2 13 45 1 18 19 37 73 15 34 65 0 17 63 64 14 28 60 21 23 46 24 43 52 61 8 44 47 66 67 70 6 25 35 39 49 68 32 42 54 69 71 11 20 22 26 30 55 56 7 10 12 16 41 58]
2024-02-15 21:10:38,746{GMT}	INFO	[jepsen worker 1] jepsen.util: 1	:invoke	:read	nil
2024-02-15 21:10:38,747{GMT}	INFO	[jepsen worker 1] jepsen.util: 1	:ok	:read	[15 51 60 64 3 4 8 37 46 61 6 10 31 40 49 53 30 36 44 68 72 1 9 13 24 39 50 63 0 2 5 22 32 55 21 34 56 67 58 62 11 38 48 17 20 26 47 14 42 66 69 70 12 16 19 52 59 29 41 57 71 18 25 54 65 7 23 35 73 27 28 33 43 45]
2024-02-15 21:10:38,904{GMT}	INFO	[jepsen worker 2] jepsen.util: 2	:invoke	:broadcast	74
2024-02-15 21:10:38,906{GMT}	INFO	[jepsen worker 2] jepsen.util: 2	:ok	:broadcast	74
2024-02-15 21:10:39,012{GMT}	INFO	[jepsen worker 3] jepsen.util: 3	:invoke	:read	nil
2024-02-15 21:10:39,014{GMT}	INFO	[jepsen worker 3] jepsen.util: 3	:ok	:read	[29 72 23 32 39 44 2 7 20 65 74 9 30 63 73 27 46 57 59 66 12 15 18 22 33 45 0 6 25 64 17 24 31 38 47 49 69 70 3 8 40 42 50 16 21 37 62 26 43 55 61 11 19 28 58 10 36 52 53 54 14 35 48 68 1 5 13 34 41 51 56 60 71 4 67]
2024-02-15 21:10:39,141{GMT}	INFO	[jepsen worker 4] jepsen.util: 4	:invoke	:read	nil
2024-02-15 21:10:39,143{GMT}	INFO	[jepsen worker 4] jepsen.util: 4	:ok	:read	[63 17 19 44 22 40 41 62 3 5 13 61 71 7 11 26 25 32 56 69 12 18 23 53 73 48 49 52 27 54 70 2 6 20 35 46 50 60 68 28 31 33 72 0 57 59 42 43 45 65 8 14 39 16 38 1 10 15 64 9 24 58 51 66 67 74 4 21 36 30 34 55 29 37 47]
2024-02-15 21:10:39,299{GMT}	INFO	[jepsen worker 0] jepsen.util: 0	:invoke	:read	nil
2024-02-15 21:10:39,301{GMT}	INFO	[jepsen worker 0] jepsen.util: 0	:ok	:read	[29 38 27 50 3 9 45 2 13 19 37 73 1 18 65 15 34 63 64 0 17 60 14 28 46 21 23 52 61 24 43 47 66 67 70 8 44 35 39 49 68 6 25 54 69 71 74 32 42 22 26 30 55 56 11 20 12 16 41 58 7 10 36 40 53 62 72 4 5 48 51 57 59 31 33]
2024-02-15 21:10:39,458{GMT}	INFO	[jepsen worker 0] jepsen.util: 0	:invoke	:broadcast	75
2024-02-15 21:10:39,460{GMT}	INFO	[jepsen worker 0] jepsen.util: 0	:ok	:broadcast	75
2024-02-15 21:10:39,516{GMT}	INFO	[jepsen worker 1] jepsen.util: 1	:invoke	:broadcast	76
2024-02-15 21:10:39,517{GMT}	INFO	[jepsen worker 1] jepsen.util: 1	:ok	:broadcast	76
2024-02-15 21:10:39,646{GMT}	INFO	[jepsen worker 2] jepsen.util: 2	:invoke	:broadcast	77
2024-02-15 21:10:39,648{GMT}	INFO	[jepsen worker 2] jepsen.util: 2	:ok	:broadcast	77
2024-02-15 21:10:39,745{GMT}	INFO	[jepsen worker 3] jepsen.util: 3	:invoke	:broadcast	78
2024-02-15 21:10:39,746{GMT}	INFO	[jepsen worker 3] jepsen.util: 3	:ok	:broadcast	78
2024-02-15 21:10:39,919{GMT}	INFO	[jepsen worker 4] jepsen.util: 4	:invoke	:read	nil
2024-02-15 21:10:39,921{GMT}	INFO	[jepsen worker 4] jepsen.util: 4	:ok	:read	[9 24 58 64 51 66 74 76 4 21 36 67 30 34 29 37 47 55 17 19 44 63 40 41 62 3 5 13 22 71 77 78 7 11 26 61 32 56 69 12 18 23 25 73 48 49 52 53 54 70 75 2 6 20 27 46 50 60 68 28 31 33 35 0 57 59 72 42 43 45 8 14 39 65 38 1 10 15 16]
2024-02-15 21:10:39,958{GMT}	INFO	[jepsen worker 0] jepsen.util: 0	:invoke	:read	nil
2024-02-15 21:10:39,959{GMT}	INFO	[jepsen worker 0] jepsen.util: 0	:ok	:read	[21 23 46 76 24 43 52 61 8 44 47 66 67 70 77 6 25 35 39 49 68 32 42 54 69 71 74 56 11 20 22 26 30 55 7 10 12 16 41 58 72 4 5 36 40 53 62 78 31 33 48 51 57 59 29 38 3 9 27 50 75 2 13 45 1 18 19 37 73 15 34 65 0 17 63 64 14 28 60]
2024-02-15 21:10:40,158{GMT}	INFO	[jepsen worker 0] jepsen.util: 0	:invoke	:broadcast	79
2024-02-15 21:10:40,159{GMT}	INFO	[jepsen worker 0] jepsen.util: 0	:ok	:broadcast	79
2024-02-15 21:10:40,256{GMT}	INFO	[jepsen worker 1] jepsen.util: 1	:invoke	:broadcast	80
2024-02-15 21:10:40,257{GMT}	INFO	[jepsen worker 1] jepsen.util: 1	:ok	:broadcast	80
2024-02-15 21:10:40,283{GMT}	INFO	[jepsen worker 2] jepsen.util: 2	:invoke	:broadcast	81
2024-02-15 21:10:40,284{GMT}	INFO	[jepsen worker 2] jepsen.util: 2	:ok	:broadcast	81
2024-02-15 21:10:40,463{GMT}	INFO	[jepsen worker 3] jepsen.util: 3	:invoke	:broadcast	82
2024-02-15 21:10:40,465{GMT}	INFO	[jepsen worker 3] jepsen.util: 3	:ok	:broadcast	82
2024-02-15 21:10:40,596{GMT}	INFO	[jepsen worker 4] jepsen.util: 4	:invoke	:read	nil
2024-02-15 21:10:40,596{GMT}	INFO	[jepsen worker 4] jepsen.util: 4	:ok	:read	[29 37 47 55 79 17 19 44 63 81 3 5 13 22 40 41 62 7 11 26 61 71 77 78 12 18 23 25 32 56 69 48 49 52 53 73 2 6 20 27 54 70 75 68 28 31 33 35 46 50 60 0 57 59 72 82 42 43 45 8 14 39 65 1 10 15 16 38 9 24 58 64 51 66 4 21 36 67 74 76 80 30 34]
2024-02-15 21:10:40,742{GMT}	INFO	[jepsen worker 0] jepsen.util: 0	:invoke	:read	nil
2024-02-15 21:10:40,743{GMT}	INFO	[jepsen worker 0] jepsen.util: 0	:ok	:read	[1 18 19 37 73 80 15 34 65 0 17 63 64 14 28 60 21 23 46 76 24 43 52 61 82 8 44 47 66 67 70 6 25 35 39 49 68 77 32 42 54 69 71 74 11 20 22 26 30 55 56 7 10 12 16 41 58 79 4 5 36 40 53 62 72 31 33 48 51 57 59 78 29 38 3 9 27 50 75 81 2 13 45]
2024-02-15 21:10:40,788{GMT}	INFO	[jepsen worker 0] jepsen.util: 0	:invoke	:read	nil
2024-02-15 21:10:40,789{GMT}	INFO	[jepsen worker 0] jepsen.util: 0	:ok	:read	[80 1 18 19 37 73 15 34 65 0 17 63 64 14 28 60 21 23 46 76 24 43 52 61 82 70 8 44 47 66 67 68 77 6 25 35 39 49 74 32 42 54 69 71 55 56 11 20 22 26 30 58 7 10 12 16 41 62 72 79 4 5 36 40 53 59 78 31 33 48 51 57 29 38 81 3 9 27 50 75 2 13 45]
2024-02-15 21:10:40,854{GMT}	INFO	[jepsen worker 1] jepsen.util: 1	:invoke	:read	nil
2024-02-15 21:10:40,855{GMT}	INFO	[jepsen worker 1] jepsen.util: 1	:ok	:read	[17 20 26 47 78 14 42 66 69 70 12 16 19 52 59 29 41 57 71 18 25 54 65 74 7 23 35 73 27 28 33 43 45 76 15 51 60 3 4 8 37 46 61 64 6 10 31 40 49 53 30 36 44 68 75 79 1 9 13 24 39 50 72 0 2 5 22 32 55 63 21 34 56 67 81 82 58 62 80 11 38 48 77]
2024-02-15 21:10:40,956{GMT}	INFO	[jepsen worker 2] jepsen.util: 2	:invoke	:broadcast	83
2024-02-15 21:10:40,957{GMT}	INFO	[jepsen worker 2] jepsen.util: 2	:ok	:broadcast	83
2024-02-15 21:10:41,155{GMT}	INFO	[jepsen worker 3] jepsen.util: 3	:invoke	:broadcast	84
2024-02-15 21:10:41,157{GMT}	INFO	[jepsen worker 3] jepsen.util: 3	:ok	:broadcast	84
2024-02-15 21:10:41,160{GMT}	INFO	[jepsen worker 4] jepsen.util: 4	:invoke	:broadcast	85
2024-02-15 21:10:41,161{GMT}	INFO	[jepsen worker 4] jepsen.util: 4	:ok	:broadcast	85
2024-02-15 21:10:41,266{GMT}	INFO	[jepsen worker 0] jepsen.util: 0	:invoke	:read	nil
2024-02-15 21:10:41,267{GMT}	INFO	[jepsen worker 0] jepsen.util: 0	:ok	:read	[44 47 66 67 70 8 25 35 39 49 68 77 6 42 54 69 71 74 32 20 22 26 30 55 56 11 10 12 16 41 58 7 5 36 40 53 62 72 79 4 84 33 48 51 57 59 78 83 31 38 29 9 27 50 75 81 3 13 45 2 18 19 37 73 80 1 34 65 15 17 63 64 0 28 60 14 23 46 76 21 43 52 61 82 85 24]
2024-02-15 21:10:41,333{GMT}	INFO	[jepsen worker 0] jepsen.util: 0	:invoke	:read	nil
2024-02-15 21:10:41,334{GMT}	INFO	[jepsen worker 0] jepsen.util: 0	:ok	:read	[8 44 47 66 67 70 6 25 35 39 49 68 77 32 42 54 69 71 74 11 20 22 26 30 55 56 7 10 12 16 41 58 4 5 36 40 53 62 72 79 84 31 33 48 51 57 59 78 83 29 38 3 9 27 50 75 81 2 13 45 1 18 19 37 73 80 15 34 65 0 17 63 64 14 28 60 21 23 46 76 24 43 52 61 82 85]
2024-02-15 21:10:41,343{GMT}	INFO	[jepsen worker 1] jepsen.util: 1	:invoke	:read	nil
2024-02-15 21:10:41,344{GMT}	INFO	[jepsen worker 1] jepsen.util: 1	:ok	:read	[39 50 72 84 1 9 13 24 32 55 63 0 2 5 22 81 82 83 21 34 56 67 58 62 80 11 38 48 77 78 85 17 20 26 47 70 14 42 66 69 59 12 16 19 52 29 41 57 71 74 18 25 54 65 7 23 35 73 45 76 27 28 33 43 15 51 60 46 61 64 3 4 8 37 49 53 6 10 31 40 75 79 30 36 44 68]
2024-02-15 21:10:41,364{GMT}	INFO	[jepsen worker 2] jepsen.util: 2	:invoke	:read	nil
2024-02-15 21:10:41,365{GMT}	INFO	[jepsen worker 2] jepsen.util: 2	:ok	:read	[27 53 55 65 83 1 19 44 59 63 70 79 84 7 28 62 66 78 6 34 42 67 72 5 13 20 49 81 9 10 11 23 31 43 75 22 32 37 38 41 52 76 0 24 35 51 12 14 29 57 60 4 30 47 71 16 25 36 77 2 17 18 45 54 73 15 21 48 68 80 8 56 64 85 33 39 40 50 61 69 74 82 3 26 46 58]
2024-02-15 21:10:41,528{GMT}	INFO	[jepsen worker 3] jepsen.util: 3	:invoke	:broadcast	86
2024-02-15 21:10:41,529{GMT}	INFO	[jepsen worker 3] jepsen.util: 3	:ok	:broadcast	86
2024-02-15 21:10:41,611{GMT}	INFO	[jepsen worker 4] jepsen.util: 4	:invoke	:broadcast	87
2024-02-15 21:10:41,612{GMT}	INFO	[jepsen worker 4] jepsen.util: 4	:ok	:broadcast	87
2024-02-15 21:10:41,757{GMT}	INFO	[jepsen worker 0] jepsen.util: 0	:invoke	:broadcast	88
2024-02-15 21:10:41,759{GMT}	INFO	[jepsen worker 0] jepsen.util: 0	:ok	:broadcast	88
2024-02-15 21:10:41,835{GMT}	INFO	[jepsen worker 0] jepsen.util: 0	:invoke	:broadcast	89
2024-02-15 21:10:41,836{GMT}	INFO	[jepsen worker 0] jepsen.util: 0	:ok	:broadcast	89
2024-02-15 21:10:41,957{GMT}	INFO	[jepsen worker 1] jepsen.util: 1	:invoke	:read	nil
2024-02-15 21:10:41,958{GMT}	INFO	[jepsen worker 1] jepsen.util: 1	:ok	:read	[11 38 48 77 17 20 26 47 78 85 14 42 66 69 70 12 16 19 52 59 29 41 57 71 86 18 25 54 65 74 88 7 23 35 73 27 28 33 43 45 76 15 51 60 64 3 4 8 37 46 61 87 6 10 31 40 49 53 30 36 44 68 75 79 72 84 1 9 13 24 39 50 63 89 0 2 5 22 32 55 83 21 34 56 67 81 82 58 62 80]
2024-02-15 21:10:42,057{GMT}	INFO	[jepsen worker 2] jepsen.util: 2	:invoke	:broadcast	90
2024-02-15 21:10:42,059{GMT}	INFO	[jepsen worker 2] jepsen.util: 2	:ok	:broadcast	90
2024-02-15 21:10:42,199{GMT}	INFO	[jepsen worker 3] jepsen.util: 3	:invoke	:read	nil
2024-02-15 21:10:42,200{GMT}	INFO	[jepsen worker 3] jepsen.util: 3	:ok	:read	[63 73 76 85 89 9 30 57 59 66 80 27 46 18 22 33 45 82 12 15 25 64 75 0 6 31 38 47 49 69 70 17 24 40 42 50 3 8 37 62 16 21 55 61 79 26 43 28 58 78 11 19 52 53 54 10 36 48 68 86 14 35 13 34 41 51 56 60 1 5 71 81 83 4 67 88 29 72 39 44 84 87 90 23 32 20 65 74 77 2 7]
2024-02-15 21:10:42,296{GMT}	INFO	[jepsen worker 4] jepsen.util: 4	:invoke	:read	nil
2024-02-15 21:10:42,298{GMT}	INFO	[jepsen worker 4] jepsen.util: 4	:ok	:read	[22 40 41 62 85 3 5 13 90 61 71 77 78 7 11 26 25 32 56 69 87 12 18 23 53 73 48 49 52 27 54 70 75 2 6 20 35 46 50 60 68 28 31 33 72 82 88 0 57 59 89 42 43 45 65 86 8 14 39 16 38 1 10 15 64 9 24 58 51 66 67 74 76 80 4 21 36 30 34 55 79 84 29 37 47 63 81 83 17 19 44]
2024-02-15 21:10:42,355{GMT}	INFO	[jepsen worker 0] jepsen.util: 0	:invoke	:broadcast	91
2024-02-15 21:10:42,356{GMT}	INFO	[jepsen worker 0] jepsen.util: 0	:ok	:broadcast	91
2024-02-15 21:10:42,396{GMT}	INFO	[jepsen worker 0] jepsen.util: 0	:invoke	:read	nil
2024-02-15 21:10:42,396{GMT}	INFO	[jepsen worker 0] jepsen.util: 0	:ok	:read	[76 21 23 46 61 82 85 24 43 52 66 67 70 87 91 8 44 47 39 49 68 77 6 25 35 69 71 74 32 42 54 26 30 55 56 11 20 22 16 41 58 86 89 7 10 12 40 53 62 72 79 4 5 36 84 51 57 59 78 83 31 33 48 29 38 50 75 81 90 3 9 27 2 13 45 37 73 80 1 18 19 15 34 65 64 88 0 17 63 14 28 60]
2024-02-15 21:10:42,554{GMT}	INFO	[jepsen worker 1] jepsen.util: 1	:invoke	:broadcast	92
2024-02-15 21:10:42,556{GMT}	INFO	[jepsen worker 1] jepsen.util: 1	:ok	:broadcast	92
2024-02-15 21:10:42,692{GMT}	INFO	[jepsen worker 2] jepsen.util: 2	:invoke	:read	nil
2024-02-15 21:10:42,694{GMT}	INFO	[jepsen worker 2] jepsen.util: 2	:ok	:read	[37 38 41 52 76 87 22 32 35 51 0 24 29 57 60 88 12 14 47 71 90 4 30 36 77 16 25 18 45 54 73 2 17 48 68 80 15 21 64 85 8 56 40 50 61 69 74 82 33 39 86 46 58 89 3 26 55 65 83 92 27 53 44 59 63 70 79 84 1 19 62 66 78 7 28 42 67 72 6 34 20 49 81 5 13 11 23 31 43 75 91 9 10]
2024-02-15 21:10:42,859{GMT}	INFO	[jepsen worker 3] jepsen.util: 3	:invoke	:read	nil
2024-02-15 21:10:42,861{GMT}	INFO	[jepsen worker 3] jepsen.util: 3	:ok	:read	[65 74 77 2 7 20 73 76 85 89 91 9 30 63 59 66 80 27 46 57 22 33 45 82 12 15 18 64 75 0 6 25 38 47 49 69 70 17 24 31 42 50 3 8 40 62 92 16 21 37 61 79 26 43 55 58 78 11 19 28 53 54 10 36 52 68 86 14 35 48 34 41 51 56 60 1 5 13 71 83 4 67 81 29 72 88 44 84 87 90 23 32 39]
2024-02-15 21:10:43,060{GMT}	INFO	[jepsen worker 4] jepsen.util: 4	:invoke	:read	nil
2024-02-15 21:10:43,062{GMT}	INFO	[jepsen worker 4] jepsen.util: 4	:ok	:read	[48 49 52 53 73 70 75 2 6 20 27 54 50 60 68 28 31 33 35 46 88 0 57 59 72 82 42 43 45 89 8 14 39 65 86 1 10 15 16 38 9 24 58 64 92 51 66 76 80 4 21 36 67 74 30 34 84 91 29 37 47 55 79 83 17 19 44 63 81 41 62 85 3 5 13 22 40 90 77 78 7 11 26 61 71 56 69 87 12 18 23 25 32]
2024-02-15 21:10:43,063{GMT}	INFO	[jepsen worker nemesis] jepsen.generator.interpreter: Waiting for recovery...
2024-02-15 21:10:53,074{GMT}	INFO	[jepsen worker 1] jepsen.util: 1	:invoke	:read	nil
2024-02-15 21:10:53,075{GMT}	INFO	[jepsen worker 4] jepsen.util: 4	:invoke	:read	nil
2024-02-15 21:10:53,075{GMT}	INFO	[jepsen worker 2] jepsen.util: 2	:invoke	:read	nil
2024-02-15 21:10:53,075{GMT}	INFO	[jepsen worker 3] jepsen.util: 3	:invoke	:read	nil
2024-02-15 21:10:53,075{GMT}	INFO	[jepsen worker 0] jepsen.util: 0	:invoke	:read	nil
2024-02-15 21:10:53,077{GMT}	INFO	[jepsen worker 4] jepsen.util: 4	:ok	:read	[71 77 78 7 11 26 61 32 56 69 87 12 18 23 25 73 48 49 52 53 54 70 75 2 6 20 27 46 50 60 68 28 31 33 35 82 88 0 57 59 72 42 43 45 89 86 8 14 39 65 38 1 10 15 16 92 9 24 58 64 51 66 74 76 80 4 21 36 67 30 34 79 84 91 29 37 47 55 81 83 17 19 44 63 40 41 62 85 3 5 13 22 90]
2024-02-15 21:10:53,078{GMT}	INFO	[jepsen worker 1] jepsen.util: 1	:ok	:read	[31 40 49 53 87 6 10 44 68 75 79 30 36 13 24 39 50 72 84 1 9 5 22 32 55 63 89 0 2 56 67 81 82 83 21 34 80 58 62 48 77 11 38 26 47 78 85 17 20 66 69 70 92 14 42 19 52 59 91 12 16 57 71 86 90 29 41 54 65 74 88 18 25 35 73 7 23 33 43 45 76 27 28 60 15 51 8 37 46 61 64 3 4]
2024-02-15 21:10:53,078{GMT}	INFO	[jepsen worker 0] jepsen.util: 0	:ok	:read	[6 25 35 39 49 68 77 32 42 54 69 71 74 11 20 22 26 30 55 56 89 7 10 12 16 41 58 86 79 4 5 36 40 53 62 72 84 83 31 33 48 51 57 59 78 29 38 3 9 27 50 75 81 90 2 13 45 1 18 19 37 73 80 15 34 65 0 17 63 64 88 14 28 60 21 23 46 76 92 24 43 52 61 82 85 91 8 44 47 66 67 70 87]
2024-02-15 21:10:53,078{GMT}	INFO	[jepsen worker 2] jepsen.util: 2	:ok	:read	[6 34 42 67 72 5 13 20 49 81 9 10 11 23 31 43 75 91 22 32 37 38 41 52 76 87 0 24 35 51 12 14 29 57 60 88 4 30 47 71 90 16 25 36 77 2 17 18 45 54 73 15 21 48 68 80 8 56 64 85 33 39 40 50 61 69 74 82 86 3 26 46 58 89 27 53 55 65 83 92 1 19 44 59 63 70 79 84 7 28 62 66 78]
2024-02-15 21:10:53,078{GMT}	INFO	[jepsen worker 3] jepsen.util: 3	:ok	:read	[48 68 86 14 35 13 34 41 51 56 60 1 5 71 81 83 4 67 88 29 72 39 44 84 87 90 23 32 20 65 74 77 2 7 63 73 76 85 89 91 9 30 57 59 66 80 27 46 18 22 33 45 82 12 15 25 64 75 0 6 31 38 47 49 69 70 17 24 40 42 50 3 8 37 62 92 16 21 55 61 79 26 43 28 58 78 11 19 52 53 54 10 36]
2024-02-15 21:10:53,100{GMT}	INFO	[jepsen test runner] jepsen.core: Run complete, writing
2024-02-15 21:10:53,176{GMT}	INFO	[jepsen node n0] maelstrom.db: Tearing down n0
2024-02-15 21:10:53,176{GMT}	INFO	[jepsen node n1] maelstrom.db: Tearing down n1
2024-02-15 21:10:53,176{GMT}	INFO	[jepsen node n4] maelstrom.db: Tearing down n4
2024-02-15 21:10:53,176{GMT}	INFO	[jepsen node n2] maelstrom.db: Tearing down n2
2024-02-15 21:10:53,176{GMT}	INFO	[jepsen node n3] maelstrom.db: Tearing down n3
2024-02-15 21:10:54,837{GMT}	INFO	[jepsen node n0] maelstrom.net: Shutting down Maelstrom network
2024-02-15 21:10:54,844{GMT}	INFO	[jepsen test runner] jepsen.core: Analyzing...
2024-02-15 21:10:55,246{GMT}	INFO	[jepsen test runner] jepsen.core: Analysis complete
2024-02-15 21:10:55,251{GMT}	INFO	[jepsen results] jepsen.store: Wrote /Users/manthangupta/Desktop/Fly.io Challenges/broadcast/store/broadcast/20240215T211021.750+0530/results.edn
2024-02-15 21:10:55,284{GMT}	INFO	[jepsen test runner] jepsen.core: {:perf {:latency-graph {:valid? true},
        :rate-graph {:valid? true},
        :valid? true},
 :timeline {:valid? true},
 :exceptions {:valid? true},
 :stats {:valid? true,
         :count 196,
         :ok-count 196,
         :fail-count 0,
         :info-count 0,
         :by-f {:broadcast {:valid? true,
                            :count 93,
                            :ok-count 93,
                            :fail-count 0,
                            :info-count 0},
                :read {:valid? true,
                       :count 103,
                       :ok-count 103,
                       :fail-count 0,
                       :info-count 0}}},
 :availability {:valid? true, :ok-fraction 1.0},
 :net {:all {:send-count 2737,
             :recv-count 2737,
             :msg-count 2737,
             :msgs-per-op 13.964286},
       :clients {:send-count 412, :recv-count 412, :msg-count 412},
       :servers {:send-count 2325,
                 :recv-count 2325,
                 :msg-count 2325,
                 :msgs-per-op 11.862245},
       :valid? true},
 :workload {:worst-stale (),
            :duplicated-count 0,
            :valid? true,
            :lost-count 0,
            :lost (),
            :stable-count 93,
            :stale-count 0,
            :stale (),
            :never-read-count 0,
            :stable-latencies {0 0, 0.5 0, 0.95 0, 0.99 0, 1 0},
            :attempt-count 93,
            :never-read (),
            :duplicated {}},
 :valid? true}


Everything looks good! (`)
